#
# There is insufficient memory for the Java Runtime Environment to continue.
# Native memory allocation (malloc) failed to allocate 1341456 bytes for Chunk::new
# Possible reasons:
#   The system is out of physical RAM or swap space
#   The process is running with CompressedOops enabled, and the Java Heap may be blocking the growth of the native heap
# Possible solutions:
#   Reduce memory load on the system
#   Increase physical memory or swap space
#   Check if swap backing store is full
#   Decrease Java heap size (-Xmx/-Xms)
#   Decrease number of Java threads
#   Decrease Java thread stack sizes (-Xss)
#   Set larger code cache with -XX:ReservedCodeCacheSize=
#   JVM is running with Unscaled Compressed Oops mode in which the Java heap is
#     placed in the first 4GB address space. The Java Heap base address is the
#     maximum limit for the native heap growth. Please use -XX:HeapBaseMinAddress
#     to set the Java Heap base and to place the Java Heap above 4GB virtual address.
# This output file may be truncated or incomplete.
#
#  Out of Memory Error (./src/hotspot/share/memory/arena.cpp:197), pid=35748, tid=35364
#
# JRE version: OpenJDK Runtime Environment Microsoft-7208460 (11.0.18+10) (build 11.0.18+10-LTS)
# Java VM: OpenJDK 64-Bit Server VM Microsoft-7208460 (11.0.18+10-LTS, mixed mode, tiered, compressed oops, g1 gc, windows-amd64)
# No core dump will be written. Minidumps are not enabled by default on client versions of Windows
#

---------------  S U M M A R Y ------------

Command Line: -XX:MaxMetaspaceSize=512m --add-opens=java.base/java.util=ALL-UNNAMED --add-opens=java.base/java.lang=ALL-UNNAMED --add-opens=java.base/java.lang.invoke=ALL-UNNAMED --add-opens=java.prefs/java.util.prefs=ALL-UNNAMED --add-opens=java.base/java.nio.charset=ALL-UNNAMED --add-opens=java.base/java.net=ALL-UNNAMED --add-opens=java.base/java.util.concurrent.atomic=ALL-UNNAMED -Xmx2048m -Dfile.encoding=windows-1252 -Duser.country=US -Duser.language=en -Duser.variant org.gradle.launcher.daemon.bootstrap.GradleDaemon 8.0.1

Host: 11th Gen Intel(R) Core(TM) i7-11390H @ 3.40GHz, 8 cores, 15G,  Windows 11 , 64 bit Build 22621 (10.0.22621.2428)
Time: Fri Nov 10 23:07:58 2023 India Standard Time elapsed time: 84.520575 seconds (0d 0h 1m 24s)

---------------  T H R E A D  ---------------

Current thread (0x000001510208c000):  JavaThread "C2 CompilerThread0" daemon [_thread_in_native, id=35364, stack(0x00000015b7700000,0x00000015b7800000)]


Current CompileTask:
C2:  84520 8417       4       org.gradle.internal.instantiation.generator.AbstractClassGenerator::inspectType (560 bytes)

Stack: [0x00000015b7700000,0x00000015b7800000]
Native frames: (J=compiled Java code, j=interpreted, Vv=VM code, C=native code)
V  [jvm.dll+0x62bf8a]
V  [jvm.dll+0x7b8fb9]
V  [jvm.dll+0x7ba6a8]
V  [jvm.dll+0x7bad83]
V  [jvm.dll+0x250248]
V  [jvm.dll+0xc260c]
V  [jvm.dll+0xc2bcc]
V  [jvm.dll+0x2c4e64]
V  [jvm.dll+0x533dcc]
V  [jvm.dll+0x21177b]
V  [jvm.dll+0x20b39a]
V  [jvm.dll+0x2083eb]
V  [jvm.dll+0x18a4b1]
V  [jvm.dll+0x217eec]
V  [jvm.dll+0x21612b]
V  [jvm.dll+0x77bac0]
V  [jvm.dll+0x7749f4]
V  [jvm.dll+0x62adf5]
C  [ucrtbase.dll+0x29363]
C  [KERNEL32.DLL+0x1257d]
C  [ntdll.dll+0x5aa78]


---------------  P R O C E S S  ---------------

Threads class SMR info:
_java_thread_list=0x000001510841a8f0, length=134, elements={
0x00000151626be800, 0x0000015102020800, 0x0000015102021800, 0x0000015102086800,
0x0000015102089800, 0x000001510208b000, 0x000001510208c000, 0x000001510208f000,
0x0000015102090000, 0x0000015102187000, 0x0000015104421800, 0x000001510357d800,
0x0000015104481000, 0x00000151037c5000, 0x0000015102f2c000, 0x0000015102f5e800,
0x0000015102b04000, 0x0000015103371000, 0x0000015102ab2800, 0x0000015102ccf000,
0x0000015102cd5800, 0x0000015102cd0800, 0x0000015102cd2000, 0x0000015102cd1800,
0x0000015102cd0000, 0x0000015102cd3000, 0x0000015102cd4000, 0x0000015102cd4800,
0x00000151055cd000, 0x00000151055ce000, 0x00000151055c8000, 0x00000151055cf000,
0x00000151055cb800, 0x00000151055c9000, 0x00000151055cf800, 0x00000151055ca000,
0x00000151055d0800, 0x00000151055ca800, 0x00000151055d1000, 0x00000151055d3800,
0x00000151055d6000, 0x00000151055d4800, 0x00000151055d3000, 0x00000151055d5800,
0x00000151055d7000, 0x00000151055d2000, 0x0000015103f20000, 0x0000015103f20800,
0x0000015103f26800, 0x0000015103f21800, 0x0000015103f24000, 0x0000015103f25000,
0x0000015103f27800, 0x0000015103f25800, 0x0000015103f28000, 0x0000015103f22800,
0x0000015103f29000, 0x0000015103f23000, 0x0000015103f2b800, 0x0000015103f29800,
0x0000015103f2a800, 0x0000015103f2e800, 0x0000015103f2c000, 0x0000015103f2d000,
0x0000015103f2e000, 0x0000015102bfc800, 0x0000015102bfb000, 0x0000015102bfd800,
0x0000015102bfa000, 0x0000015102bf8800, 0x0000015102bfc000, 0x0000015102bff000,
0x0000015102bf9800, 0x0000015102c05000, 0x0000015102c02800, 0x0000015102c03000,
0x0000015102c04000, 0x0000015102c05800, 0x0000015102c00000, 0x0000015102c06800,
0x0000015102c00800, 0x0000015102c07800, 0x0000015102c01800, 0x000001510c035000,
0x000001510c037800, 0x000001510c032000, 0x000001510c034800, 0x000001510c038800,
0x000001510c036000, 0x000001510c032800, 0x000001510c039800, 0x000001510c037000,
0x000001510c033800, 0x000001510c03f000, 0x000001510c03a000, 0x000001510c03d800,
0x000001510c040000, 0x000001510c040800, 0x000001510c03b000, 0x000001510c03b800,
0x000001510c03c800, 0x000001510c03e000, 0x000001510866e800, 0x000001510866c000,
0x000001510866c800, 0x000001510866d800, 0x000001510866f000, 0x0000015108669800,
0x000001510866b000, 0x0000015108670000, 0x000001510866a800, 0x0000015108675000,
0x0000015108676800, 0x0000015108671000, 0x0000015108672800, 0x0000015108677800,
0x0000015108671800, 0x0000015108674000, 0x0000015108673800, 0x0000015108678000,
0x0000015108675800, 0x0000015104447000, 0x0000015104448800, 0x0000015104449800,
0x0000015104446800, 0x000001510444b000, 0x0000015104448000, 0x000001510444a800,
0x0000015104445800, 0x000001510444f800, 0x000001510444d800, 0x0000015104451000,
0x000001510444e800, 0x0000015104450000
}

Java Threads: ( => current thread )
  0x00000151626be800 JavaThread "main" [_thread_blocked, id=15800, stack(0x00000015b6b00000,0x00000015b6c00000)]
  0x0000015102020800 JavaThread "Reference Handler" daemon [_thread_blocked, id=35324, stack(0x00000015b7200000,0x00000015b7300000)]
  0x0000015102021800 JavaThread "Finalizer" daemon [_thread_blocked, id=35328, stack(0x00000015b7300000,0x00000015b7400000)]
  0x0000015102086800 JavaThread "Signal Dispatcher" daemon [_thread_blocked, id=35352, stack(0x00000015b7400000,0x00000015b7500000)]
  0x0000015102089800 JavaThread "Attach Listener" daemon [_thread_blocked, id=35356, stack(0x00000015b7500000,0x00000015b7600000)]
  0x000001510208b000 JavaThread "Service Thread" daemon [_thread_blocked, id=35360, stack(0x00000015b7600000,0x00000015b7700000)]
=>0x000001510208c000 JavaThread "C2 CompilerThread0" daemon [_thread_in_native, id=35364, stack(0x00000015b7700000,0x00000015b7800000)]
  0x000001510208f000 JavaThread "C1 CompilerThread0" daemon [_thread_blocked, id=35380, stack(0x00000015b7800000,0x00000015b7900000)]
  0x0000015102090000 JavaThread "Sweeper thread" daemon [_thread_blocked, id=35384, stack(0x00000015b7900000,0x00000015b7a00000)]
  0x0000015102187000 JavaThread "Common-Cleaner" daemon [_thread_blocked, id=35468, stack(0x00000015b7a00000,0x00000015b7b00000)]
  0x0000015104421800 JavaThread "Daemon health stats" [_thread_blocked, id=36736, stack(0x00000015b7c00000,0x00000015b7d00000)]
  0x000001510357d800 JavaThread "Incoming local TCP Connector on port 52354" [_thread_in_native, id=33696, stack(0x00000015b8200000,0x00000015b8300000)]
  0x0000015104481000 JavaThread "Daemon periodic checks" [_thread_blocked, id=14624, stack(0x00000015b8300000,0x00000015b8400000)]
  0x00000151037c5000 JavaThread "Daemon" [_thread_blocked, id=33772, stack(0x00000015b8400000,0x00000015b8500000)]
  0x0000015102f2c000 JavaThread "Handler for socket connection from /127.0.0.1:52354 to /127.0.0.1:52362" [_thread_in_native, id=16484, stack(0x00000015b8500000,0x00000015b8600000)]
  0x0000015102f5e800 JavaThread "Cancel handler" [_thread_blocked, id=14920, stack(0x00000015b8600000,0x00000015b8700000)]
  0x0000015102b04000 JavaThread "Daemon worker" [_thread_in_native, id=17404, stack(0x00000015b8700000,0x00000015b8800000)]
  0x0000015103371000 JavaThread "Asynchronous log dispatcher for DefaultDaemonConnection: socket connection from /127.0.0.1:52354 to /127.0.0.1:52362" [_thread_blocked, id=25724, stack(0x00000015b8800000,0x00000015b8900000)]
  0x0000015102ab2800 JavaThread "Daemon client event forwarder" [_thread_blocked, id=28340, stack(0x00000015b8a00000,0x00000015b8b00000)]
  0x0000015102ccf000 JavaThread "Cache worker for journal cache (C:\Users\db2ha\.gradle\caches\journal-1)" [_thread_blocked, id=6512, stack(0x00000015b8b00000,0x00000015b8c00000)]
  0x0000015102cd5800 JavaThread "File lock request listener" [_thread_in_native, id=35504, stack(0x00000015b8c00000,0x00000015b8d00000)]
  0x0000015102cd0800 JavaThread "File lock release action executor" [_thread_blocked, id=26324, stack(0x00000015b9000000,0x00000015b9100000)]
  0x0000015102cd2000 JavaThread "Cache worker for file hash cache (C:\Users\db2ha\.gradle\caches\8.0.1\fileHashes)" [_thread_blocked, id=1100, stack(0x00000015b9100000,0x00000015b9200000)]
  0x0000015102cd1800 JavaThread "File watcher server" daemon [_thread_in_native, id=35696, stack(0x00000015b9200000,0x00000015b9300000)]
  0x0000015102cd0000 JavaThread "File watcher consumer" daemon [_thread_blocked, id=35700, stack(0x00000015b9300000,0x00000015b9400000)]
  0x0000015102cd3000 JavaThread "Cache worker for checksums cache (E:\app\News\android\.gradle\8.0.1\checksums)" [_thread_blocked, id=26940, stack(0x00000015b9500000,0x00000015b9600000)]
  0x0000015102cd4000 JavaThread "Cache worker for cache directory md-rule (C:\Users\db2ha\.gradle\caches\8.0.1\md-rule)" [_thread_blocked, id=36804, stack(0x00000015b9600000,0x00000015b9700000)]
  0x0000015102cd4800 JavaThread "Cache worker for file content cache (C:\Users\db2ha\.gradle\caches\8.0.1\fileContent)" [_thread_blocked, id=36820, stack(0x00000015b9700000,0x00000015b9800000)]
  0x00000151055cd000 JavaThread "Cache worker for file hash cache (E:\app\News\android\.gradle\8.0.1\fileHashes)" [_thread_blocked, id=35692, stack(0x00000015b9400000,0x00000015b9500000)]
  0x00000151055ce000 JavaThread "Cache worker for cache directory md-supplier (C:\Users\db2ha\.gradle\caches\8.0.1\md-supplier)" [_thread_blocked, id=33776, stack(0x00000015b9800000,0x00000015b9900000)]
  0x00000151055c8000 JavaThread "Cache worker for execution history cache (C:\Users\db2ha\.gradle\caches\8.0.1\executionHistory)" [_thread_blocked, id=35920, stack(0x00000015b9900000,0x00000015b9a00000)]
  0x00000151055cf000 JavaThread "jar transforms" [_thread_blocked, id=30280, stack(0x00000015b9c00000,0x00000015b9d00000)]
  0x00000151055cb800 JavaThread "jar transforms Thread 2" [_thread_blocked, id=35620, stack(0x00000015b9d00000,0x00000015b9e00000)]
  0x00000151055c9000 JavaThread "jar transforms Thread 3" [_thread_blocked, id=4448, stack(0x00000015b6800000,0x00000015b6900000)]
  0x00000151055cf800 JavaThread "jar transforms Thread 4" [_thread_blocked, id=35112, stack(0x00000015b9e00000,0x00000015b9f00000)]
  0x00000151055ca000 JavaThread "Cache worker for kotlin-dsl (C:\Users\db2ha\.gradle\caches\8.0.1\kotlin-dsl)" [_thread_blocked, id=36836, stack(0x00000015b9f00000,0x00000015ba000000)]
  0x00000151055d0800 JavaThread "jar transforms Thread 5" [_thread_blocked, id=14872, stack(0x00000015ba000000,0x00000015ba100000)]
  0x00000151055ca800 JavaThread "jar transforms Thread 6" [_thread_blocked, id=31104, stack(0x00000015ba100000,0x00000015ba200000)]
  0x00000151055d1000 JavaThread "Cache worker for dependencies-accessors (E:\app\News\android\.gradle\8.0.1\dependencies-accessors)" [_thread_blocked, id=24460, stack(0x00000015ba200000,0x00000015ba300000)]
  0x00000151055d3800 JavaThread "Cache worker for Build Output Cleanup Cache (E:\app\News\node_modules\@react-native\gradle-plugin\.gradle\buildOutputCleanup)" [_thread_blocked, id=12840, stack(0x00000015ba300000,0x00000015ba400000)]
  0x00000151055d6000 JavaThread "jar transforms Thread 7" [_thread_blocked, id=31268, stack(0x00000015ba400000,0x00000015ba500000)]
  0x00000151055d4800 JavaThread "Unconstrained build operations" [_thread_blocked, id=23684, stack(0x00000015ba500000,0x00000015ba600000)]
  0x00000151055d3000 JavaThread "Unconstrained build operations Thread 2" [_thread_blocked, id=34920, stack(0x00000015ba600000,0x00000015ba700000)]
  0x00000151055d5800 JavaThread "Unconstrained build operations Thread 3" [_thread_blocked, id=35028, stack(0x00000015ba700000,0x00000015ba800000)]
  0x00000151055d7000 JavaThread "Unconstrained build operations Thread 4" [_thread_blocked, id=32404, stack(0x00000015ba800000,0x00000015ba900000)]
  0x00000151055d2000 JavaThread "Unconstrained build operations Thread 5" [_thread_blocked, id=18840, stack(0x00000015ba900000,0x00000015baa00000)]
  0x0000015103f20000 JavaThread "Unconstrained build operations Thread 6" [_thread_blocked, id=20244, stack(0x00000015baa00000,0x00000015bab00000)]
  0x0000015103f20800 JavaThread "Unconstrained build operations Thread 7" [_thread_blocked, id=21264, stack(0x00000015bab00000,0x00000015bac00000)]
  0x0000015103f26800 JavaThread "Unconstrained build operations Thread 8" [_thread_blocked, id=33740, stack(0x00000015bac00000,0x00000015bad00000)]
  0x0000015103f21800 JavaThread "Unconstrained build operations Thread 9" [_thread_blocked, id=4104, stack(0x00000015bad00000,0x00000015bae00000)]
  0x0000015103f24000 JavaThread "Unconstrained build operations Thread 10" [_thread_blocked, id=20876, stack(0x00000015bae00000,0x00000015baf00000)]
  0x0000015103f25000 JavaThread "Unconstrained build operations Thread 11" [_thread_blocked, id=20372, stack(0x00000015baf00000,0x00000015bb000000)]
  0x0000015103f27800 JavaThread "Unconstrained build operations Thread 12" [_thread_blocked, id=35012, stack(0x00000015bb000000,0x00000015bb100000)]
  0x0000015103f25800 JavaThread "Unconstrained build operations Thread 13" [_thread_blocked, id=4844, stack(0x00000015bb100000,0x00000015bb200000)]
  0x0000015103f28000 JavaThread "Unconstrained build operations Thread 14" [_thread_blocked, id=26140, stack(0x00000015bb200000,0x00000015bb300000)]
  0x0000015103f22800 JavaThread "Unconstrained build operations Thread 15" [_thread_blocked, id=33512, stack(0x00000015bb300000,0x00000015bb400000)]
  0x0000015103f29000 JavaThread "Unconstrained build operations Thread 16" [_thread_blocked, id=34340, stack(0x00000015bb400000,0x00000015bb500000)]
  0x0000015103f23000 JavaThread "Unconstrained build operations Thread 17" [_thread_blocked, id=31192, stack(0x00000015bb500000,0x00000015bb600000)]
  0x0000015103f2b800 JavaThread "Unconstrained build operations Thread 18" [_thread_blocked, id=36148, stack(0x00000015bb600000,0x00000015bb700000)]
  0x0000015103f29800 JavaThread "Unconstrained build operations Thread 19" [_thread_blocked, id=6604, stack(0x00000015bb700000,0x00000015bb800000)]
  0x0000015103f2a800 JavaThread "Unconstrained build operations Thread 20" [_thread_blocked, id=21776, stack(0x00000015bb800000,0x00000015bb900000)]
  0x0000015103f2e800 JavaThread "Unconstrained build operations Thread 21" [_thread_blocked, id=36380, stack(0x00000015bb900000,0x00000015bba00000)]
  0x0000015103f2c000 JavaThread "Unconstrained build operations Thread 22" [_thread_blocked, id=36264, stack(0x00000015bba00000,0x00000015bbb00000)]
  0x0000015103f2d000 JavaThread "Unconstrained build operations Thread 23" [_thread_blocked, id=35940, stack(0x00000015bbb00000,0x00000015bbc00000)]
  0x0000015103f2e000 JavaThread "Unconstrained build operations Thread 24" [_thread_blocked, id=20212, stack(0x00000015bbc00000,0x00000015bbd00000)]
  0x0000015102bfc800 JavaThread "Unconstrained build operations Thread 25" [_thread_blocked, id=20168, stack(0x00000015bbd00000,0x00000015bbe00000)]
  0x0000015102bfb000 JavaThread "Unconstrained build operations Thread 26" [_thread_blocked, id=17944, stack(0x00000015bbe00000,0x00000015bbf00000)]
  0x0000015102bfd800 JavaThread "jar transforms Thread 8" [_thread_blocked, id=35844, stack(0x00000015bbf00000,0x00000015bc000000)]
  0x0000015102bfa000 JavaThread "Memory manager" [_thread_blocked, id=33972, stack(0x00000015b6900000,0x00000015b6a00000)]
  0x0000015102bf8800 JavaThread "Cache worker for Build Output Cleanup Cache (E:\app\News\android\.gradle\buildOutputCleanup)" [_thread_blocked, id=37148, stack(0x00000015bc000000,0x00000015bc100000)]
  0x0000015102bfc000 JavaThread "included builds" [_thread_blocked, id=37200, stack(0x00000015bc200000,0x00000015bc300000)]
  0x0000015102bff000 JavaThread "Execution worker" [_thread_blocked, id=37204, stack(0x00000015bc300000,0x00000015bc400000)]
  0x0000015102bf9800 JavaThread "Execution worker Thread 2" [_thread_blocked, id=37208, stack(0x00000015bc400000,0x00000015bc500000)]
  0x0000015102c05000 JavaThread "Execution worker Thread 3" [_thread_blocked, id=37212, stack(0x00000015bc500000,0x00000015bc600000)]
  0x0000015102c02800 JavaThread "Execution worker Thread 4" [_thread_blocked, id=37216, stack(0x00000015bc600000,0x00000015bc700000)]
  0x0000015102c03000 JavaThread "Execution worker Thread 5" [_thread_blocked, id=37220, stack(0x00000015bc700000,0x00000015bc800000)]
  0x0000015102c04000 JavaThread "Execution worker Thread 6" [_thread_blocked, id=37224, stack(0x00000015bc800000,0x00000015bc900000)]
  0x0000015102c05800 JavaThread "Execution worker Thread 7" [_thread_blocked, id=37228, stack(0x00000015bc900000,0x00000015bca00000)]
  0x0000015102c00000 JavaThread "Cache worker for execution history cache (E:\app\News\node_modules\@react-native\gradle-plugin\.gradle\8.0.1\executionHistory)" [_thread_blocked, id=37232, stack(0x00000015bca00000,0x00000015bcb00000)]
  0x0000015102c06800 JavaThread "Unconstrained build operations Thread 27" [_thread_blocked, id=37312, stack(0x00000015bc100000,0x00000015bc200000)]
  0x0000015102c00800 JavaThread "Unconstrained build operations Thread 28" [_thread_blocked, id=37316, stack(0x00000015bcb00000,0x00000015bcc00000)]
  0x0000015102c07800 JavaThread "Unconstrained build operations Thread 29" [_thread_blocked, id=37320, stack(0x00000015bcc00000,0x00000015bcd00000)]
  0x0000015102c01800 JavaThread "Unconstrained build operations Thread 30" [_thread_blocked, id=37324, stack(0x00000015bcd00000,0x00000015bce00000)]
  0x000001510c035000 JavaThread "Unconstrained build operations Thread 31" [_thread_blocked, id=37352, stack(0x00000015bce00000,0x00000015bcf00000)]
  0x000001510c037800 JavaThread "Unconstrained build operations Thread 32" [_thread_blocked, id=37356, stack(0x00000015bcf00000,0x00000015bd000000)]
  0x000001510c032000 JavaThread "Unconstrained build operations Thread 33" [_thread_blocked, id=37360, stack(0x00000015bd000000,0x00000015bd100000)]
  0x000001510c034800 JavaThread "Unconstrained build operations Thread 34" [_thread_blocked, id=37364, stack(0x00000015bd100000,0x00000015bd200000)]
  0x000001510c038800 JavaThread "Unconstrained build operations Thread 35" [_thread_blocked, id=37368, stack(0x00000015bd200000,0x00000015bd300000)]
  0x000001510c036000 JavaThread "Unconstrained build operations Thread 36" [_thread_blocked, id=37372, stack(0x00000015bd300000,0x00000015bd400000)]
  0x000001510c032800 JavaThread "Unconstrained build operations Thread 37" [_thread_blocked, id=37376, stack(0x00000015bd400000,0x00000015bd500000)]
  0x000001510c039800 JavaThread "Unconstrained build operations Thread 38" [_thread_blocked, id=37380, stack(0x00000015bd500000,0x00000015bd600000)]
  0x000001510c037000 JavaThread "Unconstrained build operations Thread 39" [_thread_blocked, id=37384, stack(0x00000015bd600000,0x00000015bd700000)]
  0x000001510c033800 JavaThread "Unconstrained build operations Thread 40" [_thread_blocked, id=37388, stack(0x00000015bd700000,0x00000015bd800000)]
  0x000001510c03f000 JavaThread "Unconstrained build operations Thread 41" [_thread_blocked, id=37392, stack(0x00000015bd800000,0x00000015bd900000)]
  0x000001510c03a000 JavaThread "Unconstrained build operations Thread 42" [_thread_blocked, id=37396, stack(0x00000015bd900000,0x00000015bda00000)]
  0x000001510c03d800 JavaThread "Unconstrained build operations Thread 43" [_thread_blocked, id=37400, stack(0x00000015bda00000,0x00000015bdb00000)]
  0x000001510c040000 JavaThread "Unconstrained build operations Thread 44" [_thread_blocked, id=37404, stack(0x00000015bdb00000,0x00000015bdc00000)]
  0x000001510c040800 JavaThread "Unconstrained build operations Thread 45" [_thread_blocked, id=37408, stack(0x00000015bdc00000,0x00000015bdd00000)]
  0x000001510c03b000 JavaThread "Unconstrained build operations Thread 46" [_thread_blocked, id=37412, stack(0x00000015bdd00000,0x00000015bde00000)]
  0x000001510c03b800 JavaThread "Unconstrained build operations Thread 47" [_thread_blocked, id=37416, stack(0x00000015bde00000,0x00000015bdf00000)]
  0x000001510c03c800 JavaThread "Unconstrained build operations Thread 48" [_thread_blocked, id=37420, stack(0x00000015bdf00000,0x00000015be000000)]
  0x000001510c03e000 JavaThread "Unconstrained build operations Thread 49" [_thread_blocked, id=37424, stack(0x00000015be000000,0x00000015be100000)]
  0x000001510866e800 JavaThread "Unconstrained build operations Thread 50" [_thread_blocked, id=37428, stack(0x00000015be100000,0x00000015be200000)]
  0x000001510866c000 JavaThread "Unconstrained build operations Thread 51" [_thread_blocked, id=37432, stack(0x00000015be200000,0x00000015be300000)]
  0x000001510866c800 JavaThread "Unconstrained build operations Thread 52" [_thread_blocked, id=37568, stack(0x00000015b6a00000,0x00000015b6b00000)]
  0x000001510866d800 JavaThread "File lock release action executor Thread 2" [_thread_blocked, id=37692, stack(0x00000015be300000,0x00000015be400000)]
  0x000001510866f000 JavaThread "Unconstrained build operations Thread 53" [_thread_blocked, id=37724, stack(0x00000015be400000,0x00000015be500000)]
  0x0000015108669800 JavaThread "Unconstrained build operations Thread 54" [_thread_blocked, id=37728, stack(0x00000015be500000,0x00000015be600000)]
  0x000001510866b000 JavaThread "Unconstrained build operations Thread 55" [_thread_blocked, id=37732, stack(0x00000015be600000,0x00000015be700000)]
  0x0000015108670000 JavaThread "Unconstrained build operations Thread 56" [_thread_blocked, id=37736, stack(0x00000015be700000,0x00000015be800000)]
  0x000001510866a800 JavaThread "Unconstrained build operations Thread 57" [_thread_blocked, id=37740, stack(0x00000015be800000,0x00000015be900000)]
  0x0000015108675000 JavaThread "Unconstrained build operations Thread 58" [_thread_blocked, id=37744, stack(0x00000015be900000,0x00000015bea00000)]
  0x0000015108676800 JavaThread "Unconstrained build operations Thread 59" [_thread_blocked, id=37748, stack(0x00000015bea00000,0x00000015beb00000)]
  0x0000015108671000 JavaThread "Unconstrained build operations Thread 60" [_thread_blocked, id=37752, stack(0x00000015beb00000,0x00000015bec00000)]
  0x0000015108672800 JavaThread "Unconstrained build operations Thread 61" [_thread_blocked, id=37756, stack(0x00000015bec00000,0x00000015bed00000)]
  0x0000015108677800 JavaThread "Unconstrained build operations Thread 62" [_thread_blocked, id=37760, stack(0x00000015bed00000,0x00000015bee00000)]
  0x0000015108671800 JavaThread "Unconstrained build operations Thread 63" [_thread_blocked, id=37764, stack(0x00000015bee00000,0x00000015bef00000)]
  0x0000015108674000 JavaThread "Unconstrained build operations Thread 64" [_thread_blocked, id=37768, stack(0x00000015bef00000,0x00000015bf000000)]
  0x0000015108673800 JavaThread "Unconstrained build operations Thread 65" [_thread_blocked, id=37772, stack(0x00000015bf000000,0x00000015bf100000)]
  0x0000015108678000 JavaThread "Unconstrained build operations Thread 66" [_thread_blocked, id=37776, stack(0x00000015bf100000,0x00000015bf200000)]
  0x0000015108675800 JavaThread "Unconstrained build operations Thread 67" [_thread_blocked, id=37780, stack(0x00000015bf200000,0x00000015bf300000)]
  0x0000015104447000 JavaThread "Unconstrained build operations Thread 68" [_thread_blocked, id=37784, stack(0x00000015bf300000,0x00000015bf400000)]
  0x0000015104448800 JavaThread "Unconstrained build operations Thread 69" [_thread_blocked, id=37788, stack(0x00000015bf400000,0x00000015bf500000)]
  0x0000015104449800 JavaThread "Unconstrained build operations Thread 70" [_thread_blocked, id=37792, stack(0x00000015bf500000,0x00000015bf600000)]
  0x0000015104446800 JavaThread "Unconstrained build operations Thread 71" [_thread_blocked, id=37796, stack(0x00000015bf600000,0x00000015bf700000)]
  0x000001510444b000 JavaThread "Unconstrained build operations Thread 72" [_thread_blocked, id=37800, stack(0x00000015bf700000,0x00000015bf800000)]
  0x0000015104448000 JavaThread "Unconstrained build operations Thread 73" [_thread_blocked, id=37804, stack(0x00000015bf800000,0x00000015bf900000)]
  0x000001510444a800 JavaThread "Unconstrained build operations Thread 74" [_thread_blocked, id=37808, stack(0x00000015bf900000,0x00000015bfa00000)]
  0x0000015104445800 JavaThread "Unconstrained build operations Thread 75" [_thread_blocked, id=37812, stack(0x00000015bfa00000,0x00000015bfb00000)]
  0x000001510444f800 JavaThread "Unconstrained build operations Thread 76" [_thread_blocked, id=37816, stack(0x00000015bfb00000,0x00000015bfc00000)]
  0x000001510444d800 JavaThread "Unconstrained build operations Thread 77" [_thread_blocked, id=37820, stack(0x00000015bfc00000,0x00000015bfd00000)]
  0x0000015104451000 JavaThread "Unconstrained build operations Thread 78" [_thread_blocked, id=37824, stack(0x00000015bfd00000,0x00000015bfe00000)]
  0x000001510444e800 JavaThread "Unconstrained build operations Thread 79" [_thread_blocked, id=37828, stack(0x00000015bfe00000,0x00000015bff00000)]
  0x0000015104450000 JavaThread "Unconstrained build operations Thread 80" [_thread_blocked, id=37832, stack(0x00000015bff00000,0x00000015c0000000)]

Other Threads:
  0x000001517f7e9000 VMThread "VM Thread" [stack: 0x00000015b7100000,0x00000015b7200000] [id=35056]
  0x0000015102223800 WatcherThread [stack: 0x00000015b7b00000,0x00000015b7c00000] [id=35272]
  0x00000151626d7800 GCTaskThread "GC Thread#0" [stack: 0x00000015b6c00000,0x00000015b6d00000] [id=35016]
  0x0000015102d7d800 GCTaskThread "GC Thread#1" [stack: 0x00000015b7d00000,0x00000015b7e00000] [id=31380]
  0x0000015102d7e800 GCTaskThread "GC Thread#2" [stack: 0x00000015b7e00000,0x00000015b7f00000] [id=33732]
  0x0000015102f36000 GCTaskThread "GC Thread#3" [stack: 0x00000015b7f00000,0x00000015b8000000] [id=19848]
  0x0000015102f37000 GCTaskThread "GC Thread#4" [stack: 0x00000015b8000000,0x00000015b8100000] [id=17704]
  0x000001510256c800 GCTaskThread "GC Thread#5" [stack: 0x00000015b8100000,0x00000015b8200000] [id=21288]
  0x0000015102c37800 GCTaskThread "GC Thread#6" [stack: 0x00000015b8d00000,0x00000015b8e00000] [id=15248]
  0x0000015102d37800 GCTaskThread "GC Thread#7" [stack: 0x00000015b8e00000,0x00000015b8f00000] [id=35756]
  0x0000015162707000 ConcurrentGCThread "G1 Main Marker" [stack: 0x00000015b6d00000,0x00000015b6e00000] [id=35020]
  0x0000015162709800 ConcurrentGCThread "G1 Conc#0" [stack: 0x00000015b6e00000,0x00000015b6f00000] [id=35024]
  0x0000015102db9800 ConcurrentGCThread "G1 Conc#1" [stack: 0x00000015b8f00000,0x00000015b9000000] [id=29056]
  0x000001517f67b000 ConcurrentGCThread "G1 Refine#0" [stack: 0x00000015b6f00000,0x00000015b7000000] [id=35040]
  0x000001517f67c000 ConcurrentGCThread "G1 Young RemSet Sampling" [stack: 0x00000015b7000000,0x00000015b7100000] [id=35044]

Threads with active compile tasks:
C2 CompilerThread0    84596 8417       4       org.gradle.internal.instantiation.generator.AbstractClassGenerator::inspectType (560 bytes)

VM state:not at safepoint (normal execution)

VM Mutex/Monitor currently owned by a thread: None

Heap address: 0x0000000080000000, size: 2048 MB, Compressed Oops mode: 32-bit
Narrow klass base: 0x0000000000000000, Narrow klass shift: 3
Compressed class space size: 528482304 Address: 0x0000000100000000

Heap:
 garbage-first heap   total 258048K, used 65854K [0x0000000080000000, 0x0000000100000000)
  region size 1024K, 18 young (18432K), 13 survivors (13312K)
 Metaspace       used 73970K, capacity 76301K, committed 76456K, reserved 583680K
  class space    used 9593K, capacity 10531K, committed 10624K, reserved 516096K
Heap Regions: E=young(eden), S=young(survivor), O=old, HS=humongous(starts), HC=humongous(continues), CS=collection set, F=free, A=archive, TAMS=top-at-mark-start (previous, next)
|   0|0x0000000080000000, 0x0000000080100000, 0x0000000080100000|100%|HS|  |TAMS 0x0000000080100000, 0x0000000080000000| Complete 
|   1|0x0000000080100000, 0x0000000080200000, 0x0000000080200000|100%|HC|  |TAMS 0x0000000080200000, 0x0000000080100000| Complete 
|   2|0x0000000080200000, 0x0000000080300000, 0x0000000080300000|100%|HC|  |TAMS 0x0000000080300000, 0x0000000080200000| Complete 
|   3|0x0000000080300000, 0x0000000080400000, 0x0000000080400000|100%|HC|  |TAMS 0x0000000080400000, 0x0000000080300000| Complete 
|   4|0x0000000080400000, 0x0000000080500000, 0x0000000080500000|100%| O|  |TAMS 0x0000000080500000, 0x0000000080400000| Untracked 
|   5|0x0000000080500000, 0x0000000080600000, 0x0000000080600000|100%| O|  |TAMS 0x0000000080600000, 0x0000000080500000| Untracked 
|   6|0x0000000080600000, 0x0000000080700000, 0x0000000080700000|100%| O|  |TAMS 0x0000000080700000, 0x0000000080600000| Untracked 
|   7|0x0000000080700000, 0x0000000080800000, 0x0000000080800000|100%| O|  |TAMS 0x0000000080800000, 0x0000000080700000| Untracked 
|   8|0x0000000080800000, 0x0000000080900000, 0x0000000080900000|100%| O|  |TAMS 0x0000000080900000, 0x0000000080800000| Untracked 
|   9|0x0000000080900000, 0x0000000080a00000, 0x0000000080a00000|100%| O|  |TAMS 0x0000000080a00000, 0x0000000080900000| Untracked 
|  10|0x0000000080a00000, 0x0000000080b00000, 0x0000000080b00000|100%| O|  |TAMS 0x0000000080b00000, 0x0000000080a00000| Untracked 
|  11|0x0000000080b00000, 0x0000000080c00000, 0x0000000080c00000|100%| O|  |TAMS 0x0000000080c00000, 0x0000000080b00000| Untracked 
|  12|0x0000000080c00000, 0x0000000080d00000, 0x0000000080d00000|100%| O|  |TAMS 0x0000000080d00000, 0x0000000080c00000| Untracked 
|  13|0x0000000080d00000, 0x0000000080e00000, 0x0000000080e00000|100%| O|  |TAMS 0x0000000080e00000, 0x0000000080d00000| Untracked 
|  14|0x0000000080e00000, 0x0000000080f00000, 0x0000000080f00000|100%| O|  |TAMS 0x0000000080f00000, 0x0000000080e00000| Untracked 
|  15|0x0000000080f00000, 0x0000000081000000, 0x0000000081000000|100%| O|  |TAMS 0x0000000081000000, 0x0000000080f00000| Untracked 
|  16|0x0000000081000000, 0x0000000081100000, 0x0000000081100000|100%| O|  |TAMS 0x0000000081100000, 0x0000000081000000| Untracked 
|  17|0x0000000081100000, 0x0000000081200000, 0x0000000081200000|100%| O|  |TAMS 0x0000000081200000, 0x0000000081100000| Untracked 
|  18|0x0000000081200000, 0x0000000081300000, 0x0000000081300000|100%|HS|  |TAMS 0x0000000081300000, 0x0000000081200000| Complete 
|  19|0x0000000081300000, 0x0000000081400000, 0x0000000081400000|100%|HC|  |TAMS 0x0000000081400000, 0x0000000081300000| Complete 
|  20|0x0000000081400000, 0x0000000081500000, 0x0000000081500000|100%|HS|  |TAMS 0x0000000081500000, 0x0000000081400000| Complete 
|  21|0x0000000081500000, 0x0000000081600000, 0x0000000081600000|100%|HC|  |TAMS 0x0000000081600000, 0x0000000081500000| Complete 
|  22|0x0000000081600000, 0x0000000081700000, 0x0000000081700000|100%|HC|  |TAMS 0x0000000081700000, 0x0000000081600000| Complete 
|  23|0x0000000081700000, 0x0000000081800000, 0x0000000081800000|100%|HC|  |TAMS 0x0000000081800000, 0x0000000081700000| Complete 
|  24|0x0000000081800000, 0x0000000081900000, 0x0000000081900000|100%| O|  |TAMS 0x0000000081900000, 0x0000000081800000| Untracked 
|  25|0x0000000081900000, 0x0000000081a00000, 0x0000000081a00000|100%| O|  |TAMS 0x0000000081a00000, 0x0000000081900000| Untracked 
|  26|0x0000000081a00000, 0x0000000081b00000, 0x0000000081b00000|100%| O|  |TAMS 0x0000000081b00000, 0x0000000081a00000| Untracked 
|  27|0x0000000081b00000, 0x0000000081c00000, 0x0000000081c00000|100%| O|  |TAMS 0x0000000081c00000, 0x0000000081b00000| Untracked 
|  28|0x0000000081c00000, 0x0000000081d00000, 0x0000000081d00000|100%| O|  |TAMS 0x0000000081d00000, 0x0000000081c00000| Untracked 
|  29|0x0000000081d00000, 0x0000000081e00000, 0x0000000081e00000|100%| O|  |TAMS 0x0000000081e00000, 0x0000000081d00000| Untracked 
|  30|0x0000000081e00000, 0x0000000081f00000, 0x0000000081f00000|100%| O|  |TAMS 0x0000000081f00000, 0x0000000081e00000| Untracked 
|  31|0x0000000081f00000, 0x0000000082000000, 0x0000000082000000|100%| O|  |TAMS 0x0000000082000000, 0x0000000081f00000| Untracked 
|  32|0x0000000082000000, 0x0000000082100000, 0x0000000082100000|100%| O|  |TAMS 0x0000000082100000, 0x0000000082000000| Untracked 
|  33|0x0000000082100000, 0x0000000082200000, 0x0000000082200000|100%| O|  |TAMS 0x0000000082200000, 0x0000000082100000| Untracked 
|  34|0x0000000082200000, 0x0000000082300000, 0x0000000082300000|100%| O|  |TAMS 0x0000000082300000, 0x0000000082200000| Untracked 
|  35|0x0000000082300000, 0x0000000082400000, 0x0000000082400000|100%| O|  |TAMS 0x0000000082400000, 0x0000000082300000| Untracked 
|  36|0x0000000082400000, 0x0000000082500000, 0x0000000082500000|100%| O|  |TAMS 0x0000000082500000, 0x0000000082400000| Untracked 
|  37|0x0000000082500000, 0x0000000082600000, 0x0000000082600000|100%| O|  |TAMS 0x0000000082600000, 0x0000000082500000| Untracked 
|  38|0x0000000082600000, 0x0000000082700000, 0x0000000082700000|100%| O|  |TAMS 0x0000000082700000, 0x0000000082600000| Untracked 
|  39|0x0000000082700000, 0x0000000082800000, 0x0000000082800000|100%| O|  |TAMS 0x0000000082800000, 0x0000000082700000| Untracked 
|  40|0x0000000082800000, 0x0000000082900000, 0x0000000082900000|100%| O|  |TAMS 0x0000000082900000, 0x0000000082800000| Untracked 
|  41|0x0000000082900000, 0x0000000082a00000, 0x0000000082a00000|100%|HS|  |TAMS 0x0000000082a00000, 0x0000000082900000| Complete 
|  42|0x0000000082a00000, 0x0000000082b00000, 0x0000000082b00000|100%|HS|  |TAMS 0x0000000082b00000, 0x0000000082a00000| Complete 
|  43|0x0000000082b00000, 0x0000000082c00000, 0x0000000082c00000|100%| O|  |TAMS 0x0000000082c00000, 0x0000000082b00000| Untracked 
|  44|0x0000000082c00000, 0x0000000082d00000, 0x0000000082d00000|100%| O|  |TAMS 0x0000000082d00000, 0x0000000082c00000| Untracked 
|  45|0x0000000082d00000, 0x0000000082e00000, 0x0000000082e00000|100%| O|  |TAMS 0x0000000082e00000, 0x0000000082d00000| Untracked 
|  46|0x0000000082e00000, 0x0000000082f00000, 0x0000000082f00000|100%| O|  |TAMS 0x0000000082f00000, 0x0000000082e00000| Untracked 
|  47|0x0000000082f00000, 0x0000000083000000, 0x0000000083000000|100%| O|  |TAMS 0x0000000083000000, 0x0000000082f00000| Untracked 
|  48|0x0000000083000000, 0x0000000083000000, 0x0000000083100000|  0%| F|  |TAMS 0x0000000083000000, 0x0000000083000000| Untracked 
|  49|0x0000000083100000, 0x0000000083100000, 0x0000000083200000|  0%| F|  |TAMS 0x0000000083100000, 0x0000000083100000| Untracked 
|  50|0x0000000083200000, 0x0000000083200000, 0x0000000083300000|  0%| F|  |TAMS 0x0000000083200000, 0x0000000083200000| Untracked 
|  51|0x0000000083300000, 0x0000000083300000, 0x0000000083400000|  0%| F|  |TAMS 0x0000000083300000, 0x0000000083300000| Untracked 
|  52|0x0000000083400000, 0x0000000083400000, 0x0000000083500000|  0%| F|  |TAMS 0x0000000083400000, 0x0000000083400000| Untracked 
|  53|0x0000000083500000, 0x0000000083500000, 0x0000000083600000|  0%| F|  |TAMS 0x0000000083500000, 0x0000000083500000| Untracked 
|  54|0x0000000083600000, 0x0000000083600000, 0x0000000083700000|  0%| F|  |TAMS 0x0000000083600000, 0x0000000083600000| Untracked 
|  55|0x0000000083700000, 0x0000000083700000, 0x0000000083800000|  0%| F|  |TAMS 0x0000000083700000, 0x0000000083700000| Untracked 
|  56|0x0000000083800000, 0x0000000083800000, 0x0000000083900000|  0%| F|  |TAMS 0x0000000083800000, 0x0000000083800000| Untracked 
|  57|0x0000000083900000, 0x0000000083900000, 0x0000000083a00000|  0%| F|  |TAMS 0x0000000083900000, 0x0000000083900000| Untracked 
|  58|0x0000000083a00000, 0x0000000083a00000, 0x0000000083b00000|  0%| F|  |TAMS 0x0000000083a00000, 0x0000000083a00000| Untracked 
|  59|0x0000000083b00000, 0x0000000083b00000, 0x0000000083c00000|  0%| F|  |TAMS 0x0000000083b00000, 0x0000000083b00000| Untracked 
|  60|0x0000000083c00000, 0x0000000083c00000, 0x0000000083d00000|  0%| F|  |TAMS 0x0000000083c00000, 0x0000000083c00000| Untracked 
|  61|0x0000000083d00000, 0x0000000083d00000, 0x0000000083e00000|  0%| F|  |TAMS 0x0000000083d00000, 0x0000000083d00000| Untracked 
|  62|0x0000000083e00000, 0x0000000083e00000, 0x0000000083f00000|  0%| F|  |TAMS 0x0000000083e00000, 0x0000000083e00000| Untracked 
|  63|0x0000000083f00000, 0x0000000083f00000, 0x0000000084000000|  0%| F|  |TAMS 0x0000000083f00000, 0x0000000083f00000| Untracked 
|  64|0x0000000084000000, 0x0000000084000000, 0x0000000084100000|  0%| F|  |TAMS 0x0000000084000000, 0x0000000084000000| Untracked 
|  65|0x0000000084100000, 0x0000000084100000, 0x0000000084200000|  0%| F|  |TAMS 0x0000000084100000, 0x0000000084100000| Untracked 
|  66|0x0000000084200000, 0x0000000084200000, 0x0000000084300000|  0%| F|  |TAMS 0x0000000084200000, 0x0000000084200000| Untracked 
|  67|0x0000000084300000, 0x0000000084300000, 0x0000000084400000|  0%| F|  |TAMS 0x0000000084300000, 0x0000000084300000| Untracked 
|  68|0x0000000084400000, 0x0000000084400000, 0x0000000084500000|  0%| F|  |TAMS 0x0000000084400000, 0x0000000084400000| Untracked 
|  69|0x0000000084500000, 0x0000000084500000, 0x0000000084600000|  0%| F|  |TAMS 0x0000000084500000, 0x0000000084500000| Untracked 
|  70|0x0000000084600000, 0x0000000084600000, 0x0000000084700000|  0%| F|  |TAMS 0x0000000084600000, 0x0000000084600000| Untracked 
|  71|0x0000000084700000, 0x0000000084700000, 0x0000000084800000|  0%| F|  |TAMS 0x0000000084700000, 0x0000000084700000| Untracked 
|  72|0x0000000084800000, 0x0000000084800000, 0x0000000084900000|  0%| F|  |TAMS 0x0000000084800000, 0x0000000084800000| Untracked 
|  73|0x0000000084900000, 0x0000000084900000, 0x0000000084a00000|  0%| F|  |TAMS 0x0000000084900000, 0x0000000084900000| Untracked 
|  74|0x0000000084a00000, 0x0000000084a00000, 0x0000000084b00000|  0%| F|  |TAMS 0x0000000084a00000, 0x0000000084a00000| Untracked 
|  75|0x0000000084b00000, 0x0000000084b00000, 0x0000000084c00000|  0%| F|  |TAMS 0x0000000084b00000, 0x0000000084b00000| Untracked 
|  76|0x0000000084c00000, 0x0000000084c00000, 0x0000000084d00000|  0%| F|  |TAMS 0x0000000084c00000, 0x0000000084c00000| Untracked 
|  77|0x0000000084d00000, 0x0000000084d00000, 0x0000000084e00000|  0%| F|  |TAMS 0x0000000084d00000, 0x0000000084d00000| Untracked 
|  78|0x0000000084e00000, 0x0000000084e00000, 0x0000000084f00000|  0%| F|  |TAMS 0x0000000084e00000, 0x0000000084e00000| Untracked 
|  79|0x0000000084f00000, 0x0000000084f00000, 0x0000000085000000|  0%| F|  |TAMS 0x0000000084f00000, 0x0000000084f00000| Untracked 
|  80|0x0000000085000000, 0x0000000085000000, 0x0000000085100000|  0%| F|  |TAMS 0x0000000085000000, 0x0000000085000000| Untracked 
|  81|0x0000000085100000, 0x0000000085100000, 0x0000000085200000|  0%| F|  |TAMS 0x0000000085100000, 0x0000000085100000| Untracked 
|  82|0x0000000085200000, 0x0000000085200000, 0x0000000085300000|  0%| F|  |TAMS 0x0000000085200000, 0x0000000085200000| Untracked 
|  83|0x0000000085300000, 0x0000000085300000, 0x0000000085400000|  0%| F|  |TAMS 0x0000000085300000, 0x0000000085300000| Untracked 
|  84|0x0000000085400000, 0x0000000085400000, 0x0000000085500000|  0%| F|  |TAMS 0x0000000085400000, 0x0000000085400000| Untracked 
|  85|0x0000000085500000, 0x0000000085500000, 0x0000000085600000|  0%| F|  |TAMS 0x0000000085500000, 0x0000000085500000| Untracked 
|  86|0x0000000085600000, 0x0000000085600000, 0x0000000085700000|  0%| F|  |TAMS 0x0000000085600000, 0x0000000085600000| Untracked 
|  87|0x0000000085700000, 0x0000000085700000, 0x0000000085800000|  0%| F|  |TAMS 0x0000000085700000, 0x0000000085700000| Untracked 
|  88|0x0000000085800000, 0x0000000085800000, 0x0000000085900000|  0%| F|  |TAMS 0x0000000085800000, 0x0000000085800000| Untracked 
|  89|0x0000000085900000, 0x0000000085900000, 0x0000000085a00000|  0%| F|  |TAMS 0x0000000085900000, 0x0000000085900000| Untracked 
|  90|0x0000000085a00000, 0x0000000085a00000, 0x0000000085b00000|  0%| F|  |TAMS 0x0000000085a00000, 0x0000000085a00000| Untracked 
|  91|0x0000000085b00000, 0x0000000085b00000, 0x0000000085c00000|  0%| F|  |TAMS 0x0000000085b00000, 0x0000000085b00000| Untracked 
|  92|0x0000000085c00000, 0x0000000085c00000, 0x0000000085d00000|  0%| F|  |TAMS 0x0000000085c00000, 0x0000000085c00000| Untracked 
|  93|0x0000000085d00000, 0x0000000085d00000, 0x0000000085e00000|  0%| F|  |TAMS 0x0000000085d00000, 0x0000000085d00000| Untracked 
|  94|0x0000000085e00000, 0x0000000085e00000, 0x0000000085f00000|  0%| F|  |TAMS 0x0000000085e00000, 0x0000000085e00000| Untracked 
|  95|0x0000000085f00000, 0x0000000085f00000, 0x0000000086000000|  0%| F|  |TAMS 0x0000000085f00000, 0x0000000085f00000| Untracked 
|  96|0x0000000086000000, 0x0000000086000000, 0x0000000086100000|  0%| F|  |TAMS 0x0000000086000000, 0x0000000086000000| Untracked 
|  97|0x0000000086100000, 0x0000000086100000, 0x0000000086200000|  0%| F|  |TAMS 0x0000000086100000, 0x0000000086100000| Untracked 
|  98|0x0000000086200000, 0x0000000086200000, 0x0000000086300000|  0%| F|  |TAMS 0x0000000086200000, 0x0000000086200000| Untracked 
|  99|0x0000000086300000, 0x0000000086300000, 0x0000000086400000|  0%| F|  |TAMS 0x0000000086300000, 0x0000000086300000| Untracked 
| 100|0x0000000086400000, 0x0000000086400000, 0x0000000086500000|  0%| F|  |TAMS 0x0000000086400000, 0x0000000086400000| Untracked 
| 101|0x0000000086500000, 0x0000000086500000, 0x0000000086600000|  0%| F|  |TAMS 0x0000000086500000, 0x0000000086500000| Untracked 
| 102|0x0000000086600000, 0x0000000086600000, 0x0000000086700000|  0%| F|  |TAMS 0x0000000086600000, 0x0000000086600000| Untracked 
| 103|0x0000000086700000, 0x0000000086700000, 0x0000000086800000|  0%| F|  |TAMS 0x0000000086700000, 0x0000000086700000| Untracked 
| 104|0x0000000086800000, 0x0000000086800000, 0x0000000086900000|  0%| F|  |TAMS 0x0000000086800000, 0x0000000086800000| Untracked 
| 105|0x0000000086900000, 0x0000000086900000, 0x0000000086a00000|  0%| F|  |TAMS 0x0000000086900000, 0x0000000086900000| Untracked 
| 106|0x0000000086a00000, 0x0000000086a00000, 0x0000000086b00000|  0%| F|  |TAMS 0x0000000086a00000, 0x0000000086a00000| Untracked 
| 107|0x0000000086b00000, 0x0000000086b00000, 0x0000000086c00000|  0%| F|  |TAMS 0x0000000086b00000, 0x0000000086b00000| Untracked 
| 108|0x0000000086c00000, 0x0000000086c00000, 0x0000000086d00000|  0%| F|  |TAMS 0x0000000086c00000, 0x0000000086c00000| Untracked 
| 109|0x0000000086d00000, 0x0000000086d00000, 0x0000000086e00000|  0%| F|  |TAMS 0x0000000086d00000, 0x0000000086d00000| Untracked 
| 110|0x0000000086e00000, 0x0000000086e00000, 0x0000000086f00000|  0%| F|  |TAMS 0x0000000086e00000, 0x0000000086e00000| Untracked 
| 111|0x0000000086f00000, 0x0000000086f00000, 0x0000000087000000|  0%| F|  |TAMS 0x0000000086f00000, 0x0000000086f00000| Untracked 
| 112|0x0000000087000000, 0x0000000087000000, 0x0000000087100000|  0%| F|  |TAMS 0x0000000087000000, 0x0000000087000000| Untracked 
| 113|0x0000000087100000, 0x0000000087100000, 0x0000000087200000|  0%| F|  |TAMS 0x0000000087100000, 0x0000000087100000| Untracked 
| 114|0x0000000087200000, 0x0000000087200000, 0x0000000087300000|  0%| F|  |TAMS 0x0000000087200000, 0x0000000087200000| Untracked 
| 115|0x0000000087300000, 0x0000000087300000, 0x0000000087400000|  0%| F|  |TAMS 0x0000000087300000, 0x0000000087300000| Untracked 
| 116|0x0000000087400000, 0x0000000087400000, 0x0000000087500000|  0%| F|  |TAMS 0x0000000087400000, 0x0000000087400000| Untracked 
| 117|0x0000000087500000, 0x0000000087500000, 0x0000000087600000|  0%| F|  |TAMS 0x0000000087500000, 0x0000000087500000| Untracked 
| 118|0x0000000087600000, 0x0000000087600000, 0x0000000087700000|  0%| F|  |TAMS 0x0000000087600000, 0x0000000087600000| Untracked 
| 119|0x0000000087700000, 0x0000000087700000, 0x0000000087800000|  0%| F|  |TAMS 0x0000000087700000, 0x0000000087700000| Untracked 
| 120|0x0000000087800000, 0x0000000087800000, 0x0000000087900000|  0%| F|  |TAMS 0x0000000087800000, 0x0000000087800000| Untracked 
| 121|0x0000000087900000, 0x0000000087900000, 0x0000000087a00000|  0%| F|  |TAMS 0x0000000087900000, 0x0000000087900000| Untracked 
| 122|0x0000000087a00000, 0x0000000087a00000, 0x0000000087b00000|  0%| F|  |TAMS 0x0000000087a00000, 0x0000000087a00000| Untracked 
| 123|0x0000000087b00000, 0x0000000087b00000, 0x0000000087c00000|  0%| F|  |TAMS 0x0000000087b00000, 0x0000000087b00000| Untracked 
| 124|0x0000000087c00000, 0x0000000087c00000, 0x0000000087d00000|  0%| F|  |TAMS 0x0000000087c00000, 0x0000000087c00000| Untracked 
| 125|0x0000000087d00000, 0x0000000087d00000, 0x0000000087e00000|  0%| F|  |TAMS 0x0000000087d00000, 0x0000000087d00000| Untracked 
| 126|0x0000000087e00000, 0x0000000087e00000, 0x0000000087f00000|  0%| F|  |TAMS 0x0000000087e00000, 0x0000000087e00000| Untracked 
| 127|0x0000000087f00000, 0x0000000087f00000, 0x0000000088000000|  0%| F|  |TAMS 0x0000000087f00000, 0x0000000087f00000| Untracked 
| 128|0x0000000088000000, 0x0000000088000000, 0x0000000088100000|  0%| F|  |TAMS 0x0000000088000000, 0x0000000088000000| Untracked 
| 129|0x0000000088100000, 0x0000000088100000, 0x0000000088200000|  0%| F|  |TAMS 0x0000000088100000, 0x0000000088100000| Untracked 
| 130|0x0000000088200000, 0x0000000088200000, 0x0000000088300000|  0%| F|  |TAMS 0x0000000088200000, 0x0000000088200000| Untracked 
| 131|0x0000000088300000, 0x0000000088300000, 0x0000000088400000|  0%| F|  |TAMS 0x0000000088300000, 0x0000000088300000| Untracked 
| 132|0x0000000088400000, 0x0000000088400000, 0x0000000088500000|  0%| F|  |TAMS 0x0000000088400000, 0x0000000088400000| Untracked 
| 133|0x0000000088500000, 0x0000000088500000, 0x0000000088600000|  0%| F|  |TAMS 0x0000000088500000, 0x0000000088500000| Untracked 
| 134|0x0000000088600000, 0x0000000088600000, 0x0000000088700000|  0%| F|  |TAMS 0x0000000088600000, 0x0000000088600000| Untracked 
| 135|0x0000000088700000, 0x0000000088700000, 0x0000000088800000|  0%| F|  |TAMS 0x0000000088700000, 0x0000000088700000| Untracked 
| 136|0x0000000088800000, 0x0000000088800000, 0x0000000088900000|  0%| F|  |TAMS 0x0000000088800000, 0x0000000088800000| Untracked 
| 137|0x0000000088900000, 0x0000000088900000, 0x0000000088a00000|  0%| F|  |TAMS 0x0000000088900000, 0x0000000088900000| Untracked 
| 138|0x0000000088a00000, 0x0000000088a00000, 0x0000000088b00000|  0%| F|  |TAMS 0x0000000088a00000, 0x0000000088a00000| Untracked 
| 139|0x0000000088b00000, 0x0000000088b00000, 0x0000000088c00000|  0%| F|  |TAMS 0x0000000088b00000, 0x0000000088b00000| Untracked 
| 140|0x0000000088c00000, 0x0000000088c00000, 0x0000000088d00000|  0%| F|  |TAMS 0x0000000088c00000, 0x0000000088c00000| Untracked 
| 141|0x0000000088d00000, 0x0000000088d00000, 0x0000000088e00000|  0%| F|  |TAMS 0x0000000088d00000, 0x0000000088d00000| Untracked 
| 142|0x0000000088e00000, 0x0000000088e00000, 0x0000000088f00000|  0%| F|  |TAMS 0x0000000088e00000, 0x0000000088e00000| Untracked 
| 143|0x0000000088f00000, 0x0000000088f00000, 0x0000000089000000|  0%| F|  |TAMS 0x0000000088f00000, 0x0000000088f00000| Untracked 
| 144|0x0000000089000000, 0x0000000089000000, 0x0000000089100000|  0%| F|  |TAMS 0x0000000089000000, 0x0000000089000000| Untracked 
| 145|0x0000000089100000, 0x0000000089100000, 0x0000000089200000|  0%| F|  |TAMS 0x0000000089100000, 0x0000000089100000| Untracked 
| 146|0x0000000089200000, 0x0000000089200000, 0x0000000089300000|  0%| F|  |TAMS 0x0000000089200000, 0x0000000089200000| Untracked 
| 147|0x0000000089300000, 0x0000000089300000, 0x0000000089400000|  0%| F|  |TAMS 0x0000000089300000, 0x0000000089300000| Untracked 
| 148|0x0000000089400000, 0x0000000089400000, 0x0000000089500000|  0%| F|  |TAMS 0x0000000089400000, 0x0000000089400000| Untracked 
| 149|0x0000000089500000, 0x0000000089500000, 0x0000000089600000|  0%| F|  |TAMS 0x0000000089500000, 0x0000000089500000| Untracked 
| 150|0x0000000089600000, 0x0000000089600000, 0x0000000089700000|  0%| F|  |TAMS 0x0000000089600000, 0x0000000089600000| Untracked 
| 151|0x0000000089700000, 0x0000000089700000, 0x0000000089800000|  0%| F|  |TAMS 0x0000000089700000, 0x0000000089700000| Untracked 
| 152|0x0000000089800000, 0x0000000089800000, 0x0000000089900000|  0%| F|  |TAMS 0x0000000089800000, 0x0000000089800000| Untracked 
| 153|0x0000000089900000, 0x0000000089900000, 0x0000000089a00000|  0%| F|  |TAMS 0x0000000089900000, 0x0000000089900000| Untracked 
| 154|0x0000000089a00000, 0x0000000089a00000, 0x0000000089b00000|  0%| F|  |TAMS 0x0000000089a00000, 0x0000000089a00000| Untracked 
| 155|0x0000000089b00000, 0x0000000089b00000, 0x0000000089c00000|  0%| F|  |TAMS 0x0000000089b00000, 0x0000000089b00000| Untracked 
| 156|0x0000000089c00000, 0x0000000089c00000, 0x0000000089d00000|  0%| F|  |TAMS 0x0000000089c00000, 0x0000000089c00000| Untracked 
| 157|0x0000000089d00000, 0x0000000089d00000, 0x0000000089e00000|  0%| F|  |TAMS 0x0000000089d00000, 0x0000000089d00000| Untracked 
| 158|0x0000000089e00000, 0x0000000089e00000, 0x0000000089f00000|  0%| F|  |TAMS 0x0000000089e00000, 0x0000000089e00000| Untracked 
| 159|0x0000000089f00000, 0x0000000089f00000, 0x000000008a000000|  0%| F|  |TAMS 0x0000000089f00000, 0x0000000089f00000| Untracked 
| 160|0x000000008a000000, 0x000000008a000000, 0x000000008a100000|  0%| F|  |TAMS 0x000000008a000000, 0x000000008a000000| Untracked 
| 161|0x000000008a100000, 0x000000008a100000, 0x000000008a200000|  0%| F|  |TAMS 0x000000008a100000, 0x000000008a100000| Untracked 
| 162|0x000000008a200000, 0x000000008a200000, 0x000000008a300000|  0%| F|  |TAMS 0x000000008a200000, 0x000000008a200000| Untracked 
| 163|0x000000008a300000, 0x000000008a300000, 0x000000008a400000|  0%| F|  |TAMS 0x000000008a300000, 0x000000008a300000| Untracked 
| 164|0x000000008a400000, 0x000000008a400000, 0x000000008a500000|  0%| F|  |TAMS 0x000000008a400000, 0x000000008a400000| Untracked 
| 165|0x000000008a500000, 0x000000008a500000, 0x000000008a600000|  0%| F|  |TAMS 0x000000008a500000, 0x000000008a500000| Untracked 
| 166|0x000000008a600000, 0x000000008a600000, 0x000000008a700000|  0%| F|  |TAMS 0x000000008a600000, 0x000000008a600000| Untracked 
| 167|0x000000008a700000, 0x000000008a700000, 0x000000008a800000|  0%| F|  |TAMS 0x000000008a700000, 0x000000008a700000| Untracked 
| 168|0x000000008a800000, 0x000000008a800000, 0x000000008a900000|  0%| F|  |TAMS 0x000000008a800000, 0x000000008a800000| Untracked 
| 169|0x000000008a900000, 0x000000008a900000, 0x000000008aa00000|  0%| F|  |TAMS 0x000000008a900000, 0x000000008a900000| Untracked 
| 170|0x000000008aa00000, 0x000000008aa00000, 0x000000008ab00000|  0%| F|  |TAMS 0x000000008aa00000, 0x000000008aa00000| Untracked 
| 171|0x000000008ab00000, 0x000000008ab00000, 0x000000008ac00000|  0%| F|  |TAMS 0x000000008ab00000, 0x000000008ab00000| Untracked 
| 172|0x000000008ac00000, 0x000000008ac00000, 0x000000008ad00000|  0%| F|  |TAMS 0x000000008ac00000, 0x000000008ac00000| Untracked 
| 173|0x000000008ad00000, 0x000000008ad00000, 0x000000008ae00000|  0%| F|  |TAMS 0x000000008ad00000, 0x000000008ad00000| Untracked 
| 174|0x000000008ae00000, 0x000000008ae00000, 0x000000008af00000|  0%| F|  |TAMS 0x000000008ae00000, 0x000000008ae00000| Untracked 
| 175|0x000000008af00000, 0x000000008af00000, 0x000000008b000000|  0%| F|  |TAMS 0x000000008af00000, 0x000000008af00000| Untracked 
| 176|0x000000008b000000, 0x000000008b000000, 0x000000008b100000|  0%| F|  |TAMS 0x000000008b000000, 0x000000008b000000| Untracked 
| 177|0x000000008b100000, 0x000000008b100000, 0x000000008b200000|  0%| F|  |TAMS 0x000000008b100000, 0x000000008b100000| Untracked 
| 178|0x000000008b200000, 0x000000008b200000, 0x000000008b300000|  0%| F|  |TAMS 0x000000008b200000, 0x000000008b200000| Untracked 
| 179|0x000000008b300000, 0x000000008b300000, 0x000000008b400000|  0%| F|  |TAMS 0x000000008b300000, 0x000000008b300000| Untracked 
| 180|0x000000008b400000, 0x000000008b400000, 0x000000008b500000|  0%| F|  |TAMS 0x000000008b400000, 0x000000008b400000| Untracked 
| 181|0x000000008b500000, 0x000000008b500000, 0x000000008b600000|  0%| F|  |TAMS 0x000000008b500000, 0x000000008b500000| Untracked 
| 182|0x000000008b600000, 0x000000008b600000, 0x000000008b700000|  0%| F|  |TAMS 0x000000008b600000, 0x000000008b600000| Untracked 
| 183|0x000000008b700000, 0x000000008b700000, 0x000000008b800000|  0%| F|  |TAMS 0x000000008b700000, 0x000000008b700000| Untracked 
| 184|0x000000008b800000, 0x000000008b800000, 0x000000008b900000|  0%| F|  |TAMS 0x000000008b800000, 0x000000008b800000| Untracked 
| 185|0x000000008b900000, 0x000000008b900000, 0x000000008ba00000|  0%| F|  |TAMS 0x000000008b900000, 0x000000008b900000| Untracked 
| 186|0x000000008ba00000, 0x000000008ba00000, 0x000000008bb00000|  0%| F|  |TAMS 0x000000008ba00000, 0x000000008ba00000| Untracked 
| 187|0x000000008bb00000, 0x000000008bb00000, 0x000000008bc00000|  0%| F|  |TAMS 0x000000008bb00000, 0x000000008bb00000| Untracked 
| 188|0x000000008bc00000, 0x000000008bc00000, 0x000000008bd00000|  0%| F|  |TAMS 0x000000008bc00000, 0x000000008bc00000| Untracked 
| 189|0x000000008bd00000, 0x000000008bd00000, 0x000000008be00000|  0%| F|  |TAMS 0x000000008bd00000, 0x000000008bd00000| Untracked 
| 190|0x000000008be00000, 0x000000008be00000, 0x000000008bf00000|  0%| F|  |TAMS 0x000000008be00000, 0x000000008be00000| Untracked 
| 191|0x000000008bf00000, 0x000000008bf00000, 0x000000008c000000|  0%| F|  |TAMS 0x000000008bf00000, 0x000000008bf00000| Untracked 
| 192|0x000000008c000000, 0x000000008c000000, 0x000000008c100000|  0%| F|  |TAMS 0x000000008c000000, 0x000000008c000000| Untracked 
| 193|0x000000008c100000, 0x000000008c100000, 0x000000008c200000|  0%| F|  |TAMS 0x000000008c100000, 0x000000008c100000| Untracked 
| 194|0x000000008c200000, 0x000000008c200000, 0x000000008c300000|  0%| F|  |TAMS 0x000000008c200000, 0x000000008c200000| Untracked 
| 195|0x000000008c300000, 0x000000008c300000, 0x000000008c400000|  0%| F|  |TAMS 0x000000008c300000, 0x000000008c300000| Untracked 
| 196|0x000000008c400000, 0x000000008c400000, 0x000000008c500000|  0%| F|  |TAMS 0x000000008c400000, 0x000000008c400000| Untracked 
| 197|0x000000008c500000, 0x000000008c500000, 0x000000008c600000|  0%| F|  |TAMS 0x000000008c500000, 0x000000008c500000| Untracked 
| 198|0x000000008c600000, 0x000000008c600000, 0x000000008c700000|  0%| F|  |TAMS 0x000000008c600000, 0x000000008c600000| Untracked 
| 199|0x000000008c700000, 0x000000008c700000, 0x000000008c800000|  0%| F|  |TAMS 0x000000008c700000, 0x000000008c700000| Untracked 
| 200|0x000000008c800000, 0x000000008c800000, 0x000000008c900000|  0%| F|  |TAMS 0x000000008c800000, 0x000000008c800000| Untracked 
| 201|0x000000008c900000, 0x000000008c900000, 0x000000008ca00000|  0%| F|  |TAMS 0x000000008c900000, 0x000000008c900000| Untracked 
| 202|0x000000008ca00000, 0x000000008ca4faf0, 0x000000008cb00000| 31%| S|CS|TAMS 0x000000008ca00000, 0x000000008ca00000| Complete 
| 203|0x000000008cb00000, 0x000000008cc00000, 0x000000008cc00000|100%| S|CS|TAMS 0x000000008cb00000, 0x000000008cb00000| Complete 
| 204|0x000000008cc00000, 0x000000008cd00000, 0x000000008cd00000|100%| S|CS|TAMS 0x000000008cc00000, 0x000000008cc00000| Complete 
| 205|0x000000008cd00000, 0x000000008ce00000, 0x000000008ce00000|100%| S|CS|TAMS 0x000000008cd00000, 0x000000008cd00000| Complete 
| 206|0x000000008ce00000, 0x000000008cf00000, 0x000000008cf00000|100%| S|CS|TAMS 0x000000008ce00000, 0x000000008ce00000| Complete 
| 207|0x000000008cf00000, 0x000000008d000000, 0x000000008d000000|100%| S|CS|TAMS 0x000000008cf00000, 0x000000008cf00000| Complete 
| 208|0x000000008d000000, 0x000000008d100000, 0x000000008d100000|100%| S|CS|TAMS 0x000000008d000000, 0x000000008d000000| Complete 
| 209|0x000000008d100000, 0x000000008d200000, 0x000000008d200000|100%| S|CS|TAMS 0x000000008d100000, 0x000000008d100000| Complete 
| 210|0x000000008d200000, 0x000000008d300000, 0x000000008d300000|100%| S|CS|TAMS 0x000000008d200000, 0x000000008d200000| Complete 
| 211|0x000000008d300000, 0x000000008d400000, 0x000000008d400000|100%| S|CS|TAMS 0x000000008d300000, 0x000000008d300000| Complete 
| 212|0x000000008d400000, 0x000000008d500000, 0x000000008d500000|100%| S|CS|TAMS 0x000000008d400000, 0x000000008d400000| Complete 
| 213|0x000000008d500000, 0x000000008d600000, 0x000000008d600000|100%| S|CS|TAMS 0x000000008d500000, 0x000000008d500000| Complete 
| 214|0x000000008d600000, 0x000000008d700000, 0x000000008d700000|100%| S|CS|TAMS 0x000000008d600000, 0x000000008d600000| Complete 
| 215|0x000000008d700000, 0x000000008d700000, 0x000000008d800000|  0%| F|  |TAMS 0x000000008d700000, 0x000000008d700000| Untracked 
| 216|0x000000008d800000, 0x000000008d800000, 0x000000008d900000|  0%| F|  |TAMS 0x000000008d800000, 0x000000008d800000| Untracked 
| 217|0x000000008d900000, 0x000000008d900000, 0x000000008da00000|  0%| F|  |TAMS 0x000000008d900000, 0x000000008d900000| Untracked 
| 218|0x000000008da00000, 0x000000008da00000, 0x000000008db00000|  0%| F|  |TAMS 0x000000008da00000, 0x000000008da00000| Untracked 
| 219|0x000000008db00000, 0x000000008db00000, 0x000000008dc00000|  0%| F|  |TAMS 0x000000008db00000, 0x000000008db00000| Untracked 
| 220|0x000000008dc00000, 0x000000008dc00000, 0x000000008dd00000|  0%| F|  |TAMS 0x000000008dc00000, 0x000000008dc00000| Untracked 
| 221|0x000000008dd00000, 0x000000008dd00000, 0x000000008de00000|  0%| F|  |TAMS 0x000000008dd00000, 0x000000008dd00000| Untracked 
| 222|0x000000008de00000, 0x000000008de00000, 0x000000008df00000|  0%| F|  |TAMS 0x000000008de00000, 0x000000008de00000| Untracked 
| 223|0x000000008df00000, 0x000000008df00000, 0x000000008e000000|  0%| F|  |TAMS 0x000000008df00000, 0x000000008df00000| Untracked 
| 224|0x000000008e000000, 0x000000008e000000, 0x000000008e100000|  0%| F|  |TAMS 0x000000008e000000, 0x000000008e000000| Untracked 
| 225|0x000000008e100000, 0x000000008e100000, 0x000000008e200000|  0%| F|  |TAMS 0x000000008e100000, 0x000000008e100000| Untracked 
| 226|0x000000008e200000, 0x000000008e200000, 0x000000008e300000|  0%| F|  |TAMS 0x000000008e200000, 0x000000008e200000| Untracked 
| 227|0x000000008e300000, 0x000000008e300000, 0x000000008e400000|  0%| F|  |TAMS 0x000000008e300000, 0x000000008e300000| Untracked 
| 228|0x000000008e400000, 0x000000008e400000, 0x000000008e500000|  0%| F|  |TAMS 0x000000008e400000, 0x000000008e400000| Untracked 
| 229|0x000000008e500000, 0x000000008e500000, 0x000000008e600000|  0%| F|  |TAMS 0x000000008e500000, 0x000000008e500000| Untracked 
| 230|0x000000008e600000, 0x000000008e600000, 0x000000008e700000|  0%| F|  |TAMS 0x000000008e600000, 0x000000008e600000| Untracked 
| 231|0x000000008e700000, 0x000000008e700000, 0x000000008e800000|  0%| F|  |TAMS 0x000000008e700000, 0x000000008e700000| Untracked 
| 232|0x000000008e800000, 0x000000008e800000, 0x000000008e900000|  0%| F|  |TAMS 0x000000008e800000, 0x000000008e800000| Untracked 
| 233|0x000000008e900000, 0x000000008e900000, 0x000000008ea00000|  0%| F|  |TAMS 0x000000008e900000, 0x000000008e900000| Untracked 
| 234|0x000000008ea00000, 0x000000008ea00000, 0x000000008eb00000|  0%| F|  |TAMS 0x000000008ea00000, 0x000000008ea00000| Untracked 
| 235|0x000000008eb00000, 0x000000008eb00000, 0x000000008ec00000|  0%| F|  |TAMS 0x000000008eb00000, 0x000000008eb00000| Untracked 
| 236|0x000000008ec00000, 0x000000008ec00000, 0x000000008ed00000|  0%| F|  |TAMS 0x000000008ec00000, 0x000000008ec00000| Untracked 
| 237|0x000000008ed00000, 0x000000008ed00000, 0x000000008ee00000|  0%| F|  |TAMS 0x000000008ed00000, 0x000000008ed00000| Untracked 
| 238|0x000000008ee00000, 0x000000008ee00000, 0x000000008ef00000|  0%| F|  |TAMS 0x000000008ee00000, 0x000000008ee00000| Untracked 
| 239|0x000000008ef00000, 0x000000008ef00000, 0x000000008f000000|  0%| F|  |TAMS 0x000000008ef00000, 0x000000008ef00000| Untracked 
| 240|0x000000008f000000, 0x000000008f000000, 0x000000008f100000|  0%| F|  |TAMS 0x000000008f000000, 0x000000008f000000| Untracked 
| 241|0x000000008f100000, 0x000000008f100000, 0x000000008f200000|  0%| F|  |TAMS 0x000000008f100000, 0x000000008f100000| Untracked 
| 242|0x000000008f200000, 0x000000008f200000, 0x000000008f300000|  0%| F|  |TAMS 0x000000008f200000, 0x000000008f200000| Untracked 
| 243|0x000000008f300000, 0x000000008f300000, 0x000000008f400000|  0%| F|  |TAMS 0x000000008f300000, 0x000000008f300000| Untracked 
| 244|0x000000008f400000, 0x000000008f400000, 0x000000008f500000|  0%| F|  |TAMS 0x000000008f400000, 0x000000008f400000| Untracked 
| 245|0x000000008f500000, 0x000000008f500000, 0x000000008f600000|  0%| F|  |TAMS 0x000000008f500000, 0x000000008f500000| Untracked 
| 246|0x000000008f600000, 0x000000008f700000, 0x000000008f700000|100%| E|  |TAMS 0x000000008f600000, 0x000000008f600000| Complete 
| 247|0x000000008f700000, 0x000000008f800000, 0x000000008f800000|100%| E|CS|TAMS 0x000000008f700000, 0x000000008f700000| Complete 
| 248|0x000000008f800000, 0x000000008f900000, 0x000000008f900000|100%| E|CS|TAMS 0x000000008f800000, 0x000000008f800000| Complete 
| 249|0x000000008f900000, 0x000000008fa00000, 0x000000008fa00000|100%| E|CS|TAMS 0x000000008f900000, 0x000000008f900000| Complete 
| 250|0x000000008fa00000, 0x000000008fb00000, 0x000000008fb00000|100%| E|CS|TAMS 0x000000008fa00000, 0x000000008fa00000| Complete 
| 251|0x000000008fb00000, 0x000000008fc00000, 0x000000008fc00000|100%| E|CS|TAMS 0x000000008fb00000, 0x000000008fb00000| Complete 

Card table byte_map: [0x000001517a560000,0x000001517a960000] _byte_map_base: 0x000001517a160000

Marking Bits (Prev, Next): (CMBitMap*) 0x00000151626fe4b8, (CMBitMap*) 0x00000151626fe4f0
 Prev Bits: [0x000001517ad60000, 0x000001517cd60000)
 Next Bits: [0x000001517cd60000, 0x000001517ed60000)

Polling page: 0x00000151606a0000

Metaspace:

Usage:
  Non-class:     64.35 MB capacity,    62.97 MB ( 98%) used,     1.14 MB (  2%) free+waste,   243.94 KB ( <1%) overhead. 
      Class:     10.32 MB capacity,     9.38 MB ( 91%) used,   842.79 KB (  8%) free+waste,   116.75 KB (  1%) overhead. 
       Both:     74.67 MB capacity,    72.35 MB ( 97%) used,     1.97 MB (  3%) free+waste,   360.69 KB ( <1%) overhead. 

Virtual space:
  Non-class space:       66.00 MB reserved,      64.54 MB ( 98%) committed 
      Class space:      504.00 MB reserved,      10.38 MB (  2%) committed 
             Both:      570.00 MB reserved,      74.91 MB ( 13%) committed 

Chunk freelists:
   Non-Class:  38.00 KB
       Class:  29.00 KB
        Both:  67.00 KB

MaxMetaspaceSize: 512.00 MB
CompressedClassSpaceSize: 504.00 MB
Initial GC threshold: 20.80 MB
Current GC threshold: 124.44 MB
CDS: off

CodeHeap 'non-profiled nmethods': size=120000Kb used=4711Kb max_used=4711Kb free=115288Kb
 bounds [0x0000015172900000, 0x0000015172da0000, 0x0000015179e30000]
CodeHeap 'profiled nmethods': size=120000Kb used=17944Kb max_used=17944Kb free=102056Kb
 bounds [0x000001516b3d0000, 0x000001516c560000, 0x0000015172900000]
CodeHeap 'non-nmethods': size=5760Kb used=2369Kb max_used=2410Kb free=3390Kb
 bounds [0x000001516ae30000, 0x000001516b0a0000, 0x000001516b3d0000]
 total_blobs=9268 nmethods=8389 adapters=791
 compilation: enabled
              stopped_count=0, restarted_count=0
 full_count=0

Compilation events (20 events):
Event: 84.255 Thread 0x000001510208f000 8429       3       java.util.zip.ZipFile$Source::initCEN (697 bytes)
Event: 84.261 Thread 0x000001510208f000 nmethod 8429 0x000001516c547410 code [0x000001516c547a60, 0x000001516c54b698]
Event: 84.270 Thread 0x000001510208f000 8430       3       sun.reflect.generics.tree.Wildcard::make (10 bytes)
Event: 84.271 Thread 0x000001510208f000 nmethod 8430 0x000001516c54d110 code [0x000001516c54d2e0, 0x000001516c54d598]
Event: 84.271 Thread 0x000001510208f000 8431       3       sun.reflect.generics.tree.Wildcard::<init> (15 bytes)
Event: 84.271 Thread 0x000001510208f000 nmethod 8431 0x000001516c54d690 code [0x000001516c54d840, 0x000001516c54da58]
Event: 84.309 Thread 0x000001510208f000 8432       3       jdk.internal.loader.URLClassPath$JarLoader::<init> (67 bytes)
Event: 84.310 Thread 0x000001510208f000 nmethod 8432 0x000001516c54db10 code [0x000001516c54dde0, 0x000001516c54ebb8]
Event: 84.310 Thread 0x000001510208f000 8434   !   3       jdk.internal.loader.URLClassPath$JarLoader$1::run (175 bytes)
Event: 84.312 Thread 0x000001510208f000 nmethod 8434 0x000001516c54f090 code [0x000001516c54f380, 0x000001516c550458]
Event: 84.312 Thread 0x000001510208f000 8433       3       jdk.internal.loader.URLClassPath$JarLoader$1::run (5 bytes)
Event: 84.312 Thread 0x000001510208f000 nmethod 8433 0x000001516c550b90 code [0x000001516c550d40, 0x000001516c550e88]
Event: 84.312 Thread 0x000001510208f000 8435       3       jdk.internal.loader.URLClassPath$JarLoader::getJarFile (102 bytes)
Event: 84.313 Thread 0x000001510208f000 nmethod 8435 0x000001516c550f10 code [0x000001516c551220, 0x000001516c552028]
Event: 84.313 Thread 0x000001510208f000 8436       3       jdk.internal.loader.URLClassPath$JarLoader::isOptimizable (10 bytes)
Event: 84.313 Thread 0x000001510208f000 nmethod 8436 0x000001516c552510 code [0x000001516c5526c0, 0x000001516c552808]
Event: 84.313 Thread 0x000001510208f000 8437       3       jdk.internal.loader.FileURLMapper::<init> (10 bytes)
Event: 84.314 Thread 0x000001510208f000 nmethod 8437 0x000001516c552910 code [0x000001516c552ac0, 0x000001516c552c78]
Event: 84.509 Thread 0x000001510208f000 8441   !   3       java.util.zip.ZipFile::getInputStream (323 bytes)
Event: 84.512 Thread 0x000001510208f000 nmethod 8441 0x000001516c552d10 code [0x000001516c553080, 0x000001516c554978]

GC Heap History (20 events):
Event: 7.403 GC heap before
{Heap before GC invocations=0 (full 0):
 garbage-first heap   total 258048K, used 27648K [0x0000000080000000, 0x0000000100000000)
  region size 1024K, 24 young (24576K), 0 survivors (0K)
 Metaspace       used 9698K, capacity 9968K, committed 10112K, reserved 526336K
  class space    used 982K, capacity 1069K, committed 1152K, reserved 516096K
}
Event: 7.712 GC heap after
{Heap after GC invocations=1 (full 0):
 garbage-first heap   total 258048K, used 10409K [0x0000000080000000, 0x0000000100000000)
  region size 1024K, 3 young (3072K), 3 survivors (3072K)
 Metaspace       used 9698K, capacity 9968K, committed 10112K, reserved 526336K
  class space    used 982K, capacity 1069K, committed 1152K, reserved 516096K
}
Event: 24.232 GC heap before
{Heap before GC invocations=1 (full 0):
 garbage-first heap   total 258048K, used 103593K [0x0000000080000000, 0x0000000100000000)
  region size 1024K, 94 young (96256K), 3 survivors (3072K)
 Metaspace       used 20812K, capacity 21204K, committed 21296K, reserved 536576K
  class space    used 2486K, capacity 2652K, committed 2688K, reserved 516096K
}
Event: 24.268 GC heap after
{Heap after GC invocations=2 (full 0):
 garbage-first heap   total 258048K, used 18558K [0x0000000080000000, 0x0000000100000000)
  region size 1024K, 11 young (11264K), 11 survivors (11264K)
 Metaspace       used 20812K, capacity 21204K, committed 21296K, reserved 536576K
  class space    used 2486K, capacity 2652K, committed 2688K, reserved 516096K
}
Event: 24.673 GC heap before
{Heap before GC invocations=3 (full 0):
 garbage-first heap   total 258048K, used 25726K [0x0000000080000000, 0x0000000100000000)
  region size 1024K, 18 young (18432K), 11 survivors (11264K)
 Metaspace       used 21715K, capacity 22191K, committed 22448K, reserved 536576K
  class space    used 2620K, capacity 2789K, committed 2816K, reserved 516096K
}
Event: 24.681 GC heap after
{Heap after GC invocations=4 (full 0):
 garbage-first heap   total 258048K, used 18309K [0x0000000080000000, 0x0000000100000000)
  region size 1024K, 1 young (1024K), 1 survivors (1024K)
 Metaspace       used 21715K, capacity 22191K, committed 22448K, reserved 536576K
  class space    used 2620K, capacity 2789K, committed 2816K, reserved 516096K
}
Event: 26.900 GC heap before
{Heap before GC invocations=4 (full 0):
 garbage-first heap   total 258048K, used 78725K [0x0000000080000000, 0x0000000100000000)
  region size 1024K, 60 young (61440K), 1 survivors (1024K)
 Metaspace       used 27498K, capacity 28120K, committed 28336K, reserved 540672K
  class space    used 3536K, capacity 3773K, committed 3840K, reserved 516096K
}
Event: 26.904 GC heap after
{Heap after GC invocations=5 (full 0):
 garbage-first heap   total 258048K, used 20359K [0x0000000080000000, 0x0000000100000000)
  region size 1024K, 3 young (3072K), 3 survivors (3072K)
 Metaspace       used 27498K, capacity 28120K, committed 28336K, reserved 540672K
  class space    used 3536K, capacity 3773K, committed 3840K, reserved 516096K
}
Event: 28.643 GC heap before
{Heap before GC invocations=5 (full 0):
 garbage-first heap   total 258048K, used 76679K [0x0000000080000000, 0x0000000100000000)
  region size 1024K, 59 young (60416K), 3 survivors (3072K)
 Metaspace       used 35043K, capacity 35830K, committed 35920K, reserved 548864K
  class space    used 4478K, capacity 4813K, committed 4864K, reserved 516096K
}
Event: 28.656 GC heap after
{Heap after GC invocations=6 (full 0):
 garbage-first heap   total 258048K, used 23440K [0x0000000080000000, 0x0000000100000000)
  region size 1024K, 6 young (6144K), 6 survivors (6144K)
 Metaspace       used 35043K, capacity 35830K, committed 35920K, reserved 548864K
  class space    used 4478K, capacity 4813K, committed 4864K, reserved 516096K
}
Event: 51.171 GC heap before
{Heap before GC invocations=7 (full 0):
 garbage-first heap   total 258048K, used 133008K [0x0000000080000000, 0x0000000100000000)
  region size 1024K, 110 young (112640K), 6 survivors (6144K)
 Metaspace       used 44125K, capacity 45379K, committed 45520K, reserved 557056K
  class space    used 5502K, capacity 5997K, committed 6016K, reserved 516096K
}
Event: 51.200 GC heap after
{Heap after GC invocations=8 (full 0):
 garbage-first heap   total 258048K, used 30505K [0x0000000080000000, 0x0000000100000000)
  region size 1024K, 13 young (13312K), 13 survivors (13312K)
 Metaspace       used 44125K, capacity 45379K, committed 45520K, reserved 557056K
  class space    used 5502K, capacity 5997K, committed 6016K, reserved 516096K
}
Event: 60.192 GC heap before
{Heap before GC invocations=9 (full 0):
 garbage-first heap   total 258048K, used 152361K [0x0000000080000000, 0x0000000100000000)
  region size 1024K, 126 young (129024K), 13 survivors (13312K)
 Metaspace       used 52390K, capacity 53971K, committed 54096K, reserved 563200K
  class space    used 6719K, capacity 7389K, committed 7424K, reserved 516096K
}
Event: 60.245 GC heap after
{Heap after GC invocations=10 (full 0):
 garbage-first heap   total 258048K, used 41442K [0x0000000080000000, 0x0000000100000000)
  region size 1024K, 12 young (12288K), 12 survivors (12288K)
 Metaspace       used 52390K, capacity 53971K, committed 54096K, reserved 563200K
  class space    used 6719K, capacity 7389K, committed 7424K, reserved 516096K
}
Event: 63.776 GC heap before
{Heap before GC invocations=10 (full 0):
 garbage-first heap   total 258048K, used 173538K [0x0000000080000000, 0x0000000100000000)
  region size 1024K, 141 young (144384K), 12 survivors (12288K)
 Metaspace       used 64407K, capacity 66287K, committed 66512K, reserved 575488K
  class space    used 8340K, capacity 9082K, committed 9088K, reserved 516096K
}
Event: 63.795 GC heap after
{Heap after GC invocations=11 (full 0):
 garbage-first heap   total 258048K, used 47618K [0x0000000080000000, 0x0000000100000000)
  region size 1024K, 12 young (12288K), 12 survivors (12288K)
 Metaspace       used 64407K, capacity 66287K, committed 66512K, reserved 575488K
  class space    used 8340K, capacity 9082K, committed 9088K, reserved 516096K
}
Event: 75.463 GC heap before
{Heap before GC invocations=11 (full 0):
 garbage-first heap   total 258048K, used 178690K [0x0000000080000000, 0x0000000100000000)
  region size 1024K, 140 young (143360K), 12 survivors (12288K)
 Metaspace       used 72418K, capacity 74602K, committed 74704K, reserved 581632K
  class space    used 9408K, capacity 10291K, committed 10368K, reserved 516096K
}
Event: 75.486 GC heap after
{Heap after GC invocations=12 (full 0):
 garbage-first heap   total 258048K, used 56120K [0x0000000080000000, 0x0000000100000000)
  region size 1024K, 15 young (15360K), 15 survivors (15360K)
 Metaspace       used 72418K, capacity 74602K, committed 74704K, reserved 581632K
  class space    used 9408K, capacity 10291K, committed 10368K, reserved 516096K
}
Event: 84.354 GC heap before
{Heap before GC invocations=12 (full 0):
 garbage-first heap   total 258048K, used 94008K [0x0000000080000000, 0x0000000100000000)
  region size 1024K, 52 young (53248K), 15 survivors (15360K)
 Metaspace       used 73489K, capacity 75804K, committed 75856K, reserved 581632K
  class space    used 9538K, capacity 10472K, committed 10496K, reserved 516096K
}
Event: 84.384 GC heap after
{Heap after GC invocations=13 (full 0):
 garbage-first heap   total 258048K, used 61758K [0x0000000080000000, 0x0000000100000000)
  region size 1024K, 13 young (13312K), 13 survivors (13312K)
 Metaspace       used 73489K, capacity 75804K, committed 75856K, reserved 581632K
  class space    used 9538K, capacity 10472K, committed 10496K, reserved 516096K
}

Deoptimization events (20 events):
Event: 78.463 Thread 0x0000015102b04000 DEOPT PACKING pc=0x000001516baf01f4 sp=0x00000015b87f79b0
Event: 78.463 Thread 0x0000015102b04000 DEOPT UNPACKING pc=0x000001516ae79d0e sp=0x00000015b87f6f50 mode 0
Event: 78.488 Thread 0x00000151055d3000 DEOPT PACKING pc=0x000001516baf01f4 sp=0x00000015ba6fcf20
Event: 78.488 Thread 0x00000151055d3000 DEOPT UNPACKING pc=0x000001516ae79d0e sp=0x00000015ba6fc4c0 mode 0
Event: 78.653 Thread 0x0000015102c01800 Uncommon trap: trap_request=0xffffff4d fr.pc=0x0000015172c267c8 relative=0x00000000000001e8
Event: 78.653 Thread 0x0000015102c01800 Uncommon trap: reason=unstable_if action=reinterpret pc=0x0000015172c267c8 method=java.util.concurrent.locks.ReentrantLock$Sync.nonfairTryAcquire(I)Z @ 19 c2
Event: 78.653 Thread 0x0000015102c01800 DEOPT PACKING pc=0x0000015172c267c8 sp=0x00000015bcdfdb60
Event: 78.653 Thread 0x0000015102c01800 DEOPT UNPACKING pc=0x000001516ae385af sp=0x00000015bcdfd9d8 mode 2
Event: 80.927 Thread 0x0000015102b04000 DEOPT PACKING pc=0x000001516bd4aa71 sp=0x00000015b87f9090
Event: 80.927 Thread 0x0000015102b04000 DEOPT UNPACKING pc=0x000001516ae79d0e sp=0x00000015b87f8588 mode 0
Event: 84.214 Thread 0x0000015102b04000 DEOPT PACKING pc=0x000001516bea1f56 sp=0x00000015b87f94b0
Event: 84.214 Thread 0x0000015102b04000 DEOPT UNPACKING pc=0x000001516ae79d0e sp=0x00000015b87f8a78 mode 0
Event: 84.255 Thread 0x0000015102b04000 Uncommon trap: trap_request=0xffffff4d fr.pc=0x0000015172b51d50 relative=0x0000000000001810
Event: 84.255 Thread 0x0000015102b04000 Uncommon trap: reason=unstable_if action=reinterpret pc=0x0000015172b51d50 method=java.util.zip.ZipFile.getInputStream(Ljava/util/zip/ZipEntry;)Ljava/io/InputStream; @ 150 c2
Event: 84.255 Thread 0x0000015102b04000 DEOPT PACKING pc=0x0000015172b51d50 sp=0x00000015b87f1a50
Event: 84.255 Thread 0x0000015102b04000 DEOPT UNPACKING pc=0x000001516ae385af sp=0x00000015b87f1a08 mode 2
Event: 84.271 Thread 0x0000015102b04000 Uncommon trap: trap_request=0xffffff4d fr.pc=0x0000015172c63ff4 relative=0x0000000000000a54
Event: 84.271 Thread 0x0000015102b04000 Uncommon trap: reason=unstable_if action=reinterpret pc=0x0000015172c63ff4 method=java.util.regex.Pattern.escape(ZZZ)I @ 916 c2
Event: 84.271 Thread 0x0000015102b04000 DEOPT PACKING pc=0x0000015172c63ff4 sp=0x00000015b87f65f0
Event: 84.271 Thread 0x0000015102b04000 DEOPT UNPACKING pc=0x000001516ae385af sp=0x00000015b87f6590 mode 2

Classes redefined (0 events):
No events

Internal exceptions (20 events):
Event: 84.302 Thread 0x0000015102b04000 Exception <a 'java/security/PrivilegedActionException'{0x000000008d9530c8}> (0x000000008d9530c8) thrown at [./src/hotspot/share/prims/jvm.cpp, line 1306]
Event: 84.302 Thread 0x0000015102b04000 Exception <a 'java/security/PrivilegedActionException'{0x000000008d954630}> (0x000000008d954630) thrown at [./src/hotspot/share/prims/jvm.cpp, line 1306]
Event: 84.302 Thread 0x0000015102b04000 Exception <a 'java/security/PrivilegedActionException'{0x000000008d9577c0}> (0x000000008d9577c0) thrown at [./src/hotspot/share/prims/jvm.cpp, line 1306]
Event: 84.303 Thread 0x0000015102b04000 Exception <a 'java/security/PrivilegedActionException'{0x000000008d958d28}> (0x000000008d958d28) thrown at [./src/hotspot/share/prims/jvm.cpp, line 1306]
Event: 84.303 Thread 0x0000015102b04000 Exception <a 'java/security/PrivilegedActionException'{0x000000008d95bea8}> (0x000000008d95bea8) thrown at [./src/hotspot/share/prims/jvm.cpp, line 1306]
Event: 84.303 Thread 0x0000015102b04000 Exception <a 'java/security/PrivilegedActionException'{0x000000008d95d410}> (0x000000008d95d410) thrown at [./src/hotspot/share/prims/jvm.cpp, line 1306]
Event: 84.303 Thread 0x0000015102b04000 Exception <a 'java/security/PrivilegedActionException'{0x000000008d9605c8}> (0x000000008d9605c8) thrown at [./src/hotspot/share/prims/jvm.cpp, line 1306]
Event: 84.303 Thread 0x0000015102b04000 Exception <a 'java/security/PrivilegedActionException'{0x000000008d961b30}> (0x000000008d961b30) thrown at [./src/hotspot/share/prims/jvm.cpp, line 1306]
Event: 84.304 Thread 0x0000015102b04000 Exception <a 'java/security/PrivilegedActionException'{0x000000008d964d00}> (0x000000008d964d00) thrown at [./src/hotspot/share/prims/jvm.cpp, line 1306]
Event: 84.304 Thread 0x0000015102b04000 Exception <a 'java/security/PrivilegedActionException'{0x000000008d966268}> (0x000000008d966268) thrown at [./src/hotspot/share/prims/jvm.cpp, line 1306]
Event: 84.304 Thread 0x0000015102b04000 Exception <a 'java/security/PrivilegedActionException'{0x000000008d9695f0}> (0x000000008d9695f0) thrown at [./src/hotspot/share/prims/jvm.cpp, line 1306]
Event: 84.304 Thread 0x0000015102b04000 Exception <a 'java/security/PrivilegedActionException'{0x000000008d96ab58}> (0x000000008d96ab58) thrown at [./src/hotspot/share/prims/jvm.cpp, line 1306]
Event: 84.305 Thread 0x0000015102b04000 Exception <a 'java/security/PrivilegedActionException'{0x000000008d96dcd8}> (0x000000008d96dcd8) thrown at [./src/hotspot/share/prims/jvm.cpp, line 1306]
Event: 84.305 Thread 0x0000015102b04000 Exception <a 'java/security/PrivilegedActionException'{0x000000008d96f240}> (0x000000008d96f240) thrown at [./src/hotspot/share/prims/jvm.cpp, line 1306]
Event: 84.305 Thread 0x0000015102b04000 Exception <a 'java/security/PrivilegedActionException'{0x000000008d972410}> (0x000000008d972410) thrown at [./src/hotspot/share/prims/jvm.cpp, line 1306]
Event: 84.305 Thread 0x0000015102b04000 Exception <a 'java/security/PrivilegedActionException'{0x000000008d973978}> (0x000000008d973978) thrown at [./src/hotspot/share/prims/jvm.cpp, line 1306]
Event: 84.306 Thread 0x0000015102b04000 Exception <a 'java/security/PrivilegedActionException'{0x000000008d976b60}> (0x000000008d976b60) thrown at [./src/hotspot/share/prims/jvm.cpp, line 1306]
Event: 84.306 Thread 0x0000015102b04000 Exception <a 'java/security/PrivilegedActionException'{0x000000008d9780c8}> (0x000000008d9780c8) thrown at [./src/hotspot/share/prims/jvm.cpp, line 1306]
Event: 84.306 Thread 0x0000015102b04000 Exception <a 'java/security/PrivilegedActionException'{0x000000008d97b240}> (0x000000008d97b240) thrown at [./src/hotspot/share/prims/jvm.cpp, line 1306]
Event: 84.306 Thread 0x0000015102b04000 Exception <a 'java/security/PrivilegedActionException'{0x000000008d97c7a8}> (0x000000008d97c7a8) thrown at [./src/hotspot/share/prims/jvm.cpp, line 1306]

Events (20 events):
Event: 84.513 loading class com/android/build/gradle/internal/dsl/InternalCommonExtension
Event: 84.513 loading class com/android/build/gradle/internal/dsl/InternalCommonExtension done
Event: 84.513 loading class com/android/build/api/dsl/CommonExtension
Event: 84.513 loading class com/android/build/api/dsl/CommonExtension done
Event: 84.514 loading class com/android/build/gradle/internal/dsl/ApplicationExtensionImpl
Event: 84.514 loading class com/android/build/gradle/internal/dsl/ApplicationExtensionImpl done
Event: 84.514 loading class com/android/build/gradle/internal/dsl/InternalApplicationExtension
Event: 84.514 loading class com/android/build/gradle/internal/dsl/InternalApplicationExtension done
Event: 84.515 loading class com/android/build/api/dsl/ApplicationExtension
Event: 84.515 loading class com/android/build/api/dsl/ApplicationExtension done
Event: 84.515 loading class com/android/build/api/dsl/ApkExtension
Event: 84.515 loading class com/android/build/api/dsl/ApkExtension done
Event: 84.515 loading class com/android/build/api/dsl/TestedExtension
Event: 84.515 loading class com/android/build/api/dsl/TestedExtension done
Event: 84.515 loading class com/android/build/gradle/internal/dsl/InternalTestedExtension
Event: 84.515 loading class com/android/build/gradle/internal/dsl/InternalTestedExtension done
Event: 84.516 loading class com/android/build/gradle/internal/dsl/TestedExtensionImpl
Event: 84.516 loading class com/android/build/gradle/internal/dsl/TestedExtensionImpl done
Event: 84.516 Executing VM operation: CGC_Operation
Event: 84.516 Executing VM operation: CGC_Operation done


Dynamic libraries:
0x00007ff689c50000 - 0x00007ff689c5d000 	C:\Program Files\Microsoft\jdk-11.0.18.10-hotspot\bin\java.exe
0x00007ffccba70000 - 0x00007ffccbc87000 	C:\WINDOWS\SYSTEM32\ntdll.dll
0x00007ffcc98d0000 - 0x00007ffcc9994000 	C:\WINDOWS\System32\KERNEL32.DLL
0x00007ffcc8df0000 - 0x00007ffcc9196000 	C:\WINDOWS\System32\KERNELBASE.dll
0x00007ffcc9510000 - 0x00007ffcc9621000 	C:\WINDOWS\System32\ucrtbase.dll
0x00007ffc74ce0000 - 0x00007ffc74cf7000 	C:\Program Files\Microsoft\jdk-11.0.18.10-hotspot\bin\jli.dll
0x00007ffcca8b0000 - 0x00007ffccaa5d000 	C:\WINDOWS\System32\USER32.dll
0x00007ffcc94e0000 - 0x00007ffcc9506000 	C:\WINDOWS\System32\win32u.dll
0x00007ffcc99a0000 - 0x00007ffcc99c9000 	C:\WINDOWS\System32\GDI32.dll
0x00007ffcc9630000 - 0x00007ffcc9748000 	C:\WINDOWS\System32\gdi32full.dll
0x00007ffcc9260000 - 0x00007ffcc92fa000 	C:\WINDOWS\System32\msvcp_win.dll
0x00007ffc74cc0000 - 0x00007ffc74cd5000 	C:\Program Files\Microsoft\jdk-11.0.18.10-hotspot\bin\VCRUNTIME140.dll
0x00007ffcaff30000 - 0x00007ffcb01c3000 	C:\WINDOWS\WinSxS\amd64_microsoft.windows.common-controls_6595b64144ccf1df_6.0.22621.2361_none_2712ced57382f843\COMCTL32.dll
0x00007ffccb980000 - 0x00007ffccba27000 	C:\WINDOWS\System32\msvcrt.dll
0x00007ffccaac0000 - 0x00007ffccaaf1000 	C:\WINDOWS\System32\IMM32.DLL
0x00007ffc5a5a0000 - 0x00007ffc5a63b000 	C:\Program Files\Microsoft\jdk-11.0.18.10-hotspot\bin\msvcp140.dll
0x00007ffc38a00000 - 0x00007ffc39592000 	C:\Program Files\Microsoft\jdk-11.0.18.10-hotspot\bin\server\jvm.dll
0x00007ffccb8d0000 - 0x00007ffccb980000 	C:\WINDOWS\System32\ADVAPI32.dll
0x00007ffcc9ad0000 - 0x00007ffcc9b76000 	C:\WINDOWS\System32\sechost.dll
0x00007ffccb7b0000 - 0x00007ffccb8c7000 	C:\WINDOWS\System32\RPCRT4.dll
0x00007ffccab00000 - 0x00007ffccab08000 	C:\WINDOWS\System32\PSAPI.DLL
0x00007ffcaf350000 - 0x00007ffcaf359000 	C:\WINDOWS\SYSTEM32\WSOCK32.dll
0x00007ffcca110000 - 0x00007ffcca181000 	C:\WINDOWS\System32\WS2_32.dll
0x00007ffcc2cd0000 - 0x00007ffcc2d04000 	C:\WINDOWS\SYSTEM32\WINMM.dll
0x00007ffcc09c0000 - 0x00007ffcc09ca000 	C:\WINDOWS\SYSTEM32\VERSION.dll
0x00007ffcc7f20000 - 0x00007ffcc7f38000 	C:\WINDOWS\SYSTEM32\kernel.appcore.dll
0x00007ffcab910000 - 0x00007ffcab920000 	C:\Program Files\Microsoft\jdk-11.0.18.10-hotspot\bin\verify.dll
0x00007ffcc62b0000 - 0x00007ffcc64de000 	C:\WINDOWS\SYSTEM32\DBGHELP.DLL
0x00007ffcca190000 - 0x00007ffcca51a000 	C:\WINDOWS\System32\combase.dll
0x00007ffcc97f0000 - 0x00007ffcc98c7000 	C:\WINDOWS\System32\OLEAUT32.dll
0x00007ffcc2c90000 - 0x00007ffcc2cc2000 	C:\WINDOWS\SYSTEM32\dbgcore.DLL
0x00007ffcc9750000 - 0x00007ffcc97ca000 	C:\WINDOWS\System32\bcryptPrimitives.dll
0x00007ffc5a6f0000 - 0x00007ffc5a718000 	C:\Program Files\Microsoft\jdk-11.0.18.10-hotspot\bin\java.dll
0x00007ffca41f0000 - 0x00007ffca41fa000 	C:\Program Files\Microsoft\jdk-11.0.18.10-hotspot\bin\jimage.dll
0x00007ffc738f0000 - 0x00007ffc73908000 	C:\Program Files\Microsoft\jdk-11.0.18.10-hotspot\bin\zip.dll
0x00007ffccaef0000 - 0x00007ffccb748000 	C:\WINDOWS\System32\SHELL32.dll
0x00007ffcc6d10000 - 0x00007ffcc7602000 	C:\WINDOWS\SYSTEM32\windows.storage.dll
0x00007ffcc6bd0000 - 0x00007ffcc6d0e000 	C:\WINDOWS\SYSTEM32\wintypes.dll
0x00007ffcc99d0000 - 0x00007ffcc9ac3000 	C:\WINDOWS\System32\SHCORE.dll
0x00007ffccb750000 - 0x00007ffccb7ae000 	C:\WINDOWS\System32\shlwapi.dll
0x00007ffcc8d20000 - 0x00007ffcc8d46000 	C:\WINDOWS\SYSTEM32\profapi.dll
0x00007ffc70370000 - 0x00007ffc70389000 	C:\Program Files\Microsoft\jdk-11.0.18.10-hotspot\bin\net.dll
0x00007ffcc2990000 - 0x00007ffcc2ac7000 	C:\WINDOWS\SYSTEM32\WINHTTP.dll
0x00007ffcc83a0000 - 0x00007ffcc8409000 	C:\WINDOWS\system32\mswsock.dll
0x00007ffc69260000 - 0x00007ffc69273000 	C:\Program Files\Microsoft\jdk-11.0.18.10-hotspot\bin\nio.dll
0x00007ffc5a440000 - 0x00007ffc5a467000 	C:\Users\db2ha\.gradle\native\68d5fa5c4cc2d200863cafc0d521ce42e7d3e7ee720ec0a83991735586a16f82\windows-amd64\native-platform.dll
0x00007ffc3dc10000 - 0x00007ffc3dd54000 	C:\Users\db2ha\.gradle\native\e376f236ea51e6404a007f0833ffe2c6e607c4080706a723a18a27aeea778392\windows-amd64\native-platform-file-events.dll
0x00007ffca2510000 - 0x00007ffca2519000 	C:\Program Files\Microsoft\jdk-11.0.18.10-hotspot\bin\management.dll
0x00007ffca1a30000 - 0x00007ffca1a3b000 	C:\Program Files\Microsoft\jdk-11.0.18.10-hotspot\bin\management_ext.dll
0x00007ffcc85f0000 - 0x00007ffcc860b000 	C:\WINDOWS\SYSTEM32\CRYPTSP.dll
0x00007ffcc7e80000 - 0x00007ffcc7eb5000 	C:\WINDOWS\system32\rsaenh.dll
0x00007ffcc8490000 - 0x00007ffcc84bc000 	C:\WINDOWS\SYSTEM32\USERENV.dll
0x00007ffcc8790000 - 0x00007ffcc87b8000 	C:\WINDOWS\SYSTEM32\bcrypt.dll
0x00007ffcc8610000 - 0x00007ffcc861c000 	C:\WINDOWS\SYSTEM32\CRYPTBASE.dll
0x00007ffcc7920000 - 0x00007ffcc794d000 	C:\WINDOWS\SYSTEM32\IPHLPAPI.DLL
0x00007ffcca8a0000 - 0x00007ffcca8a9000 	C:\WINDOWS\System32\NSI.dll
0x00007ffcc2690000 - 0x00007ffcc26a9000 	C:\WINDOWS\SYSTEM32\dhcpcsvc6.DLL
0x00007ffcc2670000 - 0x00007ffcc268f000 	C:\WINDOWS\SYSTEM32\dhcpcsvc.DLL
0x00007ffcc7950000 - 0x00007ffcc7a49000 	C:\WINDOWS\SYSTEM32\DNSAPI.dll

dbghelp: loaded successfully - version: 4.0.5 - missing functions: none
symbol engine: initialized successfully - sym options: 0x614 - pdb path: .;C:\Program Files\Microsoft\jdk-11.0.18.10-hotspot\bin;C:\WINDOWS\SYSTEM32;C:\WINDOWS\WinSxS\amd64_microsoft.windows.common-controls_6595b64144ccf1df_6.0.22621.2361_none_2712ced57382f843;C:\Program Files\Microsoft\jdk-11.0.18.10-hotspot\bin\server;C:\Users\db2ha\.gradle\native\68d5fa5c4cc2d200863cafc0d521ce42e7d3e7ee720ec0a83991735586a16f82\windows-amd64;C:\Users\db2ha\.gradle\native\e376f236ea51e6404a007f0833ffe2c6e607c4080706a723a18a27aeea778392\windows-amd64

VM Arguments:
jvm_args: -XX:MaxMetaspaceSize=512m --add-opens=java.base/java.util=ALL-UNNAMED --add-opens=java.base/java.lang=ALL-UNNAMED --add-opens=java.base/java.lang.invoke=ALL-UNNAMED --add-opens=java.prefs/java.util.prefs=ALL-UNNAMED --add-opens=java.base/java.nio.charset=ALL-UNNAMED --add-opens=java.base/java.net=ALL-UNNAMED --add-opens=java.base/java.util.concurrent.atomic=ALL-UNNAMED -Xmx2048m -Dfile.encoding=windows-1252 -Duser.country=US -Duser.language=en -Duser.variant 
java_command: org.gradle.launcher.daemon.bootstrap.GradleDaemon 8.0.1
java_class_path (initial): C:\Users\db2ha\.gradle\wrapper\dists\gradle-8.0.1-all\aro4hu1c3oeioove7l0i4i14o\gradle-8.0.1\lib\gradle-launcher-8.0.1.jar
Launcher Type: SUN_STANDARD

[Global flags]
     intx CICompilerCount                          = 4                                         {product} {ergonomic}
   size_t CompressedClassSpaceSize                 = 528482304                                 {product} {ergonomic}
     uint ConcGCThreads                            = 2                                         {product} {ergonomic}
     uint G1ConcRefinementThreads                  = 8                                         {product} {ergonomic}
   size_t G1HeapRegionSize                         = 1048576                                   {product} {ergonomic}
    uintx GCDrainStackTargetSize                   = 64                                        {product} {ergonomic}
   size_t InitialHeapSize                          = 264241152                                 {product} {ergonomic}
   size_t MarkStackSize                            = 4194304                                   {product} {ergonomic}
   size_t MaxHeapSize                              = 2147483648                                {product} {command line}
   size_t MaxMetaspaceSize                         = 536870912                                 {product} {command line}
   size_t MaxNewSize                               = 1287651328                                {product} {ergonomic}
   size_t MinHeapDeltaBytes                        = 1048576                                   {product} {ergonomic}
    uintx NonNMethodCodeHeapSize                   = 5836300                                {pd product} {ergonomic}
    uintx NonProfiledCodeHeapSize                  = 122910970                              {pd product} {ergonomic}
    uintx ProfiledCodeHeapSize                     = 122910970                              {pd product} {ergonomic}
    uintx ReservedCodeCacheSize                    = 251658240                              {pd product} {ergonomic}
     bool SegmentedCodeCache                       = true                                      {product} {ergonomic}
     bool UseCompressedClassPointers               = true                                 {lp64_product} {ergonomic}
     bool UseCompressedOops                        = true                                 {lp64_product} {ergonomic}
     bool UseG1GC                                  = true                                      {product} {ergonomic}
     bool UseLargePagesIndividualAllocation        = false                                  {pd product} {ergonomic}

Logging:
Log output configuration:
 #0: stdout all=warning uptime,level,tags
 #1: stderr all=off uptime,level,tags

Environment Variables:
JAVA_HOME=C:\Program Files\Microsoft\jdk-11.0.18.10-hotspot\
CLASSPATH=E:\app\News\android\\gradle\wrapper\gradle-wrapper.jar
PATH=E:\app\News\node_modules\.bin;E:\app\News\node_modules\.bin;E:\app\node_modules\.bin;E:\node_modules\.bin;C:\Program Files\nodejs\node_modules\npm\node_modules\@npmcli\run-script\lib\node-gyp-bin;E:\app\News\node_modules\.bin;E:\app\News\node_modules\.bin;E:\app\node_modules\.bin;E:\node_modules\.bin;C:\Program Files\nodejs\node_modules\npm\node_modules\@npmcli\run-script\lib\node-gyp-bin;C:\Program Files\Microsoft\jdk-11.0.18.10-hotspot\bin;C:\Windows\system32;C:\Windows;C:\Windows\System32\Wbem;C:\Windows\System32\WindowsPowerShell\v1.0\;C:\Windows\System32\OpenSSH\;C:\Program Files\NVIDIA Corporation\NVIDIA NvDLISR;C:\Program Files\dotnet\;C:\Program Files (x86)\dotnet\;C:\WINDOWS\system32;C:\WINDOWS;C:\WINDOWS\System32\Wbem;C:\WINDOWS\System32\WindowsPowerShell\v1.0\;C:\WINDOWS\System32\OpenSSH\;C:\Program Files\Java\jdk-17.0.2\bin;C:\ProgramData\chocolatey\bin;C:\Program Files\nodejs\;C:\Users\db2ha\AppData\Local\Microsoft\WindowsApps;C:\Users\db2ha\AppData\Local\GitHubDesktop\bin;C:\Program Files\Java\jdk-17.0.2\bin;C:\Users\db2ha\AppData\Roaming\npm;E:\AndroidSDK\platform-tools;E:\AndroidSDK;E:\AndroidSDK\emulator;C:\Program Files\nodejs;E:\AndroidSDK\build-tools;E:\Microsoft VS Code\bin
USERNAME=db2ha
LANG=en_US.UTF-8
OS=Windows_NT
PROCESSOR_IDENTIFIER=Intel64 Family 6 Model 140 Stepping 2, GenuineIntel
TMP=C:\Users\db2ha\AppData\Local\Temp
TEMP=C:\Users\db2ha\AppData\Local\Temp



---------------  S Y S T E M  ---------------

OS: Windows 11 , 64 bit Build 22621 (10.0.22621.2428)
OS uptime: 5 days 0:59 hours
Hyper-V role detected

CPU:total 8 (initial active 8) (4 cores per cpu, 2 threads per core) family 6 model 140 stepping 2 microcode 0x16, cmov, cx8, fxsr, mmx, sse, sse2, sse3, ssse3, sse4.1, sse4.2, popcnt, avx, avx2, aes, clmul, erms, 3dnowpref, lzcnt, ht, tsc, tscinvbit, bmi1, bmi2, adx, evex, sha, fma

Memory: 4k page, system-wide physical 16122M (212M free)
TotalPageFile size 26718M (AvailPageFile size 0M)
current process WorkingSet (physical memory assigned to process): 399M, peak: 415M
current process commit charge ("private bytes"): 503M, peak: 524M

vm_info: OpenJDK 64-Bit Server VM (11.0.18+10-LTS) for windows-amd64 JRE (11.0.18+10-LTS), built on Jan 18 2023 15:56:47 by "MicrosoftCorporation" with MS VC++ 15.9 (VS2017)

END.
