#
# There is insufficient memory for the Java Runtime Environment to continue.
# Native memory allocation (malloc) failed to allocate 32744 bytes for ChunkPool::allocate
# Possible reasons:
#   The system is out of physical RAM or swap space
#   The process is running with CompressedOops enabled, and the Java Heap may be blocking the growth of the native heap
# Possible solutions:
#   Reduce memory load on the system
#   Increase physical memory or swap space
#   Check if swap backing store is full
#   Decrease Java heap size (-Xmx/-Xms)
#   Decrease number of Java threads
#   Decrease Java thread stack sizes (-Xss)
#   Set larger code cache with -XX:ReservedCodeCacheSize=
#   JVM is running with Unscaled Compressed Oops mode in which the Java heap is
#     placed in the first 4GB address space. The Java Heap base address is the
#     maximum limit for the native heap growth. Please use -XX:HeapBaseMinAddress
#     to set the Java Heap base and to place the Java Heap above 4GB virtual address.
# This output file may be truncated or incomplete.
#
#  Out of Memory Error (./src/hotspot/share/memory/arena.cpp:81), pid=35776, tid=20832
#
# JRE version: OpenJDK Runtime Environment Microsoft-7208460 (11.0.18+10) (build 11.0.18+10-LTS)
# Java VM: OpenJDK 64-Bit Server VM Microsoft-7208460 (11.0.18+10-LTS, mixed mode, tiered, compressed oops, g1 gc, windows-amd64)
# No core dump will be written. Minidumps are not enabled by default on client versions of Windows
#

---------------  S U M M A R Y ------------

Command Line: -XX:MaxMetaspaceSize=512m --add-opens=java.base/java.util=ALL-UNNAMED --add-opens=java.base/java.lang=ALL-UNNAMED --add-opens=java.base/java.lang.invoke=ALL-UNNAMED --add-opens=java.prefs/java.util.prefs=ALL-UNNAMED --add-opens=java.base/java.nio.charset=ALL-UNNAMED --add-opens=java.base/java.net=ALL-UNNAMED --add-opens=java.base/java.util.concurrent.atomic=ALL-UNNAMED -Xmx2048m -Dfile.encoding=windows-1252 -Duser.country=US -Duser.language=en -Duser.variant org.gradle.launcher.daemon.bootstrap.GradleDaemon 8.0.1

Host: 11th Gen Intel(R) Core(TM) i7-11390H @ 3.40GHz, 8 cores, 15G,  Windows 11 , 64 bit Build 22621 (10.0.22621.2428)
Time: Fri Nov 10 23:07:58 2023 India Standard Time elapsed time: 80.625524 seconds (0d 0h 1m 20s)

---------------  T H R E A D  ---------------

Current thread (0x00000239a178f000):  JavaThread "C2 CompilerThread0" daemon [_thread_in_native, id=20832, stack(0x00000079e2100000,0x00000079e2200000)]


Current CompileTask:
C2:  80625 4694       4       java.util.regex.Pattern::compile (498 bytes)

Stack: [0x00000079e2100000,0x00000079e2200000]
Native frames: (J=compiled Java code, j=interpreted, Vv=VM code, C=native code)
V  [jvm.dll+0x62bf8a]
V  [jvm.dll+0x7b8fb9]
V  [jvm.dll+0x7ba6a8]
V  [jvm.dll+0x7bad83]
V  [jvm.dll+0x250248]
V  [jvm.dll+0xc286b]
V  [jvm.dll+0xc2bcc]
V  [jvm.dll+0x5be8f3]
V  [jvm.dll+0x5bf105]
V  [jvm.dll+0x5bde1e]
V  [jvm.dll+0x20923d]
V  [jvm.dll+0x20850d]
V  [jvm.dll+0x18a4b1]
V  [jvm.dll+0x217eec]
V  [jvm.dll+0x21612b]
V  [jvm.dll+0x77bac0]
V  [jvm.dll+0x7749f4]
V  [jvm.dll+0x62adf5]
C  [ucrtbase.dll+0x29363]
C  [KERNEL32.DLL+0x1257d]
C  [ntdll.dll+0x5aa78]


---------------  P R O C E S S  ---------------

Threads class SMR info:
_java_thread_list=0x00000239a5f76300, length=41, elements={
0x0000023981dcf800, 0x00000239a1721800, 0x00000239a1722800, 0x00000239a1789800,
0x00000239a178c800, 0x00000239a178e000, 0x00000239a178f000, 0x00000239a1791000,
0x00000239a17ff800, 0x00000239a18a5000, 0x00000239a32dc800, 0x00000239a32ba800,
0x00000239a238d000, 0x00000239a32c4800, 0x00000239a2fcc000, 0x00000239a3148800,
0x00000239a2ff3000, 0x00000239a33ce000, 0x00000239a32b6800, 0x00000239a2690000,
0x00000239a268f000, 0x00000239a2691800, 0x00000239a2690800, 0x00000239a268e000,
0x00000239a2692000, 0x00000239a2693000, 0x00000239a2694000, 0x00000239a2694800,
0x00000239a56a5800, 0x00000239a56a6800, 0x00000239a56a2800, 0x00000239a56a0800,
0x00000239a56a3000, 0x00000239a56a5000, 0x00000239a56a7000, 0x00000239a56a1800,
0x00000239a56ae000, 0x00000239a56aa800, 0x00000239a56a9000, 0x00000239a56ac000,
0x00000239a56ab800
}

Java Threads: ( => current thread )
  0x0000023981dcf800 JavaThread "main" [_thread_blocked, id=31348, stack(0x00000079e1500000,0x00000079e1600000)]
  0x00000239a1721800 JavaThread "Reference Handler" daemon [_thread_blocked, id=14664, stack(0x00000079e1c00000,0x00000079e1d00000)]
  0x00000239a1722800 JavaThread "Finalizer" daemon [_thread_blocked, id=28688, stack(0x00000079e1d00000,0x00000079e1e00000)]
  0x00000239a1789800 JavaThread "Signal Dispatcher" daemon [_thread_blocked, id=26568, stack(0x00000079e1e00000,0x00000079e1f00000)]
  0x00000239a178c800 JavaThread "Attach Listener" daemon [_thread_blocked, id=29636, stack(0x00000079e1f00000,0x00000079e2000000)]
  0x00000239a178e000 JavaThread "Service Thread" daemon [_thread_blocked, id=35528, stack(0x00000079e2000000,0x00000079e2100000)]
=>0x00000239a178f000 JavaThread "C2 CompilerThread0" daemon [_thread_in_native, id=20832, stack(0x00000079e2100000,0x00000079e2200000)]
  0x00000239a1791000 JavaThread "C1 CompilerThread0" daemon [_thread_blocked, id=23252, stack(0x00000079e2200000,0x00000079e2300000)]
  0x00000239a17ff800 JavaThread "Sweeper thread" daemon [_thread_blocked, id=31220, stack(0x00000079e2300000,0x00000079e2400000)]
  0x00000239a18a5000 JavaThread "Common-Cleaner" daemon [_thread_blocked, id=3376, stack(0x00000079e2400000,0x00000079e2500000)]
  0x00000239a32dc800 JavaThread "Daemon health stats" [_thread_blocked, id=36740, stack(0x00000079e2b00000,0x00000079e2c00000)]
  0x00000239a32ba800 JavaThread "Incoming local TCP Connector on port 52353" [_thread_in_native, id=11312, stack(0x00000079e2c00000,0x00000079e2d00000)]
  0x00000239a238d000 JavaThread "Daemon periodic checks" [_thread_blocked, id=15344, stack(0x00000079e2d00000,0x00000079e2e00000)]
  0x00000239a32c4800 JavaThread "Daemon" [_thread_blocked, id=28044, stack(0x00000079e2e00000,0x00000079e2f00000)]
  0x00000239a2fcc000 JavaThread "Handler for socket connection from /127.0.0.1:52353 to /127.0.0.1:52355" [_thread_in_native, id=34448, stack(0x00000079e2f00000,0x00000079e3000000)]
  0x00000239a3148800 JavaThread "Cancel handler" [_thread_blocked, id=34452, stack(0x00000079e3000000,0x00000079e3100000)]
  0x00000239a2ff3000 JavaThread "Daemon worker" [_thread_in_native, id=22760, stack(0x00000079e3100000,0x00000079e3200000)]
  0x00000239a33ce000 JavaThread "Asynchronous log dispatcher for DefaultDaemonConnection: socket connection from /127.0.0.1:52353 to /127.0.0.1:52355" [_thread_blocked, id=22404, stack(0x00000079e3200000,0x00000079e3300000)]
  0x00000239a32b6800 JavaThread "Daemon client event forwarder" [_thread_blocked, id=30876, stack(0x00000079e3400000,0x00000079e3500000)]
  0x00000239a2690000 JavaThread "Cache worker for journal cache (C:\Users\db2ha\.gradle\caches\journal-1)" [_thread_blocked, id=32184, stack(0x00000079e3500000,0x00000079e3600000)]
  0x00000239a268f000 JavaThread "File lock request listener" [_thread_in_native, id=26924, stack(0x00000079e3600000,0x00000079e3700000)]
  0x00000239a2691800 JavaThread "File lock release action executor" [_thread_blocked, id=30324, stack(0x00000079e3700000,0x00000079e3800000)]
  0x00000239a2690800 JavaThread "Cache worker for file hash cache (C:\Users\db2ha\.gradle\caches\8.0.1\fileHashes)" [_thread_blocked, id=35732, stack(0x00000079e3c00000,0x00000079e3d00000)]
  0x00000239a268e000 JavaThread "File watcher server" daemon [_thread_in_native, id=36576, stack(0x00000079e3d00000,0x00000079e3e00000)]
  0x00000239a2692000 JavaThread "File watcher consumer" daemon [_thread_blocked, id=36580, stack(0x00000079e3e00000,0x00000079e3f00000)]
  0x00000239a2693000 JavaThread "Cache worker for checksums cache (E:\app\News\android\.gradle\8.0.1\checksums)" [_thread_blocked, id=34724, stack(0x00000079e3f00000,0x00000079e4000000)]
  0x00000239a2694000 JavaThread "Cache worker for cache directory md-rule (C:\Users\db2ha\.gradle\caches\8.0.1\md-rule)" [_thread_blocked, id=5652, stack(0x00000079e4000000,0x00000079e4100000)]
  0x00000239a2694800 JavaThread "Cache worker for file content cache (C:\Users\db2ha\.gradle\caches\8.0.1\fileContent)" [_thread_blocked, id=34588, stack(0x00000079e4100000,0x00000079e4200000)]
  0x00000239a56a5800 JavaThread "Cache worker for file hash cache (E:\app\News\android\.gradle\8.0.1\fileHashes)" [_thread_blocked, id=35188, stack(0x00000079e4200000,0x00000079e4300000)]
  0x00000239a56a6800 JavaThread "Cache worker for cache directory md-supplier (C:\Users\db2ha\.gradle\caches\8.0.1\md-supplier)" [_thread_blocked, id=31372, stack(0x00000079e4300000,0x00000079e4400000)]
  0x00000239a56a2800 JavaThread "Cache worker for execution history cache (C:\Users\db2ha\.gradle\caches\8.0.1\executionHistory)" [_thread_blocked, id=30496, stack(0x00000079e4400000,0x00000079e4500000)]
  0x00000239a56a0800 JavaThread "jar transforms" [_thread_blocked, id=31880, stack(0x00000079e4500000,0x00000079e4600000)]
  0x00000239a56a3000 JavaThread "jar transforms Thread 2" [_thread_blocked, id=23144, stack(0x00000079e1200000,0x00000079e1300000)]
  0x00000239a56a5000 JavaThread "jar transforms Thread 3" [_thread_blocked, id=2932, stack(0x00000079e4600000,0x00000079e4700000)]
  0x00000239a56a7000 JavaThread "jar transforms Thread 4" [_thread_blocked, id=33444, stack(0x00000079e4700000,0x00000079e4800000)]
  0x00000239a56a1800 JavaThread "Cache worker for kotlin-dsl (C:\Users\db2ha\.gradle\caches\8.0.1\kotlin-dsl)" [_thread_blocked, id=34524, stack(0x00000079e4a00000,0x00000079e4b00000)]
  0x00000239a56ae000 JavaThread "jar transforms Thread 5" [_thread_blocked, id=35124, stack(0x00000079e1300000,0x00000079e1400000)]
  0x00000239a56aa800 JavaThread "jar transforms Thread 6" [_thread_blocked, id=37500, stack(0x00000079e1400000,0x00000079e1500000)]
  0x00000239a56a9000 JavaThread "Cache worker for dependencies-accessors (E:\app\News\android\.gradle\8.0.1\dependencies-accessors)" [_thread_blocked, id=37556, stack(0x00000079e4b00000,0x00000079e4c00000)]
  0x00000239a56ac000 JavaThread "Cache worker for Build Output Cleanup Cache (E:\app\News\node_modules\@react-native\gradle-plugin\.gradle\buildOutputCleanup)" [_thread_blocked, id=37612, stack(0x00000079e4c00000,0x00000079e4d00000)]
  0x00000239a56ab800 JavaThread "jar transforms Thread 7" [_thread_blocked, id=38100, stack(0x00000079e3300000,0x00000079e3400000)]

Other Threads:
  0x00000239a0ef9000 VMThread "VM Thread" [stack: 0x00000079e1b00000,0x00000079e1c00000] [id=18064]
  0x00000239a1925800 WatcherThread [stack: 0x00000079e2500000,0x00000079e2600000] [id=28832]
  0x0000023981de7800 GCTaskThread "GC Thread#0" [stack: 0x00000079e1600000,0x00000079e1700000] [id=25900]
  0x00000239a240c800 GCTaskThread "GC Thread#1" [stack: 0x00000079e2600000,0x00000079e2700000] [id=35980]
  0x00000239a2392800 GCTaskThread "GC Thread#2" [stack: 0x00000079e2700000,0x00000079e2800000] [id=35984]
  0x00000239a24f4800 GCTaskThread "GC Thread#3" [stack: 0x00000079e2800000,0x00000079e2900000] [id=35988]
  0x00000239a24f5800 GCTaskThread "GC Thread#4" [stack: 0x00000079e2900000,0x00000079e2a00000] [id=35992]
  0x00000239a239f800 GCTaskThread "GC Thread#5" [stack: 0x00000079e2a00000,0x00000079e2b00000] [id=35996]
  0x00000239a38d1000 GCTaskThread "GC Thread#6" [stack: 0x00000079e3800000,0x00000079e3900000] [id=30316]
  0x00000239a3762000 GCTaskThread "GC Thread#7" [stack: 0x00000079e3900000,0x00000079e3a00000] [id=30284]
  0x0000023981e17000 ConcurrentGCThread "G1 Main Marker" [stack: 0x00000079e1700000,0x00000079e1800000] [id=19728]
  0x0000023981e18000 ConcurrentGCThread "G1 Conc#0" [stack: 0x00000079e1800000,0x00000079e1900000] [id=2792]
  0x00000239a3324800 ConcurrentGCThread "G1 Conc#1" [stack: 0x00000079e3b00000,0x00000079e3c00000] [id=30048]
  0x00000239a0d8b000 ConcurrentGCThread "G1 Refine#0" [stack: 0x00000079e1900000,0x00000079e1a00000] [id=14280]
  0x00000239a2708000 ConcurrentGCThread "G1 Refine#1" [stack: 0x00000079e3a00000,0x00000079e3b00000] [id=19516]
  0x00000239a0d8c000 ConcurrentGCThread "G1 Young RemSet Sampling" [stack: 0x00000079e1a00000,0x00000079e1b00000] [id=4708]

Threads with active compile tasks:
C2 CompilerThread0    80675 4694       4       java.util.regex.Pattern::compile (498 bytes)

VM state:not at safepoint (normal execution)

VM Mutex/Monitor currently owned by a thread: None

Heap address: 0x0000000080000000, size: 2048 MB, Compressed Oops mode: 32-bit
Narrow klass base: 0x0000000000000000, Narrow klass shift: 3
Compressed class space size: 528482304 Address: 0x0000000100000000

Heap:
 garbage-first heap   total 258048K, used 103668K [0x0000000080000000, 0x0000000100000000)
  region size 1024K, 86 young (88064K), 13 survivors (13312K)
 Metaspace       used 50465K, capacity 51849K, committed 51920K, reserved 561152K
  class space    used 6456K, capacity 7019K, committed 7040K, reserved 516096K
Heap Regions: E=young(eden), S=young(survivor), O=old, HS=humongous(starts), HC=humongous(continues), CS=collection set, F=free, A=archive, TAMS=top-at-mark-start (previous, next)
|   0|0x0000000080000000, 0x0000000080100000, 0x0000000080100000|100%|HS|  |TAMS 0x0000000080100000, 0x0000000080000000| Complete 
|   1|0x0000000080100000, 0x0000000080200000, 0x0000000080200000|100%|HC|  |TAMS 0x0000000080200000, 0x0000000080100000| Complete 
|   2|0x0000000080200000, 0x0000000080300000, 0x0000000080300000|100%|HC|  |TAMS 0x0000000080300000, 0x0000000080200000| Complete 
|   3|0x0000000080300000, 0x0000000080400000, 0x0000000080400000|100%|HC|  |TAMS 0x0000000080400000, 0x0000000080300000| Complete 
|   4|0x0000000080400000, 0x0000000080500000, 0x0000000080500000|100%| O|  |TAMS 0x0000000080500000, 0x0000000080400000| Untracked 
|   5|0x0000000080500000, 0x0000000080600000, 0x0000000080600000|100%| O|  |TAMS 0x0000000080600000, 0x0000000080500000| Untracked 
|   6|0x0000000080600000, 0x0000000080700000, 0x0000000080700000|100%| O|  |TAMS 0x0000000080700000, 0x0000000080600000| Untracked 
|   7|0x0000000080700000, 0x0000000080800000, 0x0000000080800000|100%| O|  |TAMS 0x0000000080800000, 0x0000000080700000| Untracked 
|   8|0x0000000080800000, 0x0000000080900000, 0x0000000080900000|100%| O|  |TAMS 0x0000000080900000, 0x0000000080800000| Untracked 
|   9|0x0000000080900000, 0x0000000080a00000, 0x0000000080a00000|100%| O|  |TAMS 0x0000000080a00000, 0x0000000080900000| Untracked 
|  10|0x0000000080a00000, 0x0000000080b00000, 0x0000000080b00000|100%| O|  |TAMS 0x0000000080b00000, 0x0000000080a00000| Untracked 
|  11|0x0000000080b00000, 0x0000000080c00000, 0x0000000080c00000|100%| O|  |TAMS 0x0000000080c00000, 0x0000000080b00000| Untracked 
|  12|0x0000000080c00000, 0x0000000080d00000, 0x0000000080d00000|100%| O|  |TAMS 0x0000000080d00000, 0x0000000080c00000| Untracked 
|  13|0x0000000080d00000, 0x0000000080e00000, 0x0000000080e00000|100%| O|  |TAMS 0x0000000080e00000, 0x0000000080d00000| Untracked 
|  14|0x0000000080e00000, 0x0000000080f00000, 0x0000000080f00000|100%| O|  |TAMS 0x0000000080f00000, 0x0000000080e00000| Untracked 
|  15|0x0000000080f00000, 0x0000000081000000, 0x0000000081000000|100%| O|  |TAMS 0x0000000081000000, 0x0000000080f00000| Untracked 
|  16|0x0000000081000000, 0x0000000081100000, 0x0000000081100000|100%| O|  |TAMS 0x0000000081100000, 0x0000000081000000| Untracked 
|  17|0x0000000081100000, 0x00000000811c7200, 0x0000000081200000| 77%| O|  |TAMS 0x00000000811c7200, 0x0000000081100000| Untracked 
|  18|0x0000000081200000, 0x0000000081200000, 0x0000000081300000|  0%| F|  |TAMS 0x0000000081200000, 0x0000000081200000| Untracked 
|  19|0x0000000081300000, 0x0000000081300000, 0x0000000081400000|  0%| F|  |TAMS 0x0000000081300000, 0x0000000081300000| Untracked 
|  20|0x0000000081400000, 0x0000000081400000, 0x0000000081500000|  0%| F|  |TAMS 0x0000000081400000, 0x0000000081400000| Untracked 
|  21|0x0000000081500000, 0x0000000081500000, 0x0000000081600000|  0%| F|  |TAMS 0x0000000081500000, 0x0000000081500000| Untracked 
|  22|0x0000000081600000, 0x0000000081600000, 0x0000000081700000|  0%| F|  |TAMS 0x0000000081600000, 0x0000000081600000| Untracked 
|  23|0x0000000081700000, 0x0000000081700000, 0x0000000081800000|  0%| F|  |TAMS 0x0000000081700000, 0x0000000081700000| Untracked 
|  24|0x0000000081800000, 0x0000000081800000, 0x0000000081900000|  0%| F|  |TAMS 0x0000000081800000, 0x0000000081800000| Untracked 
|  25|0x0000000081900000, 0x0000000081900000, 0x0000000081a00000|  0%| F|  |TAMS 0x0000000081900000, 0x0000000081900000| Untracked 
|  26|0x0000000081a00000, 0x0000000081a00000, 0x0000000081b00000|  0%| F|  |TAMS 0x0000000081a00000, 0x0000000081a00000| Untracked 
|  27|0x0000000081b00000, 0x0000000081b00000, 0x0000000081c00000|  0%| F|  |TAMS 0x0000000081b00000, 0x0000000081b00000| Untracked 
|  28|0x0000000081c00000, 0x0000000081c00000, 0x0000000081d00000|  0%| F|  |TAMS 0x0000000081c00000, 0x0000000081c00000| Untracked 
|  29|0x0000000081d00000, 0x0000000081d00000, 0x0000000081e00000|  0%| F|  |TAMS 0x0000000081d00000, 0x0000000081d00000| Untracked 
|  30|0x0000000081e00000, 0x0000000081e00000, 0x0000000081f00000|  0%| F|  |TAMS 0x0000000081e00000, 0x0000000081e00000| Untracked 
|  31|0x0000000081f00000, 0x0000000081f00000, 0x0000000082000000|  0%| F|  |TAMS 0x0000000081f00000, 0x0000000081f00000| Untracked 
|  32|0x0000000082000000, 0x0000000082000000, 0x0000000082100000|  0%| F|  |TAMS 0x0000000082000000, 0x0000000082000000| Untracked 
|  33|0x0000000082100000, 0x0000000082100000, 0x0000000082200000|  0%| F|  |TAMS 0x0000000082100000, 0x0000000082100000| Untracked 
|  34|0x0000000082200000, 0x0000000082200000, 0x0000000082300000|  0%| F|  |TAMS 0x0000000082200000, 0x0000000082200000| Untracked 
|  35|0x0000000082300000, 0x0000000082300000, 0x0000000082400000|  0%| F|  |TAMS 0x0000000082300000, 0x0000000082300000| Untracked 
|  36|0x0000000082400000, 0x0000000082400000, 0x0000000082500000|  0%| F|  |TAMS 0x0000000082400000, 0x0000000082400000| Untracked 
|  37|0x0000000082500000, 0x0000000082500000, 0x0000000082600000|  0%| F|  |TAMS 0x0000000082500000, 0x0000000082500000| Untracked 
|  38|0x0000000082600000, 0x0000000082600000, 0x0000000082700000|  0%| F|  |TAMS 0x0000000082600000, 0x0000000082600000| Untracked 
|  39|0x0000000082700000, 0x0000000082700000, 0x0000000082800000|  0%| F|  |TAMS 0x0000000082700000, 0x0000000082700000| Untracked 
|  40|0x0000000082800000, 0x0000000082800000, 0x0000000082900000|  0%| F|  |TAMS 0x0000000082800000, 0x0000000082800000| Untracked 
|  41|0x0000000082900000, 0x0000000082900000, 0x0000000082a00000|  0%| F|  |TAMS 0x0000000082900000, 0x0000000082900000| Untracked 
|  42|0x0000000082a00000, 0x0000000082a00000, 0x0000000082b00000|  0%| F|  |TAMS 0x0000000082a00000, 0x0000000082a00000| Untracked 
|  43|0x0000000082b00000, 0x0000000082b00000, 0x0000000082c00000|  0%| F|  |TAMS 0x0000000082b00000, 0x0000000082b00000| Untracked 
|  44|0x0000000082c00000, 0x0000000082c00000, 0x0000000082d00000|  0%| F|  |TAMS 0x0000000082c00000, 0x0000000082c00000| Untracked 
|  45|0x0000000082d00000, 0x0000000082d00000, 0x0000000082e00000|  0%| F|  |TAMS 0x0000000082d00000, 0x0000000082d00000| Untracked 
|  46|0x0000000082e00000, 0x0000000082e00000, 0x0000000082f00000|  0%| F|  |TAMS 0x0000000082e00000, 0x0000000082e00000| Untracked 
|  47|0x0000000082f00000, 0x0000000082f00000, 0x0000000083000000|  0%| F|  |TAMS 0x0000000082f00000, 0x0000000082f00000| Untracked 
|  48|0x0000000083000000, 0x0000000083000000, 0x0000000083100000|  0%| F|  |TAMS 0x0000000083000000, 0x0000000083000000| Untracked 
|  49|0x0000000083100000, 0x0000000083100000, 0x0000000083200000|  0%| F|  |TAMS 0x0000000083100000, 0x0000000083100000| Untracked 
|  50|0x0000000083200000, 0x0000000083200000, 0x0000000083300000|  0%| F|  |TAMS 0x0000000083200000, 0x0000000083200000| Untracked 
|  51|0x0000000083300000, 0x0000000083300000, 0x0000000083400000|  0%| F|  |TAMS 0x0000000083300000, 0x0000000083300000| Untracked 
|  52|0x0000000083400000, 0x0000000083400000, 0x0000000083500000|  0%| F|  |TAMS 0x0000000083400000, 0x0000000083400000| Untracked 
|  53|0x0000000083500000, 0x0000000083500000, 0x0000000083600000|  0%| F|  |TAMS 0x0000000083500000, 0x0000000083500000| Untracked 
|  54|0x0000000083600000, 0x0000000083600000, 0x0000000083700000|  0%| F|  |TAMS 0x0000000083600000, 0x0000000083600000| Untracked 
|  55|0x0000000083700000, 0x0000000083700000, 0x0000000083800000|  0%| F|  |TAMS 0x0000000083700000, 0x0000000083700000| Untracked 
|  56|0x0000000083800000, 0x0000000083800000, 0x0000000083900000|  0%| F|  |TAMS 0x0000000083800000, 0x0000000083800000| Untracked 
|  57|0x0000000083900000, 0x0000000083900000, 0x0000000083a00000|  0%| F|  |TAMS 0x0000000083900000, 0x0000000083900000| Untracked 
|  58|0x0000000083a00000, 0x0000000083a00000, 0x0000000083b00000|  0%| F|  |TAMS 0x0000000083a00000, 0x0000000083a00000| Untracked 
|  59|0x0000000083b00000, 0x0000000083b00000, 0x0000000083c00000|  0%| F|  |TAMS 0x0000000083b00000, 0x0000000083b00000| Untracked 
|  60|0x0000000083c00000, 0x0000000083c00000, 0x0000000083d00000|  0%| F|  |TAMS 0x0000000083c00000, 0x0000000083c00000| Untracked 
|  61|0x0000000083d00000, 0x0000000083d00000, 0x0000000083e00000|  0%| F|  |TAMS 0x0000000083d00000, 0x0000000083d00000| Untracked 
|  62|0x0000000083e00000, 0x0000000083e00000, 0x0000000083f00000|  0%| F|  |TAMS 0x0000000083e00000, 0x0000000083e00000| Untracked 
|  63|0x0000000083f00000, 0x0000000083f00000, 0x0000000084000000|  0%| F|  |TAMS 0x0000000083f00000, 0x0000000083f00000| Untracked 
|  64|0x0000000084000000, 0x0000000084000000, 0x0000000084100000|  0%| F|  |TAMS 0x0000000084000000, 0x0000000084000000| Untracked 
|  65|0x0000000084100000, 0x0000000084100000, 0x0000000084200000|  0%| F|  |TAMS 0x0000000084100000, 0x0000000084100000| Untracked 
|  66|0x0000000084200000, 0x0000000084200000, 0x0000000084300000|  0%| F|  |TAMS 0x0000000084200000, 0x0000000084200000| Untracked 
|  67|0x0000000084300000, 0x0000000084300000, 0x0000000084400000|  0%| F|  |TAMS 0x0000000084300000, 0x0000000084300000| Untracked 
|  68|0x0000000084400000, 0x0000000084400000, 0x0000000084500000|  0%| F|  |TAMS 0x0000000084400000, 0x0000000084400000| Untracked 
|  69|0x0000000084500000, 0x0000000084500000, 0x0000000084600000|  0%| F|  |TAMS 0x0000000084500000, 0x0000000084500000| Untracked 
|  70|0x0000000084600000, 0x0000000084600000, 0x0000000084700000|  0%| F|  |TAMS 0x0000000084600000, 0x0000000084600000| Untracked 
|  71|0x0000000084700000, 0x0000000084700000, 0x0000000084800000|  0%| F|  |TAMS 0x0000000084700000, 0x0000000084700000| Untracked 
|  72|0x0000000084800000, 0x0000000084800000, 0x0000000084900000|  0%| F|  |TAMS 0x0000000084800000, 0x0000000084800000| Untracked 
|  73|0x0000000084900000, 0x0000000084900000, 0x0000000084a00000|  0%| F|  |TAMS 0x0000000084900000, 0x0000000084900000| Untracked 
|  74|0x0000000084a00000, 0x0000000084a00000, 0x0000000084b00000|  0%| F|  |TAMS 0x0000000084a00000, 0x0000000084a00000| Untracked 
|  75|0x0000000084b00000, 0x0000000084b00000, 0x0000000084c00000|  0%| F|  |TAMS 0x0000000084b00000, 0x0000000084b00000| Untracked 
|  76|0x0000000084c00000, 0x0000000084c00000, 0x0000000084d00000|  0%| F|  |TAMS 0x0000000084c00000, 0x0000000084c00000| Untracked 
|  77|0x0000000084d00000, 0x0000000084d00000, 0x0000000084e00000|  0%| F|  |TAMS 0x0000000084d00000, 0x0000000084d00000| Untracked 
|  78|0x0000000084e00000, 0x0000000084e00000, 0x0000000084f00000|  0%| F|  |TAMS 0x0000000084e00000, 0x0000000084e00000| Untracked 
|  79|0x0000000084f00000, 0x0000000084f00000, 0x0000000085000000|  0%| F|  |TAMS 0x0000000084f00000, 0x0000000084f00000| Untracked 
|  80|0x0000000085000000, 0x0000000085000000, 0x0000000085100000|  0%| F|  |TAMS 0x0000000085000000, 0x0000000085000000| Untracked 
|  81|0x0000000085100000, 0x0000000085100000, 0x0000000085200000|  0%| F|  |TAMS 0x0000000085100000, 0x0000000085100000| Untracked 
|  82|0x0000000085200000, 0x0000000085200000, 0x0000000085300000|  0%| F|  |TAMS 0x0000000085200000, 0x0000000085200000| Untracked 
|  83|0x0000000085300000, 0x0000000085300000, 0x0000000085400000|  0%| F|  |TAMS 0x0000000085300000, 0x0000000085300000| Untracked 
|  84|0x0000000085400000, 0x0000000085400000, 0x0000000085500000|  0%| F|  |TAMS 0x0000000085400000, 0x0000000085400000| Untracked 
|  85|0x0000000085500000, 0x0000000085500000, 0x0000000085600000|  0%| F|  |TAMS 0x0000000085500000, 0x0000000085500000| Untracked 
|  86|0x0000000085600000, 0x0000000085600000, 0x0000000085700000|  0%| F|  |TAMS 0x0000000085600000, 0x0000000085600000| Untracked 
|  87|0x0000000085700000, 0x0000000085700000, 0x0000000085800000|  0%| F|  |TAMS 0x0000000085700000, 0x0000000085700000| Untracked 
|  88|0x0000000085800000, 0x0000000085800000, 0x0000000085900000|  0%| F|  |TAMS 0x0000000085800000, 0x0000000085800000| Untracked 
|  89|0x0000000085900000, 0x0000000085900000, 0x0000000085a00000|  0%| F|  |TAMS 0x0000000085900000, 0x0000000085900000| Untracked 
|  90|0x0000000085a00000, 0x0000000085a00000, 0x0000000085b00000|  0%| F|  |TAMS 0x0000000085a00000, 0x0000000085a00000| Untracked 
|  91|0x0000000085b00000, 0x0000000085b00000, 0x0000000085c00000|  0%| F|  |TAMS 0x0000000085b00000, 0x0000000085b00000| Untracked 
|  92|0x0000000085c00000, 0x0000000085c00000, 0x0000000085d00000|  0%| F|  |TAMS 0x0000000085c00000, 0x0000000085c00000| Untracked 
|  93|0x0000000085d00000, 0x0000000085d00000, 0x0000000085e00000|  0%| F|  |TAMS 0x0000000085d00000, 0x0000000085d00000| Untracked 
|  94|0x0000000085e00000, 0x0000000085e00000, 0x0000000085f00000|  0%| F|  |TAMS 0x0000000085e00000, 0x0000000085e00000| Untracked 
|  95|0x0000000085f00000, 0x0000000085f00000, 0x0000000086000000|  0%| F|  |TAMS 0x0000000085f00000, 0x0000000085f00000| Untracked 
|  96|0x0000000086000000, 0x0000000086000000, 0x0000000086100000|  0%| F|  |TAMS 0x0000000086000000, 0x0000000086000000| Untracked 
|  97|0x0000000086100000, 0x0000000086100000, 0x0000000086200000|  0%| F|  |TAMS 0x0000000086100000, 0x0000000086100000| Untracked 
|  98|0x0000000086200000, 0x0000000086200000, 0x0000000086300000|  0%| F|  |TAMS 0x0000000086200000, 0x0000000086200000| Untracked 
|  99|0x0000000086300000, 0x0000000086300000, 0x0000000086400000|  0%| F|  |TAMS 0x0000000086300000, 0x0000000086300000| Untracked 
| 100|0x0000000086400000, 0x0000000086400000, 0x0000000086500000|  0%| F|  |TAMS 0x0000000086400000, 0x0000000086400000| Untracked 
| 101|0x0000000086500000, 0x0000000086500000, 0x0000000086600000|  0%| F|  |TAMS 0x0000000086500000, 0x0000000086500000| Untracked 
| 102|0x0000000086600000, 0x0000000086600000, 0x0000000086700000|  0%| F|  |TAMS 0x0000000086600000, 0x0000000086600000| Untracked 
| 103|0x0000000086700000, 0x0000000086700000, 0x0000000086800000|  0%| F|  |TAMS 0x0000000086700000, 0x0000000086700000| Untracked 
| 104|0x0000000086800000, 0x0000000086800000, 0x0000000086900000|  0%| F|  |TAMS 0x0000000086800000, 0x0000000086800000| Untracked 
| 105|0x0000000086900000, 0x0000000086900000, 0x0000000086a00000|  0%| F|  |TAMS 0x0000000086900000, 0x0000000086900000| Untracked 
| 106|0x0000000086a00000, 0x0000000086a00000, 0x0000000086b00000|  0%| F|  |TAMS 0x0000000086a00000, 0x0000000086a00000| Untracked 
| 107|0x0000000086b00000, 0x0000000086b00000, 0x0000000086c00000|  0%| F|  |TAMS 0x0000000086b00000, 0x0000000086b00000| Untracked 
| 108|0x0000000086c00000, 0x0000000086c00000, 0x0000000086d00000|  0%| F|  |TAMS 0x0000000086c00000, 0x0000000086c00000| Untracked 
| 109|0x0000000086d00000, 0x0000000086d00000, 0x0000000086e00000|  0%| F|  |TAMS 0x0000000086d00000, 0x0000000086d00000| Untracked 
| 110|0x0000000086e00000, 0x0000000086e00000, 0x0000000086f00000|  0%| F|  |TAMS 0x0000000086e00000, 0x0000000086e00000| Untracked 
| 111|0x0000000086f00000, 0x0000000086f00000, 0x0000000087000000|  0%| F|  |TAMS 0x0000000086f00000, 0x0000000086f00000| Untracked 
| 112|0x0000000087000000, 0x0000000087000000, 0x0000000087100000|  0%| F|  |TAMS 0x0000000087000000, 0x0000000087000000| Untracked 
| 113|0x0000000087100000, 0x0000000087100000, 0x0000000087200000|  0%| F|  |TAMS 0x0000000087100000, 0x0000000087100000| Untracked 
| 114|0x0000000087200000, 0x0000000087200000, 0x0000000087300000|  0%| F|  |TAMS 0x0000000087200000, 0x0000000087200000| Untracked 
| 115|0x0000000087300000, 0x0000000087300000, 0x0000000087400000|  0%| F|  |TAMS 0x0000000087300000, 0x0000000087300000| Untracked 
| 116|0x0000000087400000, 0x0000000087400000, 0x0000000087500000|  0%| F|  |TAMS 0x0000000087400000, 0x0000000087400000| Untracked 
| 117|0x0000000087500000, 0x0000000087575f80, 0x0000000087600000| 46%| S|CS|TAMS 0x0000000087500000, 0x0000000087500000| Complete 
| 118|0x0000000087600000, 0x0000000087700000, 0x0000000087700000|100%| S|CS|TAMS 0x0000000087600000, 0x0000000087600000| Complete 
| 119|0x0000000087700000, 0x0000000087800000, 0x0000000087800000|100%| S|CS|TAMS 0x0000000087700000, 0x0000000087700000| Complete 
| 120|0x0000000087800000, 0x0000000087900000, 0x0000000087900000|100%| S|CS|TAMS 0x0000000087800000, 0x0000000087800000| Complete 
| 121|0x0000000087900000, 0x0000000087a00000, 0x0000000087a00000|100%| S|CS|TAMS 0x0000000087900000, 0x0000000087900000| Complete 
| 122|0x0000000087a00000, 0x0000000087b00000, 0x0000000087b00000|100%| S|CS|TAMS 0x0000000087a00000, 0x0000000087a00000| Complete 
| 123|0x0000000087b00000, 0x0000000087c00000, 0x0000000087c00000|100%| S|CS|TAMS 0x0000000087b00000, 0x0000000087b00000| Complete 
| 124|0x0000000087c00000, 0x0000000087d00000, 0x0000000087d00000|100%| S|CS|TAMS 0x0000000087c00000, 0x0000000087c00000| Complete 
| 125|0x0000000087d00000, 0x0000000087e00000, 0x0000000087e00000|100%| S|CS|TAMS 0x0000000087d00000, 0x0000000087d00000| Complete 
| 126|0x0000000087e00000, 0x0000000087f00000, 0x0000000087f00000|100%| S|CS|TAMS 0x0000000087e00000, 0x0000000087e00000| Complete 
| 127|0x0000000087f00000, 0x0000000088000000, 0x0000000088000000|100%| S|CS|TAMS 0x0000000087f00000, 0x0000000087f00000| Complete 
| 128|0x0000000088000000, 0x0000000088100000, 0x0000000088100000|100%| S|CS|TAMS 0x0000000088000000, 0x0000000088000000| Complete 
| 129|0x0000000088100000, 0x0000000088200000, 0x0000000088200000|100%| S|CS|TAMS 0x0000000088100000, 0x0000000088100000| Complete 
| 130|0x0000000088200000, 0x0000000088200000, 0x0000000088300000|  0%| F|  |TAMS 0x0000000088200000, 0x0000000088200000| Untracked 
| 131|0x0000000088300000, 0x0000000088300000, 0x0000000088400000|  0%| F|  |TAMS 0x0000000088300000, 0x0000000088300000| Untracked 
| 132|0x0000000088400000, 0x0000000088400000, 0x0000000088500000|  0%| F|  |TAMS 0x0000000088400000, 0x0000000088400000| Untracked 
| 133|0x0000000088500000, 0x0000000088500000, 0x0000000088600000|  0%| F|  |TAMS 0x0000000088500000, 0x0000000088500000| Untracked 
| 134|0x0000000088600000, 0x0000000088600000, 0x0000000088700000|  0%| F|  |TAMS 0x0000000088600000, 0x0000000088600000| Untracked 
| 135|0x0000000088700000, 0x0000000088700000, 0x0000000088800000|  0%| F|  |TAMS 0x0000000088700000, 0x0000000088700000| Untracked 
| 136|0x0000000088800000, 0x0000000088800000, 0x0000000088900000|  0%| F|  |TAMS 0x0000000088800000, 0x0000000088800000| Untracked 
| 137|0x0000000088900000, 0x0000000088900000, 0x0000000088a00000|  0%| F|  |TAMS 0x0000000088900000, 0x0000000088900000| Untracked 
| 138|0x0000000088a00000, 0x0000000088a00000, 0x0000000088b00000|  0%| F|  |TAMS 0x0000000088a00000, 0x0000000088a00000| Untracked 
| 139|0x0000000088b00000, 0x0000000088b00000, 0x0000000088c00000|  0%| F|  |TAMS 0x0000000088b00000, 0x0000000088b00000| Untracked 
| 140|0x0000000088c00000, 0x0000000088c00000, 0x0000000088d00000|  0%| F|  |TAMS 0x0000000088c00000, 0x0000000088c00000| Untracked 
| 141|0x0000000088d00000, 0x0000000088d00000, 0x0000000088e00000|  0%| F|  |TAMS 0x0000000088d00000, 0x0000000088d00000| Untracked 
| 142|0x0000000088e00000, 0x0000000088e00000, 0x0000000088f00000|  0%| F|  |TAMS 0x0000000088e00000, 0x0000000088e00000| Untracked 
| 143|0x0000000088f00000, 0x0000000088f00000, 0x0000000089000000|  0%| F|  |TAMS 0x0000000088f00000, 0x0000000088f00000| Untracked 
| 144|0x0000000089000000, 0x0000000089000000, 0x0000000089100000|  0%| F|  |TAMS 0x0000000089000000, 0x0000000089000000| Untracked 
| 145|0x0000000089100000, 0x0000000089100000, 0x0000000089200000|  0%| F|  |TAMS 0x0000000089100000, 0x0000000089100000| Untracked 
| 146|0x0000000089200000, 0x0000000089200000, 0x0000000089300000|  0%| F|  |TAMS 0x0000000089200000, 0x0000000089200000| Untracked 
| 147|0x0000000089300000, 0x0000000089300000, 0x0000000089400000|  0%| F|  |TAMS 0x0000000089300000, 0x0000000089300000| Untracked 
| 148|0x0000000089400000, 0x0000000089400000, 0x0000000089500000|  0%| F|  |TAMS 0x0000000089400000, 0x0000000089400000| Untracked 
| 149|0x0000000089500000, 0x0000000089500000, 0x0000000089600000|  0%| F|  |TAMS 0x0000000089500000, 0x0000000089500000| Untracked 
| 150|0x0000000089600000, 0x0000000089600000, 0x0000000089700000|  0%| F|  |TAMS 0x0000000089600000, 0x0000000089600000| Untracked 
| 151|0x0000000089700000, 0x0000000089700000, 0x0000000089800000|  0%| F|  |TAMS 0x0000000089700000, 0x0000000089700000| Untracked 
| 152|0x0000000089800000, 0x0000000089800000, 0x0000000089900000|  0%| F|  |TAMS 0x0000000089800000, 0x0000000089800000| Untracked 
| 153|0x0000000089900000, 0x0000000089900000, 0x0000000089a00000|  0%| F|  |TAMS 0x0000000089900000, 0x0000000089900000| Untracked 
| 154|0x0000000089a00000, 0x0000000089a00000, 0x0000000089b00000|  0%| F|  |TAMS 0x0000000089a00000, 0x0000000089a00000| Untracked 
| 155|0x0000000089b00000, 0x0000000089b00000, 0x0000000089c00000|  0%| F|  |TAMS 0x0000000089b00000, 0x0000000089b00000| Untracked 
| 156|0x0000000089c00000, 0x0000000089c00000, 0x0000000089d00000|  0%| F|  |TAMS 0x0000000089c00000, 0x0000000089c00000| Untracked 
| 157|0x0000000089d00000, 0x0000000089d00000, 0x0000000089e00000|  0%| F|  |TAMS 0x0000000089d00000, 0x0000000089d00000| Untracked 
| 158|0x0000000089e00000, 0x0000000089e00000, 0x0000000089f00000|  0%| F|  |TAMS 0x0000000089e00000, 0x0000000089e00000| Untracked 
| 159|0x0000000089f00000, 0x0000000089f00000, 0x000000008a000000|  0%| F|  |TAMS 0x0000000089f00000, 0x0000000089f00000| Untracked 
| 160|0x000000008a000000, 0x000000008a000000, 0x000000008a100000|  0%| F|  |TAMS 0x000000008a000000, 0x000000008a000000| Untracked 
| 161|0x000000008a100000, 0x000000008a100000, 0x000000008a200000|  0%| F|  |TAMS 0x000000008a100000, 0x000000008a100000| Untracked 
| 162|0x000000008a200000, 0x000000008a200000, 0x000000008a300000|  0%| F|  |TAMS 0x000000008a200000, 0x000000008a200000| Untracked 
| 163|0x000000008a300000, 0x000000008a300000, 0x000000008a400000|  0%| F|  |TAMS 0x000000008a300000, 0x000000008a300000| Untracked 
| 164|0x000000008a400000, 0x000000008a400000, 0x000000008a500000|  0%| F|  |TAMS 0x000000008a400000, 0x000000008a400000| Untracked 
| 165|0x000000008a500000, 0x000000008a500000, 0x000000008a600000|  0%| F|  |TAMS 0x000000008a500000, 0x000000008a500000| Untracked 
| 166|0x000000008a600000, 0x000000008a600000, 0x000000008a700000|  0%| F|  |TAMS 0x000000008a600000, 0x000000008a600000| Untracked 
| 167|0x000000008a700000, 0x000000008a700000, 0x000000008a800000|  0%| F|  |TAMS 0x000000008a700000, 0x000000008a700000| Untracked 
| 168|0x000000008a800000, 0x000000008a800000, 0x000000008a900000|  0%| F|  |TAMS 0x000000008a800000, 0x000000008a800000| Untracked 
| 169|0x000000008a900000, 0x000000008a900000, 0x000000008aa00000|  0%| F|  |TAMS 0x000000008a900000, 0x000000008a900000| Untracked 
| 170|0x000000008aa00000, 0x000000008aa00000, 0x000000008ab00000|  0%| F|  |TAMS 0x000000008aa00000, 0x000000008aa00000| Untracked 
| 171|0x000000008ab00000, 0x000000008ab00000, 0x000000008ac00000|  0%| F|  |TAMS 0x000000008ab00000, 0x000000008ab00000| Untracked 
| 172|0x000000008ac00000, 0x000000008ac00000, 0x000000008ad00000|  0%| F|  |TAMS 0x000000008ac00000, 0x000000008ac00000| Untracked 
| 173|0x000000008ad00000, 0x000000008ad00000, 0x000000008ae00000|  0%| F|  |TAMS 0x000000008ad00000, 0x000000008ad00000| Untracked 
| 174|0x000000008ae00000, 0x000000008ae00000, 0x000000008af00000|  0%| F|  |TAMS 0x000000008ae00000, 0x000000008ae00000| Untracked 
| 175|0x000000008af00000, 0x000000008af00000, 0x000000008b000000|  0%| F|  |TAMS 0x000000008af00000, 0x000000008af00000| Untracked 
| 176|0x000000008b000000, 0x000000008b000000, 0x000000008b100000|  0%| F|  |TAMS 0x000000008b000000, 0x000000008b000000| Untracked 
| 177|0x000000008b100000, 0x000000008b100000, 0x000000008b200000|  0%| F|  |TAMS 0x000000008b100000, 0x000000008b100000| Untracked 
| 178|0x000000008b200000, 0x000000008b200000, 0x000000008b300000|  0%| F|  |TAMS 0x000000008b200000, 0x000000008b200000| Untracked 
| 179|0x000000008b300000, 0x000000008b400000, 0x000000008b400000|100%| E|  |TAMS 0x000000008b300000, 0x000000008b300000| Complete 
| 180|0x000000008b400000, 0x000000008b500000, 0x000000008b500000|100%| E|CS|TAMS 0x000000008b400000, 0x000000008b400000| Complete 
| 181|0x000000008b500000, 0x000000008b600000, 0x000000008b600000|100%| E|CS|TAMS 0x000000008b500000, 0x000000008b500000| Complete 
| 182|0x000000008b600000, 0x000000008b700000, 0x000000008b700000|100%| E|CS|TAMS 0x000000008b600000, 0x000000008b600000| Complete 
| 183|0x000000008b700000, 0x000000008b800000, 0x000000008b800000|100%| E|CS|TAMS 0x000000008b700000, 0x000000008b700000| Complete 
| 184|0x000000008b800000, 0x000000008b900000, 0x000000008b900000|100%| E|CS|TAMS 0x000000008b800000, 0x000000008b800000| Complete 
| 185|0x000000008b900000, 0x000000008ba00000, 0x000000008ba00000|100%| E|CS|TAMS 0x000000008b900000, 0x000000008b900000| Complete 
| 186|0x000000008ba00000, 0x000000008bb00000, 0x000000008bb00000|100%| E|CS|TAMS 0x000000008ba00000, 0x000000008ba00000| Complete 
| 187|0x000000008bb00000, 0x000000008bc00000, 0x000000008bc00000|100%| E|CS|TAMS 0x000000008bb00000, 0x000000008bb00000| Complete 
| 188|0x000000008bc00000, 0x000000008bd00000, 0x000000008bd00000|100%| E|CS|TAMS 0x000000008bc00000, 0x000000008bc00000| Complete 
| 189|0x000000008bd00000, 0x000000008be00000, 0x000000008be00000|100%| E|CS|TAMS 0x000000008bd00000, 0x000000008bd00000| Complete 
| 190|0x000000008be00000, 0x000000008bf00000, 0x000000008bf00000|100%| E|CS|TAMS 0x000000008be00000, 0x000000008be00000| Complete 
| 191|0x000000008bf00000, 0x000000008c000000, 0x000000008c000000|100%| E|CS|TAMS 0x000000008bf00000, 0x000000008bf00000| Complete 
| 192|0x000000008c000000, 0x000000008c100000, 0x000000008c100000|100%| E|CS|TAMS 0x000000008c000000, 0x000000008c000000| Complete 
| 193|0x000000008c100000, 0x000000008c200000, 0x000000008c200000|100%| E|CS|TAMS 0x000000008c100000, 0x000000008c100000| Complete 
| 194|0x000000008c200000, 0x000000008c300000, 0x000000008c300000|100%| E|CS|TAMS 0x000000008c200000, 0x000000008c200000| Complete 
| 195|0x000000008c300000, 0x000000008c400000, 0x000000008c400000|100%| E|CS|TAMS 0x000000008c300000, 0x000000008c300000| Complete 
| 196|0x000000008c400000, 0x000000008c500000, 0x000000008c500000|100%| E|CS|TAMS 0x000000008c400000, 0x000000008c400000| Complete 
| 197|0x000000008c500000, 0x000000008c600000, 0x000000008c600000|100%| E|CS|TAMS 0x000000008c500000, 0x000000008c500000| Complete 
| 198|0x000000008c600000, 0x000000008c700000, 0x000000008c700000|100%| E|CS|TAMS 0x000000008c600000, 0x000000008c600000| Complete 
| 199|0x000000008c700000, 0x000000008c800000, 0x000000008c800000|100%| E|CS|TAMS 0x000000008c700000, 0x000000008c700000| Complete 
| 200|0x000000008c800000, 0x000000008c900000, 0x000000008c900000|100%| E|CS|TAMS 0x000000008c800000, 0x000000008c800000| Complete 
| 201|0x000000008c900000, 0x000000008ca00000, 0x000000008ca00000|100%| E|CS|TAMS 0x000000008c900000, 0x000000008c900000| Complete 
| 202|0x000000008ca00000, 0x000000008cb00000, 0x000000008cb00000|100%| E|CS|TAMS 0x000000008ca00000, 0x000000008ca00000| Complete 
| 203|0x000000008cb00000, 0x000000008cc00000, 0x000000008cc00000|100%| E|CS|TAMS 0x000000008cb00000, 0x000000008cb00000| Complete 
| 204|0x000000008cc00000, 0x000000008cd00000, 0x000000008cd00000|100%| E|CS|TAMS 0x000000008cc00000, 0x000000008cc00000| Complete 
| 205|0x000000008cd00000, 0x000000008ce00000, 0x000000008ce00000|100%| E|CS|TAMS 0x000000008cd00000, 0x000000008cd00000| Complete 
| 206|0x000000008ce00000, 0x000000008cf00000, 0x000000008cf00000|100%| E|CS|TAMS 0x000000008ce00000, 0x000000008ce00000| Complete 
| 207|0x000000008cf00000, 0x000000008d000000, 0x000000008d000000|100%| E|CS|TAMS 0x000000008cf00000, 0x000000008cf00000| Complete 
| 208|0x000000008d000000, 0x000000008d100000, 0x000000008d100000|100%| E|CS|TAMS 0x000000008d000000, 0x000000008d000000| Complete 
| 209|0x000000008d100000, 0x000000008d200000, 0x000000008d200000|100%| E|CS|TAMS 0x000000008d100000, 0x000000008d100000| Complete 
| 210|0x000000008d200000, 0x000000008d300000, 0x000000008d300000|100%| E|CS|TAMS 0x000000008d200000, 0x000000008d200000| Complete 
| 211|0x000000008d300000, 0x000000008d400000, 0x000000008d400000|100%| E|CS|TAMS 0x000000008d300000, 0x000000008d300000| Complete 
| 212|0x000000008d400000, 0x000000008d500000, 0x000000008d500000|100%| E|CS|TAMS 0x000000008d400000, 0x000000008d400000| Complete 
| 213|0x000000008d500000, 0x000000008d600000, 0x000000008d600000|100%| E|CS|TAMS 0x000000008d500000, 0x000000008d500000| Complete 
| 214|0x000000008d600000, 0x000000008d700000, 0x000000008d700000|100%| E|CS|TAMS 0x000000008d600000, 0x000000008d600000| Complete 
| 215|0x000000008d700000, 0x000000008d800000, 0x000000008d800000|100%| E|CS|TAMS 0x000000008d700000, 0x000000008d700000| Complete 
| 216|0x000000008d800000, 0x000000008d900000, 0x000000008d900000|100%| E|CS|TAMS 0x000000008d800000, 0x000000008d800000| Complete 
| 217|0x000000008d900000, 0x000000008da00000, 0x000000008da00000|100%| E|CS|TAMS 0x000000008d900000, 0x000000008d900000| Complete 
| 218|0x000000008da00000, 0x000000008db00000, 0x000000008db00000|100%| E|CS|TAMS 0x000000008da00000, 0x000000008da00000| Complete 
| 219|0x000000008db00000, 0x000000008dc00000, 0x000000008dc00000|100%| E|CS|TAMS 0x000000008db00000, 0x000000008db00000| Complete 
| 220|0x000000008dc00000, 0x000000008dd00000, 0x000000008dd00000|100%| E|CS|TAMS 0x000000008dc00000, 0x000000008dc00000| Complete 
| 221|0x000000008dd00000, 0x000000008de00000, 0x000000008de00000|100%| E|CS|TAMS 0x000000008dd00000, 0x000000008dd00000| Complete 
| 222|0x000000008de00000, 0x000000008df00000, 0x000000008df00000|100%| E|CS|TAMS 0x000000008de00000, 0x000000008de00000| Complete 
| 223|0x000000008df00000, 0x000000008e000000, 0x000000008e000000|100%| E|CS|TAMS 0x000000008df00000, 0x000000008df00000| Complete 
| 224|0x000000008e000000, 0x000000008e100000, 0x000000008e100000|100%| E|CS|TAMS 0x000000008e000000, 0x000000008e000000| Complete 
| 225|0x000000008e100000, 0x000000008e200000, 0x000000008e200000|100%| E|CS|TAMS 0x000000008e100000, 0x000000008e100000| Complete 
| 226|0x000000008e200000, 0x000000008e300000, 0x000000008e300000|100%| E|CS|TAMS 0x000000008e200000, 0x000000008e200000| Complete 
| 227|0x000000008e300000, 0x000000008e400000, 0x000000008e400000|100%| E|CS|TAMS 0x000000008e300000, 0x000000008e300000| Complete 
| 228|0x000000008e400000, 0x000000008e500000, 0x000000008e500000|100%| E|CS|TAMS 0x000000008e400000, 0x000000008e400000| Complete 
| 229|0x000000008e500000, 0x000000008e600000, 0x000000008e600000|100%| E|CS|TAMS 0x000000008e500000, 0x000000008e500000| Complete 
| 230|0x000000008e600000, 0x000000008e700000, 0x000000008e700000|100%| E|CS|TAMS 0x000000008e600000, 0x000000008e600000| Complete 
| 231|0x000000008e700000, 0x000000008e800000, 0x000000008e800000|100%| E|CS|TAMS 0x000000008e700000, 0x000000008e700000| Complete 
| 232|0x000000008e800000, 0x000000008e900000, 0x000000008e900000|100%| E|  |TAMS 0x000000008e800000, 0x000000008e800000| Complete 
| 233|0x000000008e900000, 0x000000008ea00000, 0x000000008ea00000|100%| E|CS|TAMS 0x000000008e900000, 0x000000008e900000| Complete 
| 234|0x000000008ea00000, 0x000000008eb00000, 0x000000008eb00000|100%| E|CS|TAMS 0x000000008ea00000, 0x000000008ea00000| Complete 
| 235|0x000000008eb00000, 0x000000008ec00000, 0x000000008ec00000|100%| E|CS|TAMS 0x000000008eb00000, 0x000000008eb00000| Complete 
| 236|0x000000008ec00000, 0x000000008ed00000, 0x000000008ed00000|100%| E|CS|TAMS 0x000000008ec00000, 0x000000008ec00000| Complete 
| 237|0x000000008ed00000, 0x000000008ee00000, 0x000000008ee00000|100%| E|CS|TAMS 0x000000008ed00000, 0x000000008ed00000| Complete 
| 238|0x000000008ee00000, 0x000000008ef00000, 0x000000008ef00000|100%| E|CS|TAMS 0x000000008ee00000, 0x000000008ee00000| Complete 
| 239|0x000000008ef00000, 0x000000008f000000, 0x000000008f000000|100%| E|CS|TAMS 0x000000008ef00000, 0x000000008ef00000| Complete 
| 240|0x000000008f000000, 0x000000008f100000, 0x000000008f100000|100%| E|CS|TAMS 0x000000008f000000, 0x000000008f000000| Complete 
| 241|0x000000008f100000, 0x000000008f200000, 0x000000008f200000|100%| E|CS|TAMS 0x000000008f100000, 0x000000008f100000| Complete 
| 242|0x000000008f200000, 0x000000008f300000, 0x000000008f300000|100%| E|CS|TAMS 0x000000008f200000, 0x000000008f200000| Complete 
| 243|0x000000008f300000, 0x000000008f400000, 0x000000008f400000|100%| E|CS|TAMS 0x000000008f300000, 0x000000008f300000| Complete 
| 244|0x000000008f400000, 0x000000008f500000, 0x000000008f500000|100%| E|CS|TAMS 0x000000008f400000, 0x000000008f400000| Complete 
| 245|0x000000008f500000, 0x000000008f600000, 0x000000008f600000|100%| E|CS|TAMS 0x000000008f500000, 0x000000008f500000| Complete 
| 246|0x000000008f600000, 0x000000008f700000, 0x000000008f700000|100%| E|CS|TAMS 0x000000008f600000, 0x000000008f600000| Complete 
| 247|0x000000008f700000, 0x000000008f800000, 0x000000008f800000|100%| E|CS|TAMS 0x000000008f700000, 0x000000008f700000| Complete 
| 248|0x000000008f800000, 0x000000008f900000, 0x000000008f900000|100%| E|CS|TAMS 0x000000008f800000, 0x000000008f800000| Complete 
| 249|0x000000008f900000, 0x000000008fa00000, 0x000000008fa00000|100%| E|CS|TAMS 0x000000008f900000, 0x000000008f900000| Complete 
| 250|0x000000008fa00000, 0x000000008fb00000, 0x000000008fb00000|100%| E|CS|TAMS 0x000000008fa00000, 0x000000008fa00000| Complete 
| 251|0x000000008fb00000, 0x000000008fc00000, 0x000000008fc00000|100%| E|CS|TAMS 0x000000008fb00000, 0x000000008fb00000| Complete 

Card table byte_map: [0x0000023999c70000,0x000002399a070000] _byte_map_base: 0x0000023999870000

Marking Bits (Prev, Next): (CMBitMap*) 0x0000023981e0df78, (CMBitMap*) 0x0000023981e0dfb0
 Prev Bits: [0x000002399a470000, 0x000002399c470000)
 Next Bits: [0x000002399c470000, 0x000002399e470000)

Polling page: 0x00000239815a0000

Metaspace:

Usage:
  Non-class:     43.78 MB capacity,    42.98 MB ( 98%) used,   676.86 KB (  2%) free+waste,   144.63 KB ( <1%) overhead. 
      Class:      6.85 MB capacity,     6.31 MB ( 92%) used,   491.36 KB (  7%) free+waste,    70.81 KB (  1%) overhead. 
       Both:     50.63 MB capacity,    49.28 MB ( 97%) used,     1.14 MB (  2%) free+waste,   215.44 KB ( <1%) overhead. 

Virtual space:
  Non-class space:       44.00 MB reserved,      43.83 MB (>99%) committed 
      Class space:      504.00 MB reserved,       6.88 MB (  1%) committed 
             Both:      548.00 MB reserved,      50.70 MB (  9%) committed 

Chunk freelists:
   Non-Class:  50.00 KB
       Class:  21.00 KB
        Both:  71.00 KB

MaxMetaspaceSize: 512.00 MB
CompressedClassSpaceSize: 504.00 MB
Initial GC threshold: 20.80 MB
Current GC threshold: 58.88 MB
CDS: off

CodeHeap 'non-profiled nmethods': size=120000Kb used=2660Kb max_used=2660Kb free=117339Kb
 bounds [0x0000023992010000, 0x00000239922b0000, 0x0000023999540000]
CodeHeap 'profiled nmethods': size=120000Kb used=9828Kb max_used=9828Kb free=110171Kb
 bounds [0x000002398aae0000, 0x000002398b480000, 0x0000023992010000]
CodeHeap 'non-nmethods': size=5760Kb used=2310Kb max_used=2344Kb free=3449Kb
 bounds [0x000002398a540000, 0x000002398a7b0000, 0x000002398aae0000]
 total_blobs=5471 nmethods=4670 adapters=712
 compilation: enabled
              stopped_count=0, restarted_count=0
 full_count=0

Compilation events (20 events):
Event: 79.899 Thread 0x00000239a1791000 nmethod 4680 0x000002398b474d90 code [0x000002398b474f80, 0x000002398b4753b8]
Event: 79.930 Thread 0x00000239a178f000 4681       4       java.lang.ref.Cleaner::register (25 bytes)
Event: 79.938 Thread 0x00000239a178f000 nmethod 4681 0x00000239922a2990 code [0x00000239922a2b40, 0x00000239922a2d68]
Event: 80.186 Thread 0x00000239a178f000 4682       4       java.security.SecureClassLoader$CodeSourceKey::hashCode (21 bytes)
Event: 80.194 Thread 0x00000239a178f000 nmethod 4682 0x00000239922a2f10 code [0x00000239922a30a0, 0x00000239922a3298]
Event: 80.209 Thread 0x00000239a178f000 4683   !   4       java.lang.ClassLoader::loadClass (122 bytes)
Event: 80.272 Thread 0x00000239a178f000 nmethod 4683 0x00000239922a3410 code [0x00000239922a3660, 0x00000239922a4708]
Event: 80.330 Thread 0x00000239a178f000 4684       4       java.util.zip.CRC32::update (51 bytes)
Event: 80.332 Thread 0x00000239a178f000 nmethod 4684 0x00000239922a5290 code [0x00000239922a5420, 0x00000239922a55b8]
Event: 80.332 Thread 0x00000239a178f000 4685       4       java.util.zip.CRC32::updateBytesCheck (55 bytes)
Event: 80.334 Thread 0x00000239a178f000 nmethod 4685 0x00000239922a5790 code [0x00000239922a5920, 0x00000239922a59d8]
Event: 80.349 Thread 0x00000239a178f000 4686       4       java.util.jar.Manifest::getTrustedAttributes (57 bytes)
Event: 80.370 Thread 0x00000239a1791000 4687   !   3       java.lang.Class::desiredAssertionStatus (54 bytes)
Event: 80.371 Thread 0x00000239a1791000 nmethod 4687 0x000002398b475590 code [0x000002398b4757a0, 0x000002398b475d58]
Event: 80.371 Thread 0x00000239a178f000 nmethod 4686 0x00000239922a5f90 code [0x00000239922a6160, 0x00000239922a6908]
Event: 80.386 Thread 0x00000239a178f000 4690       4       jdk.internal.loader.URLClassPath$JarLoader$2::getBytes (48 bytes)
Event: 80.437 Thread 0x00000239a1791000 4695       3       java.util.regex.Pattern::range (292 bytes)
Event: 80.440 Thread 0x00000239a1791000 nmethod 4695 0x000002398b475f10 code [0x000002398b4763c0, 0x000002398b478648]
Event: 80.461 Thread 0x00000239a178f000 nmethod 4690 0x00000239922a6e10 code [0x00000239922a7080, 0x00000239922a8440]
Event: 80.462 Thread 0x00000239a178f000 4694       4       java.util.regex.Pattern::compile (498 bytes)

GC Heap History (12 events):
Event: 4.994 GC heap before
{Heap before GC invocations=0 (full 0):
 garbage-first heap   total 258048K, used 27648K [0x0000000080000000, 0x0000000100000000)
  region size 1024K, 24 young (24576K), 0 survivors (0K)
 Metaspace       used 9726K, capacity 9904K, committed 10112K, reserved 526336K
  class space    used 989K, capacity 1069K, committed 1152K, reserved 516096K
}
Event: 5.472 GC heap after
{Heap after GC invocations=1 (full 0):
 garbage-first heap   total 258048K, used 10421K [0x0000000080000000, 0x0000000100000000)
  region size 1024K, 3 young (3072K), 3 survivors (3072K)
 Metaspace       used 9726K, capacity 9904K, committed 10112K, reserved 526336K
  class space    used 989K, capacity 1069K, committed 1152K, reserved 516096K
}
Event: 21.558 GC heap before
{Heap before GC invocations=1 (full 0):
 garbage-first heap   total 258048K, used 103605K [0x0000000080000000, 0x0000000100000000)
  region size 1024K, 94 young (96256K), 3 survivors (3072K)
 Metaspace       used 20769K, capacity 21204K, committed 21296K, reserved 536576K
  class space    used 2483K, capacity 2652K, committed 2688K, reserved 516096K
}
Event: 21.726 GC heap after
{Heap after GC invocations=2 (full 0):
 garbage-first heap   total 258048K, used 17928K [0x0000000080000000, 0x0000000100000000)
  region size 1024K, 11 young (11264K), 11 survivors (11264K)
 Metaspace       used 20769K, capacity 21204K, committed 21296K, reserved 536576K
  class space    used 2483K, capacity 2652K, committed 2688K, reserved 516096K
}
Event: 22.639 GC heap before
{Heap before GC invocations=3 (full 0):
 garbage-first heap   total 258048K, used 28168K [0x0000000080000000, 0x0000000100000000)
  region size 1024K, 21 young (21504K), 11 survivors (11264K)
 Metaspace       used 21800K, capacity 22319K, committed 22576K, reserved 536576K
  class space    used 2647K, capacity 2853K, committed 2944K, reserved 516096K
}
Event: 22.647 GC heap after
{Heap after GC invocations=4 (full 0):
 garbage-first heap   total 258048K, used 18937K [0x0000000080000000, 0x0000000100000000)
  region size 1024K, 1 young (1024K), 1 survivors (1024K)
 Metaspace       used 21800K, capacity 22319K, committed 22576K, reserved 536576K
  class space    used 2647K, capacity 2853K, committed 2944K, reserved 516096K
}
Event: 27.788 GC heap before
{Heap before GC invocations=4 (full 0):
 garbage-first heap   total 258048K, used 118265K [0x0000000080000000, 0x0000000100000000)
  region size 1024K, 98 young (100352K), 1 survivors (1024K)
 Metaspace       used 30798K, capacity 31612K, committed 31792K, reserved 544768K
  class space    used 4053K, capacity 4362K, committed 4480K, reserved 516096K
}
Event: 27.793 GC heap after
{Heap after GC invocations=5 (full 0):
 garbage-first heap   total 258048K, used 21837K [0x0000000080000000, 0x0000000100000000)
  region size 1024K, 4 young (4096K), 4 survivors (4096K)
 Metaspace       used 30798K, capacity 31612K, committed 31792K, reserved 544768K
  class space    used 4053K, capacity 4362K, committed 4480K, reserved 516096K
}
Event: 29.658 GC heap before
{Heap before GC invocations=5 (full 0):
 garbage-first heap   total 258048K, used 41293K [0x0000000080000000, 0x0000000100000000)
  region size 1024K, 24 young (24576K), 4 survivors (4096K)
 Metaspace       used 34974K, capacity 35830K, committed 35920K, reserved 548864K
  class space    used 4469K, capacity 4813K, committed 4864K, reserved 516096K
}
Event: 29.670 GC heap after
{Heap after GC invocations=6 (full 0):
 garbage-first heap   total 258048K, used 23899K [0x0000000080000000, 0x0000000100000000)
  region size 1024K, 6 young (6144K), 6 survivors (6144K)
 Metaspace       used 34974K, capacity 35830K, committed 35920K, reserved 548864K
  class space    used 4469K, capacity 4813K, committed 4864K, reserved 516096K
}
Event: 64.305 GC heap before
{Heap before GC invocations=7 (full 0):
 garbage-first heap   total 258048K, used 145755K [0x0000000080000000, 0x0000000100000000)
  region size 1024K, 122 young (124928K), 6 survivors (6144K)
 Metaspace       used 44959K, capacity 46237K, committed 46416K, reserved 557056K
  class space    used 5642K, capacity 6136K, committed 6144K, reserved 516096K
}
Event: 64.317 GC heap after
{Heap after GC invocations=8 (full 0):
 garbage-first heap   total 258048K, used 30964K [0x0000000080000000, 0x0000000100000000)
  region size 1024K, 13 young (13312K), 13 survivors (13312K)
 Metaspace       used 44959K, capacity 46237K, committed 46416K, reserved 557056K
  class space    used 5642K, capacity 6136K, committed 6144K, reserved 516096K
}

Deoptimization events (20 events):
Event: 79.537 Thread 0x00000239a2ff3000 Uncommon trap: trap_request=0xffffffc6 fr.pc=0x0000023992132578 relative=0x0000000000000218
Event: 79.537 Thread 0x00000239a2ff3000 Uncommon trap: reason=bimorphic_or_optimized_type_check action=maybe_recompile pc=0x0000023992132578 method=com.google.common.base.CharMatcher.indexIn(Ljava/lang/CharSequence;I)I @ 31 c2
Event: 79.537 Thread 0x00000239a2ff3000 DEOPT PACKING pc=0x0000023992132578 sp=0x00000079e31f8a00
Event: 79.537 Thread 0x00000239a2ff3000 DEOPT UNPACKING pc=0x000002398a5485af sp=0x00000079e31f89a8 mode 2
Event: 79.568 Thread 0x00000239a2ff3000 Uncommon trap: trap_request=0xffffffc6 fr.pc=0x0000023992132578 relative=0x0000000000000218
Event: 79.568 Thread 0x00000239a2ff3000 Uncommon trap: reason=bimorphic_or_optimized_type_check action=maybe_recompile pc=0x0000023992132578 method=com.google.common.base.CharMatcher.indexIn(Ljava/lang/CharSequence;I)I @ 31 c2
Event: 79.568 Thread 0x00000239a2ff3000 DEOPT PACKING pc=0x0000023992132578 sp=0x00000079e31f8100
Event: 79.568 Thread 0x00000239a2ff3000 DEOPT UNPACKING pc=0x000002398a5485af sp=0x00000079e31f80a8 mode 2
Event: 79.702 Thread 0x00000239a2ff3000 Uncommon trap: trap_request=0xffffff4d fr.pc=0x000002399206c110 relative=0x00000000000001d0
Event: 79.702 Thread 0x00000239a2ff3000 Uncommon trap: reason=unstable_if action=reinterpret pc=0x000002399206c110 method=java.net.URI$Parser.scan(IILjava/lang/String;)I @ 26 c2
Event: 79.702 Thread 0x00000239a2ff3000 DEOPT PACKING pc=0x000002399206c110 sp=0x00000079e31f7560
Event: 79.702 Thread 0x00000239a2ff3000 DEOPT UNPACKING pc=0x000002398a5485af sp=0x00000079e31f74f0 mode 2
Event: 79.702 Thread 0x00000239a2ff3000 Uncommon trap: trap_request=0xffffff4d fr.pc=0x0000023992067ad4 relative=0x0000000000000114
Event: 79.702 Thread 0x00000239a2ff3000 Uncommon trap: reason=unstable_if action=reinterpret pc=0x0000023992067ad4 method=java.net.URI.match(CJJ)Z @ 45 c2
Event: 79.702 Thread 0x00000239a2ff3000 DEOPT PACKING pc=0x0000023992067ad4 sp=0x00000079e31f72d0
Event: 79.702 Thread 0x00000239a2ff3000 DEOPT UNPACKING pc=0x000002398a5485af sp=0x00000079e31f7208 mode 2
Event: 79.702 Thread 0x00000239a2ff3000 Uncommon trap: trap_request=0xffffff4d fr.pc=0x0000023992032868 relative=0x0000000000000048
Event: 79.702 Thread 0x00000239a2ff3000 Uncommon trap: reason=unstable_if action=reinterpret pc=0x0000023992032868 method=java.net.URI.match(CJJ)Z @ 19 c2
Event: 79.702 Thread 0x00000239a2ff3000 DEOPT PACKING pc=0x0000023992032868 sp=0x00000079e31f72e0
Event: 79.702 Thread 0x00000239a2ff3000 DEOPT UNPACKING pc=0x000002398a5485af sp=0x00000079e31f7290 mode 2

Classes redefined (0 events):
No events

Internal exceptions (20 events):
Event: 56.071 Thread 0x00000239a2ff3000 Exception <a 'java/lang/ClassNotFoundException'{0x000000008a991c40}: org/gradle/internal/logging/slf4j/BuildOperationAwareLoggerBeanInfo> (0x000000008a991c40) thrown at [./src/hotspot/share/classfile/systemDictionary.cpp, line 230]
Event: 56.072 Thread 0x00000239a2ff3000 Exception <a 'java/lang/ClassNotFoundException'{0x000000008a9bf2f0}: org/gradle/internal/logging/slf4j/BuildOperationAwareLoggerCustomizer> (0x000000008a9bf2f0) thrown at [./src/hotspot/share/classfile/systemDictionary.cpp, line 230]
Event: 56.098 Thread 0x00000239a2ff3000 Exception <a 'java/lang/ClassNotFoundException'{0x000000008a81fc88}: org/gradle/internal/logging/slf4j/OutputEventListenerBackedLoggerCustomizer> (0x000000008a81fc88) thrown at [./src/hotspot/share/classfile/systemDictionary.cpp, line 230]
Event: 56.719 Thread 0x00000239a2ff3000 Implicit null exception at 0x000002399217abec to 0x000002399217ac94
Event: 56.721 Thread 0x00000239a2ff3000 Exception <a 'java/lang/ClassNotFoundException'{0x000000008a7ec260}: java/io/FileBeanInfo> (0x000000008a7ec260) thrown at [./src/hotspot/share/classfile/systemDictionary.cpp, line 230]
Event: 56.721 Thread 0x00000239a2ff3000 Exception <a 'java/lang/ClassNotFoundException'{0x000000008a7f1b88}: java/io/FileCustomizer> (0x000000008a7f1b88) thrown at [./src/hotspot/share/classfile/systemDictionary.cpp, line 230]
Event: 56.732 Thread 0x00000239a2ff3000 Exception <a 'java/lang/NoSuchMethodError'{0x000000008a63d3d8}: 'void java.lang.invoke.DirectMethodHandle$Holder.invokeInterface(java.lang.Object, java.lang.Object)'> (0x000000008a63d3d8) thrown at [./src/hotspot/share/interpreter/linkResolver.cpp, line 773]
Event: 57.611 Thread 0x00000239a2ff3000 Exception <a 'java/lang/NoSuchMethodError'{0x000000008a2534f0}: 'java.lang.Object java.lang.invoke.DirectMethodHandle$Holder.invokeSpecial(java.lang.Object, java.lang.Object, java.lang.Object, java.lang.Object, java.lang.Object, java.lang.Object, java.lang.Object, java.lang.Object, java.lang.Object, java.lang.Object)'> (0x000000008a2534f0) thrown at [./src/hotspot/share/interpreter/linkResolver.cpp, line 773]
Event: 57.623 Thread 0x00000239a2ff3000 Exception <a 'java/lang/NoSuchMethodError'{0x000000008a25be00}: 'java.lang.Object java.lang.invoke.Invokers$Holder.invoker(java.lang.Object, java.lang.Object, java.lang.Object, java.lang.Object, java.lang.Object, java.lang.Object, java.lang.Object, java.lang.Object, java.lang.Object)'> (0x000000008a25be00) thrown at [./src/hotspot/share/interpreter/linkResolver.cpp, line 773]
Event: 58.007 Thread 0x00000239a2ff3000 Exception <a 'java/lang/NoSuchMethodError'{0x000000008a01fea0}: 'java.lang.Object java.lang.invoke.DelegatingMethodHandle$Holder.reinvoke_L(java.lang.Object, java.lang.Object, java.lang.Object, java.lang.Object, java.lang.Object, java.lang.Object, java.lang.Object, java.lang.Object, java.lang.Object, java.lang.Object, java.lang.Object, java.lang.Object, java.lang.Object, java.lang.Object, java.lang.Object, java.lang.Object, java.lang.Object, java.lang.Object, java.lang.Object, java.lang.Object, java.lang.O
Event: 58.027 Thread 0x00000239a2ff3000 Exception <a 'java/lang/NoSuchMethodError'{0x000000008a02b858}: 'java.lang.Object java.lang.invoke.Invokers$Holder.invoker(java.lang.Object, java.lang.Object, java.lang.Object, java.lang.Object, java.lang.Object, java.lang.Object, java.lang.Object, java.lang.Object, java.lang.Object, java.lang.Object, java.lang.Object, java.lang.Object, java.lang.Object, java.lang.Object, java.lang.Object, java.lang.Object, java.lang.Object, java.lang.Object, java.lang.Object, java.lang.Object, java.lang.Object)'> (0x00000
Event: 58.028 Thread 0x00000239a2ff3000 Exception <a 'java/lang/NoSuchMethodError'{0x000000008a032880}: 'java.lang.Object java.lang.invoke.DelegatingMethodHandle$Holder.delegate(java.lang.Object, java.lang.Object, java.lang.Object, java.lang.Object, java.lang.Object, java.lang.Object, java.lang.Object, java.lang.Object, java.lang.Object, java.lang.Object, java.lang.Object, java.lang.Object, java.lang.Object, java.lang.Object, java.lang.Object, java.lang.Object, java.lang.Object, java.lang.Object, java.lang.Object, java.lang.Object, java.lang.Obj
Event: 58.067 Thread 0x00000239a2ff3000 Exception <a 'java/lang/NoSuchMethodError'{0x000000008a076388}: 'java.lang.Object java.lang.invoke.DirectMethodHandle$Holder.invokeStatic(java.lang.Object, java.lang.Object, java.lang.Object, java.lang.Object, java.lang.Object, java.lang.Object, java.lang.Object, java.lang.Object, java.lang.Object, java.lang.Object, java.lang.Object, java.lang.Object, java.lang.Object, java.lang.Object, java.lang.Object)'> (0x000000008a076388) thrown at [./src/hotspot/share/interpreter/linkResolver.cpp, line 773]
Event: 58.068 Thread 0x00000239a2ff3000 Exception <a 'java/lang/NoSuchMethodError'{0x000000008a0e9340}: 'java.lang.Object java.lang.invoke.DirectMethodHandle$Holder.invokeStatic(java.lang.Object, java.lang.Object, java.lang.Object, java.lang.Object, java.lang.Object, java.lang.Object, java.lang.Object, java.lang.Object, java.lang.Object, java.lang.Object, java.lang.Object, java.lang.Object, java.lang.Object, java.lang.Object, java.lang.Object, java.lang.Object)'> (0x000000008a0e9340) thrown at [./src/hotspot/share/interpreter/linkResolver.cpp, l
Event: 58.069 Thread 0x00000239a2ff3000 Exception <a 'java/lang/NoSuchMethodError'{0x000000008a0f95e0}: 'java.lang.Object java.lang.invoke.DelegatingMethodHandle$Holder.reinvoke_L(java.lang.Object, java.lang.Object, java.lang.Object, java.lang.Object, java.lang.Object, java.lang.Object, java.lang.Object, java.lang.Object, java.lang.Object, java.lang.Object, java.lang.Object, java.lang.Object, java.lang.Object, java.lang.Object, java.lang.Object, java.lang.Object, java.lang.Object, java.lang.Object, java.lang.Object, java.lang.Object)'> (0x000000
Event: 59.461 Thread 0x00000239a2ff3000 Exception <a 'java/lang/IncompatibleClassChangeError'{0x00000000892e4218}: Found class java.lang.Object, but interface was expected> (0x00000000892e4218) thrown at [./src/hotspot/share/interpreter/linkResolver.cpp, line 839]
Event: 60.419 Thread 0x00000239a2ff3000 Exception <a 'java/lang/IncompatibleClassChangeError'{0x0000000088ca9490}: Found class java.lang.Object, but interface was expected> (0x0000000088ca9490) thrown at [./src/hotspot/share/interpreter/linkResolver.cpp, line 839]
Event: 60.454 Thread 0x00000239a2ff3000 Exception <a 'java/lang/NoSuchMethodError'{0x000000008893af50}: 'int java.lang.invoke.DirectMethodHandle$Holder.invokeStaticInit(java.lang.Object, java.lang.Object, java.lang.Object, java.lang.Object, java.lang.Object)'> (0x000000008893af50) thrown at [./src/hotspot/share/interpreter/linkResolver.cpp, line 773]
Event: 65.395 Thread 0x00000239a2ff3000 Exception <a 'java/lang/NoSuchMethodError'{0x000000008efb4ec0}: 'java.lang.Object java.lang.invoke.DirectMethodHandle$Holder.invokeStatic(java.lang.Object, int, java.lang.Object)'> (0x000000008efb4ec0) thrown at [./src/hotspot/share/interpreter/linkResolver.cpp, line 773]
Event: 72.480 Thread 0x00000239a2ff3000 Implicit null exception at 0x00000239920f4774 to 0x00000239920f4984

Events (20 events):
Event: 80.458 loading class org/gradle/api/internal/artifacts/ivyservice/modulecache/PersistentModuleMetadataCache$RevisionKeySerializer
Event: 80.458 loading class org/gradle/api/internal/artifacts/ivyservice/modulecache/PersistentModuleMetadataCache$RevisionKeySerializer done
Event: 80.459 loading class org/gradle/api/internal/artifacts/ivyservice/modulecache/ModuleMetadataCacheEntrySerializer
Event: 80.459 loading class org/gradle/api/internal/artifacts/ivyservice/modulecache/ModuleMetadataCacheEntrySerializer done
Event: 80.459 loading class org/gradle/api/internal/artifacts/ivyservice/modulecache/ModuleMetadataCacheEntry
Event: 80.459 loading class org/gradle/api/internal/artifacts/ivyservice/modulecache/ModuleMetadataCacheEntry done
Event: 80.485 loading class org/gradle/api/internal/artifacts/ivyservice/modulecache/MissingModuleCacheEntry
Event: 80.485 loading class org/gradle/api/internal/artifacts/ivyservice/modulecache/MissingModuleCacheEntry done
Event: 80.486 loading class org/gradle/cache/internal/CompositeCleanupAction$ScopedCleanupAction
Event: 80.486 loading class org/gradle/cache/internal/CompositeCleanupAction$ScopedCleanupAction done
Event: 80.488 loading class org/gradle/api/internal/artifacts/ivyservice/WritableArtifactCacheLockingManager$CacheLockingPersistentCache
Event: 80.488 loading class org/gradle/api/internal/artifacts/ivyservice/WritableArtifactCacheLockingManager$CacheLockingPersistentCache done
Event: 80.572 loading class org/gradle/cache/PersistentIndexedCache
Event: 80.572 loading class org/gradle/cache/PersistentIndexedCache done
Event: 80.572 loading class org/gradle/api/internal/artifacts/ivyservice/modulecache/DefaultCachedMetadata
Event: 80.572 loading class org/gradle/api/internal/artifacts/ivyservice/modulecache/DefaultCachedMetadata done
Event: 80.573 loading class org/gradle/api/internal/artifacts/ivyservice/modulecache/DefaultCachedMetadata
Event: 80.573 loading class org/gradle/api/internal/artifacts/ivyservice/modulecache/DefaultCachedMetadata done
Event: 80.573 loading class org/gradle/api/internal/artifacts/ivyservice/modulecache/PersistentModuleMetadataCache
Event: 80.573 loading class org/gradle/api/internal/artifacts/ivyservice/modulecache/PersistentModuleMetadataCache done


Dynamic libraries:
0x00007ff689c50000 - 0x00007ff689c5d000 	C:\Program Files\Microsoft\jdk-11.0.18.10-hotspot\bin\java.exe
0x00007ffccba70000 - 0x00007ffccbc87000 	C:\WINDOWS\SYSTEM32\ntdll.dll
0x00007ffcc98d0000 - 0x00007ffcc9994000 	C:\WINDOWS\System32\KERNEL32.DLL
0x00007ffcc8df0000 - 0x00007ffcc9196000 	C:\WINDOWS\System32\KERNELBASE.dll
0x00007ffcc9510000 - 0x00007ffcc9621000 	C:\WINDOWS\System32\ucrtbase.dll
0x00007ffc74ce0000 - 0x00007ffc74cf7000 	C:\Program Files\Microsoft\jdk-11.0.18.10-hotspot\bin\jli.dll
0x00007ffcca8b0000 - 0x00007ffccaa5d000 	C:\WINDOWS\System32\USER32.dll
0x00007ffcc94e0000 - 0x00007ffcc9506000 	C:\WINDOWS\System32\win32u.dll
0x00007ffcc99a0000 - 0x00007ffcc99c9000 	C:\WINDOWS\System32\GDI32.dll
0x00007ffcc9630000 - 0x00007ffcc9748000 	C:\WINDOWS\System32\gdi32full.dll
0x00007ffcc9260000 - 0x00007ffcc92fa000 	C:\WINDOWS\System32\msvcp_win.dll
0x00007ffc74cc0000 - 0x00007ffc74cd5000 	C:\Program Files\Microsoft\jdk-11.0.18.10-hotspot\bin\VCRUNTIME140.dll
0x00007ffcaff30000 - 0x00007ffcb01c3000 	C:\WINDOWS\WinSxS\amd64_microsoft.windows.common-controls_6595b64144ccf1df_6.0.22621.2361_none_2712ced57382f843\COMCTL32.dll
0x00007ffccb980000 - 0x00007ffccba27000 	C:\WINDOWS\System32\msvcrt.dll
0x00007ffccaac0000 - 0x00007ffccaaf1000 	C:\WINDOWS\System32\IMM32.DLL
0x00007ffc5a5a0000 - 0x00007ffc5a63b000 	C:\Program Files\Microsoft\jdk-11.0.18.10-hotspot\bin\msvcp140.dll
0x00007ffc38a00000 - 0x00007ffc39592000 	C:\Program Files\Microsoft\jdk-11.0.18.10-hotspot\bin\server\jvm.dll
0x00007ffccb8d0000 - 0x00007ffccb980000 	C:\WINDOWS\System32\ADVAPI32.dll
0x00007ffcc9ad0000 - 0x00007ffcc9b76000 	C:\WINDOWS\System32\sechost.dll
0x00007ffccb7b0000 - 0x00007ffccb8c7000 	C:\WINDOWS\System32\RPCRT4.dll
0x00007ffccab00000 - 0x00007ffccab08000 	C:\WINDOWS\System32\PSAPI.DLL
0x00007ffcc2cd0000 - 0x00007ffcc2d04000 	C:\WINDOWS\SYSTEM32\WINMM.dll
0x00007ffcc09c0000 - 0x00007ffcc09ca000 	C:\WINDOWS\SYSTEM32\VERSION.dll
0x00007ffcaf350000 - 0x00007ffcaf359000 	C:\WINDOWS\SYSTEM32\WSOCK32.dll
0x00007ffcca110000 - 0x00007ffcca181000 	C:\WINDOWS\System32\WS2_32.dll
0x00007ffcc7f20000 - 0x00007ffcc7f38000 	C:\WINDOWS\SYSTEM32\kernel.appcore.dll
0x00007ffcab910000 - 0x00007ffcab920000 	C:\Program Files\Microsoft\jdk-11.0.18.10-hotspot\bin\verify.dll
0x00007ffcc62b0000 - 0x00007ffcc64de000 	C:\WINDOWS\SYSTEM32\DBGHELP.DLL
0x00007ffcca190000 - 0x00007ffcca51a000 	C:\WINDOWS\System32\combase.dll
0x00007ffcc97f0000 - 0x00007ffcc98c7000 	C:\WINDOWS\System32\OLEAUT32.dll
0x00007ffcc2c90000 - 0x00007ffcc2cc2000 	C:\WINDOWS\SYSTEM32\dbgcore.DLL
0x00007ffcc9750000 - 0x00007ffcc97ca000 	C:\WINDOWS\System32\bcryptPrimitives.dll
0x00007ffc5a6f0000 - 0x00007ffc5a718000 	C:\Program Files\Microsoft\jdk-11.0.18.10-hotspot\bin\java.dll
0x00007ffca41f0000 - 0x00007ffca41fa000 	C:\Program Files\Microsoft\jdk-11.0.18.10-hotspot\bin\jimage.dll
0x00007ffc738f0000 - 0x00007ffc73908000 	C:\Program Files\Microsoft\jdk-11.0.18.10-hotspot\bin\zip.dll
0x00007ffccaef0000 - 0x00007ffccb748000 	C:\WINDOWS\System32\SHELL32.dll
0x00007ffcc6d10000 - 0x00007ffcc7602000 	C:\WINDOWS\SYSTEM32\windows.storage.dll
0x00007ffcc6bd0000 - 0x00007ffcc6d0e000 	C:\WINDOWS\SYSTEM32\wintypes.dll
0x00007ffcc99d0000 - 0x00007ffcc9ac3000 	C:\WINDOWS\System32\SHCORE.dll
0x00007ffccb750000 - 0x00007ffccb7ae000 	C:\WINDOWS\System32\shlwapi.dll
0x00007ffcc8d20000 - 0x00007ffcc8d46000 	C:\WINDOWS\SYSTEM32\profapi.dll
0x00007ffc70370000 - 0x00007ffc70389000 	C:\Program Files\Microsoft\jdk-11.0.18.10-hotspot\bin\net.dll
0x00007ffcc2990000 - 0x00007ffcc2ac7000 	C:\WINDOWS\SYSTEM32\WINHTTP.dll
0x00007ffcc83a0000 - 0x00007ffcc8409000 	C:\WINDOWS\system32\mswsock.dll
0x00007ffc69260000 - 0x00007ffc69273000 	C:\Program Files\Microsoft\jdk-11.0.18.10-hotspot\bin\nio.dll
0x00007ffc5a440000 - 0x00007ffc5a467000 	C:\Users\db2ha\.gradle\native\68d5fa5c4cc2d200863cafc0d521ce42e7d3e7ee720ec0a83991735586a16f82\windows-amd64\native-platform.dll
0x00007ffc3dc10000 - 0x00007ffc3dd54000 	C:\Users\db2ha\.gradle\native\e376f236ea51e6404a007f0833ffe2c6e607c4080706a723a18a27aeea778392\windows-amd64\native-platform-file-events.dll
0x00007ffca2510000 - 0x00007ffca2519000 	C:\Program Files\Microsoft\jdk-11.0.18.10-hotspot\bin\management.dll
0x00007ffca1a30000 - 0x00007ffca1a3b000 	C:\Program Files\Microsoft\jdk-11.0.18.10-hotspot\bin\management_ext.dll
0x00007ffcc85f0000 - 0x00007ffcc860b000 	C:\WINDOWS\SYSTEM32\CRYPTSP.dll
0x00007ffcc7e80000 - 0x00007ffcc7eb5000 	C:\WINDOWS\system32\rsaenh.dll
0x00007ffcc8490000 - 0x00007ffcc84bc000 	C:\WINDOWS\SYSTEM32\USERENV.dll
0x00007ffcc8790000 - 0x00007ffcc87b8000 	C:\WINDOWS\SYSTEM32\bcrypt.dll
0x00007ffcc8610000 - 0x00007ffcc861c000 	C:\WINDOWS\SYSTEM32\CRYPTBASE.dll
0x00007ffcc7920000 - 0x00007ffcc794d000 	C:\WINDOWS\SYSTEM32\IPHLPAPI.DLL
0x00007ffcca8a0000 - 0x00007ffcca8a9000 	C:\WINDOWS\System32\NSI.dll
0x00007ffcc2690000 - 0x00007ffcc26a9000 	C:\WINDOWS\SYSTEM32\dhcpcsvc6.DLL
0x00007ffcc2670000 - 0x00007ffcc268f000 	C:\WINDOWS\SYSTEM32\dhcpcsvc.DLL
0x00007ffcc7950000 - 0x00007ffcc7a49000 	C:\WINDOWS\SYSTEM32\DNSAPI.dll

dbghelp: loaded successfully - version: 4.0.5 - missing functions: none
symbol engine: initialized successfully - sym options: 0x614 - pdb path: .;C:\Program Files\Microsoft\jdk-11.0.18.10-hotspot\bin;C:\WINDOWS\SYSTEM32;C:\WINDOWS\WinSxS\amd64_microsoft.windows.common-controls_6595b64144ccf1df_6.0.22621.2361_none_2712ced57382f843;C:\Program Files\Microsoft\jdk-11.0.18.10-hotspot\bin\server;C:\Users\db2ha\.gradle\native\68d5fa5c4cc2d200863cafc0d521ce42e7d3e7ee720ec0a83991735586a16f82\windows-amd64;C:\Users\db2ha\.gradle\native\e376f236ea51e6404a007f0833ffe2c6e607c4080706a723a18a27aeea778392\windows-amd64

VM Arguments:
jvm_args: -XX:MaxMetaspaceSize=512m --add-opens=java.base/java.util=ALL-UNNAMED --add-opens=java.base/java.lang=ALL-UNNAMED --add-opens=java.base/java.lang.invoke=ALL-UNNAMED --add-opens=java.prefs/java.util.prefs=ALL-UNNAMED --add-opens=java.base/java.nio.charset=ALL-UNNAMED --add-opens=java.base/java.net=ALL-UNNAMED --add-opens=java.base/java.util.concurrent.atomic=ALL-UNNAMED -Xmx2048m -Dfile.encoding=windows-1252 -Duser.country=US -Duser.language=en -Duser.variant 
java_command: org.gradle.launcher.daemon.bootstrap.GradleDaemon 8.0.1
java_class_path (initial): C:\Users\db2ha\.gradle\wrapper\dists\gradle-8.0.1-all\aro4hu1c3oeioove7l0i4i14o\gradle-8.0.1\lib\gradle-launcher-8.0.1.jar
Launcher Type: SUN_STANDARD

[Global flags]
     intx CICompilerCount                          = 4                                         {product} {ergonomic}
   size_t CompressedClassSpaceSize                 = 528482304                                 {product} {ergonomic}
     uint ConcGCThreads                            = 2                                         {product} {ergonomic}
     uint G1ConcRefinementThreads                  = 8                                         {product} {ergonomic}
   size_t G1HeapRegionSize                         = 1048576                                   {product} {ergonomic}
    uintx GCDrainStackTargetSize                   = 64                                        {product} {ergonomic}
   size_t InitialHeapSize                          = 264241152                                 {product} {ergonomic}
   size_t MarkStackSize                            = 4194304                                   {product} {ergonomic}
   size_t MaxHeapSize                              = 2147483648                                {product} {command line}
   size_t MaxMetaspaceSize                         = 536870912                                 {product} {command line}
   size_t MaxNewSize                               = 1287651328                                {product} {ergonomic}
   size_t MinHeapDeltaBytes                        = 1048576                                   {product} {ergonomic}
    uintx NonNMethodCodeHeapSize                   = 5836300                                {pd product} {ergonomic}
    uintx NonProfiledCodeHeapSize                  = 122910970                              {pd product} {ergonomic}
    uintx ProfiledCodeHeapSize                     = 122910970                              {pd product} {ergonomic}
    uintx ReservedCodeCacheSize                    = 251658240                              {pd product} {ergonomic}
     bool SegmentedCodeCache                       = true                                      {product} {ergonomic}
     bool UseCompressedClassPointers               = true                                 {lp64_product} {ergonomic}
     bool UseCompressedOops                        = true                                 {lp64_product} {ergonomic}
     bool UseG1GC                                  = true                                      {product} {ergonomic}
     bool UseLargePagesIndividualAllocation        = false                                  {pd product} {ergonomic}

Logging:
Log output configuration:
 #0: stdout all=warning uptime,level,tags
 #1: stderr all=off uptime,level,tags

Environment Variables:
JAVA_HOME=C:\Program Files\Microsoft\jdk-11.0.18.10-hotspot\
CLASSPATH=E:\app\News\android\\gradle\wrapper\gradle-wrapper.jar
PATH=E:\app\News\node_modules\.bin;E:\app\News\node_modules\.bin;E:\app\node_modules\.bin;E:\node_modules\.bin;C:\Program Files\nodejs\node_modules\npm\node_modules\@npmcli\run-script\lib\node-gyp-bin;E:\app\News\node_modules\.bin;E:\app\News\node_modules\.bin;E:\app\node_modules\.bin;E:\node_modules\.bin;C:\Program Files\nodejs\node_modules\npm\node_modules\@npmcli\run-script\lib\node-gyp-bin;C:\Program Files\Microsoft\jdk-11.0.18.10-hotspot\bin;C:\Windows\system32;C:\Windows;C:\Windows\System32\Wbem;C:\Windows\System32\WindowsPowerShell\v1.0\;C:\Windows\System32\OpenSSH\;C:\Program Files\NVIDIA Corporation\NVIDIA NvDLISR;C:\Program Files\dotnet\;C:\Program Files (x86)\dotnet\;C:\WINDOWS\system32;C:\WINDOWS;C:\WINDOWS\System32\Wbem;C:\WINDOWS\System32\WindowsPowerShell\v1.0\;C:\WINDOWS\System32\OpenSSH\;C:\Program Files\Java\jdk-17.0.2\bin;C:\ProgramData\chocolatey\bin;C:\Program Files\nodejs\;C:\Users\db2ha\AppData\Local\Microsoft\WindowsApps;C:\Users\db2ha\AppData\Local\GitHubDesktop\bin;C:\Program Files\Java\jdk-17.0.2\bin;C:\Users\db2ha\AppData\Roaming\npm;E:\AndroidSDK\platform-tools;E:\AndroidSDK;E:\AndroidSDK\emulator;C:\Program Files\nodejs;E:\AndroidSDK\build-tools;E:\Microsoft VS Code\bin
USERNAME=db2ha
LANG=en_US.UTF-8
OS=Windows_NT
PROCESSOR_IDENTIFIER=Intel64 Family 6 Model 140 Stepping 2, GenuineIntel
TMP=C:\Users\db2ha\AppData\Local\Temp
TEMP=C:\Users\db2ha\AppData\Local\Temp



---------------  S Y S T E M  ---------------

OS: Windows 11 , 64 bit Build 22621 (10.0.22621.2428)
OS uptime: 5 days 0:59 hours
Hyper-V role detected

CPU:total 8 (initial active 8) (4 cores per cpu, 2 threads per core) family 6 model 140 stepping 2 microcode 0x16, cmov, cx8, fxsr, mmx, sse, sse2, sse3, ssse3, sse4.1, sse4.2, popcnt, avx, avx2, aes, clmul, erms, 3dnowpref, lzcnt, ht, tsc, tscinvbit, bmi1, bmi2, adx, evex, sha, fma

Memory: 4k page, system-wide physical 16122M (216M free)
TotalPageFile size 26718M (AvailPageFile size 0M)
current process WorkingSet (physical memory assigned to process): 299M, peak: 302M
current process commit charge ("private bytes"): 440M, peak: 448M

vm_info: OpenJDK 64-Bit Server VM (11.0.18+10-LTS) for windows-amd64 JRE (11.0.18+10-LTS), built on Jan 18 2023 15:56:47 by "MicrosoftCorporation" with MS VC++ 15.9 (VS2017)

END.
