#
# There is insufficient memory for the Java Runtime Environment to continue.
# Native memory allocation (malloc) failed to allocate 65552 bytes for Chunk::new
# Possible reasons:
#   The system is out of physical RAM or swap space
#   The process is running with CompressedOops enabled, and the Java Heap may be blocking the growth of the native heap
# Possible solutions:
#   Reduce memory load on the system
#   Increase physical memory or swap space
#   Check if swap backing store is full
#   Decrease Java heap size (-Xmx/-Xms)
#   Decrease number of Java threads
#   Decrease Java thread stack sizes (-Xss)
#   Set larger code cache with -XX:ReservedCodeCacheSize=
#   JVM is running with Unscaled Compressed Oops mode in which the Java heap is
#     placed in the first 4GB address space. The Java Heap base address is the
#     maximum limit for the native heap growth. Please use -XX:HeapBaseMinAddress
#     to set the Java Heap base and to place the Java Heap above 4GB virtual address.
# This output file may be truncated or incomplete.
#
#  Out of Memory Error (./src/hotspot/share/memory/arena.cpp:197), pid=2380, tid=36044
#
# JRE version: OpenJDK Runtime Environment Microsoft-7208460 (11.0.18+10) (build 11.0.18+10-LTS)
# Java VM: OpenJDK 64-Bit Server VM Microsoft-7208460 (11.0.18+10-LTS, mixed mode, tiered, compressed oops, g1 gc, windows-amd64)
# No core dump will be written. Minidumps are not enabled by default on client versions of Windows
#

---------------  S U M M A R Y ------------

Command Line: -XX:MaxMetaspaceSize=512m --add-opens=java.base/java.util=ALL-UNNAMED --add-opens=java.base/java.lang=ALL-UNNAMED --add-opens=java.base/java.lang.invoke=ALL-UNNAMED --add-opens=java.prefs/java.util.prefs=ALL-UNNAMED --add-opens=java.base/java.nio.charset=ALL-UNNAMED --add-opens=java.base/java.net=ALL-UNNAMED --add-opens=java.base/java.util.concurrent.atomic=ALL-UNNAMED -Xmx2048m -Dfile.encoding=windows-1252 -Duser.country=US -Duser.language=en -Duser.variant org.gradle.launcher.daemon.bootstrap.GradleDaemon 8.0.1

Host: 11th Gen Intel(R) Core(TM) i7-11390H @ 3.40GHz, 8 cores, 15G,  Windows 11 , 64 bit Build 22621 (10.0.22621.2428)
Time: Fri Nov 10 23:07:58 2023 India Standard Time elapsed time: 75.823586 seconds (0d 0h 1m 15s)

---------------  T H R E A D  ---------------

Current thread (0x000001469fdbd000):  JavaThread "C2 CompilerThread0" daemon [_thread_in_native, id=36044, stack(0x00000011b5d00000,0x00000011b5e00000)]


Current CompileTask:
C2:  75823 4548       4       java.lang.ClassLoader::postDefineClass (39 bytes)

Stack: [0x00000011b5d00000,0x00000011b5e00000]
Native frames: (J=compiled Java code, j=interpreted, Vv=VM code, C=native code)
V  [jvm.dll+0x62bf8a]
V  [jvm.dll+0x7b8fb9]
V  [jvm.dll+0x7ba6a8]
V  [jvm.dll+0x7bad83]
V  [jvm.dll+0x250248]
V  [jvm.dll+0xc260c]
V  [jvm.dll+0xc2bcc]
V  [jvm.dll+0xc271b]
V  [jvm.dll+0x60978f]
V  [jvm.dll+0x894c3]
V  [jvm.dll+0x65702b]
V  [jvm.dll+0x5b8b41]
V  [jvm.dll+0x2091df]
V  [jvm.dll+0x20850d]
V  [jvm.dll+0x18a4b1]
V  [jvm.dll+0x217eec]
V  [jvm.dll+0x21612b]
V  [jvm.dll+0x77bac0]
V  [jvm.dll+0x7749f4]
V  [jvm.dll+0x62adf5]
C  [ucrtbase.dll+0x29363]
C  [KERNEL32.DLL+0x1257d]
C  [ntdll.dll+0x5aa78]


---------------  P R O C E S S  ---------------

Threads class SMR info:
_java_thread_list=0x00000146a23fef10, length=41, elements={
0x00000146fe1fd800, 0x000001469fd51800, 0x000001469fd52800, 0x000001469fdb7800,
0x000001469fdba800, 0x000001469fdbb800, 0x000001469fdbd000, 0x000001469fdbf000,
0x000001469fdc0000, 0x000001469fea5800, 0x00000146a113c800, 0x00000146a0ee3800,
0x00000146a13d5000, 0x00000146a03d1000, 0x00000146a0bec000, 0x00000146a0cb7000,
0x00000146a115b800, 0x00000146a1d12800, 0x00000146a1d13800, 0x00000146a0a8b000,
0x000001469ff09000, 0x000001469ff07800, 0x000001469ff0a800, 0x000001469ff09800,
0x000001469ff0b800, 0x000001469ff0d000, 0x000001469ff0c000, 0x000001469ff0e000,
0x000001469ff08000, 0x00000146a33c8000, 0x00000146a33c9000, 0x00000146a33cb800,
0x00000146a33ca800, 0x00000146a33ca000, 0x00000146a33c6800, 0x00000146a33cd000,
0x00000146a33c7800, 0x00000146a33d2800, 0x00000146a33d0800, 0x00000146a33d1000,
0x00000146a33ce000
}

Java Threads: ( => current thread )
  0x00000146fe1fd800 JavaThread "main" [_thread_blocked, id=35948, stack(0x00000011b5100000,0x00000011b5200000)]
  0x000001469fd51800 JavaThread "Reference Handler" daemon [_thread_blocked, id=36008, stack(0x00000011b5800000,0x00000011b5900000)]
  0x000001469fd52800 JavaThread "Finalizer" daemon [_thread_blocked, id=36012, stack(0x00000011b5900000,0x00000011b5a00000)]
  0x000001469fdb7800 JavaThread "Signal Dispatcher" daemon [_thread_blocked, id=36032, stack(0x00000011b5a00000,0x00000011b5b00000)]
  0x000001469fdba800 JavaThread "Attach Listener" daemon [_thread_blocked, id=36036, stack(0x00000011b5b00000,0x00000011b5c00000)]
  0x000001469fdbb800 JavaThread "Service Thread" daemon [_thread_blocked, id=36040, stack(0x00000011b5c00000,0x00000011b5d00000)]
=>0x000001469fdbd000 JavaThread "C2 CompilerThread0" daemon [_thread_in_native, id=36044, stack(0x00000011b5d00000,0x00000011b5e00000)]
  0x000001469fdbf000 JavaThread "C1 CompilerThread0" daemon [_thread_blocked, id=36048, stack(0x00000011b5e00000,0x00000011b5f00000)]
  0x000001469fdc0000 JavaThread "Sweeper thread" daemon [_thread_blocked, id=36052, stack(0x00000011b5f00000,0x00000011b6000000)]
  0x000001469fea5800 JavaThread "Common-Cleaner" daemon [_thread_blocked, id=36076, stack(0x00000011b6000000,0x00000011b6100000)]
  0x00000146a113c800 JavaThread "Daemon health stats" [_thread_blocked, id=30380, stack(0x00000011b6700000,0x00000011b6800000)]
  0x00000146a0ee3800 JavaThread "Incoming local TCP Connector on port 52393" [_thread_in_native, id=34240, stack(0x00000011b6800000,0x00000011b6900000)]
  0x00000146a13d5000 JavaThread "Daemon periodic checks" [_thread_blocked, id=16172, stack(0x00000011b6900000,0x00000011b6a00000)]
  0x00000146a03d1000 JavaThread "Daemon" [_thread_blocked, id=25716, stack(0x00000011b6a00000,0x00000011b6b00000)]
  0x00000146a0bec000 JavaThread "Handler for socket connection from /127.0.0.1:52393 to /127.0.0.1:52394" [_thread_in_native, id=1924, stack(0x00000011b6b00000,0x00000011b6c00000)]
  0x00000146a0cb7000 JavaThread "Cancel handler" [_thread_blocked, id=34540, stack(0x00000011b6c00000,0x00000011b6d00000)]
  0x00000146a115b800 JavaThread "Daemon worker" [_thread_in_native, id=12876, stack(0x00000011b6d00000,0x00000011b6e00000)]
  0x00000146a1d12800 JavaThread "Asynchronous log dispatcher for DefaultDaemonConnection: socket connection from /127.0.0.1:52393 to /127.0.0.1:52394" [_thread_blocked, id=34536, stack(0x00000011b6e00000,0x00000011b6f00000)]
  0x00000146a1d13800 JavaThread "Stdin handler" [_thread_blocked, id=34532, stack(0x00000011b6f00000,0x00000011b7000000)]
  0x00000146a0a8b000 JavaThread "Daemon client event forwarder" [_thread_blocked, id=18628, stack(0x00000011b7000000,0x00000011b7100000)]
  0x000001469ff09000 JavaThread "Cache worker for journal cache (C:\Users\db2ha\.gradle\caches\journal-1)" [_thread_blocked, id=19200, stack(0x00000011b7100000,0x00000011b7200000)]
  0x000001469ff07800 JavaThread "File lock request listener" [_thread_in_native, id=26032, stack(0x00000011b7200000,0x00000011b7300000)]
  0x000001469ff0a800 JavaThread "Cache worker for file hash cache (C:\Users\db2ha\.gradle\caches\8.0.1\fileHashes)" [_thread_blocked, id=15720, stack(0x00000011b7600000,0x00000011b7700000)]
  0x000001469ff09800 JavaThread "File lock release action executor" [_thread_blocked, id=35744, stack(0x00000011b7700000,0x00000011b7800000)]
  0x000001469ff0b800 JavaThread "File watcher server" daemon [_thread_in_native, id=19544, stack(0x00000011b4f00000,0x00000011b5000000)]
  0x000001469ff0d000 JavaThread "File watcher consumer" daemon [_thread_blocked, id=23072, stack(0x00000011b7800000,0x00000011b7900000)]
  0x000001469ff0c000 JavaThread "Cache worker for checksums cache (E:\app\News\android\.gradle\8.0.1\checksums)" [_thread_blocked, id=31812, stack(0x00000011b7900000,0x00000011b7a00000)]
  0x000001469ff0e000 JavaThread "Cache worker for cache directory md-rule (C:\Users\db2ha\.gradle\caches\8.0.1\md-rule)" [_thread_blocked, id=36208, stack(0x00000011b7a00000,0x00000011b7b00000)]
  0x000001469ff08000 JavaThread "Cache worker for file content cache (C:\Users\db2ha\.gradle\caches\8.0.1\fileContent)" [_thread_blocked, id=11944, stack(0x00000011b7b00000,0x00000011b7c00000)]
  0x00000146a33c8000 JavaThread "Cache worker for file hash cache (E:\app\News\android\.gradle\8.0.1\fileHashes)" [_thread_blocked, id=29684, stack(0x00000011b7c00000,0x00000011b7d00000)]
  0x00000146a33c9000 JavaThread "Cache worker for cache directory md-supplier (C:\Users\db2ha\.gradle\caches\8.0.1\md-supplier)" [_thread_blocked, id=9948, stack(0x00000011b7d00000,0x00000011b7e00000)]
  0x00000146a33cb800 JavaThread "Cache worker for execution history cache (C:\Users\db2ha\.gradle\caches\8.0.1\executionHistory)" [_thread_blocked, id=36204, stack(0x00000011b7e00000,0x00000011b7f00000)]
  0x00000146a33ca800 JavaThread "jar transforms" [_thread_blocked, id=34144, stack(0x00000011b7f00000,0x00000011b8000000)]
  0x00000146a33ca000 JavaThread "jar transforms Thread 2" [_thread_blocked, id=33808, stack(0x00000011b8000000,0x00000011b8100000)]
  0x00000146a33c6800 JavaThread "jar transforms Thread 3" [_thread_blocked, id=32364, stack(0x00000011b8100000,0x00000011b8200000)]
  0x00000146a33cd000 JavaThread "jar transforms Thread 4" [_thread_blocked, id=31864, stack(0x00000011b8200000,0x00000011b8300000)]
  0x00000146a33c7800 JavaThread "Cache worker for kotlin-dsl (C:\Users\db2ha\.gradle\caches\8.0.1\kotlin-dsl)" [_thread_blocked, id=36240, stack(0x00000011b5000000,0x00000011b5100000)]
  0x00000146a33d2800 JavaThread "jar transforms Thread 5" [_thread_blocked, id=37524, stack(0x00000011b4e00000,0x00000011b4f00000)]
  0x00000146a33d0800 JavaThread "jar transforms Thread 6" [_thread_blocked, id=37988, stack(0x00000011b8500000,0x00000011b8600000)]
  0x00000146a33d1000 JavaThread "Cache worker for dependencies-accessors (E:\app\News\android\.gradle\8.0.1\dependencies-accessors)" [_thread_blocked, id=38168, stack(0x00000011b8600000,0x00000011b8700000)]
  0x00000146a33ce000 JavaThread "Cache worker for Build Output Cleanup Cache (E:\app\News\node_modules\@react-native\gradle-plugin\.gradle\buildOutputCleanup)" [_thread_new, id=38208, stack(0x0000000000000000,0x0000000000000000)]

Other Threads:
  0x000001469f52a000 VMThread "VM Thread" [stack: 0x00000011b5700000,0x00000011b5800000] [id=36000]
  0x000001469ff5c800 WatcherThread [stack: 0x00000011b6100000,0x00000011b6200000] [id=36096]
  0x00000146ffbb8000 GCTaskThread "GC Thread#0" [stack: 0x00000011b5200000,0x00000011b5300000] [id=35960]
  0x00000146a115f000 GCTaskThread "GC Thread#1" [stack: 0x00000011b6200000,0x00000011b6300000] [id=36620]
  0x00000146a0cdc000 GCTaskThread "GC Thread#2" [stack: 0x00000011b6300000,0x00000011b6400000] [id=36624]
  0x00000146a0cdc800 GCTaskThread "GC Thread#3" [stack: 0x00000011b6400000,0x00000011b6500000] [id=36628]
  0x00000146a0c07000 GCTaskThread "GC Thread#4" [stack: 0x00000011b6500000,0x00000011b6600000] [id=36632]
  0x00000146a0cbb000 GCTaskThread "GC Thread#5" [stack: 0x00000011b6600000,0x00000011b6700000] [id=36636]
  0x00000146a0b2c800 GCTaskThread "GC Thread#6" [stack: 0x00000011b7300000,0x00000011b7400000] [id=32676]
  0x00000146a1247000 GCTaskThread "GC Thread#7" [stack: 0x00000011b7400000,0x00000011b7500000] [id=20248]
  0x00000146ffbe7800 ConcurrentGCThread "G1 Main Marker" [stack: 0x00000011b5300000,0x00000011b5400000] [id=35964]
  0x00000146ffbea800 ConcurrentGCThread "G1 Conc#0" [stack: 0x00000011b5400000,0x00000011b5500000] [id=35968]
  0x00000146a138c800 ConcurrentGCThread "G1 Conc#1" [stack: 0x00000011b7500000,0x00000011b7600000] [id=10624]
  0x000001469f3bc800 ConcurrentGCThread "G1 Refine#0" [stack: 0x00000011b5500000,0x00000011b5600000] [id=35972]
  0x000001469f3bd000 ConcurrentGCThread "G1 Young RemSet Sampling" [stack: 0x00000011b5600000,0x00000011b5700000] [id=35976]

Threads with active compile tasks:
C2 CompilerThread0    75876 4548       4       java.lang.ClassLoader::postDefineClass (39 bytes)

VM state:not at safepoint (normal execution)

VM Mutex/Monitor currently owned by a thread: None

Heap address: 0x0000000080000000, size: 2048 MB, Compressed Oops mode: 32-bit
Narrow klass base: 0x0000000000000000, Narrow klass shift: 3
Compressed class space size: 528482304 Address: 0x0000000100000000

Heap:
 garbage-first heap   total 258048K, used 99539K [0x0000000080000000, 0x0000000100000000)
  region size 1024K, 80 young (81920K), 13 survivors (13312K)
 Metaspace       used 48787K, capacity 50095K, committed 50128K, reserved 561152K
  class space    used 6251K, capacity 6778K, committed 6784K, reserved 516096K
Heap Regions: E=young(eden), S=young(survivor), O=old, HS=humongous(starts), HC=humongous(continues), CS=collection set, F=free, A=archive, TAMS=top-at-mark-start (previous, next)
|   0|0x0000000080000000, 0x0000000080100000, 0x0000000080100000|100%|HS|  |TAMS 0x0000000080100000, 0x0000000080000000| Complete 
|   1|0x0000000080100000, 0x0000000080200000, 0x0000000080200000|100%|HC|  |TAMS 0x0000000080200000, 0x0000000080100000| Complete 
|   2|0x0000000080200000, 0x0000000080300000, 0x0000000080300000|100%|HC|  |TAMS 0x0000000080300000, 0x0000000080200000| Complete 
|   3|0x0000000080300000, 0x0000000080400000, 0x0000000080400000|100%|HC|  |TAMS 0x0000000080400000, 0x0000000080300000| Complete 
|   4|0x0000000080400000, 0x0000000080500000, 0x0000000080500000|100%| O|  |TAMS 0x0000000080500000, 0x0000000080400000| Untracked 
|   5|0x0000000080500000, 0x0000000080600000, 0x0000000080600000|100%| O|  |TAMS 0x0000000080600000, 0x0000000080500000| Untracked 
|   6|0x0000000080600000, 0x0000000080700000, 0x0000000080700000|100%| O|  |TAMS 0x0000000080700000, 0x0000000080600000| Untracked 
|   7|0x0000000080700000, 0x0000000080800000, 0x0000000080800000|100%| O|  |TAMS 0x0000000080800000, 0x0000000080700000| Untracked 
|   8|0x0000000080800000, 0x0000000080900000, 0x0000000080900000|100%| O|  |TAMS 0x0000000080900000, 0x0000000080800000| Untracked 
|   9|0x0000000080900000, 0x0000000080a00000, 0x0000000080a00000|100%| O|  |TAMS 0x0000000080a00000, 0x0000000080900000| Untracked 
|  10|0x0000000080a00000, 0x0000000080b00000, 0x0000000080b00000|100%| O|  |TAMS 0x0000000080b00000, 0x0000000080a00000| Untracked 
|  11|0x0000000080b00000, 0x0000000080c00000, 0x0000000080c00000|100%| O|  |TAMS 0x0000000080c00000, 0x0000000080b00000| Untracked 
|  12|0x0000000080c00000, 0x0000000080d00000, 0x0000000080d00000|100%| O|  |TAMS 0x0000000080d00000, 0x0000000080c00000| Untracked 
|  13|0x0000000080d00000, 0x0000000080e00000, 0x0000000080e00000|100%| O|  |TAMS 0x0000000080e00000, 0x0000000080d00000| Untracked 
|  14|0x0000000080e00000, 0x0000000080f00000, 0x0000000080f00000|100%| O|  |TAMS 0x0000000080f00000, 0x0000000080e00000| Untracked 
|  15|0x0000000080f00000, 0x0000000081000000, 0x0000000081000000|100%| O|  |TAMS 0x0000000081000000, 0x0000000080f00000| Untracked 
|  16|0x0000000081000000, 0x0000000081100000, 0x0000000081100000|100%| O|  |TAMS 0x0000000081100000, 0x0000000081000000| Untracked 
|  17|0x0000000081100000, 0x00000000811bee00, 0x0000000081200000| 74%| O|  |TAMS 0x00000000811bee00, 0x0000000081100000| Untracked 
|  18|0x0000000081200000, 0x0000000081300000, 0x0000000081300000|100%|HS|  |TAMS 0x0000000081200000, 0x0000000081200000| Complete 
|  19|0x0000000081300000, 0x0000000081300000, 0x0000000081400000|  0%| F|  |TAMS 0x0000000081300000, 0x0000000081300000| Untracked 
|  20|0x0000000081400000, 0x0000000081400000, 0x0000000081500000|  0%| F|  |TAMS 0x0000000081400000, 0x0000000081400000| Untracked 
|  21|0x0000000081500000, 0x0000000081500000, 0x0000000081600000|  0%| F|  |TAMS 0x0000000081500000, 0x0000000081500000| Untracked 
|  22|0x0000000081600000, 0x0000000081600000, 0x0000000081700000|  0%| F|  |TAMS 0x0000000081600000, 0x0000000081600000| Untracked 
|  23|0x0000000081700000, 0x0000000081700000, 0x0000000081800000|  0%| F|  |TAMS 0x0000000081700000, 0x0000000081700000| Untracked 
|  24|0x0000000081800000, 0x0000000081800000, 0x0000000081900000|  0%| F|  |TAMS 0x0000000081800000, 0x0000000081800000| Untracked 
|  25|0x0000000081900000, 0x0000000081900000, 0x0000000081a00000|  0%| F|  |TAMS 0x0000000081900000, 0x0000000081900000| Untracked 
|  26|0x0000000081a00000, 0x0000000081a00000, 0x0000000081b00000|  0%| F|  |TAMS 0x0000000081a00000, 0x0000000081a00000| Untracked 
|  27|0x0000000081b00000, 0x0000000081b00000, 0x0000000081c00000|  0%| F|  |TAMS 0x0000000081b00000, 0x0000000081b00000| Untracked 
|  28|0x0000000081c00000, 0x0000000081c00000, 0x0000000081d00000|  0%| F|  |TAMS 0x0000000081c00000, 0x0000000081c00000| Untracked 
|  29|0x0000000081d00000, 0x0000000081d00000, 0x0000000081e00000|  0%| F|  |TAMS 0x0000000081d00000, 0x0000000081d00000| Untracked 
|  30|0x0000000081e00000, 0x0000000081e00000, 0x0000000081f00000|  0%| F|  |TAMS 0x0000000081e00000, 0x0000000081e00000| Untracked 
|  31|0x0000000081f00000, 0x0000000081f00000, 0x0000000082000000|  0%| F|  |TAMS 0x0000000081f00000, 0x0000000081f00000| Untracked 
|  32|0x0000000082000000, 0x0000000082000000, 0x0000000082100000|  0%| F|  |TAMS 0x0000000082000000, 0x0000000082000000| Untracked 
|  33|0x0000000082100000, 0x0000000082100000, 0x0000000082200000|  0%| F|  |TAMS 0x0000000082100000, 0x0000000082100000| Untracked 
|  34|0x0000000082200000, 0x0000000082200000, 0x0000000082300000|  0%| F|  |TAMS 0x0000000082200000, 0x0000000082200000| Untracked 
|  35|0x0000000082300000, 0x0000000082300000, 0x0000000082400000|  0%| F|  |TAMS 0x0000000082300000, 0x0000000082300000| Untracked 
|  36|0x0000000082400000, 0x0000000082400000, 0x0000000082500000|  0%| F|  |TAMS 0x0000000082400000, 0x0000000082400000| Untracked 
|  37|0x0000000082500000, 0x0000000082500000, 0x0000000082600000|  0%| F|  |TAMS 0x0000000082500000, 0x0000000082500000| Untracked 
|  38|0x0000000082600000, 0x0000000082600000, 0x0000000082700000|  0%| F|  |TAMS 0x0000000082600000, 0x0000000082600000| Untracked 
|  39|0x0000000082700000, 0x0000000082700000, 0x0000000082800000|  0%| F|  |TAMS 0x0000000082700000, 0x0000000082700000| Untracked 
|  40|0x0000000082800000, 0x0000000082800000, 0x0000000082900000|  0%| F|  |TAMS 0x0000000082800000, 0x0000000082800000| Untracked 
|  41|0x0000000082900000, 0x0000000082900000, 0x0000000082a00000|  0%| F|  |TAMS 0x0000000082900000, 0x0000000082900000| Untracked 
|  42|0x0000000082a00000, 0x0000000082a00000, 0x0000000082b00000|  0%| F|  |TAMS 0x0000000082a00000, 0x0000000082a00000| Untracked 
|  43|0x0000000082b00000, 0x0000000082b00000, 0x0000000082c00000|  0%| F|  |TAMS 0x0000000082b00000, 0x0000000082b00000| Untracked 
|  44|0x0000000082c00000, 0x0000000082c00000, 0x0000000082d00000|  0%| F|  |TAMS 0x0000000082c00000, 0x0000000082c00000| Untracked 
|  45|0x0000000082d00000, 0x0000000082d00000, 0x0000000082e00000|  0%| F|  |TAMS 0x0000000082d00000, 0x0000000082d00000| Untracked 
|  46|0x0000000082e00000, 0x0000000082e00000, 0x0000000082f00000|  0%| F|  |TAMS 0x0000000082e00000, 0x0000000082e00000| Untracked 
|  47|0x0000000082f00000, 0x0000000082f00000, 0x0000000083000000|  0%| F|  |TAMS 0x0000000082f00000, 0x0000000082f00000| Untracked 
|  48|0x0000000083000000, 0x0000000083000000, 0x0000000083100000|  0%| F|  |TAMS 0x0000000083000000, 0x0000000083000000| Untracked 
|  49|0x0000000083100000, 0x0000000083100000, 0x0000000083200000|  0%| F|  |TAMS 0x0000000083100000, 0x0000000083100000| Untracked 
|  50|0x0000000083200000, 0x0000000083200000, 0x0000000083300000|  0%| F|  |TAMS 0x0000000083200000, 0x0000000083200000| Untracked 
|  51|0x0000000083300000, 0x0000000083300000, 0x0000000083400000|  0%| F|  |TAMS 0x0000000083300000, 0x0000000083300000| Untracked 
|  52|0x0000000083400000, 0x0000000083400000, 0x0000000083500000|  0%| F|  |TAMS 0x0000000083400000, 0x0000000083400000| Untracked 
|  53|0x0000000083500000, 0x0000000083500000, 0x0000000083600000|  0%| F|  |TAMS 0x0000000083500000, 0x0000000083500000| Untracked 
|  54|0x0000000083600000, 0x0000000083600000, 0x0000000083700000|  0%| F|  |TAMS 0x0000000083600000, 0x0000000083600000| Untracked 
|  55|0x0000000083700000, 0x0000000083700000, 0x0000000083800000|  0%| F|  |TAMS 0x0000000083700000, 0x0000000083700000| Untracked 
|  56|0x0000000083800000, 0x0000000083800000, 0x0000000083900000|  0%| F|  |TAMS 0x0000000083800000, 0x0000000083800000| Untracked 
|  57|0x0000000083900000, 0x0000000083900000, 0x0000000083a00000|  0%| F|  |TAMS 0x0000000083900000, 0x0000000083900000| Untracked 
|  58|0x0000000083a00000, 0x0000000083a00000, 0x0000000083b00000|  0%| F|  |TAMS 0x0000000083a00000, 0x0000000083a00000| Untracked 
|  59|0x0000000083b00000, 0x0000000083b00000, 0x0000000083c00000|  0%| F|  |TAMS 0x0000000083b00000, 0x0000000083b00000| Untracked 
|  60|0x0000000083c00000, 0x0000000083c00000, 0x0000000083d00000|  0%| F|  |TAMS 0x0000000083c00000, 0x0000000083c00000| Untracked 
|  61|0x0000000083d00000, 0x0000000083d00000, 0x0000000083e00000|  0%| F|  |TAMS 0x0000000083d00000, 0x0000000083d00000| Untracked 
|  62|0x0000000083e00000, 0x0000000083e00000, 0x0000000083f00000|  0%| F|  |TAMS 0x0000000083e00000, 0x0000000083e00000| Untracked 
|  63|0x0000000083f00000, 0x0000000083f00000, 0x0000000084000000|  0%| F|  |TAMS 0x0000000083f00000, 0x0000000083f00000| Untracked 
|  64|0x0000000084000000, 0x0000000084000000, 0x0000000084100000|  0%| F|  |TAMS 0x0000000084000000, 0x0000000084000000| Untracked 
|  65|0x0000000084100000, 0x0000000084100000, 0x0000000084200000|  0%| F|  |TAMS 0x0000000084100000, 0x0000000084100000| Untracked 
|  66|0x0000000084200000, 0x0000000084200000, 0x0000000084300000|  0%| F|  |TAMS 0x0000000084200000, 0x0000000084200000| Untracked 
|  67|0x0000000084300000, 0x0000000084300000, 0x0000000084400000|  0%| F|  |TAMS 0x0000000084300000, 0x0000000084300000| Untracked 
|  68|0x0000000084400000, 0x0000000084400000, 0x0000000084500000|  0%| F|  |TAMS 0x0000000084400000, 0x0000000084400000| Untracked 
|  69|0x0000000084500000, 0x0000000084500000, 0x0000000084600000|  0%| F|  |TAMS 0x0000000084500000, 0x0000000084500000| Untracked 
|  70|0x0000000084600000, 0x0000000084600000, 0x0000000084700000|  0%| F|  |TAMS 0x0000000084600000, 0x0000000084600000| Untracked 
|  71|0x0000000084700000, 0x0000000084700000, 0x0000000084800000|  0%| F|  |TAMS 0x0000000084700000, 0x0000000084700000| Untracked 
|  72|0x0000000084800000, 0x0000000084800000, 0x0000000084900000|  0%| F|  |TAMS 0x0000000084800000, 0x0000000084800000| Untracked 
|  73|0x0000000084900000, 0x0000000084900000, 0x0000000084a00000|  0%| F|  |TAMS 0x0000000084900000, 0x0000000084900000| Untracked 
|  74|0x0000000084a00000, 0x0000000084a00000, 0x0000000084b00000|  0%| F|  |TAMS 0x0000000084a00000, 0x0000000084a00000| Untracked 
|  75|0x0000000084b00000, 0x0000000084b00000, 0x0000000084c00000|  0%| F|  |TAMS 0x0000000084b00000, 0x0000000084b00000| Untracked 
|  76|0x0000000084c00000, 0x0000000084c00000, 0x0000000084d00000|  0%| F|  |TAMS 0x0000000084c00000, 0x0000000084c00000| Untracked 
|  77|0x0000000084d00000, 0x0000000084d00000, 0x0000000084e00000|  0%| F|  |TAMS 0x0000000084d00000, 0x0000000084d00000| Untracked 
|  78|0x0000000084e00000, 0x0000000084e00000, 0x0000000084f00000|  0%| F|  |TAMS 0x0000000084e00000, 0x0000000084e00000| Untracked 
|  79|0x0000000084f00000, 0x0000000084f00000, 0x0000000085000000|  0%| F|  |TAMS 0x0000000084f00000, 0x0000000084f00000| Untracked 
|  80|0x0000000085000000, 0x0000000085000000, 0x0000000085100000|  0%| F|  |TAMS 0x0000000085000000, 0x0000000085000000| Untracked 
|  81|0x0000000085100000, 0x0000000085100000, 0x0000000085200000|  0%| F|  |TAMS 0x0000000085100000, 0x0000000085100000| Untracked 
|  82|0x0000000085200000, 0x0000000085200000, 0x0000000085300000|  0%| F|  |TAMS 0x0000000085200000, 0x0000000085200000| Untracked 
|  83|0x0000000085300000, 0x0000000085300000, 0x0000000085400000|  0%| F|  |TAMS 0x0000000085300000, 0x0000000085300000| Untracked 
|  84|0x0000000085400000, 0x0000000085400000, 0x0000000085500000|  0%| F|  |TAMS 0x0000000085400000, 0x0000000085400000| Untracked 
|  85|0x0000000085500000, 0x0000000085500000, 0x0000000085600000|  0%| F|  |TAMS 0x0000000085500000, 0x0000000085500000| Untracked 
|  86|0x0000000085600000, 0x0000000085600000, 0x0000000085700000|  0%| F|  |TAMS 0x0000000085600000, 0x0000000085600000| Untracked 
|  87|0x0000000085700000, 0x0000000085700000, 0x0000000085800000|  0%| F|  |TAMS 0x0000000085700000, 0x0000000085700000| Untracked 
|  88|0x0000000085800000, 0x0000000085800000, 0x0000000085900000|  0%| F|  |TAMS 0x0000000085800000, 0x0000000085800000| Untracked 
|  89|0x0000000085900000, 0x0000000085900000, 0x0000000085a00000|  0%| F|  |TAMS 0x0000000085900000, 0x0000000085900000| Untracked 
|  90|0x0000000085a00000, 0x0000000085a00000, 0x0000000085b00000|  0%| F|  |TAMS 0x0000000085a00000, 0x0000000085a00000| Untracked 
|  91|0x0000000085b00000, 0x0000000085b00000, 0x0000000085c00000|  0%| F|  |TAMS 0x0000000085b00000, 0x0000000085b00000| Untracked 
|  92|0x0000000085c00000, 0x0000000085c00000, 0x0000000085d00000|  0%| F|  |TAMS 0x0000000085c00000, 0x0000000085c00000| Untracked 
|  93|0x0000000085d00000, 0x0000000085d00000, 0x0000000085e00000|  0%| F|  |TAMS 0x0000000085d00000, 0x0000000085d00000| Untracked 
|  94|0x0000000085e00000, 0x0000000085e00000, 0x0000000085f00000|  0%| F|  |TAMS 0x0000000085e00000, 0x0000000085e00000| Untracked 
|  95|0x0000000085f00000, 0x0000000085f00000, 0x0000000086000000|  0%| F|  |TAMS 0x0000000085f00000, 0x0000000085f00000| Untracked 
|  96|0x0000000086000000, 0x0000000086000000, 0x0000000086100000|  0%| F|  |TAMS 0x0000000086000000, 0x0000000086000000| Untracked 
|  97|0x0000000086100000, 0x0000000086100000, 0x0000000086200000|  0%| F|  |TAMS 0x0000000086100000, 0x0000000086100000| Untracked 
|  98|0x0000000086200000, 0x0000000086200000, 0x0000000086300000|  0%| F|  |TAMS 0x0000000086200000, 0x0000000086200000| Untracked 
|  99|0x0000000086300000, 0x0000000086300000, 0x0000000086400000|  0%| F|  |TAMS 0x0000000086300000, 0x0000000086300000| Untracked 
| 100|0x0000000086400000, 0x0000000086400000, 0x0000000086500000|  0%| F|  |TAMS 0x0000000086400000, 0x0000000086400000| Untracked 
| 101|0x0000000086500000, 0x0000000086500000, 0x0000000086600000|  0%| F|  |TAMS 0x0000000086500000, 0x0000000086500000| Untracked 
| 102|0x0000000086600000, 0x0000000086600000, 0x0000000086700000|  0%| F|  |TAMS 0x0000000086600000, 0x0000000086600000| Untracked 
| 103|0x0000000086700000, 0x0000000086700000, 0x0000000086800000|  0%| F|  |TAMS 0x0000000086700000, 0x0000000086700000| Untracked 
| 104|0x0000000086800000, 0x0000000086800000, 0x0000000086900000|  0%| F|  |TAMS 0x0000000086800000, 0x0000000086800000| Untracked 
| 105|0x0000000086900000, 0x0000000086900000, 0x0000000086a00000|  0%| F|  |TAMS 0x0000000086900000, 0x0000000086900000| Untracked 
| 106|0x0000000086a00000, 0x0000000086a00000, 0x0000000086b00000|  0%| F|  |TAMS 0x0000000086a00000, 0x0000000086a00000| Untracked 
| 107|0x0000000086b00000, 0x0000000086b00000, 0x0000000086c00000|  0%| F|  |TAMS 0x0000000086b00000, 0x0000000086b00000| Untracked 
| 108|0x0000000086c00000, 0x0000000086c00000, 0x0000000086d00000|  0%| F|  |TAMS 0x0000000086c00000, 0x0000000086c00000| Untracked 
| 109|0x0000000086d00000, 0x0000000086d00000, 0x0000000086e00000|  0%| F|  |TAMS 0x0000000086d00000, 0x0000000086d00000| Untracked 
| 110|0x0000000086e00000, 0x0000000086e00000, 0x0000000086f00000|  0%| F|  |TAMS 0x0000000086e00000, 0x0000000086e00000| Untracked 
| 111|0x0000000086f00000, 0x0000000086f00000, 0x0000000087000000|  0%| F|  |TAMS 0x0000000086f00000, 0x0000000086f00000| Untracked 
| 112|0x0000000087000000, 0x0000000087000000, 0x0000000087100000|  0%| F|  |TAMS 0x0000000087000000, 0x0000000087000000| Untracked 
| 113|0x0000000087100000, 0x0000000087100000, 0x0000000087200000|  0%| F|  |TAMS 0x0000000087100000, 0x0000000087100000| Untracked 
| 114|0x0000000087200000, 0x0000000087200000, 0x0000000087300000|  0%| F|  |TAMS 0x0000000087200000, 0x0000000087200000| Untracked 
| 115|0x0000000087300000, 0x0000000087300000, 0x0000000087400000|  0%| F|  |TAMS 0x0000000087300000, 0x0000000087300000| Untracked 
| 116|0x0000000087400000, 0x0000000087400000, 0x0000000087500000|  0%| F|  |TAMS 0x0000000087400000, 0x0000000087400000| Untracked 
| 117|0x0000000087500000, 0x0000000087500000, 0x0000000087600000|  0%| F|  |TAMS 0x0000000087500000, 0x0000000087500000| Untracked 
| 118|0x0000000087600000, 0x0000000087600000, 0x0000000087700000|  0%| F|  |TAMS 0x0000000087600000, 0x0000000087600000| Untracked 
| 119|0x0000000087700000, 0x0000000087700000, 0x0000000087800000|  0%| F|  |TAMS 0x0000000087700000, 0x0000000087700000| Untracked 
| 120|0x0000000087800000, 0x0000000087800000, 0x0000000087900000|  0%| F|  |TAMS 0x0000000087800000, 0x0000000087800000| Untracked 
| 121|0x0000000087900000, 0x0000000087900000, 0x0000000087a00000|  0%| F|  |TAMS 0x0000000087900000, 0x0000000087900000| Untracked 
| 122|0x0000000087a00000, 0x0000000087a00000, 0x0000000087b00000|  0%| F|  |TAMS 0x0000000087a00000, 0x0000000087a00000| Untracked 
| 123|0x0000000087b00000, 0x0000000087b00000, 0x0000000087c00000|  0%| F|  |TAMS 0x0000000087b00000, 0x0000000087b00000| Untracked 
| 124|0x0000000087c00000, 0x0000000087c00000, 0x0000000087d00000|  0%| F|  |TAMS 0x0000000087c00000, 0x0000000087c00000| Untracked 
| 125|0x0000000087d00000, 0x0000000087d00000, 0x0000000087e00000|  0%| F|  |TAMS 0x0000000087d00000, 0x0000000087d00000| Untracked 
| 126|0x0000000087e00000, 0x0000000087e00000, 0x0000000087f00000|  0%| F|  |TAMS 0x0000000087e00000, 0x0000000087e00000| Untracked 
| 127|0x0000000087f00000, 0x0000000087f00000, 0x0000000088000000|  0%| F|  |TAMS 0x0000000087f00000, 0x0000000087f00000| Untracked 
| 128|0x0000000088000000, 0x0000000088000000, 0x0000000088100000|  0%| F|  |TAMS 0x0000000088000000, 0x0000000088000000| Untracked 
| 129|0x0000000088100000, 0x0000000088100000, 0x0000000088200000|  0%| F|  |TAMS 0x0000000088100000, 0x0000000088100000| Untracked 
| 130|0x0000000088200000, 0x0000000088200000, 0x0000000088300000|  0%| F|  |TAMS 0x0000000088200000, 0x0000000088200000| Untracked 
| 131|0x0000000088300000, 0x0000000088300000, 0x0000000088400000|  0%| F|  |TAMS 0x0000000088300000, 0x0000000088300000| Untracked 
| 132|0x0000000088400000, 0x0000000088475f80, 0x0000000088500000| 46%| S|CS|TAMS 0x0000000088400000, 0x0000000088400000| Complete 
| 133|0x0000000088500000, 0x0000000088600000, 0x0000000088600000|100%| S|CS|TAMS 0x0000000088500000, 0x0000000088500000| Complete 
| 134|0x0000000088600000, 0x0000000088700000, 0x0000000088700000|100%| S|CS|TAMS 0x0000000088600000, 0x0000000088600000| Complete 
| 135|0x0000000088700000, 0x0000000088800000, 0x0000000088800000|100%| S|CS|TAMS 0x0000000088700000, 0x0000000088700000| Complete 
| 136|0x0000000088800000, 0x0000000088900000, 0x0000000088900000|100%| S|CS|TAMS 0x0000000088800000, 0x0000000088800000| Complete 
| 137|0x0000000088900000, 0x0000000088a00000, 0x0000000088a00000|100%| S|CS|TAMS 0x0000000088900000, 0x0000000088900000| Complete 
| 138|0x0000000088a00000, 0x0000000088b00000, 0x0000000088b00000|100%| S|CS|TAMS 0x0000000088a00000, 0x0000000088a00000| Complete 
| 139|0x0000000088b00000, 0x0000000088c00000, 0x0000000088c00000|100%| S|CS|TAMS 0x0000000088b00000, 0x0000000088b00000| Complete 
| 140|0x0000000088c00000, 0x0000000088d00000, 0x0000000088d00000|100%| S|CS|TAMS 0x0000000088c00000, 0x0000000088c00000| Complete 
| 141|0x0000000088d00000, 0x0000000088e00000, 0x0000000088e00000|100%| S|CS|TAMS 0x0000000088d00000, 0x0000000088d00000| Complete 
| 142|0x0000000088e00000, 0x0000000088f00000, 0x0000000088f00000|100%| S|CS|TAMS 0x0000000088e00000, 0x0000000088e00000| Complete 
| 143|0x0000000088f00000, 0x0000000089000000, 0x0000000089000000|100%| S|CS|TAMS 0x0000000088f00000, 0x0000000088f00000| Complete 
| 144|0x0000000089000000, 0x0000000089100000, 0x0000000089100000|100%| S|CS|TAMS 0x0000000089000000, 0x0000000089000000| Complete 
| 145|0x0000000089100000, 0x0000000089100000, 0x0000000089200000|  0%| F|  |TAMS 0x0000000089100000, 0x0000000089100000| Untracked 
| 146|0x0000000089200000, 0x0000000089200000, 0x0000000089300000|  0%| F|  |TAMS 0x0000000089200000, 0x0000000089200000| Untracked 
| 147|0x0000000089300000, 0x0000000089300000, 0x0000000089400000|  0%| F|  |TAMS 0x0000000089300000, 0x0000000089300000| Untracked 
| 148|0x0000000089400000, 0x0000000089400000, 0x0000000089500000|  0%| F|  |TAMS 0x0000000089400000, 0x0000000089400000| Untracked 
| 149|0x0000000089500000, 0x0000000089500000, 0x0000000089600000|  0%| F|  |TAMS 0x0000000089500000, 0x0000000089500000| Untracked 
| 150|0x0000000089600000, 0x0000000089600000, 0x0000000089700000|  0%| F|  |TAMS 0x0000000089600000, 0x0000000089600000| Untracked 
| 151|0x0000000089700000, 0x0000000089700000, 0x0000000089800000|  0%| F|  |TAMS 0x0000000089700000, 0x0000000089700000| Untracked 
| 152|0x0000000089800000, 0x0000000089800000, 0x0000000089900000|  0%| F|  |TAMS 0x0000000089800000, 0x0000000089800000| Untracked 
| 153|0x0000000089900000, 0x0000000089900000, 0x0000000089a00000|  0%| F|  |TAMS 0x0000000089900000, 0x0000000089900000| Untracked 
| 154|0x0000000089a00000, 0x0000000089a00000, 0x0000000089b00000|  0%| F|  |TAMS 0x0000000089a00000, 0x0000000089a00000| Untracked 
| 155|0x0000000089b00000, 0x0000000089b00000, 0x0000000089c00000|  0%| F|  |TAMS 0x0000000089b00000, 0x0000000089b00000| Untracked 
| 156|0x0000000089c00000, 0x0000000089c00000, 0x0000000089d00000|  0%| F|  |TAMS 0x0000000089c00000, 0x0000000089c00000| Untracked 
| 157|0x0000000089d00000, 0x0000000089d00000, 0x0000000089e00000|  0%| F|  |TAMS 0x0000000089d00000, 0x0000000089d00000| Untracked 
| 158|0x0000000089e00000, 0x0000000089e00000, 0x0000000089f00000|  0%| F|  |TAMS 0x0000000089e00000, 0x0000000089e00000| Untracked 
| 159|0x0000000089f00000, 0x0000000089f00000, 0x000000008a000000|  0%| F|  |TAMS 0x0000000089f00000, 0x0000000089f00000| Untracked 
| 160|0x000000008a000000, 0x000000008a000000, 0x000000008a100000|  0%| F|  |TAMS 0x000000008a000000, 0x000000008a000000| Untracked 
| 161|0x000000008a100000, 0x000000008a100000, 0x000000008a200000|  0%| F|  |TAMS 0x000000008a100000, 0x000000008a100000| Untracked 
| 162|0x000000008a200000, 0x000000008a200000, 0x000000008a300000|  0%| F|  |TAMS 0x000000008a200000, 0x000000008a200000| Untracked 
| 163|0x000000008a300000, 0x000000008a300000, 0x000000008a400000|  0%| F|  |TAMS 0x000000008a300000, 0x000000008a300000| Untracked 
| 164|0x000000008a400000, 0x000000008a400000, 0x000000008a500000|  0%| F|  |TAMS 0x000000008a400000, 0x000000008a400000| Untracked 
| 165|0x000000008a500000, 0x000000008a500000, 0x000000008a600000|  0%| F|  |TAMS 0x000000008a500000, 0x000000008a500000| Untracked 
| 166|0x000000008a600000, 0x000000008a600000, 0x000000008a700000|  0%| F|  |TAMS 0x000000008a600000, 0x000000008a600000| Untracked 
| 167|0x000000008a700000, 0x000000008a700000, 0x000000008a800000|  0%| F|  |TAMS 0x000000008a700000, 0x000000008a700000| Untracked 
| 168|0x000000008a800000, 0x000000008a800000, 0x000000008a900000|  0%| F|  |TAMS 0x000000008a800000, 0x000000008a800000| Untracked 
| 169|0x000000008a900000, 0x000000008a900000, 0x000000008aa00000|  0%| F|  |TAMS 0x000000008a900000, 0x000000008a900000| Untracked 
| 170|0x000000008aa00000, 0x000000008aa00000, 0x000000008ab00000|  0%| F|  |TAMS 0x000000008aa00000, 0x000000008aa00000| Untracked 
| 171|0x000000008ab00000, 0x000000008ab00000, 0x000000008ac00000|  0%| F|  |TAMS 0x000000008ab00000, 0x000000008ab00000| Untracked 
| 172|0x000000008ac00000, 0x000000008ac00000, 0x000000008ad00000|  0%| F|  |TAMS 0x000000008ac00000, 0x000000008ac00000| Untracked 
| 173|0x000000008ad00000, 0x000000008ad00000, 0x000000008ae00000|  0%| F|  |TAMS 0x000000008ad00000, 0x000000008ad00000| Untracked 
| 174|0x000000008ae00000, 0x000000008ae00000, 0x000000008af00000|  0%| F|  |TAMS 0x000000008ae00000, 0x000000008ae00000| Untracked 
| 175|0x000000008af00000, 0x000000008af00000, 0x000000008b000000|  0%| F|  |TAMS 0x000000008af00000, 0x000000008af00000| Untracked 
| 176|0x000000008b000000, 0x000000008b000000, 0x000000008b100000|  0%| F|  |TAMS 0x000000008b000000, 0x000000008b000000| Untracked 
| 177|0x000000008b100000, 0x000000008b100000, 0x000000008b200000|  0%| F|  |TAMS 0x000000008b100000, 0x000000008b100000| Untracked 
| 178|0x000000008b200000, 0x000000008b200000, 0x000000008b300000|  0%| F|  |TAMS 0x000000008b200000, 0x000000008b200000| Untracked 
| 179|0x000000008b300000, 0x000000008b300000, 0x000000008b400000|  0%| F|  |TAMS 0x000000008b300000, 0x000000008b300000| Untracked 
| 180|0x000000008b400000, 0x000000008b400000, 0x000000008b500000|  0%| F|  |TAMS 0x000000008b400000, 0x000000008b400000| Untracked 
| 181|0x000000008b500000, 0x000000008b500000, 0x000000008b600000|  0%| F|  |TAMS 0x000000008b500000, 0x000000008b500000| Untracked 
| 182|0x000000008b600000, 0x000000008b600000, 0x000000008b700000|  0%| F|  |TAMS 0x000000008b600000, 0x000000008b600000| Untracked 
| 183|0x000000008b700000, 0x000000008b700000, 0x000000008b800000|  0%| F|  |TAMS 0x000000008b700000, 0x000000008b700000| Untracked 
| 184|0x000000008b800000, 0x000000008b800000, 0x000000008b900000|  0%| F|  |TAMS 0x000000008b800000, 0x000000008b800000| Untracked 
| 185|0x000000008b900000, 0x000000008b980800, 0x000000008ba00000| 50%| E|  |TAMS 0x000000008b900000, 0x000000008b900000| Complete 
| 186|0x000000008ba00000, 0x000000008bb00000, 0x000000008bb00000|100%| E|CS|TAMS 0x000000008ba00000, 0x000000008ba00000| Complete 
| 187|0x000000008bb00000, 0x000000008bc00000, 0x000000008bc00000|100%| E|CS|TAMS 0x000000008bb00000, 0x000000008bb00000| Complete 
| 188|0x000000008bc00000, 0x000000008bd00000, 0x000000008bd00000|100%| E|CS|TAMS 0x000000008bc00000, 0x000000008bc00000| Complete 
| 189|0x000000008bd00000, 0x000000008be00000, 0x000000008be00000|100%| E|CS|TAMS 0x000000008bd00000, 0x000000008bd00000| Complete 
| 190|0x000000008be00000, 0x000000008bf00000, 0x000000008bf00000|100%| E|CS|TAMS 0x000000008be00000, 0x000000008be00000| Complete 
| 191|0x000000008bf00000, 0x000000008c000000, 0x000000008c000000|100%| E|CS|TAMS 0x000000008bf00000, 0x000000008bf00000| Complete 
| 192|0x000000008c000000, 0x000000008c100000, 0x000000008c100000|100%| E|CS|TAMS 0x000000008c000000, 0x000000008c000000| Complete 
| 193|0x000000008c100000, 0x000000008c200000, 0x000000008c200000|100%| E|CS|TAMS 0x000000008c100000, 0x000000008c100000| Complete 
| 194|0x000000008c200000, 0x000000008c300000, 0x000000008c300000|100%| E|CS|TAMS 0x000000008c200000, 0x000000008c200000| Complete 
| 195|0x000000008c300000, 0x000000008c400000, 0x000000008c400000|100%| E|CS|TAMS 0x000000008c300000, 0x000000008c300000| Complete 
| 196|0x000000008c400000, 0x000000008c500000, 0x000000008c500000|100%| E|CS|TAMS 0x000000008c400000, 0x000000008c400000| Complete 
| 197|0x000000008c500000, 0x000000008c600000, 0x000000008c600000|100%| E|CS|TAMS 0x000000008c500000, 0x000000008c500000| Complete 
| 198|0x000000008c600000, 0x000000008c700000, 0x000000008c700000|100%| E|CS|TAMS 0x000000008c600000, 0x000000008c600000| Complete 
| 199|0x000000008c700000, 0x000000008c800000, 0x000000008c800000|100%| E|CS|TAMS 0x000000008c700000, 0x000000008c700000| Complete 
| 200|0x000000008c800000, 0x000000008c900000, 0x000000008c900000|100%| E|CS|TAMS 0x000000008c800000, 0x000000008c800000| Complete 
| 201|0x000000008c900000, 0x000000008ca00000, 0x000000008ca00000|100%| E|CS|TAMS 0x000000008c900000, 0x000000008c900000| Complete 
| 202|0x000000008ca00000, 0x000000008cb00000, 0x000000008cb00000|100%| E|CS|TAMS 0x000000008ca00000, 0x000000008ca00000| Complete 
| 203|0x000000008cb00000, 0x000000008cc00000, 0x000000008cc00000|100%| E|CS|TAMS 0x000000008cb00000, 0x000000008cb00000| Complete 
| 204|0x000000008cc00000, 0x000000008cd00000, 0x000000008cd00000|100%| E|CS|TAMS 0x000000008cc00000, 0x000000008cc00000| Complete 
| 205|0x000000008cd00000, 0x000000008ce00000, 0x000000008ce00000|100%| E|CS|TAMS 0x000000008cd00000, 0x000000008cd00000| Complete 
| 206|0x000000008ce00000, 0x000000008cf00000, 0x000000008cf00000|100%| E|CS|TAMS 0x000000008ce00000, 0x000000008ce00000| Complete 
| 207|0x000000008cf00000, 0x000000008d000000, 0x000000008d000000|100%| E|CS|TAMS 0x000000008cf00000, 0x000000008cf00000| Complete 
| 208|0x000000008d000000, 0x000000008d100000, 0x000000008d100000|100%| E|CS|TAMS 0x000000008d000000, 0x000000008d000000| Complete 
| 209|0x000000008d100000, 0x000000008d200000, 0x000000008d200000|100%| E|CS|TAMS 0x000000008d100000, 0x000000008d100000| Complete 
| 210|0x000000008d200000, 0x000000008d300000, 0x000000008d300000|100%| E|CS|TAMS 0x000000008d200000, 0x000000008d200000| Complete 
| 211|0x000000008d300000, 0x000000008d400000, 0x000000008d400000|100%| E|CS|TAMS 0x000000008d300000, 0x000000008d300000| Complete 
| 212|0x000000008d400000, 0x000000008d500000, 0x000000008d500000|100%| E|CS|TAMS 0x000000008d400000, 0x000000008d400000| Complete 
| 213|0x000000008d500000, 0x000000008d600000, 0x000000008d600000|100%| E|CS|TAMS 0x000000008d500000, 0x000000008d500000| Complete 
| 214|0x000000008d600000, 0x000000008d700000, 0x000000008d700000|100%| E|CS|TAMS 0x000000008d600000, 0x000000008d600000| Complete 
| 215|0x000000008d700000, 0x000000008d800000, 0x000000008d800000|100%| E|CS|TAMS 0x000000008d700000, 0x000000008d700000| Complete 
| 216|0x000000008d800000, 0x000000008d900000, 0x000000008d900000|100%| E|CS|TAMS 0x000000008d800000, 0x000000008d800000| Complete 
| 217|0x000000008d900000, 0x000000008da00000, 0x000000008da00000|100%| E|CS|TAMS 0x000000008d900000, 0x000000008d900000| Complete 
| 218|0x000000008da00000, 0x000000008db00000, 0x000000008db00000|100%| E|CS|TAMS 0x000000008da00000, 0x000000008da00000| Complete 
| 219|0x000000008db00000, 0x000000008dc00000, 0x000000008dc00000|100%| E|CS|TAMS 0x000000008db00000, 0x000000008db00000| Complete 
| 220|0x000000008dc00000, 0x000000008dd00000, 0x000000008dd00000|100%| E|CS|TAMS 0x000000008dc00000, 0x000000008dc00000| Complete 
| 221|0x000000008dd00000, 0x000000008de00000, 0x000000008de00000|100%| E|CS|TAMS 0x000000008dd00000, 0x000000008dd00000| Complete 
| 222|0x000000008de00000, 0x000000008df00000, 0x000000008df00000|100%| E|CS|TAMS 0x000000008de00000, 0x000000008de00000| Complete 
| 223|0x000000008df00000, 0x000000008e000000, 0x000000008e000000|100%| E|CS|TAMS 0x000000008df00000, 0x000000008df00000| Complete 
| 224|0x000000008e000000, 0x000000008e100000, 0x000000008e100000|100%| E|CS|TAMS 0x000000008e000000, 0x000000008e000000| Complete 
| 225|0x000000008e100000, 0x000000008e200000, 0x000000008e200000|100%| E|CS|TAMS 0x000000008e100000, 0x000000008e100000| Complete 
| 226|0x000000008e200000, 0x000000008e300000, 0x000000008e300000|100%| E|CS|TAMS 0x000000008e200000, 0x000000008e200000| Complete 
| 227|0x000000008e300000, 0x000000008e400000, 0x000000008e400000|100%| E|CS|TAMS 0x000000008e300000, 0x000000008e300000| Complete 
| 228|0x000000008e400000, 0x000000008e500000, 0x000000008e500000|100%| E|CS|TAMS 0x000000008e400000, 0x000000008e400000| Complete 
| 229|0x000000008e500000, 0x000000008e600000, 0x000000008e600000|100%| E|CS|TAMS 0x000000008e500000, 0x000000008e500000| Complete 
| 230|0x000000008e600000, 0x000000008e700000, 0x000000008e700000|100%| E|CS|TAMS 0x000000008e600000, 0x000000008e600000| Complete 
| 231|0x000000008e700000, 0x000000008e800000, 0x000000008e800000|100%| E|CS|TAMS 0x000000008e700000, 0x000000008e700000| Complete 
| 232|0x000000008e800000, 0x000000008e900000, 0x000000008e900000|100%| E|CS|TAMS 0x000000008e800000, 0x000000008e800000| Complete 
| 233|0x000000008e900000, 0x000000008ea00000, 0x000000008ea00000|100%| E|CS|TAMS 0x000000008e900000, 0x000000008e900000| Complete 
| 234|0x000000008ea00000, 0x000000008eb00000, 0x000000008eb00000|100%| E|CS|TAMS 0x000000008ea00000, 0x000000008ea00000| Complete 
| 235|0x000000008eb00000, 0x000000008ec00000, 0x000000008ec00000|100%| E|CS|TAMS 0x000000008eb00000, 0x000000008eb00000| Complete 
| 236|0x000000008ec00000, 0x000000008ed00000, 0x000000008ed00000|100%| E|CS|TAMS 0x000000008ec00000, 0x000000008ec00000| Complete 
| 237|0x000000008ed00000, 0x000000008ee00000, 0x000000008ee00000|100%| E|CS|TAMS 0x000000008ed00000, 0x000000008ed00000| Complete 
| 238|0x000000008ee00000, 0x000000008ef00000, 0x000000008ef00000|100%| E|CS|TAMS 0x000000008ee00000, 0x000000008ee00000| Complete 
| 239|0x000000008ef00000, 0x000000008f000000, 0x000000008f000000|100%| E|CS|TAMS 0x000000008ef00000, 0x000000008ef00000| Complete 
| 240|0x000000008f000000, 0x000000008f100000, 0x000000008f100000|100%| E|CS|TAMS 0x000000008f000000, 0x000000008f000000| Complete 
| 241|0x000000008f100000, 0x000000008f200000, 0x000000008f200000|100%| E|CS|TAMS 0x000000008f100000, 0x000000008f100000| Complete 
| 242|0x000000008f200000, 0x000000008f300000, 0x000000008f300000|100%| E|CS|TAMS 0x000000008f200000, 0x000000008f200000| Complete 
| 243|0x000000008f300000, 0x000000008f400000, 0x000000008f400000|100%| E|CS|TAMS 0x000000008f300000, 0x000000008f300000| Complete 
| 244|0x000000008f400000, 0x000000008f500000, 0x000000008f500000|100%| E|CS|TAMS 0x000000008f400000, 0x000000008f400000| Complete 
| 245|0x000000008f500000, 0x000000008f600000, 0x000000008f600000|100%| E|CS|TAMS 0x000000008f500000, 0x000000008f500000| Complete 
| 246|0x000000008f600000, 0x000000008f700000, 0x000000008f700000|100%| E|CS|TAMS 0x000000008f600000, 0x000000008f600000| Complete 
| 247|0x000000008f700000, 0x000000008f800000, 0x000000008f800000|100%| E|CS|TAMS 0x000000008f700000, 0x000000008f700000| Complete 
| 248|0x000000008f800000, 0x000000008f900000, 0x000000008f900000|100%| E|CS|TAMS 0x000000008f800000, 0x000000008f800000| Complete 
| 249|0x000000008f900000, 0x000000008fa00000, 0x000000008fa00000|100%| E|CS|TAMS 0x000000008f900000, 0x000000008f900000| Complete 
| 250|0x000000008fa00000, 0x000000008fb00000, 0x000000008fb00000|100%| E|CS|TAMS 0x000000008fa00000, 0x000000008fa00000| Complete 
| 251|0x000000008fb00000, 0x000000008fc00000, 0x000000008fc00000|100%| E|CS|TAMS 0x000000008fb00000, 0x000000008fb00000| Complete 

Card table byte_map: [0x0000014698220000,0x0000014698620000] _byte_map_base: 0x0000014697e20000

Marking Bits (Prev, Next): (CMBitMap*) 0x00000146ffbde6d0, (CMBitMap*) 0x00000146ffbde698
 Prev Bits: [0x000001469aa20000, 0x000001469ca20000)
 Next Bits: [0x0000014698a20000, 0x000001469aa20000)

Polling page: 0x00000146ffc70000

Metaspace:

Usage:
  Non-class:     42.30 MB capacity,    41.54 MB ( 98%) used,   643.50 KB (  1%) free+waste,   137.25 KB ( <1%) overhead. 
      Class:      6.62 MB capacity,     6.10 MB ( 92%) used,   459.43 KB (  7%) free+waste,    67.44 KB ( <1%) overhead. 
       Both:     48.92 MB capacity,    47.64 MB ( 97%) used,     1.08 MB (  2%) free+waste,   204.69 KB ( <1%) overhead. 

Virtual space:
  Non-class space:       44.00 MB reserved,      42.33 MB ( 96%) committed 
      Class space:      504.00 MB reserved,       6.63 MB (  1%) committed 
             Both:      548.00 MB reserved,      48.95 MB (  9%) committed 

Chunk freelists:
   Non-Class:  27.00 KB
       Class:  6.00 KB
        Both:  33.00 KB

MaxMetaspaceSize: 512.00 MB
CompressedClassSpaceSize: 504.00 MB
Initial GC threshold: 20.80 MB
Current GC threshold: 72.84 MB
CDS: off

CodeHeap 'non-profiled nmethods': size=120000Kb used=2444Kb max_used=2444Kb free=117555Kb
 bounds [0x0000014690170000, 0x00000146903e0000, 0x00000146976a0000]
CodeHeap 'profiled nmethods': size=120000Kb used=9364Kb max_used=9364Kb free=110635Kb
 bounds [0x0000014688c40000, 0x0000014689570000, 0x0000014690170000]
CodeHeap 'non-nmethods': size=5760Kb used=2296Kb max_used=2336Kb free=3463Kb
 bounds [0x00000146886a0000, 0x0000014688910000, 0x0000014688c40000]
 total_blobs=5272 nmethods=4487 adapters=697
 compilation: enabled
              stopped_count=0, restarted_count=0
 full_count=0

Compilation events (20 events):
Event: 75.689 Thread 0x000001469fdbd000 nmethod 4536 0x00000146903d0b90 code [0x00000146903d0d20, 0x00000146903d0fb8]
Event: 75.697 Thread 0x000001469fdbf000 4539       3       java.lang.invoke.MethodType::methodType (14 bytes)
Event: 75.697 Thread 0x000001469fdbf000 nmethod 4539 0x000001468955bf90 code [0x000001468955c160, 0x000001468955c488]
Event: 75.724 Thread 0x000001469fdbf000 4540       3       org.objectweb.asm.ClassVisitor::visitField (24 bytes)
Event: 75.725 Thread 0x000001469fdbf000 nmethod 4540 0x000001468955c590 code [0x000001468955c760, 0x000001468955c968]
Event: 75.725 Thread 0x000001469fdbf000 4541       3       org.objectweb.asm.ClassReader::createDebugLabel (23 bytes)
Event: 75.726 Thread 0x000001469fdbf000 nmethod 4541 0x000001468955ca90 code [0x000001468955cc80, 0x000001468955d138]
Event: 75.726 Thread 0x000001469fdbf000 4542       3       org.objectweb.asm.ClassReader::readClass (7 bytes)
Event: 75.727 Thread 0x000001469fdbf000 nmethod 4542 0x000001468955d310 code [0x000001468955d500, 0x000001468955d948]
Event: 75.727 Thread 0x000001469fdbf000 4543       3       org.objectweb.asm.ClassReader::readStringish (16 bytes)
Event: 75.729 Thread 0x000001469fdbf000 nmethod 4543 0x000001468955db90 code [0x000001468955dd80, 0x000001468955e168]
Event: 75.731 Thread 0x000001469fdbd000 4544       4       org.objectweb.asm.SymbolTable::addConstantUtf8Reference (101 bytes)
Event: 75.785 Thread 0x000001469fdbf000 4545       3       org.objectweb.asm.Label::accept (65 bytes)
Event: 75.785 Thread 0x000001469fdbf000 nmethod 4545 0x000001468955e390 code [0x000001468955e580, 0x000001468955eaa8]
Event: 75.785 Thread 0x000001469fdbf000 4546       3       org.objectweb.asm.Label::addLineNumber (89 bytes)
Event: 75.786 Thread 0x000001469fdbf000 nmethod 4546 0x000001468955ec90 code [0x000001468955ee80, 0x000001468955f388]
Event: 75.786 Thread 0x000001469fdbf000 4547       3       org.objectweb.asm.MethodWriter::visitLineNumber (50 bytes)
Event: 75.786 Thread 0x000001469fdbf000 nmethod 4547 0x000001468955f510 code [0x000001468955f700, 0x000001468955fb78]
Event: 75.787 Thread 0x000001469fdbd000 nmethod 4544 0x00000146903d1190 code [0x00000146903d1380, 0x00000146903d2338]
Event: 75.792 Thread 0x000001469fdbd000 4548       4       java.lang.ClassLoader::postDefineClass (39 bytes)

GC Heap History (12 events):
Event: 5.257 GC heap before
{Heap before GC invocations=0 (full 0):
 garbage-first heap   total 258048K, used 27648K [0x0000000080000000, 0x0000000100000000)
  region size 1024K, 24 young (24576K), 0 survivors (0K)
 Metaspace       used 9763K, capacity 9968K, committed 10112K, reserved 526336K
  class space    used 991K, capacity 1069K, committed 1152K, reserved 516096K
}
Event: 5.755 GC heap after
{Heap after GC invocations=1 (full 0):
 garbage-first heap   total 258048K, used 10417K [0x0000000080000000, 0x0000000100000000)
  region size 1024K, 3 young (3072K), 3 survivors (3072K)
 Metaspace       used 9763K, capacity 9968K, committed 10112K, reserved 526336K
  class space    used 991K, capacity 1069K, committed 1152K, reserved 516096K
}
Event: 27.510 GC heap before
{Heap before GC invocations=1 (full 0):
 garbage-first heap   total 258048K, used 103601K [0x0000000080000000, 0x0000000100000000)
  region size 1024K, 94 young (96256K), 3 survivors (3072K)
 Metaspace       used 20812K, capacity 21204K, committed 21296K, reserved 536576K
  class space    used 2486K, capacity 2652K, committed 2688K, reserved 516096K
}
Event: 27.580 GC heap after
{Heap after GC invocations=2 (full 0):
 garbage-first heap   total 258048K, used 18333K [0x0000000080000000, 0x0000000100000000)
  region size 1024K, 11 young (11264K), 11 survivors (11264K)
 Metaspace       used 20812K, capacity 21204K, committed 21296K, reserved 536576K
  class space    used 2486K, capacity 2652K, committed 2688K, reserved 516096K
}
Event: 27.880 GC heap before
{Heap before GC invocations=3 (full 0):
 garbage-first heap   total 258048K, used 29597K [0x0000000080000000, 0x0000000100000000)
  region size 1024K, 22 young (22528K), 11 survivors (11264K)
 Metaspace       used 21901K, capacity 22316K, committed 22576K, reserved 536576K
  class space    used 2660K, capacity 2852K, committed 2944K, reserved 516096K
}
Event: 27.888 GC heap after
{Heap after GC invocations=4 (full 0):
 garbage-first heap   total 258048K, used 18929K [0x0000000080000000, 0x0000000100000000)
  region size 1024K, 1 young (1024K), 1 survivors (1024K)
 Metaspace       used 21901K, capacity 22316K, committed 22576K, reserved 536576K
  class space    used 2660K, capacity 2852K, committed 2944K, reserved 516096K
}
Event: 30.873 GC heap before
{Heap before GC invocations=4 (full 0):
 garbage-first heap   total 258048K, used 91633K [0x0000000080000000, 0x0000000100000000)
  region size 1024K, 72 young (73728K), 1 survivors (1024K)
 Metaspace       used 28439K, capacity 29124K, committed 29232K, reserved 542720K
  class space    used 3697K, capacity 3960K, committed 3968K, reserved 516096K
}
Event: 30.878 GC heap after
{Heap after GC invocations=5 (full 0):
 garbage-first heap   total 258048K, used 21129K [0x0000000080000000, 0x0000000100000000)
  region size 1024K, 3 young (3072K), 3 survivors (3072K)
 Metaspace       used 28439K, capacity 29124K, committed 29232K, reserved 542720K
  class space    used 3697K, capacity 3960K, committed 3968K, reserved 516096K
}
Event: 32.409 GC heap before
{Heap before GC invocations=5 (full 0):
 garbage-first heap   total 258048K, used 65161K [0x0000000080000000, 0x0000000100000000)
  region size 1024K, 47 young (48128K), 3 survivors (3072K)
 Metaspace       used 35023K, capacity 35800K, committed 35920K, reserved 548864K
  class space    used 4463K, capacity 4781K, committed 4864K, reserved 516096K
}
Event: 32.422 GC heap after
{Heap after GC invocations=6 (full 0):
 garbage-first heap   total 258048K, used 23812K [0x0000000080000000, 0x0000000100000000)
  region size 1024K, 6 young (6144K), 6 survivors (6144K)
 Metaspace       used 35023K, capacity 35800K, committed 35920K, reserved 548864K
  class space    used 4463K, capacity 4781K, committed 4864K, reserved 516096K
}
Event: 60.408 GC heap before
{Heap before GC invocations=7 (full 0):
 garbage-first heap   total 258048K, used 129284K [0x0000000080000000, 0x0000000100000000)
  region size 1024K, 107 young (109568K), 6 survivors (6144K)
 Metaspace       used 43203K, capacity 44484K, committed 44752K, reserved 555008K
  class space    used 5458K, capacity 5955K, committed 6016K, reserved 516096K
}
Event: 60.435 GC heap after
{Heap after GC invocations=8 (full 0):
 garbage-first heap   total 258048K, used 30931K [0x0000000080000000, 0x0000000100000000)
  region size 1024K, 13 young (13312K), 13 survivors (13312K)
 Metaspace       used 43203K, capacity 44484K, committed 44752K, reserved 555008K
  class space    used 5458K, capacity 5955K, committed 6016K, reserved 516096K
}

Deoptimization events (20 events):
Event: 75.574 Thread 0x00000146a115b800 Uncommon trap: trap_request=0xffffff4d fr.pc=0x0000014690264090 relative=0x0000000000000250
Event: 75.574 Thread 0x00000146a115b800 Uncommon trap: reason=unstable_if action=reinterpret pc=0x0000014690264090 method=java.util.HashMap.hash(Ljava/lang/Object;)I @ 1 c2
Event: 75.574 Thread 0x00000146a115b800 DEOPT PACKING pc=0x0000014690264090 sp=0x00000011b6df7330
Event: 75.574 Thread 0x00000146a115b800 DEOPT UNPACKING pc=0x00000146886a85af sp=0x00000011b6df7268 mode 2
Event: 75.574 Thread 0x00000146a115b800 Uncommon trap: trap_request=0xffffff4d fr.pc=0x0000014690252d04 relative=0x00000000000001c4
Event: 75.574 Thread 0x00000146a115b800 Uncommon trap: reason=unstable_if action=reinterpret pc=0x0000014690252d04 method=java.util.HashMap.getNode(ILjava/lang/Object;)Ljava/util/HashMap$Node; @ 53 c2
Event: 75.574 Thread 0x00000146a115b800 DEOPT PACKING pc=0x0000014690252d04 sp=0x00000011b6df72b0
Event: 75.574 Thread 0x00000146a115b800 DEOPT UNPACKING pc=0x00000146886a85af sp=0x00000011b6df7238 mode 2
Event: 75.574 Thread 0x00000146a115b800 Uncommon trap: trap_request=0xffffff4d fr.pc=0x00000146903099a8 relative=0x0000000000000728
Event: 75.574 Thread 0x00000146a115b800 Uncommon trap: reason=unstable_if action=reinterpret pc=0x00000146903099a8 method=java.util.HashMap.putVal(ILjava/lang/Object;Ljava/lang/Object;ZZ)Ljava/lang/Object; @ 85 c2
Event: 75.574 Thread 0x00000146a115b800 DEOPT PACKING pc=0x00000146903099a8 sp=0x00000011b6df72f0
Event: 75.574 Thread 0x00000146a115b800 DEOPT UNPACKING pc=0x00000146886a85af sp=0x00000011b6df7220 mode 2
Event: 75.581 Thread 0x00000146a115b800 Uncommon trap: trap_request=0xffffff4d fr.pc=0x00000146903aae2c relative=0x000000000000034c
Event: 75.581 Thread 0x00000146a115b800 Uncommon trap: reason=unstable_if action=reinterpret pc=0x00000146903aae2c method=org.gradle.internal.reflect.PropertyAccessorType.isGetGetterName(Ljava/lang/String;)Z @ 14 c2
Event: 75.581 Thread 0x00000146a115b800 DEOPT PACKING pc=0x00000146903aae2c sp=0x00000011b6df7e60
Event: 75.581 Thread 0x00000146a115b800 DEOPT UNPACKING pc=0x00000146886a85af sp=0x00000011b6df7db8 mode 2
Event: 75.615 Thread 0x00000146a115b800 Uncommon trap: trap_request=0xffffff4d fr.pc=0x00000146902b8608 relative=0x00000000000000e8
Event: 75.615 Thread 0x00000146a115b800 Uncommon trap: reason=unstable_if action=reinterpret pc=0x00000146902b8608 method=org.objectweb.asm.ByteVector.putShort(I)Lorg/objectweb/asm/ByteVector; @ 13 c2
Event: 75.615 Thread 0x00000146a115b800 DEOPT PACKING pc=0x00000146902b8608 sp=0x00000011b6df78e0
Event: 75.615 Thread 0x00000146a115b800 DEOPT UNPACKING pc=0x00000146886a85af sp=0x00000011b6df7878 mode 2

Classes redefined (0 events):
No events

Internal exceptions (20 events):
Event: 59.800 Thread 0x00000146a115b800 Exception <a 'java/lang/ClassNotFoundException'{0x000000008a88e4f0}: org/gradle/internal/logging/slf4j/BuildOperationAwareLoggerBeanInfo> (0x000000008a88e4f0) thrown at [./src/hotspot/share/classfile/systemDictionary.cpp, line 230]
Event: 59.802 Thread 0x00000146a115b800 Exception <a 'java/lang/ClassNotFoundException'{0x000000008a8bbba0}: org/gradle/internal/logging/slf4j/BuildOperationAwareLoggerCustomizer> (0x000000008a8bbba0) thrown at [./src/hotspot/share/classfile/systemDictionary.cpp, line 230]
Event: 59.805 Thread 0x00000146a115b800 Exception <a 'java/lang/ClassNotFoundException'{0x000000008a71c6c8}: org/gradle/internal/logging/slf4j/OutputEventListenerBackedLoggerCustomizer> (0x000000008a71c6c8) thrown at [./src/hotspot/share/classfile/systemDictionary.cpp, line 230]
Event: 59.948 Thread 0x00000146a115b800 Implicit null exception at 0x00000146902f306c to 0x00000146902f3114
Event: 59.952 Thread 0x00000146a115b800 Exception <a 'java/lang/ClassNotFoundException'{0x000000008a6d1b28}: java/io/FileBeanInfo> (0x000000008a6d1b28) thrown at [./src/hotspot/share/classfile/systemDictionary.cpp, line 230]
Event: 59.952 Thread 0x00000146a115b800 Exception <a 'java/lang/ClassNotFoundException'{0x000000008a6d7450}: java/io/FileCustomizer> (0x000000008a6d7450) thrown at [./src/hotspot/share/classfile/systemDictionary.cpp, line 230]
Event: 59.965 Thread 0x00000146a115b800 Exception <a 'java/lang/NoSuchMethodError'{0x000000008a522c70}: 'void java.lang.invoke.DirectMethodHandle$Holder.invokeInterface(java.lang.Object, java.lang.Object)'> (0x000000008a522c70) thrown at [./src/hotspot/share/interpreter/linkResolver.cpp, line 773]
Event: 60.124 Thread 0x00000146a115b800 Exception <a 'java/lang/NoSuchMethodError'{0x000000008a139c70}: 'java.lang.Object java.lang.invoke.DirectMethodHandle$Holder.invokeSpecial(java.lang.Object, java.lang.Object, java.lang.Object, java.lang.Object, java.lang.Object, java.lang.Object, java.lang.Object, java.lang.Object, java.lang.Object, java.lang.Object)'> (0x000000008a139c70) thrown at [./src/hotspot/share/interpreter/linkResolver.cpp, line 773]
Event: 60.125 Thread 0x00000146a115b800 Exception <a 'java/lang/NoSuchMethodError'{0x000000008a1423a0}: 'java.lang.Object java.lang.invoke.Invokers$Holder.invoker(java.lang.Object, java.lang.Object, java.lang.Object, java.lang.Object, java.lang.Object, java.lang.Object, java.lang.Object, java.lang.Object, java.lang.Object)'> (0x000000008a1423a0) thrown at [./src/hotspot/share/interpreter/linkResolver.cpp, line 773]
Event: 60.174 Thread 0x00000146a115b800 Exception <a 'java/lang/NoSuchMethodError'{0x0000000089f09c78}: 'java.lang.Object java.lang.invoke.DelegatingMethodHandle$Holder.reinvoke_L(java.lang.Object, java.lang.Object, java.lang.Object, java.lang.Object, java.lang.Object, java.lang.Object, java.lang.Object, java.lang.Object, java.lang.Object, java.lang.Object, java.lang.Object, java.lang.Object, java.lang.Object, java.lang.Object, java.lang.Object, java.lang.Object, java.lang.Object, java.lang.Object, java.lang.Object, java.lang.Object, java.lang.O
Event: 60.175 Thread 0x00000146a115b800 Exception <a 'java/lang/NoSuchMethodError'{0x0000000089f15630}: 'java.lang.Object java.lang.invoke.Invokers$Holder.invoker(java.lang.Object, java.lang.Object, java.lang.Object, java.lang.Object, java.lang.Object, java.lang.Object, java.lang.Object, java.lang.Object, java.lang.Object, java.lang.Object, java.lang.Object, java.lang.Object, java.lang.Object, java.lang.Object, java.lang.Object, java.lang.Object, java.lang.Object, java.lang.Object, java.lang.Object, java.lang.Object, java.lang.Object)'> (0x00000
Event: 60.175 Thread 0x00000146a115b800 Exception <a 'java/lang/NoSuchMethodError'{0x0000000089f1c658}: 'java.lang.Object java.lang.invoke.DelegatingMethodHandle$Holder.delegate(java.lang.Object, java.lang.Object, java.lang.Object, java.lang.Object, java.lang.Object, java.lang.Object, java.lang.Object, java.lang.Object, java.lang.Object, java.lang.Object, java.lang.Object, java.lang.Object, java.lang.Object, java.lang.Object, java.lang.Object, java.lang.Object, java.lang.Object, java.lang.Object, java.lang.Object, java.lang.Object, java.lang.Obj
Event: 60.184 Thread 0x00000146a115b800 Exception <a 'java/lang/NoSuchMethodError'{0x0000000089f60160}: 'java.lang.Object java.lang.invoke.DirectMethodHandle$Holder.invokeStatic(java.lang.Object, java.lang.Object, java.lang.Object, java.lang.Object, java.lang.Object, java.lang.Object, java.lang.Object, java.lang.Object, java.lang.Object, java.lang.Object, java.lang.Object, java.lang.Object, java.lang.Object, java.lang.Object, java.lang.Object)'> (0x0000000089f60160) thrown at [./src/hotspot/share/interpreter/linkResolver.cpp, line 773]
Event: 60.186 Thread 0x00000146a115b800 Exception <a 'java/lang/NoSuchMethodError'{0x0000000089f704f0}: 'java.lang.Object java.lang.invoke.DirectMethodHandle$Holder.invokeStatic(java.lang.Object, java.lang.Object, java.lang.Object, java.lang.Object, java.lang.Object, java.lang.Object, java.lang.Object, java.lang.Object, java.lang.Object, java.lang.Object, java.lang.Object, java.lang.Object, java.lang.Object, java.lang.Object, java.lang.Object, java.lang.Object)'> (0x0000000089f704f0) thrown at [./src/hotspot/share/interpreter/linkResolver.cpp, l
Event: 60.188 Thread 0x00000146a115b800 Exception <a 'java/lang/NoSuchMethodError'{0x0000000089f809e0}: 'java.lang.Object java.lang.invoke.DelegatingMethodHandle$Holder.reinvoke_L(java.lang.Object, java.lang.Object, java.lang.Object, java.lang.Object, java.lang.Object, java.lang.Object, java.lang.Object, java.lang.Object, java.lang.Object, java.lang.Object, java.lang.Object, java.lang.Object, java.lang.Object, java.lang.Object, java.lang.Object, java.lang.Object, java.lang.Object, java.lang.Object, java.lang.Object, java.lang.Object)'> (0x000000
Event: 60.397 Thread 0x00000146a115b800 Exception <a 'java/lang/IncompatibleClassChangeError'{0x0000000089170380}: Found class java.lang.Object, but interface was expected> (0x0000000089170380) thrown at [./src/hotspot/share/interpreter/linkResolver.cpp, line 839]
Event: 64.123 Thread 0x00000146a115b800 Exception <a 'java/lang/IncompatibleClassChangeError'{0x000000008f5d5b18}: Found class java.lang.Object, but interface was expected> (0x000000008f5d5b18) thrown at [./src/hotspot/share/interpreter/linkResolver.cpp, line 839]
Event: 64.171 Thread 0x00000146a115b800 Exception <a 'java/lang/NoSuchMethodError'{0x000000008f25d2c8}: 'int java.lang.invoke.DirectMethodHandle$Holder.invokeStaticInit(java.lang.Object, java.lang.Object, java.lang.Object, java.lang.Object, java.lang.Object)'> (0x000000008f25d2c8) thrown at [./src/hotspot/share/interpreter/linkResolver.cpp, line 773]
Event: 69.040 Thread 0x00000146a115b800 Exception <a 'java/lang/NoSuchMethodError'{0x000000008dd0a908}: 'java.lang.Object java.lang.invoke.DirectMethodHandle$Holder.invokeStatic(java.lang.Object, int, java.lang.Object)'> (0x000000008dd0a908) thrown at [./src/hotspot/share/interpreter/linkResolver.cpp, line 773]
Event: 75.574 Thread 0x00000146a115b800 Implicit null exception at 0x0000014690263e74 to 0x0000014690264084

Events (20 events):
Event: 75.815 loading class org/gradle/language/cpp/internal/tooling/DefaultCppComponentModel
Event: 75.815 loading class org/gradle/language/cpp/internal/tooling/DefaultCppComponentModel done
Event: 75.815 loading class org/gradle/language/cpp/internal/tooling/DefaultCppApplicationModel
Event: 75.815 loading class org/gradle/language/cpp/internal/tooling/DefaultCppApplicationModel done
Event: 75.816 loading class org/gradle/tooling/internal/protocol/cpp/InternalCppApplication
Event: 75.816 loading class org/gradle/tooling/internal/protocol/cpp/InternalCppApplication done
Event: 75.816 loading class org/gradle/language/cpp/internal/tooling/DefaultCppLibraryModel
Event: 75.816 loading class org/gradle/language/cpp/internal/tooling/DefaultCppLibraryModel done
Event: 75.816 loading class org/gradle/tooling/internal/protocol/cpp/InternalCppLibrary
Event: 75.816 loading class org/gradle/tooling/internal/protocol/cpp/InternalCppLibrary done
Event: 75.817 loading class org/gradle/language/cpp/internal/tooling/DefaultCppTestSuiteModel
Event: 75.817 loading class org/gradle/language/cpp/internal/tooling/DefaultCppTestSuiteModel done
Event: 75.817 loading class org/gradle/tooling/internal/protocol/cpp/InternalCppTestSuite
Event: 75.817 loading class org/gradle/tooling/internal/protocol/cpp/InternalCppTestSuite done
Event: 75.818 loading class org/gradle/kotlin/dsl/tooling/builders/KotlinBuildScriptModelBuilder
Event: 75.818 loading class org/gradle/kotlin/dsl/tooling/builders/KotlinBuildScriptModelBuilder done
Event: 75.819 loading class org/gradle/kotlin/dsl/tooling/builders/KotlinBuildScriptTemplateModelBuilder
Event: 75.819 loading class org/gradle/kotlin/dsl/tooling/builders/KotlinBuildScriptTemplateModelBuilder done
Event: 75.820 loading class org/gradle/kotlin/dsl/tooling/builders/KotlinDslScriptsModelBuilder
Event: 75.820 loading class org/gradle/kotlin/dsl/tooling/builders/KotlinDslScriptsModelBuilder done


Dynamic libraries:
0x00007ff689c50000 - 0x00007ff689c5d000 	C:\Program Files\Microsoft\jdk-11.0.18.10-hotspot\bin\java.exe
0x00007ffccba70000 - 0x00007ffccbc87000 	C:\WINDOWS\SYSTEM32\ntdll.dll
0x00007ffcc98d0000 - 0x00007ffcc9994000 	C:\WINDOWS\System32\KERNEL32.DLL
0x00007ffcc8df0000 - 0x00007ffcc9196000 	C:\WINDOWS\System32\KERNELBASE.dll
0x00007ffcc9510000 - 0x00007ffcc9621000 	C:\WINDOWS\System32\ucrtbase.dll
0x00007ffc74cc0000 - 0x00007ffc74cd5000 	C:\Program Files\Microsoft\jdk-11.0.18.10-hotspot\bin\VCRUNTIME140.dll
0x00007ffc74ce0000 - 0x00007ffc74cf7000 	C:\Program Files\Microsoft\jdk-11.0.18.10-hotspot\bin\jli.dll
0x00007ffcca8b0000 - 0x00007ffccaa5d000 	C:\WINDOWS\System32\USER32.dll
0x00007ffcc94e0000 - 0x00007ffcc9506000 	C:\WINDOWS\System32\win32u.dll
0x00007ffcc99a0000 - 0x00007ffcc99c9000 	C:\WINDOWS\System32\GDI32.dll
0x00007ffcc9630000 - 0x00007ffcc9748000 	C:\WINDOWS\System32\gdi32full.dll
0x00007ffcc9260000 - 0x00007ffcc92fa000 	C:\WINDOWS\System32\msvcp_win.dll
0x00007ffcaff30000 - 0x00007ffcb01c3000 	C:\WINDOWS\WinSxS\amd64_microsoft.windows.common-controls_6595b64144ccf1df_6.0.22621.2361_none_2712ced57382f843\COMCTL32.dll
0x00007ffccb980000 - 0x00007ffccba27000 	C:\WINDOWS\System32\msvcrt.dll
0x00007ffccaac0000 - 0x00007ffccaaf1000 	C:\WINDOWS\System32\IMM32.DLL
0x00007ffc5a5a0000 - 0x00007ffc5a63b000 	C:\Program Files\Microsoft\jdk-11.0.18.10-hotspot\bin\msvcp140.dll
0x00007ffc38a00000 - 0x00007ffc39592000 	C:\Program Files\Microsoft\jdk-11.0.18.10-hotspot\bin\server\jvm.dll
0x00007ffccb8d0000 - 0x00007ffccb980000 	C:\WINDOWS\System32\ADVAPI32.dll
0x00007ffcc9ad0000 - 0x00007ffcc9b76000 	C:\WINDOWS\System32\sechost.dll
0x00007ffccb7b0000 - 0x00007ffccb8c7000 	C:\WINDOWS\System32\RPCRT4.dll
0x00007ffccab00000 - 0x00007ffccab08000 	C:\WINDOWS\System32\PSAPI.DLL
0x00007ffcaf350000 - 0x00007ffcaf359000 	C:\WINDOWS\SYSTEM32\WSOCK32.dll
0x00007ffcca110000 - 0x00007ffcca181000 	C:\WINDOWS\System32\WS2_32.dll
0x00007ffcc09c0000 - 0x00007ffcc09ca000 	C:\WINDOWS\SYSTEM32\VERSION.dll
0x00007ffcc2cd0000 - 0x00007ffcc2d04000 	C:\WINDOWS\SYSTEM32\WINMM.dll
0x00007ffcc7f20000 - 0x00007ffcc7f38000 	C:\WINDOWS\SYSTEM32\kernel.appcore.dll
0x00007ffcab910000 - 0x00007ffcab920000 	C:\Program Files\Microsoft\jdk-11.0.18.10-hotspot\bin\verify.dll
0x00007ffcc62b0000 - 0x00007ffcc64de000 	C:\WINDOWS\SYSTEM32\DBGHELP.DLL
0x00007ffcca190000 - 0x00007ffcca51a000 	C:\WINDOWS\System32\combase.dll
0x00007ffcc97f0000 - 0x00007ffcc98c7000 	C:\WINDOWS\System32\OLEAUT32.dll
0x00007ffcc2c90000 - 0x00007ffcc2cc2000 	C:\WINDOWS\SYSTEM32\dbgcore.DLL
0x00007ffcc9750000 - 0x00007ffcc97ca000 	C:\WINDOWS\System32\bcryptPrimitives.dll
0x00007ffc5a6f0000 - 0x00007ffc5a718000 	C:\Program Files\Microsoft\jdk-11.0.18.10-hotspot\bin\java.dll
0x00007ffca41f0000 - 0x00007ffca41fa000 	C:\Program Files\Microsoft\jdk-11.0.18.10-hotspot\bin\jimage.dll
0x00007ffc738f0000 - 0x00007ffc73908000 	C:\Program Files\Microsoft\jdk-11.0.18.10-hotspot\bin\zip.dll
0x00007ffccaef0000 - 0x00007ffccb748000 	C:\WINDOWS\System32\SHELL32.dll
0x00007ffcc6d10000 - 0x00007ffcc7602000 	C:\WINDOWS\SYSTEM32\windows.storage.dll
0x00007ffcc6bd0000 - 0x00007ffcc6d0e000 	C:\WINDOWS\SYSTEM32\wintypes.dll
0x00007ffcc99d0000 - 0x00007ffcc9ac3000 	C:\WINDOWS\System32\SHCORE.dll
0x00007ffccb750000 - 0x00007ffccb7ae000 	C:\WINDOWS\System32\shlwapi.dll
0x00007ffcc8d20000 - 0x00007ffcc8d46000 	C:\WINDOWS\SYSTEM32\profapi.dll
0x00007ffc70370000 - 0x00007ffc70389000 	C:\Program Files\Microsoft\jdk-11.0.18.10-hotspot\bin\net.dll
0x00007ffcc2990000 - 0x00007ffcc2ac7000 	C:\WINDOWS\SYSTEM32\WINHTTP.dll
0x00007ffcc83a0000 - 0x00007ffcc8409000 	C:\WINDOWS\system32\mswsock.dll
0x00007ffc69260000 - 0x00007ffc69273000 	C:\Program Files\Microsoft\jdk-11.0.18.10-hotspot\bin\nio.dll
0x00007ffc5a440000 - 0x00007ffc5a467000 	C:\Users\db2ha\.gradle\native\68d5fa5c4cc2d200863cafc0d521ce42e7d3e7ee720ec0a83991735586a16f82\windows-amd64\native-platform.dll
0x00007ffc3dc10000 - 0x00007ffc3dd54000 	C:\Users\db2ha\.gradle\native\e376f236ea51e6404a007f0833ffe2c6e607c4080706a723a18a27aeea778392\windows-amd64\native-platform-file-events.dll
0x00007ffca2510000 - 0x00007ffca2519000 	C:\Program Files\Microsoft\jdk-11.0.18.10-hotspot\bin\management.dll
0x00007ffca1a30000 - 0x00007ffca1a3b000 	C:\Program Files\Microsoft\jdk-11.0.18.10-hotspot\bin\management_ext.dll
0x00007ffcc85f0000 - 0x00007ffcc860b000 	C:\WINDOWS\SYSTEM32\CRYPTSP.dll
0x00007ffcc7e80000 - 0x00007ffcc7eb5000 	C:\WINDOWS\system32\rsaenh.dll
0x00007ffcc8490000 - 0x00007ffcc84bc000 	C:\WINDOWS\SYSTEM32\USERENV.dll
0x00007ffcc8790000 - 0x00007ffcc87b8000 	C:\WINDOWS\SYSTEM32\bcrypt.dll
0x00007ffcc8610000 - 0x00007ffcc861c000 	C:\WINDOWS\SYSTEM32\CRYPTBASE.dll
0x00007ffcc7920000 - 0x00007ffcc794d000 	C:\WINDOWS\SYSTEM32\IPHLPAPI.DLL
0x00007ffcca8a0000 - 0x00007ffcca8a9000 	C:\WINDOWS\System32\NSI.dll
0x00007ffcc2690000 - 0x00007ffcc26a9000 	C:\WINDOWS\SYSTEM32\dhcpcsvc6.DLL
0x00007ffcc2670000 - 0x00007ffcc268f000 	C:\WINDOWS\SYSTEM32\dhcpcsvc.DLL
0x00007ffcc7950000 - 0x00007ffcc7a49000 	C:\WINDOWS\SYSTEM32\DNSAPI.dll

dbghelp: loaded successfully - version: 4.0.5 - missing functions: none
symbol engine: initialized successfully - sym options: 0x614 - pdb path: .;C:\Program Files\Microsoft\jdk-11.0.18.10-hotspot\bin;C:\WINDOWS\SYSTEM32;C:\WINDOWS\WinSxS\amd64_microsoft.windows.common-controls_6595b64144ccf1df_6.0.22621.2361_none_2712ced57382f843;C:\Program Files\Microsoft\jdk-11.0.18.10-hotspot\bin\server;C:\Users\db2ha\.gradle\native\68d5fa5c4cc2d200863cafc0d521ce42e7d3e7ee720ec0a83991735586a16f82\windows-amd64;C:\Users\db2ha\.gradle\native\e376f236ea51e6404a007f0833ffe2c6e607c4080706a723a18a27aeea778392\windows-amd64

VM Arguments:
jvm_args: -XX:MaxMetaspaceSize=512m --add-opens=java.base/java.util=ALL-UNNAMED --add-opens=java.base/java.lang=ALL-UNNAMED --add-opens=java.base/java.lang.invoke=ALL-UNNAMED --add-opens=java.prefs/java.util.prefs=ALL-UNNAMED --add-opens=java.base/java.nio.charset=ALL-UNNAMED --add-opens=java.base/java.net=ALL-UNNAMED --add-opens=java.base/java.util.concurrent.atomic=ALL-UNNAMED -Xmx2048m -Dfile.encoding=windows-1252 -Duser.country=US -Duser.language=en -Duser.variant 
java_command: org.gradle.launcher.daemon.bootstrap.GradleDaemon 8.0.1
java_class_path (initial): C:\Users\db2ha\.gradle\wrapper\dists\gradle-8.0.1-all\aro4hu1c3oeioove7l0i4i14o\gradle-8.0.1\lib\gradle-launcher-8.0.1.jar
Launcher Type: SUN_STANDARD

[Global flags]
     intx CICompilerCount                          = 4                                         {product} {ergonomic}
   size_t CompressedClassSpaceSize                 = 528482304                                 {product} {ergonomic}
     uint ConcGCThreads                            = 2                                         {product} {ergonomic}
     uint G1ConcRefinementThreads                  = 8                                         {product} {ergonomic}
   size_t G1HeapRegionSize                         = 1048576                                   {product} {ergonomic}
    uintx GCDrainStackTargetSize                   = 64                                        {product} {ergonomic}
   size_t InitialHeapSize                          = 264241152                                 {product} {ergonomic}
   size_t MarkStackSize                            = 4194304                                   {product} {ergonomic}
   size_t MaxHeapSize                              = 2147483648                                {product} {command line}
   size_t MaxMetaspaceSize                         = 536870912                                 {product} {command line}
   size_t MaxNewSize                               = 1287651328                                {product} {ergonomic}
   size_t MinHeapDeltaBytes                        = 1048576                                   {product} {ergonomic}
    uintx NonNMethodCodeHeapSize                   = 5836300                                {pd product} {ergonomic}
    uintx NonProfiledCodeHeapSize                  = 122910970                              {pd product} {ergonomic}
    uintx ProfiledCodeHeapSize                     = 122910970                              {pd product} {ergonomic}
    uintx ReservedCodeCacheSize                    = 251658240                              {pd product} {ergonomic}
     bool SegmentedCodeCache                       = true                                      {product} {ergonomic}
     bool UseCompressedClassPointers               = true                                 {lp64_product} {ergonomic}
     bool UseCompressedOops                        = true                                 {lp64_product} {ergonomic}
     bool UseG1GC                                  = true                                      {product} {ergonomic}
     bool UseLargePagesIndividualAllocation        = false                                  {pd product} {ergonomic}

Logging:
Log output configuration:
 #0: stdout all=warning uptime,level,tags
 #1: stderr all=off uptime,level,tags

Environment Variables:
JAVA_HOME=C:\Program Files\Microsoft\jdk-11.0.18.10-hotspot\
CLASSPATH=E:\app\News\android\\gradle\wrapper\gradle-wrapper.jar
PATH=E:\app\News\node_modules\.bin;E:\app\News\node_modules\.bin;E:\app\node_modules\.bin;E:\node_modules\.bin;C:\Program Files\nodejs\node_modules\npm\node_modules\@npmcli\run-script\lib\node-gyp-bin;E:\app\News\node_modules\.bin;E:\app\News\node_modules\.bin;E:\app\node_modules\.bin;E:\node_modules\.bin;C:\Program Files\nodejs\node_modules\npm\node_modules\@npmcli\run-script\lib\node-gyp-bin;C:\Program Files\Microsoft\jdk-11.0.18.10-hotspot\bin;C:\Windows\system32;C:\Windows;C:\Windows\System32\Wbem;C:\Windows\System32\WindowsPowerShell\v1.0\;C:\Windows\System32\OpenSSH\;C:\Program Files\NVIDIA Corporation\NVIDIA NvDLISR;C:\Program Files\dotnet\;C:\Program Files (x86)\dotnet\;C:\WINDOWS\system32;C:\WINDOWS;C:\WINDOWS\System32\Wbem;C:\WINDOWS\System32\WindowsPowerShell\v1.0\;C:\WINDOWS\System32\OpenSSH\;C:\Program Files\Java\jdk-17.0.2\bin;C:\ProgramData\chocolatey\bin;C:\Program Files\nodejs\;C:\Users\db2ha\AppData\Local\Microsoft\WindowsApps;C:\Users\db2ha\AppData\Local\GitHubDesktop\bin;C:\Program Files\Java\jdk-17.0.2\bin;C:\Users\db2ha\AppData\Roaming\npm;E:\AndroidSDK\platform-tools;E:\AndroidSDK;E:\AndroidSDK\emulator;C:\Program Files\nodejs;E:\AndroidSDK\build-tools;E:\Microsoft VS Code\bin
USERNAME=db2ha
LANG=en_US.UTF-8
OS=Windows_NT
PROCESSOR_IDENTIFIER=Intel64 Family 6 Model 140 Stepping 2, GenuineIntel
TMP=C:\Users\db2ha\AppData\Local\Temp
TEMP=C:\Users\db2ha\AppData\Local\Temp



---------------  S Y S T E M  ---------------

OS: Windows 11 , 64 bit Build 22621 (10.0.22621.2428)
OS uptime: 5 days 0:59 hours
Hyper-V role detected

CPU:total 8 (initial active 8) (4 cores per cpu, 2 threads per core) family 6 model 140 stepping 2 microcode 0x16, cmov, cx8, fxsr, mmx, sse, sse2, sse3, ssse3, sse4.1, sse4.2, popcnt, avx, avx2, aes, clmul, erms, 3dnowpref, lzcnt, ht, tsc, tscinvbit, bmi1, bmi2, adx, evex, sha, fma

Memory: 4k page, system-wide physical 16122M (212M free)
TotalPageFile size 26718M (AvailPageFile size 0M)
current process WorkingSet (physical memory assigned to process): 277M, peak: 310M
current process commit charge ("private bytes"): 436M, peak: 470M

vm_info: OpenJDK 64-Bit Server VM (11.0.18+10-LTS) for windows-amd64 JRE (11.0.18+10-LTS), built on Jan 18 2023 15:56:47 by "MicrosoftCorporation" with MS VC++ 15.9 (VS2017)

END.
