#
# There is insufficient memory for the Java Runtime Environment to continue.
# Native memory allocation (malloc) failed to allocate 32744 bytes for ChunkPool::allocate
# Possible reasons:
#   The system is out of physical RAM or swap space
#   The process is running with CompressedOops enabled, and the Java Heap may be blocking the growth of the native heap
# Possible solutions:
#   Reduce memory load on the system
#   Increase physical memory or swap space
#   Check if swap backing store is full
#   Decrease Java heap size (-Xmx/-Xms)
#   Decrease number of Java threads
#   Decrease Java thread stack sizes (-Xss)
#   Set larger code cache with -XX:ReservedCodeCacheSize=
#   JVM is running with Unscaled Compressed Oops mode in which the Java heap is
#     placed in the first 4GB address space. The Java Heap base address is the
#     maximum limit for the native heap growth. Please use -XX:HeapBaseMinAddress
#     to set the Java Heap base and to place the Java Heap above 4GB virtual address.
# This output file may be truncated or incomplete.
#
#  Out of Memory Error (./src/hotspot/share/memory/arena.cpp:81), pid=35588, tid=37624
#
# JRE version: OpenJDK Runtime Environment Microsoft-7208460 (11.0.18+10) (build 11.0.18+10-LTS)
# Java VM: OpenJDK 64-Bit Server VM Microsoft-7208460 (11.0.18+10-LTS, mixed mode, tiered, compressed oops, g1 gc, windows-amd64)
# No core dump will be written. Minidumps are not enabled by default on client versions of Windows
#

---------------  S U M M A R Y ------------

Command Line: -XX:MaxMetaspaceSize=512m --add-opens=java.base/java.util=ALL-UNNAMED --add-opens=java.base/java.lang=ALL-UNNAMED --add-opens=java.base/java.lang.invoke=ALL-UNNAMED --add-opens=java.prefs/java.util.prefs=ALL-UNNAMED --add-opens=java.base/java.nio.charset=ALL-UNNAMED --add-opens=java.base/java.net=ALL-UNNAMED --add-opens=java.base/java.util.concurrent.atomic=ALL-UNNAMED -Xmx2048m -Dfile.encoding=windows-1252 -Duser.country=US -Duser.language=en -Duser.variant org.gradle.launcher.daemon.bootstrap.GradleDaemon 8.0.1

Host: 11th Gen Intel(R) Core(TM) i7-11390H @ 3.40GHz, 8 cores, 15G,  Windows 11 , 64 bit Build 22621 (10.0.22621.2428)
Time: Fri Nov 10 23:07:58 2023 India Standard Time elapsed time: 84.570364 seconds (0d 0h 1m 24s)

---------------  T H R E A D  ---------------

Current thread (0x000001adb76cf800):  JavaThread "C2 CompilerThread1" daemon [_thread_in_native, id=37624, stack(0x000000ab4c700000,0x000000ab4c800000)]


Current CompileTask:
C2:  84570 9380       4       java.beans.Introspector::addMethod (196 bytes)

Stack: [0x000000ab4c700000,0x000000ab4c800000]
Native frames: (J=compiled Java code, j=interpreted, Vv=VM code, C=native code)
V  [jvm.dll+0x62bf8a]
V  [jvm.dll+0x7b8fb9]
V  [jvm.dll+0x7ba6a8]
V  [jvm.dll+0x7bad83]
V  [jvm.dll+0x250248]
V  [jvm.dll+0xc286b]
V  [jvm.dll+0xc2bcc]
V  [jvm.dll+0x362f6d]
V  [jvm.dll+0x35e1ff]
V  [jvm.dll+0x32a373]
V  [jvm.dll+0x3296aa]
V  [jvm.dll+0x2093b3]
V  [jvm.dll+0x20850d]
V  [jvm.dll+0x18a4b1]
V  [jvm.dll+0x217eec]
V  [jvm.dll+0x21612b]
V  [jvm.dll+0x77bac0]
V  [jvm.dll+0x7749f4]
V  [jvm.dll+0x62adf5]
C  [ucrtbase.dll+0x29363]
C  [KERNEL32.DLL+0x1257d]
C  [ntdll.dll+0x5aa78]


---------------  P R O C E S S  ---------------

Threads class SMR info:
_java_thread_list=0x000001adbc69f770, length=134, elements={
0x000001ad96ce0000, 0x000001adb6639800, 0x000001adb6626800, 0x000001adb6687800,
0x000001adb668a800, 0x000001adb668c000, 0x000001adb668d000, 0x000001adb668f800,
0x000001adb6690800, 0x000001adb6796800, 0x000001adb7a5a800, 0x000001adb793f800,
0x000001adb745a000, 0x000001adb77c1800, 0x000001adb82b3000, 0x000001adb874c800,
0x000001adb7e3f800, 0x000001adb82c0000, 0x000001adb8d03000, 0x000001adb7d0e800,
0x000001adb7d10800, 0x000001adb7d0d800, 0x000001adb7d0f000, 0x000001adb7d0c000,
0x000001adb7d10000, 0x000001adb7d0b000, 0x000001adb7d11800, 0x000001adb7d0c800,
0x000001adbbaac800, 0x000001adbbaad800, 0x000001adbbaae000, 0x000001adbbaab000,
0x000001adbbaab800, 0x000001adbbaaf000, 0x000001adbbaa9000, 0x000001adbbaaa000,
0x000001adbbab1800, 0x000001adbbab2000, 0x000001adbbab4000, 0x000001adbbab5800,
0x000001adbbab0000, 0x000001adbbab3000, 0x000001adbbab4800, 0x000001adbbab6800,
0x000001adbbab0800, 0x000001adbbab7000, 0x000001adb8831000, 0x000001adb882f800,
0x000001adb8832800, 0x000001adb8831800, 0x000001adb8833800, 0x000001adb8834000,
0x000001adb8835000, 0x000001adb8836000, 0x000001adb8830000, 0x000001adb8836800,
0x000001adb883a000, 0x000001adb883b800, 0x000001adb883a800, 0x000001adb8837800,
0x000001adb883c800, 0x000001adb883d000, 0x000001adb883e000, 0x000001adb8838000,
0x000001adb8839000, 0x000001adb734b800, 0x000001adb734f000, 0x000001adb7349800,
0x000001adb734e000, 0x000001adb734d800, 0x000001adb734c800, 0x000001adb734a000,
0x000001adb7350000, 0x000001adb7350800, 0x000001adb734b000, 0x000001adb7357000,
0x000001adb7355800, 0x000001adb7352800, 0x000001adb7351800, 0x000001adb7358000,
0x000001adb7353000, 0x000001adb7354000, 0x000001adb7354800, 0x000001adb7356800,
0x000001adbc54d800, 0x000001adbc54c800, 0x000001adbc54e000, 0x000001adbc54f000,
0x000001adbc54a000, 0x000001adbc54b000, 0x000001adbc549800, 0x000001adbc54b800,
0x000001adbc553000, 0x000001adbc552800, 0x000001adbc554000, 0x000001adbc554800,
0x000001adbc550800, 0x000001adbc555800, 0x000001adbc551800, 0x000001adbc550000,
0x000001adbc556800, 0x000001adbc557000, 0x000001adbc558000, 0x000001adbb003800,
0x000001adbb006000, 0x000001adbb007800, 0x000001adbb005000, 0x000001adbb007000,
0x000001adbb002000, 0x000001adbb008800, 0x000001adbb002800, 0x000001adbb009000,
0x000001adbb00a000, 0x000001adbb004800, 0x000001adbb00d800, 0x000001adbb00e000,
0x000001adbb00c800, 0x000001adbb00f000, 0x000001adbb010000, 0x000001adbb00b000,
0x000001adbb00b800, 0x000001adbb010800, 0x000001adbb3e5000, 0x000001adbb3e3000,
0x000001adbb3e2800, 0x000001adbb3e4000, 0x000001adbb3e0800, 0x000001adbb3e1800,
0x000001adbb3e5800, 0x000001adbb3ea800, 0x000001adbb3eb800, 0x000001adbb3ec000,
0x000001adbb3e7800, 0x000001adb76cf800
}

Java Threads: ( => current thread )
  0x000001ad96ce0000 JavaThread "main" [_thread_blocked, id=34924, stack(0x000000ab4a900000,0x000000ab4aa00000)]
  0x000001adb6639800 JavaThread "Reference Handler" daemon [_thread_blocked, id=35068, stack(0x000000ab4b000000,0x000000ab4b100000)]
  0x000001adb6626800 JavaThread "Finalizer" daemon [_thread_blocked, id=35072, stack(0x000000ab4b100000,0x000000ab4b200000)]
  0x000001adb6687800 JavaThread "Signal Dispatcher" daemon [_thread_blocked, id=35308, stack(0x000000ab4b200000,0x000000ab4b300000)]
  0x000001adb668a800 JavaThread "Attach Listener" daemon [_thread_blocked, id=35312, stack(0x000000ab4b300000,0x000000ab4b400000)]
  0x000001adb668c000 JavaThread "Service Thread" daemon [_thread_blocked, id=35316, stack(0x000000ab4b400000,0x000000ab4b500000)]
  0x000001adb668d000 JavaThread "C2 CompilerThread0" daemon [_thread_in_native, id=35320, stack(0x000000ab4b500000,0x000000ab4b600000)]
  0x000001adb668f800 JavaThread "C1 CompilerThread0" daemon [_thread_blocked, id=35332, stack(0x000000ab4b600000,0x000000ab4b700000)]
  0x000001adb6690800 JavaThread "Sweeper thread" daemon [_thread_blocked, id=35336, stack(0x000000ab4b700000,0x000000ab4b800000)]
  0x000001adb6796800 JavaThread "Common-Cleaner" daemon [_thread_blocked, id=35388, stack(0x000000ab4b800000,0x000000ab4b900000)]
  0x000001adb7a5a800 JavaThread "Daemon health stats" [_thread_blocked, id=36616, stack(0x000000ab4ba00000,0x000000ab4bb00000)]
  0x000001adb793f800 JavaThread "Incoming local TCP Connector on port 52341" [_thread_in_native, id=30032, stack(0x000000ab4c000000,0x000000ab4c100000)]
  0x000001adb745a000 JavaThread "Daemon periodic checks" [_thread_blocked, id=18532, stack(0x000000ab4c100000,0x000000ab4c200000)]
  0x000001adb77c1800 JavaThread "Daemon" [_thread_blocked, id=16260, stack(0x000000ab4c200000,0x000000ab4c300000)]
  0x000001adb82b3000 JavaThread "Handler for socket connection from /127.0.0.1:52341 to /127.0.0.1:52342" [_thread_in_native, id=36084, stack(0x000000ab4c300000,0x000000ab4c400000)]
  0x000001adb874c800 JavaThread "Cancel handler" [_thread_blocked, id=36080, stack(0x000000ab4c400000,0x000000ab4c500000)]
  0x000001adb7e3f800 JavaThread "Daemon worker" [_thread_in_native, id=36168, stack(0x000000ab4c500000,0x000000ab4c600000)]
  0x000001adb82c0000 JavaThread "Asynchronous log dispatcher for DefaultDaemonConnection: socket connection from /127.0.0.1:52341 to /127.0.0.1:52342" [_thread_blocked, id=20908, stack(0x000000ab4c600000,0x000000ab4c700000)]
  0x000001adb8d03000 JavaThread "Daemon client event forwarder" [_thread_blocked, id=36020, stack(0x000000ab4c800000,0x000000ab4c900000)]
  0x000001adb7d0e800 JavaThread "Cache worker for journal cache (C:\Users\db2ha\.gradle\caches\journal-1)" [_thread_blocked, id=36408, stack(0x000000ab4c900000,0x000000ab4ca00000)]
  0x000001adb7d10800 JavaThread "File lock request listener" [_thread_in_native, id=11932, stack(0x000000ab4ca00000,0x000000ab4cb00000)]
  0x000001adb7d0d800 JavaThread "Cache worker for file hash cache (C:\Users\db2ha\.gradle\caches\8.0.1\fileHashes)" [_thread_blocked, id=23064, stack(0x000000ab4cf00000,0x000000ab4d000000)]
  0x000001adb7d0f000 JavaThread "File watcher server" daemon [_thread_in_native, id=23044, stack(0x000000ab4d100000,0x000000ab4d200000)]
  0x000001adb7d0c000 JavaThread "File watcher consumer" daemon [_thread_blocked, id=1996, stack(0x000000ab4d200000,0x000000ab4d300000)]
  0x000001adb7d10000 JavaThread "Cache worker for checksums cache (E:\app\News\android\.gradle\8.0.1\checksums)" [_thread_blocked, id=32056, stack(0x000000ab4d000000,0x000000ab4d100000)]
  0x000001adb7d0b000 JavaThread "Cache worker for cache directory md-rule (C:\Users\db2ha\.gradle\caches\8.0.1\md-rule)" [_thread_blocked, id=21408, stack(0x000000ab4d300000,0x000000ab4d400000)]
  0x000001adb7d11800 JavaThread "Cache worker for file content cache (C:\Users\db2ha\.gradle\caches\8.0.1\fileContent)" [_thread_blocked, id=19780, stack(0x000000ab4d400000,0x000000ab4d500000)]
  0x000001adb7d0c800 JavaThread "Cache worker for file hash cache (E:\app\News\android\.gradle\8.0.1\fileHashes)" [_thread_blocked, id=34856, stack(0x000000ab4d500000,0x000000ab4d600000)]
  0x000001adbbaac800 JavaThread "Cache worker for cache directory md-supplier (C:\Users\db2ha\.gradle\caches\8.0.1\md-supplier)" [_thread_blocked, id=24412, stack(0x000000ab4d600000,0x000000ab4d700000)]
  0x000001adbbaad800 JavaThread "File lock release action executor" [_thread_blocked, id=35516, stack(0x000000ab4d700000,0x000000ab4d800000)]
  0x000001adbbaae000 JavaThread "Cache worker for execution history cache (C:\Users\db2ha\.gradle\caches\8.0.1\executionHistory)" [_thread_blocked, id=26304, stack(0x000000ab4d800000,0x000000ab4d900000)]
  0x000001adbbaab000 JavaThread "jar transforms" [_thread_blocked, id=14828, stack(0x000000ab4da00000,0x000000ab4db00000)]
  0x000001adbbaab800 JavaThread "jar transforms Thread 2" [_thread_blocked, id=35660, stack(0x000000ab4d900000,0x000000ab4da00000)]
  0x000001adbbaaf000 JavaThread "jar transforms Thread 3" [_thread_blocked, id=4248, stack(0x000000ab4dc00000,0x000000ab4dd00000)]
  0x000001adbbaa9000 JavaThread "jar transforms Thread 4" [_thread_blocked, id=36788, stack(0x000000ab4dd00000,0x000000ab4de00000)]
  0x000001adbbaaa000 JavaThread "Cache worker for kotlin-dsl (C:\Users\db2ha\.gradle\caches\8.0.1\kotlin-dsl)" [_thread_blocked, id=33416, stack(0x000000ab4df00000,0x000000ab4e000000)]
  0x000001adbbab1800 JavaThread "jar transforms Thread 5" [_thread_blocked, id=31712, stack(0x000000ab4e000000,0x000000ab4e100000)]
  0x000001adbbab2000 JavaThread "jar transforms Thread 6" [_thread_blocked, id=26492, stack(0x000000ab4e100000,0x000000ab4e200000)]
  0x000001adbbab4000 JavaThread "Cache worker for dependencies-accessors (E:\app\News\android\.gradle\8.0.1\dependencies-accessors)" [_thread_blocked, id=26560, stack(0x000000ab4e200000,0x000000ab4e300000)]
  0x000001adbbab5800 JavaThread "Cache worker for Build Output Cleanup Cache (E:\app\News\node_modules\@react-native\gradle-plugin\.gradle\buildOutputCleanup)" [_thread_blocked, id=36212, stack(0x000000ab4e300000,0x000000ab4e400000)]
  0x000001adbbab0000 JavaThread "jar transforms Thread 7" [_thread_blocked, id=35716, stack(0x000000ab4e400000,0x000000ab4e500000)]
  0x000001adbbab3000 JavaThread "Unconstrained build operations" [_thread_blocked, id=20032, stack(0x000000ab4e500000,0x000000ab4e600000)]
  0x000001adbbab4800 JavaThread "Unconstrained build operations Thread 2" [_thread_blocked, id=32528, stack(0x000000ab4e600000,0x000000ab4e700000)]
  0x000001adbbab6800 JavaThread "Unconstrained build operations Thread 3" [_thread_blocked, id=6456, stack(0x000000ab4e700000,0x000000ab4e800000)]
  0x000001adbbab0800 JavaThread "Unconstrained build operations Thread 4" [_thread_blocked, id=34636, stack(0x000000ab4e800000,0x000000ab4e900000)]
  0x000001adbbab7000 JavaThread "Unconstrained build operations Thread 5" [_thread_blocked, id=1900, stack(0x000000ab4e900000,0x000000ab4ea00000)]
  0x000001adb8831000 JavaThread "Unconstrained build operations Thread 6" [_thread_blocked, id=15104, stack(0x000000ab4ea00000,0x000000ab4eb00000)]
  0x000001adb882f800 JavaThread "Unconstrained build operations Thread 7" [_thread_blocked, id=17120, stack(0x000000ab4eb00000,0x000000ab4ec00000)]
  0x000001adb8832800 JavaThread "Unconstrained build operations Thread 8" [_thread_blocked, id=33468, stack(0x000000ab4ec00000,0x000000ab4ed00000)]
  0x000001adb8831800 JavaThread "Unconstrained build operations Thread 9" [_thread_blocked, id=2172, stack(0x000000ab4ed00000,0x000000ab4ee00000)]
  0x000001adb8833800 JavaThread "Unconstrained build operations Thread 10" [_thread_blocked, id=35768, stack(0x000000ab4ee00000,0x000000ab4ef00000)]
  0x000001adb8834000 JavaThread "Unconstrained build operations Thread 11" [_thread_blocked, id=27856, stack(0x000000ab4ef00000,0x000000ab4f000000)]
  0x000001adb8835000 JavaThread "Unconstrained build operations Thread 12" [_thread_blocked, id=28668, stack(0x000000ab4f000000,0x000000ab4f100000)]
  0x000001adb8836000 JavaThread "Unconstrained build operations Thread 13" [_thread_blocked, id=25076, stack(0x000000ab4f100000,0x000000ab4f200000)]
  0x000001adb8830000 JavaThread "Unconstrained build operations Thread 14" [_thread_blocked, id=11904, stack(0x000000ab4f200000,0x000000ab4f300000)]
  0x000001adb8836800 JavaThread "Unconstrained build operations Thread 15" [_thread_blocked, id=29952, stack(0x000000ab4f300000,0x000000ab4f400000)]
  0x000001adb883a000 JavaThread "Unconstrained build operations Thread 16" [_thread_blocked, id=35532, stack(0x000000ab4f400000,0x000000ab4f500000)]
  0x000001adb883b800 JavaThread "Unconstrained build operations Thread 17" [_thread_blocked, id=28236, stack(0x000000ab4f500000,0x000000ab4f600000)]
  0x000001adb883a800 JavaThread "Unconstrained build operations Thread 18" [_thread_blocked, id=33364, stack(0x000000ab4f600000,0x000000ab4f700000)]
  0x000001adb8837800 JavaThread "Unconstrained build operations Thread 19" [_thread_blocked, id=15548, stack(0x000000ab4f700000,0x000000ab4f800000)]
  0x000001adb883c800 JavaThread "Unconstrained build operations Thread 20" [_thread_blocked, id=17808, stack(0x000000ab4f800000,0x000000ab4f900000)]
  0x000001adb883d000 JavaThread "Unconstrained build operations Thread 21" [_thread_blocked, id=20072, stack(0x000000ab4f900000,0x000000ab4fa00000)]
  0x000001adb883e000 JavaThread "Unconstrained build operations Thread 22" [_thread_blocked, id=13248, stack(0x000000ab4fa00000,0x000000ab4fb00000)]
  0x000001adb8838000 JavaThread "Unconstrained build operations Thread 23" [_thread_blocked, id=11840, stack(0x000000ab4fb00000,0x000000ab4fc00000)]
  0x000001adb8839000 JavaThread "Unconstrained build operations Thread 24" [_thread_blocked, id=28612, stack(0x000000ab4fc00000,0x000000ab4fd00000)]
  0x000001adb734b800 JavaThread "Unconstrained build operations Thread 25" [_thread_blocked, id=34720, stack(0x000000ab4fd00000,0x000000ab4fe00000)]
  0x000001adb734f000 JavaThread "Unconstrained build operations Thread 26" [_thread_blocked, id=34680, stack(0x000000ab4fe00000,0x000000ab4ff00000)]
  0x000001adb7349800 JavaThread "jar transforms Thread 8" [_thread_blocked, id=34572, stack(0x000000ab4ff00000,0x000000ab50000000)]
  0x000001adb734e000 JavaThread "Memory manager" [_thread_blocked, id=31788, stack(0x000000ab50000000,0x000000ab50100000)]
  0x000001adb734d800 JavaThread "Cache worker for Build Output Cleanup Cache (E:\app\News\android\.gradle\buildOutputCleanup)" [_thread_blocked, id=35152, stack(0x000000ab50100000,0x000000ab50200000)]
  0x000001adb734c800 JavaThread "included builds" [_thread_blocked, id=34044, stack(0x000000ab4a600000,0x000000ab4a700000)]
  0x000001adb734a000 JavaThread "Execution worker" [_thread_blocked, id=34096, stack(0x000000ab4a700000,0x000000ab4a800000)]
  0x000001adb7350000 JavaThread "Execution worker Thread 2" [_thread_blocked, id=30456, stack(0x000000ab4a800000,0x000000ab4a900000)]
  0x000001adb7350800 JavaThread "Execution worker Thread 3" [_thread_blocked, id=1036, stack(0x000000ab50200000,0x000000ab50300000)]
  0x000001adb734b000 JavaThread "Execution worker Thread 4" [_thread_blocked, id=34288, stack(0x000000ab50300000,0x000000ab50400000)]
  0x000001adb7357000 JavaThread "Execution worker Thread 5" [_thread_blocked, id=34256, stack(0x000000ab50400000,0x000000ab50500000)]
  0x000001adb7355800 JavaThread "Execution worker Thread 6" [_thread_blocked, id=34356, stack(0x000000ab50500000,0x000000ab50600000)]
  0x000001adb7352800 JavaThread "Execution worker Thread 7" [_thread_blocked, id=34348, stack(0x000000ab50600000,0x000000ab50700000)]
  0x000001adb7351800 JavaThread "Cache worker for execution history cache (E:\app\News\node_modules\@react-native\gradle-plugin\.gradle\8.0.1\executionHistory)" [_thread_blocked, id=34564, stack(0x000000ab50700000,0x000000ab50800000)]
  0x000001adb7358000 JavaThread "Unconstrained build operations Thread 27" [_thread_blocked, id=19216, stack(0x000000ab50800000,0x000000ab50900000)]
  0x000001adb7353000 JavaThread "Unconstrained build operations Thread 28" [_thread_blocked, id=12884, stack(0x000000ab50900000,0x000000ab50a00000)]
  0x000001adb7354000 JavaThread "Unconstrained build operations Thread 29" [_thread_blocked, id=34228, stack(0x000000ab50a00000,0x000000ab50b00000)]
  0x000001adb7354800 JavaThread "Unconstrained build operations Thread 30" [_thread_blocked, id=29076, stack(0x000000ab50b00000,0x000000ab50c00000)]
  0x000001adb7356800 JavaThread "Unconstrained build operations Thread 31" [_thread_blocked, id=6368, stack(0x000000ab50c00000,0x000000ab50d00000)]
  0x000001adbc54d800 JavaThread "Unconstrained build operations Thread 32" [_thread_blocked, id=30820, stack(0x000000ab50d00000,0x000000ab50e00000)]
  0x000001adbc54c800 JavaThread "Unconstrained build operations Thread 33" [_thread_blocked, id=34968, stack(0x000000ab50e00000,0x000000ab50f00000)]
  0x000001adbc54e000 JavaThread "Unconstrained build operations Thread 34" [_thread_blocked, id=35088, stack(0x000000ab50f00000,0x000000ab51000000)]
  0x000001adbc54f000 JavaThread "Unconstrained build operations Thread 35" [_thread_blocked, id=34976, stack(0x000000ab51000000,0x000000ab51100000)]
  0x000001adbc54a000 JavaThread "Unconstrained build operations Thread 36" [_thread_blocked, id=28764, stack(0x000000ab51100000,0x000000ab51200000)]
  0x000001adbc54b000 JavaThread "Unconstrained build operations Thread 37" [_thread_blocked, id=3380, stack(0x000000ab51200000,0x000000ab51300000)]
  0x000001adbc549800 JavaThread "Unconstrained build operations Thread 38" [_thread_blocked, id=20476, stack(0x000000ab51300000,0x000000ab51400000)]
  0x000001adbc54b800 JavaThread "Unconstrained build operations Thread 39" [_thread_blocked, id=34964, stack(0x000000ab51400000,0x000000ab51500000)]
  0x000001adbc553000 JavaThread "Unconstrained build operations Thread 40" [_thread_blocked, id=21616, stack(0x000000ab51500000,0x000000ab51600000)]
  0x000001adbc552800 JavaThread "Unconstrained build operations Thread 41" [_thread_blocked, id=22980, stack(0x000000ab51600000,0x000000ab51700000)]
  0x000001adbc554000 JavaThread "Unconstrained build operations Thread 42" [_thread_blocked, id=32616, stack(0x000000ab51700000,0x000000ab51800000)]
  0x000001adbc554800 JavaThread "Unconstrained build operations Thread 43" [_thread_blocked, id=36248, stack(0x000000ab51800000,0x000000ab51900000)]
  0x000001adbc550800 JavaThread "Unconstrained build operations Thread 44" [_thread_blocked, id=36252, stack(0x000000ab51900000,0x000000ab51a00000)]
  0x000001adbc555800 JavaThread "Unconstrained build operations Thread 45" [_thread_blocked, id=29616, stack(0x000000ab51a00000,0x000000ab51b00000)]
  0x000001adbc551800 JavaThread "Unconstrained build operations Thread 46" [_thread_blocked, id=13520, stack(0x000000ab51b00000,0x000000ab51c00000)]
  0x000001adbc550000 JavaThread "Unconstrained build operations Thread 47" [_thread_blocked, id=36256, stack(0x000000ab51c00000,0x000000ab51d00000)]
  0x000001adbc556800 JavaThread "Unconstrained build operations Thread 48" [_thread_blocked, id=15588, stack(0x000000ab51d00000,0x000000ab51e00000)]
  0x000001adbc557000 JavaThread "Unconstrained build operations Thread 49" [_thread_blocked, id=30908, stack(0x000000ab51e00000,0x000000ab51f00000)]
  0x000001adbc558000 JavaThread "Unconstrained build operations Thread 50" [_thread_blocked, id=23276, stack(0x000000ab51f00000,0x000000ab52000000)]
  0x000001adbb003800 JavaThread "Unconstrained build operations Thread 51" [_thread_blocked, id=29408, stack(0x000000ab52000000,0x000000ab52100000)]
  0x000001adbb006000 JavaThread "Unconstrained build operations Thread 52" [_thread_blocked, id=36904, stack(0x000000ab52100000,0x000000ab52200000)]
  0x000001adbb007800 JavaThread "Unconstrained build operations Thread 53" [_thread_blocked, id=36972, stack(0x000000ab52300000,0x000000ab52400000)]
  0x000001adbb005000 JavaThread "Unconstrained build operations Thread 54" [_thread_blocked, id=36976, stack(0x000000ab52400000,0x000000ab52500000)]
  0x000001adbb007000 JavaThread "Unconstrained build operations Thread 55" [_thread_blocked, id=36980, stack(0x000000ab52500000,0x000000ab52600000)]
  0x000001adbb002000 JavaThread "Unconstrained build operations Thread 56" [_thread_blocked, id=36984, stack(0x000000ab52600000,0x000000ab52700000)]
  0x000001adbb008800 JavaThread "Unconstrained build operations Thread 57" [_thread_blocked, id=36988, stack(0x000000ab52700000,0x000000ab52800000)]
  0x000001adbb002800 JavaThread "Unconstrained build operations Thread 58" [_thread_blocked, id=36992, stack(0x000000ab52800000,0x000000ab52900000)]
  0x000001adbb009000 JavaThread "Unconstrained build operations Thread 59" [_thread_blocked, id=36996, stack(0x000000ab52900000,0x000000ab52a00000)]
  0x000001adbb00a000 JavaThread "Unconstrained build operations Thread 60" [_thread_blocked, id=37000, stack(0x000000ab52a00000,0x000000ab52b00000)]
  0x000001adbb004800 JavaThread "Unconstrained build operations Thread 61" [_thread_blocked, id=37004, stack(0x000000ab52b00000,0x000000ab52c00000)]
  0x000001adbb00d800 JavaThread "Unconstrained build operations Thread 62" [_thread_blocked, id=37008, stack(0x000000ab52c00000,0x000000ab52d00000)]
  0x000001adbb00e000 JavaThread "Unconstrained build operations Thread 63" [_thread_blocked, id=37012, stack(0x000000ab52d00000,0x000000ab52e00000)]
  0x000001adbb00c800 JavaThread "Unconstrained build operations Thread 64" [_thread_blocked, id=37016, stack(0x000000ab52e00000,0x000000ab52f00000)]
  0x000001adbb00f000 JavaThread "Unconstrained build operations Thread 65" [_thread_blocked, id=37020, stack(0x000000ab52f00000,0x000000ab53000000)]
  0x000001adbb010000 JavaThread "Unconstrained build operations Thread 66" [_thread_blocked, id=37024, stack(0x000000ab53000000,0x000000ab53100000)]
  0x000001adbb00b000 JavaThread "Unconstrained build operations Thread 67" [_thread_blocked, id=37028, stack(0x000000ab53100000,0x000000ab53200000)]
  0x000001adbb00b800 JavaThread "Unconstrained build operations Thread 68" [_thread_blocked, id=37032, stack(0x000000ab53200000,0x000000ab53300000)]
  0x000001adbb010800 JavaThread "Unconstrained build operations Thread 69" [_thread_blocked, id=37036, stack(0x000000ab53300000,0x000000ab53400000)]
  0x000001adbb3e5000 JavaThread "Unconstrained build operations Thread 70" [_thread_blocked, id=37040, stack(0x000000ab53400000,0x000000ab53500000)]
  0x000001adbb3e3000 JavaThread "Unconstrained build operations Thread 71" [_thread_blocked, id=37044, stack(0x000000ab53500000,0x000000ab53600000)]
  0x000001adbb3e2800 JavaThread "Unconstrained build operations Thread 72" [_thread_blocked, id=37048, stack(0x000000ab53600000,0x000000ab53700000)]
  0x000001adbb3e4000 JavaThread "Unconstrained build operations Thread 73" [_thread_blocked, id=37052, stack(0x000000ab53700000,0x000000ab53800000)]
  0x000001adbb3e0800 JavaThread "Unconstrained build operations Thread 74" [_thread_blocked, id=37056, stack(0x000000ab53800000,0x000000ab53900000)]
  0x000001adbb3e1800 JavaThread "Unconstrained build operations Thread 75" [_thread_blocked, id=37060, stack(0x000000ab53900000,0x000000ab53a00000)]
  0x000001adbb3e5800 JavaThread "Unconstrained build operations Thread 76" [_thread_blocked, id=37064, stack(0x000000ab53a00000,0x000000ab53b00000)]
  0x000001adbb3ea800 JavaThread "Unconstrained build operations Thread 77" [_thread_blocked, id=37068, stack(0x000000ab53b00000,0x000000ab53c00000)]
  0x000001adbb3eb800 JavaThread "Unconstrained build operations Thread 78" [_thread_blocked, id=37072, stack(0x000000ab53c00000,0x000000ab53d00000)]
  0x000001adbb3ec000 JavaThread "Unconstrained build operations Thread 79" [_thread_blocked, id=37076, stack(0x000000ab53d00000,0x000000ab53e00000)]
  0x000001adbb3e7800 JavaThread "Unconstrained build operations Thread 80" [_thread_blocked, id=37080, stack(0x000000ab53e00000,0x000000ab53f00000)]
=>0x000001adb76cf800 JavaThread "C2 CompilerThread1" daemon [_thread_in_native, id=37624, stack(0x000000ab4c700000,0x000000ab4c800000)]

Other Threads:
  0x000001adb6624800 VMThread "VM Thread" [stack: 0x000000ab4af00000,0x000000ab4b000000] [id=35048]
  0x000001adb6827800 WatcherThread [stack: 0x000000ab4b900000,0x000000ab4ba00000] [id=35460]
  0x000001ad96cf7800 GCTaskThread "GC Thread#0" [stack: 0x000000ab4aa00000,0x000000ab4ab00000] [id=6312]
  0x000001adb7541800 GCTaskThread "GC Thread#1" [stack: 0x000000ab4bb00000,0x000000ab4bc00000] [id=14540]
  0x000001adb72f7000 GCTaskThread "GC Thread#2" [stack: 0x000000ab4bc00000,0x000000ab4bd00000] [id=19408]
  0x000001adb7582800 GCTaskThread "GC Thread#3" [stack: 0x000000ab4bd00000,0x000000ab4be00000] [id=9280]
  0x000001adb750c000 GCTaskThread "GC Thread#4" [stack: 0x000000ab4be00000,0x000000ab4bf00000] [id=32484]
  0x000001adb750d000 GCTaskThread "GC Thread#5" [stack: 0x000000ab4bf00000,0x000000ab4c000000] [id=17776]
  0x000001adb67f9000 GCTaskThread "GC Thread#6" [stack: 0x000000ab4cb00000,0x000000ab4cc00000] [id=27080]
  0x000001adb7427800 GCTaskThread "GC Thread#7" [stack: 0x000000ab4cc00000,0x000000ab4cd00000] [id=35060]
  0x000001ad96d27000 ConcurrentGCThread "G1 Main Marker" [stack: 0x000000ab4ab00000,0x000000ab4ac00000] [id=15400]
  0x000001ad96d28800 ConcurrentGCThread "G1 Conc#0" [stack: 0x000000ab4ac00000,0x000000ab4ad00000] [id=34996]
  0x000001adb7167800 ConcurrentGCThread "G1 Conc#1" [stack: 0x000000ab4cd00000,0x000000ab4ce00000] [id=35080]
  0x000001ad96dae800 ConcurrentGCThread "G1 Refine#0" [stack: 0x000000ab4ad00000,0x000000ab4ae00000] [id=35000]
  0x000001adb7168800 ConcurrentGCThread "G1 Refine#1" [stack: 0x000000ab4ce00000,0x000000ab4cf00000] [id=2944]
  0x000001adb5c8a800 ConcurrentGCThread "G1 Young RemSet Sampling" [stack: 0x000000ab4ae00000,0x000000ab4af00000] [id=35004]

Threads with active compile tasks:
C2 CompilerThread0    84636 9356   !   4       com.sun.beans.TypeResolver::resolve (261 bytes)
C2 CompilerThread1    84636 9380       4       java.beans.Introspector::addMethod (196 bytes)

VM state:not at safepoint (normal execution)

VM Mutex/Monitor currently owned by a thread: None

Heap address: 0x0000000080000000, size: 2048 MB, Compressed Oops mode: 32-bit
Narrow klass base: 0x0000000000000000, Narrow klass shift: 3
Compressed class space size: 528482304 Address: 0x0000000100000000

Heap:
 garbage-first heap   total 258048K, used 201667K [0x0000000080000000, 0x0000000100000000)
  region size 1024K, 147 young (150528K), 19 survivors (19456K)
 Metaspace       used 86070K, capacity 88632K, committed 88712K, reserved 593920K
  class space    used 11053K, capacity 12084K, committed 12160K, reserved 516096K
Heap Regions: E=young(eden), S=young(survivor), O=old, HS=humongous(starts), HC=humongous(continues), CS=collection set, F=free, A=archive, TAMS=top-at-mark-start (previous, next)
|   0|0x0000000080000000, 0x0000000080100000, 0x0000000080100000|100%|HS|  |TAMS 0x0000000080100000, 0x0000000080000000| Complete 
|   1|0x0000000080100000, 0x0000000080200000, 0x0000000080200000|100%|HC|  |TAMS 0x0000000080200000, 0x0000000080100000| Complete 
|   2|0x0000000080200000, 0x0000000080300000, 0x0000000080300000|100%|HC|  |TAMS 0x0000000080300000, 0x0000000080200000| Complete 
|   3|0x0000000080300000, 0x0000000080400000, 0x0000000080400000|100%|HC|  |TAMS 0x0000000080400000, 0x0000000080300000| Complete 
|   4|0x0000000080400000, 0x0000000080500000, 0x0000000080500000|100%| O|  |TAMS 0x0000000080500000, 0x0000000080400000| Untracked 
|   5|0x0000000080500000, 0x0000000080600000, 0x0000000080600000|100%| O|  |TAMS 0x0000000080600000, 0x0000000080500000| Untracked 
|   6|0x0000000080600000, 0x0000000080700000, 0x0000000080700000|100%| O|  |TAMS 0x0000000080700000, 0x0000000080600000| Untracked 
|   7|0x0000000080700000, 0x0000000080800000, 0x0000000080800000|100%| O|  |TAMS 0x0000000080800000, 0x0000000080700000| Untracked 
|   8|0x0000000080800000, 0x0000000080900000, 0x0000000080900000|100%| O|  |TAMS 0x0000000080900000, 0x0000000080800000| Untracked 
|   9|0x0000000080900000, 0x0000000080a00000, 0x0000000080a00000|100%| O|  |TAMS 0x0000000080a00000, 0x0000000080900000| Untracked 
|  10|0x0000000080a00000, 0x0000000080b00000, 0x0000000080b00000|100%| O|  |TAMS 0x0000000080b00000, 0x0000000080a00000| Untracked 
|  11|0x0000000080b00000, 0x0000000080c00000, 0x0000000080c00000|100%| O|  |TAMS 0x0000000080c00000, 0x0000000080b00000| Untracked 
|  12|0x0000000080c00000, 0x0000000080d00000, 0x0000000080d00000|100%| O|  |TAMS 0x0000000080d00000, 0x0000000080c00000| Untracked 
|  13|0x0000000080d00000, 0x0000000080e00000, 0x0000000080e00000|100%| O|  |TAMS 0x0000000080e00000, 0x0000000080d00000| Untracked 
|  14|0x0000000080e00000, 0x0000000080f00000, 0x0000000080f00000|100%| O|  |TAMS 0x0000000080f00000, 0x0000000080e00000| Untracked 
|  15|0x0000000080f00000, 0x0000000081000000, 0x0000000081000000|100%| O|  |TAMS 0x0000000081000000, 0x0000000080f00000| Untracked 
|  16|0x0000000081000000, 0x0000000081100000, 0x0000000081100000|100%| O|  |TAMS 0x0000000081100000, 0x0000000081000000| Untracked 
|  17|0x0000000081100000, 0x0000000081200000, 0x0000000081200000|100%| O|  |TAMS 0x0000000081200000, 0x0000000081100000| Untracked 
|  18|0x0000000081200000, 0x0000000081300000, 0x0000000081300000|100%|HS|  |TAMS 0x0000000081300000, 0x0000000081200000| Complete 
|  19|0x0000000081300000, 0x0000000081400000, 0x0000000081400000|100%|HC|  |TAMS 0x0000000081400000, 0x0000000081300000| Complete 
|  20|0x0000000081400000, 0x0000000081500000, 0x0000000081500000|100%|HS|  |TAMS 0x0000000081500000, 0x0000000081400000| Complete 
|  21|0x0000000081500000, 0x0000000081600000, 0x0000000081600000|100%|HC|  |TAMS 0x0000000081600000, 0x0000000081500000| Complete 
|  22|0x0000000081600000, 0x0000000081700000, 0x0000000081700000|100%|HC|  |TAMS 0x0000000081700000, 0x0000000081600000| Complete 
|  23|0x0000000081700000, 0x0000000081800000, 0x0000000081800000|100%|HC|  |TAMS 0x0000000081800000, 0x0000000081700000| Complete 
|  24|0x0000000081800000, 0x0000000081900000, 0x0000000081900000|100%| O|  |TAMS 0x0000000081900000, 0x0000000081800000| Untracked 
|  25|0x0000000081900000, 0x0000000081a00000, 0x0000000081a00000|100%| O|  |TAMS 0x0000000081a00000, 0x0000000081900000| Untracked 
|  26|0x0000000081a00000, 0x0000000081b00000, 0x0000000081b00000|100%| O|  |TAMS 0x0000000081b00000, 0x0000000081a00000| Untracked 
|  27|0x0000000081b00000, 0x0000000081c00000, 0x0000000081c00000|100%| O|  |TAMS 0x0000000081c00000, 0x0000000081b00000| Untracked 
|  28|0x0000000081c00000, 0x0000000081d00000, 0x0000000081d00000|100%| O|  |TAMS 0x0000000081d00000, 0x0000000081c00000| Untracked 
|  29|0x0000000081d00000, 0x0000000081e00000, 0x0000000081e00000|100%| O|  |TAMS 0x0000000081e00000, 0x0000000081d00000| Untracked 
|  30|0x0000000081e00000, 0x0000000081f00000, 0x0000000081f00000|100%| O|  |TAMS 0x0000000081f00000, 0x0000000081e00000| Untracked 
|  31|0x0000000081f00000, 0x0000000082000000, 0x0000000082000000|100%| O|  |TAMS 0x0000000082000000, 0x0000000081f00000| Untracked 
|  32|0x0000000082000000, 0x0000000082100000, 0x0000000082100000|100%| O|  |TAMS 0x0000000082100000, 0x0000000082000000| Untracked 
|  33|0x0000000082100000, 0x0000000082200000, 0x0000000082200000|100%| O|  |TAMS 0x0000000082200000, 0x0000000082100000| Untracked 
|  34|0x0000000082200000, 0x0000000082300000, 0x0000000082300000|100%| O|  |TAMS 0x0000000082300000, 0x0000000082200000| Untracked 
|  35|0x0000000082300000, 0x0000000082400000, 0x0000000082400000|100%| O|  |TAMS 0x000000008238b200, 0x0000000082300000| Untracked 
|  36|0x0000000082400000, 0x0000000082500000, 0x0000000082500000|100%|HS|  |TAMS 0x0000000082400000, 0x0000000082400000| Complete 
|  37|0x0000000082500000, 0x0000000082600000, 0x0000000082600000|100%|HS|  |TAMS 0x0000000082500000, 0x0000000082500000| Complete 
|  38|0x0000000082600000, 0x0000000082700000, 0x0000000082700000|100%| O|  |TAMS 0x0000000082600000, 0x0000000082600000| Untracked 
|  39|0x0000000082700000, 0x0000000082800000, 0x0000000082800000|100%| O|  |TAMS 0x0000000082700000, 0x0000000082700000| Untracked 
|  40|0x0000000082800000, 0x0000000082900000, 0x0000000082900000|100%| O|  |TAMS 0x0000000082800000, 0x0000000082800000| Untracked 
|  41|0x0000000082900000, 0x0000000082a00000, 0x0000000082a00000|100%| O|  |TAMS 0x0000000082900000, 0x0000000082900000| Untracked 
|  42|0x0000000082a00000, 0x0000000082af0c00, 0x0000000082b00000| 94%| O|  |TAMS 0x0000000082a00000, 0x0000000082a00000| Untracked 
|  43|0x0000000082b00000, 0x0000000082c00000, 0x0000000082c00000|100%|HS|  |TAMS 0x0000000082b00000, 0x0000000082b00000| Complete 
|  44|0x0000000082c00000, 0x0000000082d00000, 0x0000000082d00000|100%|HS|  |TAMS 0x0000000082c00000, 0x0000000082c00000| Complete 
|  45|0x0000000082d00000, 0x0000000082e00000, 0x0000000082e00000|100%|HS|  |TAMS 0x0000000082d00000, 0x0000000082d00000| Complete 
|  46|0x0000000082e00000, 0x0000000082f00000, 0x0000000082f00000|100%|HS|  |TAMS 0x0000000082e00000, 0x0000000082e00000| Complete 
|  47|0x0000000082f00000, 0x0000000083000000, 0x0000000083000000|100%|HS|  |TAMS 0x0000000082f00000, 0x0000000082f00000| Complete 
|  48|0x0000000083000000, 0x0000000083100000, 0x0000000083100000|100%|HS|  |TAMS 0x0000000083000000, 0x0000000083000000| Complete 
|  49|0x0000000083100000, 0x0000000083200000, 0x0000000083200000|100%|HS|  |TAMS 0x0000000083100000, 0x0000000083100000| Complete 
|  50|0x0000000083200000, 0x0000000083300000, 0x0000000083300000|100%|HS|  |TAMS 0x0000000083200000, 0x0000000083200000| Complete 
|  51|0x0000000083300000, 0x0000000083400000, 0x0000000083400000|100%|HS|  |TAMS 0x0000000083300000, 0x0000000083300000| Complete 
|  52|0x0000000083400000, 0x0000000083400000, 0x0000000083500000|  0%| F|  |TAMS 0x0000000083400000, 0x0000000083400000| Untracked 
|  53|0x0000000083500000, 0x0000000083500000, 0x0000000083600000|  0%| F|  |TAMS 0x0000000083500000, 0x0000000083500000| Untracked 
|  54|0x0000000083600000, 0x0000000083600000, 0x0000000083700000|  0%| F|  |TAMS 0x0000000083600000, 0x0000000083600000| Untracked 
|  55|0x0000000083700000, 0x0000000083700000, 0x0000000083800000|  0%| F|  |TAMS 0x0000000083700000, 0x0000000083700000| Untracked 
|  56|0x0000000083800000, 0x0000000083800000, 0x0000000083900000|  0%| F|  |TAMS 0x0000000083800000, 0x0000000083800000| Untracked 
|  57|0x0000000083900000, 0x0000000083900000, 0x0000000083a00000|  0%| F|  |TAMS 0x0000000083900000, 0x0000000083900000| Untracked 
|  58|0x0000000083a00000, 0x0000000083a00000, 0x0000000083b00000|  0%| F|  |TAMS 0x0000000083a00000, 0x0000000083a00000| Untracked 
|  59|0x0000000083b00000, 0x0000000083b00000, 0x0000000083c00000|  0%| F|  |TAMS 0x0000000083b00000, 0x0000000083b00000| Untracked 
|  60|0x0000000083c00000, 0x0000000083c00000, 0x0000000083d00000|  0%| F|  |TAMS 0x0000000083c00000, 0x0000000083c00000| Untracked 
|  61|0x0000000083d00000, 0x0000000083d00000, 0x0000000083e00000|  0%| F|  |TAMS 0x0000000083d00000, 0x0000000083d00000| Untracked 
|  62|0x0000000083e00000, 0x0000000083e00000, 0x0000000083f00000|  0%| F|  |TAMS 0x0000000083e00000, 0x0000000083e00000| Untracked 
|  63|0x0000000083f00000, 0x0000000083f00000, 0x0000000084000000|  0%| F|  |TAMS 0x0000000083f00000, 0x0000000083f00000| Untracked 
|  64|0x0000000084000000, 0x0000000084000000, 0x0000000084100000|  0%| F|  |TAMS 0x0000000084000000, 0x0000000084000000| Untracked 
|  65|0x0000000084100000, 0x0000000084100000, 0x0000000084200000|  0%| F|  |TAMS 0x0000000084100000, 0x0000000084100000| Untracked 
|  66|0x0000000084200000, 0x0000000084200000, 0x0000000084300000|  0%| F|  |TAMS 0x0000000084200000, 0x0000000084200000| Untracked 
|  67|0x0000000084300000, 0x0000000084300000, 0x0000000084400000|  0%| F|  |TAMS 0x0000000084300000, 0x0000000084300000| Untracked 
|  68|0x0000000084400000, 0x0000000084400000, 0x0000000084500000|  0%| F|  |TAMS 0x0000000084400000, 0x0000000084400000| Untracked 
|  69|0x0000000084500000, 0x0000000084500000, 0x0000000084600000|  0%| F|  |TAMS 0x0000000084500000, 0x0000000084500000| Untracked 
|  70|0x0000000084600000, 0x0000000084600000, 0x0000000084700000|  0%| F|  |TAMS 0x0000000084600000, 0x0000000084600000| Untracked 
|  71|0x0000000084700000, 0x0000000084700000, 0x0000000084800000|  0%| F|  |TAMS 0x0000000084700000, 0x0000000084700000| Untracked 
|  72|0x0000000084800000, 0x0000000084800000, 0x0000000084900000|  0%| F|  |TAMS 0x0000000084800000, 0x0000000084800000| Untracked 
|  73|0x0000000084900000, 0x0000000084900000, 0x0000000084a00000|  0%| F|  |TAMS 0x0000000084900000, 0x0000000084900000| Untracked 
|  74|0x0000000084a00000, 0x0000000084a00000, 0x0000000084b00000|  0%| F|  |TAMS 0x0000000084a00000, 0x0000000084a00000| Untracked 
|  75|0x0000000084b00000, 0x0000000084b00000, 0x0000000084c00000|  0%| F|  |TAMS 0x0000000084b00000, 0x0000000084b00000| Untracked 
|  76|0x0000000084c00000, 0x0000000084c00000, 0x0000000084d00000|  0%| F|  |TAMS 0x0000000084c00000, 0x0000000084c00000| Untracked 
|  77|0x0000000084d00000, 0x0000000084d00000, 0x0000000084e00000|  0%| F|  |TAMS 0x0000000084d00000, 0x0000000084d00000| Untracked 
|  78|0x0000000084e00000, 0x0000000084e00000, 0x0000000084f00000|  0%| F|  |TAMS 0x0000000084e00000, 0x0000000084e00000| Untracked 
|  79|0x0000000084f00000, 0x0000000084f00000, 0x0000000085000000|  0%| F|  |TAMS 0x0000000084f00000, 0x0000000084f00000| Untracked 
|  80|0x0000000085000000, 0x0000000085000000, 0x0000000085100000|  0%| F|  |TAMS 0x0000000085000000, 0x0000000085000000| Untracked 
|  81|0x0000000085100000, 0x0000000085100000, 0x0000000085200000|  0%| F|  |TAMS 0x0000000085100000, 0x0000000085100000| Untracked 
|  82|0x0000000085200000, 0x0000000085300000, 0x0000000085300000|100%| S|CS|TAMS 0x0000000085200000, 0x0000000085200000| Complete 
|  83|0x0000000085300000, 0x0000000085400000, 0x0000000085400000|100%| S|CS|TAMS 0x0000000085300000, 0x0000000085300000| Complete 
|  84|0x0000000085400000, 0x0000000085500000, 0x0000000085500000|100%| S|CS|TAMS 0x0000000085400000, 0x0000000085400000| Complete 
|  85|0x0000000085500000, 0x0000000085600000, 0x0000000085600000|100%| S|CS|TAMS 0x0000000085500000, 0x0000000085500000| Complete 
|  86|0x0000000085600000, 0x0000000085700000, 0x0000000085700000|100%| S|CS|TAMS 0x0000000085600000, 0x0000000085600000| Complete 
|  87|0x0000000085700000, 0x0000000085800000, 0x0000000085800000|100%| S|CS|TAMS 0x0000000085700000, 0x0000000085700000| Complete 
|  88|0x0000000085800000, 0x0000000085900000, 0x0000000085900000|100%| S|CS|TAMS 0x0000000085800000, 0x0000000085800000| Complete 
|  89|0x0000000085900000, 0x0000000085a00000, 0x0000000085a00000|100%| S|CS|TAMS 0x0000000085900000, 0x0000000085900000| Complete 
|  90|0x0000000085a00000, 0x0000000085b00000, 0x0000000085b00000|100%| S|CS|TAMS 0x0000000085a00000, 0x0000000085a00000| Complete 
|  91|0x0000000085b00000, 0x0000000085c00000, 0x0000000085c00000|100%| S|CS|TAMS 0x0000000085b00000, 0x0000000085b00000| Complete 
|  92|0x0000000085c00000, 0x0000000085d00000, 0x0000000085d00000|100%| S|CS|TAMS 0x0000000085c00000, 0x0000000085c00000| Complete 
|  93|0x0000000085d00000, 0x0000000085e00000, 0x0000000085e00000|100%| S|CS|TAMS 0x0000000085d00000, 0x0000000085d00000| Complete 
|  94|0x0000000085e00000, 0x0000000085e00000, 0x0000000085f00000|  0%| F|  |TAMS 0x0000000085e00000, 0x0000000085e00000| Untracked 
|  95|0x0000000085f00000, 0x0000000085f00000, 0x0000000086000000|  0%| F|  |TAMS 0x0000000085f00000, 0x0000000085f00000| Untracked 
|  96|0x0000000086000000, 0x0000000086000000, 0x0000000086100000|  0%| F|  |TAMS 0x0000000086000000, 0x0000000086000000| Untracked 
|  97|0x0000000086100000, 0x0000000086100000, 0x0000000086200000|  0%| F|  |TAMS 0x0000000086100000, 0x0000000086100000| Untracked 
|  98|0x0000000086200000, 0x0000000086200000, 0x0000000086300000|  0%| F|  |TAMS 0x0000000086200000, 0x0000000086200000| Untracked 
|  99|0x0000000086300000, 0x0000000086300000, 0x0000000086400000|  0%| F|  |TAMS 0x0000000086300000, 0x0000000086300000| Untracked 
| 100|0x0000000086400000, 0x0000000086400000, 0x0000000086500000|  0%| F|  |TAMS 0x0000000086400000, 0x0000000086400000| Untracked 
| 101|0x0000000086500000, 0x0000000086500000, 0x0000000086600000|  0%| F|  |TAMS 0x0000000086500000, 0x0000000086500000| Untracked 
| 102|0x0000000086600000, 0x0000000086600000, 0x0000000086700000|  0%| F|  |TAMS 0x0000000086600000, 0x0000000086600000| Untracked 
| 103|0x0000000086700000, 0x0000000086700000, 0x0000000086800000|  0%| F|  |TAMS 0x0000000086700000, 0x0000000086700000| Untracked 
| 104|0x0000000086800000, 0x0000000086800000, 0x0000000086900000|  0%| F|  |TAMS 0x0000000086800000, 0x0000000086800000| Untracked 
| 105|0x0000000086900000, 0x0000000086900000, 0x0000000086a00000|  0%| F|  |TAMS 0x0000000086900000, 0x0000000086900000| Untracked 
| 106|0x0000000086a00000, 0x0000000086a00000, 0x0000000086b00000|  0%| F|  |TAMS 0x0000000086a00000, 0x0000000086a00000| Untracked 
| 107|0x0000000086b00000, 0x0000000086c00000, 0x0000000086c00000|100%| S|CS|TAMS 0x0000000086b00000, 0x0000000086b00000| Complete 
| 108|0x0000000086c00000, 0x0000000086d00000, 0x0000000086d00000|100%| S|CS|TAMS 0x0000000086c00000, 0x0000000086c00000| Complete 
| 109|0x0000000086d00000, 0x0000000086e00000, 0x0000000086e00000|100%| S|CS|TAMS 0x0000000086d00000, 0x0000000086d00000| Complete 
| 110|0x0000000086e00000, 0x0000000086f00000, 0x0000000086f00000|100%| S|CS|TAMS 0x0000000086e00000, 0x0000000086e00000| Complete 
| 111|0x0000000086f00000, 0x0000000087000000, 0x0000000087000000|100%| S|CS|TAMS 0x0000000086f00000, 0x0000000086f00000| Complete 
| 112|0x0000000087000000, 0x0000000087100000, 0x0000000087100000|100%| S|CS|TAMS 0x0000000087000000, 0x0000000087000000| Complete 
| 113|0x0000000087100000, 0x0000000087200000, 0x0000000087200000|100%| S|CS|TAMS 0x0000000087100000, 0x0000000087100000| Complete 
| 114|0x0000000087200000, 0x0000000087200000, 0x0000000087300000|  0%| F|  |TAMS 0x0000000087200000, 0x0000000087200000| Untracked 
| 115|0x0000000087300000, 0x0000000087300000, 0x0000000087400000|  0%| F|  |TAMS 0x0000000087300000, 0x0000000087300000| Untracked 
| 116|0x0000000087400000, 0x0000000087400000, 0x0000000087500000|  0%| F|  |TAMS 0x0000000087400000, 0x0000000087400000| Untracked 
| 117|0x0000000087500000, 0x0000000087500000, 0x0000000087600000|  0%| F|  |TAMS 0x0000000087500000, 0x0000000087500000| Untracked 
| 118|0x0000000087600000, 0x0000000087600000, 0x0000000087700000|  0%| F|  |TAMS 0x0000000087600000, 0x0000000087600000| Untracked 
| 119|0x0000000087700000, 0x0000000087700000, 0x0000000087800000|  0%| F|  |TAMS 0x0000000087700000, 0x0000000087700000| Untracked 
| 120|0x0000000087800000, 0x0000000087800000, 0x0000000087900000|  0%| F|  |TAMS 0x0000000087800000, 0x0000000087800000| Untracked 
| 121|0x0000000087900000, 0x0000000087900000, 0x0000000087a00000|  0%| F|  |TAMS 0x0000000087900000, 0x0000000087900000| Untracked 
| 122|0x0000000087a00000, 0x0000000087a00000, 0x0000000087b00000|  0%| F|  |TAMS 0x0000000087a00000, 0x0000000087a00000| Untracked 
| 123|0x0000000087b00000, 0x0000000087b00000, 0x0000000087c00000|  0%| F|  |TAMS 0x0000000087b00000, 0x0000000087b00000| Untracked 
| 124|0x0000000087c00000, 0x0000000087c80800, 0x0000000087d00000| 50%| E|  |TAMS 0x0000000087c00000, 0x0000000087c00000| Complete 
| 125|0x0000000087d00000, 0x0000000087e00000, 0x0000000087e00000|100%| E|CS|TAMS 0x0000000087d00000, 0x0000000087d00000| Complete 
| 126|0x0000000087e00000, 0x0000000087f00000, 0x0000000087f00000|100%| E|CS|TAMS 0x0000000087e00000, 0x0000000087e00000| Complete 
| 127|0x0000000087f00000, 0x0000000088000000, 0x0000000088000000|100%| E|CS|TAMS 0x0000000087f00000, 0x0000000087f00000| Complete 
| 128|0x0000000088000000, 0x0000000088100000, 0x0000000088100000|100%| E|CS|TAMS 0x0000000088000000, 0x0000000088000000| Complete 
| 129|0x0000000088100000, 0x0000000088200000, 0x0000000088200000|100%| E|CS|TAMS 0x0000000088100000, 0x0000000088100000| Complete 
| 130|0x0000000088200000, 0x0000000088300000, 0x0000000088300000|100%| E|CS|TAMS 0x0000000088200000, 0x0000000088200000| Complete 
| 131|0x0000000088300000, 0x0000000088400000, 0x0000000088400000|100%| E|CS|TAMS 0x0000000088300000, 0x0000000088300000| Complete 
| 132|0x0000000088400000, 0x0000000088500000, 0x0000000088500000|100%| E|CS|TAMS 0x0000000088400000, 0x0000000088400000| Complete 
| 133|0x0000000088500000, 0x0000000088600000, 0x0000000088600000|100%| E|CS|TAMS 0x0000000088500000, 0x0000000088500000| Complete 
| 134|0x0000000088600000, 0x0000000088700000, 0x0000000088700000|100%| E|CS|TAMS 0x0000000088600000, 0x0000000088600000| Complete 
| 135|0x0000000088700000, 0x0000000088800000, 0x0000000088800000|100%| E|CS|TAMS 0x0000000088700000, 0x0000000088700000| Complete 
| 136|0x0000000088800000, 0x0000000088900000, 0x0000000088900000|100%| E|CS|TAMS 0x0000000088800000, 0x0000000088800000| Complete 
| 137|0x0000000088900000, 0x0000000088a00000, 0x0000000088a00000|100%| E|CS|TAMS 0x0000000088900000, 0x0000000088900000| Complete 
| 138|0x0000000088a00000, 0x0000000088b00000, 0x0000000088b00000|100%| E|CS|TAMS 0x0000000088a00000, 0x0000000088a00000| Complete 
| 139|0x0000000088b00000, 0x0000000088c00000, 0x0000000088c00000|100%| E|CS|TAMS 0x0000000088b00000, 0x0000000088b00000| Complete 
| 140|0x0000000088c00000, 0x0000000088d00000, 0x0000000088d00000|100%| E|CS|TAMS 0x0000000088c00000, 0x0000000088c00000| Complete 
| 141|0x0000000088d00000, 0x0000000088e00000, 0x0000000088e00000|100%| E|CS|TAMS 0x0000000088d00000, 0x0000000088d00000| Complete 
| 142|0x0000000088e00000, 0x0000000088f00000, 0x0000000088f00000|100%| E|CS|TAMS 0x0000000088e00000, 0x0000000088e00000| Complete 
| 143|0x0000000088f00000, 0x0000000089000000, 0x0000000089000000|100%| E|CS|TAMS 0x0000000088f00000, 0x0000000088f00000| Complete 
| 144|0x0000000089000000, 0x0000000089100000, 0x0000000089100000|100%| E|CS|TAMS 0x0000000089000000, 0x0000000089000000| Complete 
| 145|0x0000000089100000, 0x0000000089200000, 0x0000000089200000|100%| E|CS|TAMS 0x0000000089100000, 0x0000000089100000| Complete 
| 146|0x0000000089200000, 0x0000000089300000, 0x0000000089300000|100%| E|CS|TAMS 0x0000000089200000, 0x0000000089200000| Complete 
| 147|0x0000000089300000, 0x0000000089400000, 0x0000000089400000|100%| E|CS|TAMS 0x0000000089300000, 0x0000000089300000| Complete 
| 148|0x0000000089400000, 0x0000000089500000, 0x0000000089500000|100%| E|CS|TAMS 0x0000000089400000, 0x0000000089400000| Complete 
| 149|0x0000000089500000, 0x0000000089600000, 0x0000000089600000|100%| E|CS|TAMS 0x0000000089500000, 0x0000000089500000| Complete 
| 150|0x0000000089600000, 0x0000000089700000, 0x0000000089700000|100%| E|CS|TAMS 0x0000000089600000, 0x0000000089600000| Complete 
| 151|0x0000000089700000, 0x0000000089800000, 0x0000000089800000|100%| E|CS|TAMS 0x0000000089700000, 0x0000000089700000| Complete 
| 152|0x0000000089800000, 0x0000000089900000, 0x0000000089900000|100%| E|CS|TAMS 0x0000000089800000, 0x0000000089800000| Complete 
| 153|0x0000000089900000, 0x0000000089a00000, 0x0000000089a00000|100%| E|CS|TAMS 0x0000000089900000, 0x0000000089900000| Complete 
| 154|0x0000000089a00000, 0x0000000089b00000, 0x0000000089b00000|100%| E|CS|TAMS 0x0000000089a00000, 0x0000000089a00000| Complete 
| 155|0x0000000089b00000, 0x0000000089c00000, 0x0000000089c00000|100%| E|CS|TAMS 0x0000000089b00000, 0x0000000089b00000| Complete 
| 156|0x0000000089c00000, 0x0000000089d00000, 0x0000000089d00000|100%| E|CS|TAMS 0x0000000089c00000, 0x0000000089c00000| Complete 
| 157|0x0000000089d00000, 0x0000000089e00000, 0x0000000089e00000|100%| E|CS|TAMS 0x0000000089d00000, 0x0000000089d00000| Complete 
| 158|0x0000000089e00000, 0x0000000089f00000, 0x0000000089f00000|100%| E|CS|TAMS 0x0000000089e00000, 0x0000000089e00000| Complete 
| 159|0x0000000089f00000, 0x000000008a000000, 0x000000008a000000|100%| E|CS|TAMS 0x0000000089f00000, 0x0000000089f00000| Complete 
| 160|0x000000008a000000, 0x000000008a100000, 0x000000008a100000|100%| E|CS|TAMS 0x000000008a000000, 0x000000008a000000| Complete 
| 161|0x000000008a100000, 0x000000008a200000, 0x000000008a200000|100%| E|CS|TAMS 0x000000008a100000, 0x000000008a100000| Complete 
| 162|0x000000008a200000, 0x000000008a300000, 0x000000008a300000|100%| E|CS|TAMS 0x000000008a200000, 0x000000008a200000| Complete 
| 163|0x000000008a300000, 0x000000008a400000, 0x000000008a400000|100%| E|CS|TAMS 0x000000008a300000, 0x000000008a300000| Complete 
| 164|0x000000008a400000, 0x000000008a500000, 0x000000008a500000|100%| E|CS|TAMS 0x000000008a400000, 0x000000008a400000| Complete 
| 165|0x000000008a500000, 0x000000008a600000, 0x000000008a600000|100%| E|CS|TAMS 0x000000008a500000, 0x000000008a500000| Complete 
| 166|0x000000008a600000, 0x000000008a700000, 0x000000008a700000|100%| E|CS|TAMS 0x000000008a600000, 0x000000008a600000| Complete 
| 167|0x000000008a700000, 0x000000008a800000, 0x000000008a800000|100%| E|CS|TAMS 0x000000008a700000, 0x000000008a700000| Complete 
| 168|0x000000008a800000, 0x000000008a900000, 0x000000008a900000|100%| E|CS|TAMS 0x000000008a800000, 0x000000008a800000| Complete 
| 169|0x000000008a900000, 0x000000008aa00000, 0x000000008aa00000|100%| E|CS|TAMS 0x000000008a900000, 0x000000008a900000| Complete 
| 170|0x000000008aa00000, 0x000000008ab00000, 0x000000008ab00000|100%| E|CS|TAMS 0x000000008aa00000, 0x000000008aa00000| Complete 
| 171|0x000000008ab00000, 0x000000008ac00000, 0x000000008ac00000|100%| E|CS|TAMS 0x000000008ab00000, 0x000000008ab00000| Complete 
| 172|0x000000008ac00000, 0x000000008ad00000, 0x000000008ad00000|100%| E|CS|TAMS 0x000000008ac00000, 0x000000008ac00000| Complete 
| 173|0x000000008ad00000, 0x000000008ae00000, 0x000000008ae00000|100%| E|CS|TAMS 0x000000008ad00000, 0x000000008ad00000| Complete 
| 174|0x000000008ae00000, 0x000000008af00000, 0x000000008af00000|100%| E|CS|TAMS 0x000000008ae00000, 0x000000008ae00000| Complete 
| 175|0x000000008af00000, 0x000000008b000000, 0x000000008b000000|100%| E|CS|TAMS 0x000000008af00000, 0x000000008af00000| Complete 
| 176|0x000000008b000000, 0x000000008b100000, 0x000000008b100000|100%| E|CS|TAMS 0x000000008b000000, 0x000000008b000000| Complete 
| 177|0x000000008b100000, 0x000000008b200000, 0x000000008b200000|100%| E|  |TAMS 0x000000008b100000, 0x000000008b100000| Complete 
| 178|0x000000008b200000, 0x000000008b300000, 0x000000008b300000|100%| E|CS|TAMS 0x000000008b200000, 0x000000008b200000| Complete 
| 179|0x000000008b300000, 0x000000008b400000, 0x000000008b400000|100%| E|CS|TAMS 0x000000008b300000, 0x000000008b300000| Complete 
| 180|0x000000008b400000, 0x000000008b500000, 0x000000008b500000|100%| E|CS|TAMS 0x000000008b400000, 0x000000008b400000| Complete 
| 181|0x000000008b500000, 0x000000008b600000, 0x000000008b600000|100%| E|CS|TAMS 0x000000008b500000, 0x000000008b500000| Complete 
| 182|0x000000008b600000, 0x000000008b700000, 0x000000008b700000|100%| E|CS|TAMS 0x000000008b600000, 0x000000008b600000| Complete 
| 183|0x000000008b700000, 0x000000008b800000, 0x000000008b800000|100%| E|CS|TAMS 0x000000008b700000, 0x000000008b700000| Complete 
| 184|0x000000008b800000, 0x000000008b900000, 0x000000008b900000|100%| E|CS|TAMS 0x000000008b800000, 0x000000008b800000| Complete 
| 185|0x000000008b900000, 0x000000008ba00000, 0x000000008ba00000|100%| E|CS|TAMS 0x000000008b900000, 0x000000008b900000| Complete 
| 186|0x000000008ba00000, 0x000000008bb00000, 0x000000008bb00000|100%| E|CS|TAMS 0x000000008ba00000, 0x000000008ba00000| Complete 
| 187|0x000000008bb00000, 0x000000008bc00000, 0x000000008bc00000|100%| E|CS|TAMS 0x000000008bb00000, 0x000000008bb00000| Complete 
| 188|0x000000008bc00000, 0x000000008bd00000, 0x000000008bd00000|100%| E|CS|TAMS 0x000000008bc00000, 0x000000008bc00000| Complete 
| 189|0x000000008bd00000, 0x000000008be00000, 0x000000008be00000|100%| E|CS|TAMS 0x000000008bd00000, 0x000000008bd00000| Complete 
| 190|0x000000008be00000, 0x000000008bf00000, 0x000000008bf00000|100%| E|CS|TAMS 0x000000008be00000, 0x000000008be00000| Complete 
| 191|0x000000008bf00000, 0x000000008c000000, 0x000000008c000000|100%| E|CS|TAMS 0x000000008bf00000, 0x000000008bf00000| Complete 
| 192|0x000000008c000000, 0x000000008c100000, 0x000000008c100000|100%| E|CS|TAMS 0x000000008c000000, 0x000000008c000000| Complete 
| 193|0x000000008c100000, 0x000000008c200000, 0x000000008c200000|100%| E|CS|TAMS 0x000000008c100000, 0x000000008c100000| Complete 
| 194|0x000000008c200000, 0x000000008c300000, 0x000000008c300000|100%| E|CS|TAMS 0x000000008c200000, 0x000000008c200000| Complete 
| 195|0x000000008c300000, 0x000000008c400000, 0x000000008c400000|100%| E|CS|TAMS 0x000000008c300000, 0x000000008c300000| Complete 
| 196|0x000000008c400000, 0x000000008c500000, 0x000000008c500000|100%| E|CS|TAMS 0x000000008c400000, 0x000000008c400000| Complete 
| 197|0x000000008c500000, 0x000000008c600000, 0x000000008c600000|100%| E|CS|TAMS 0x000000008c500000, 0x000000008c500000| Complete 
| 198|0x000000008c600000, 0x000000008c700000, 0x000000008c700000|100%| E|CS|TAMS 0x000000008c600000, 0x000000008c600000| Complete 
| 199|0x000000008c700000, 0x000000008c800000, 0x000000008c800000|100%| E|CS|TAMS 0x000000008c700000, 0x000000008c700000| Complete 
| 200|0x000000008c800000, 0x000000008c900000, 0x000000008c900000|100%| E|CS|TAMS 0x000000008c800000, 0x000000008c800000| Complete 
| 201|0x000000008c900000, 0x000000008ca00000, 0x000000008ca00000|100%| E|CS|TAMS 0x000000008c900000, 0x000000008c900000| Complete 
| 202|0x000000008ca00000, 0x000000008cb00000, 0x000000008cb00000|100%| E|CS|TAMS 0x000000008ca00000, 0x000000008ca00000| Complete 
| 203|0x000000008cb00000, 0x000000008cc00000, 0x000000008cc00000|100%| E|CS|TAMS 0x000000008cb00000, 0x000000008cb00000| Complete 
| 204|0x000000008cc00000, 0x000000008cd00000, 0x000000008cd00000|100%| E|CS|TAMS 0x000000008cc00000, 0x000000008cc00000| Complete 
| 205|0x000000008cd00000, 0x000000008ce00000, 0x000000008ce00000|100%| E|CS|TAMS 0x000000008cd00000, 0x000000008cd00000| Complete 
| 206|0x000000008ce00000, 0x000000008cf00000, 0x000000008cf00000|100%| E|CS|TAMS 0x000000008ce00000, 0x000000008ce00000| Complete 
| 207|0x000000008cf00000, 0x000000008d000000, 0x000000008d000000|100%| E|CS|TAMS 0x000000008cf00000, 0x000000008cf00000| Complete 
| 208|0x000000008d000000, 0x000000008d100000, 0x000000008d100000|100%| E|CS|TAMS 0x000000008d000000, 0x000000008d000000| Complete 
| 209|0x000000008d100000, 0x000000008d200000, 0x000000008d200000|100%| E|CS|TAMS 0x000000008d100000, 0x000000008d100000| Complete 
| 210|0x000000008d200000, 0x000000008d300000, 0x000000008d300000|100%| E|CS|TAMS 0x000000008d200000, 0x000000008d200000| Complete 
| 211|0x000000008d300000, 0x000000008d400000, 0x000000008d400000|100%| E|CS|TAMS 0x000000008d300000, 0x000000008d300000| Complete 
| 212|0x000000008d400000, 0x000000008d500000, 0x000000008d500000|100%| E|CS|TAMS 0x000000008d400000, 0x000000008d400000| Complete 
| 213|0x000000008d500000, 0x000000008d600000, 0x000000008d600000|100%| E|CS|TAMS 0x000000008d500000, 0x000000008d500000| Complete 
| 214|0x000000008d600000, 0x000000008d700000, 0x000000008d700000|100%| E|CS|TAMS 0x000000008d600000, 0x000000008d600000| Complete 
| 215|0x000000008d700000, 0x000000008d800000, 0x000000008d800000|100%| E|CS|TAMS 0x000000008d700000, 0x000000008d700000| Complete 
| 216|0x000000008d800000, 0x000000008d900000, 0x000000008d900000|100%| E|CS|TAMS 0x000000008d800000, 0x000000008d800000| Complete 
| 217|0x000000008d900000, 0x000000008da00000, 0x000000008da00000|100%| E|CS|TAMS 0x000000008d900000, 0x000000008d900000| Complete 
| 218|0x000000008da00000, 0x000000008db00000, 0x000000008db00000|100%| E|CS|TAMS 0x000000008da00000, 0x000000008da00000| Complete 
| 219|0x000000008db00000, 0x000000008dc00000, 0x000000008dc00000|100%| E|CS|TAMS 0x000000008db00000, 0x000000008db00000| Complete 
| 220|0x000000008dc00000, 0x000000008dd00000, 0x000000008dd00000|100%| E|CS|TAMS 0x000000008dc00000, 0x000000008dc00000| Complete 
| 221|0x000000008dd00000, 0x000000008de00000, 0x000000008de00000|100%| E|CS|TAMS 0x000000008dd00000, 0x000000008dd00000| Complete 
| 222|0x000000008de00000, 0x000000008df00000, 0x000000008df00000|100%| E|CS|TAMS 0x000000008de00000, 0x000000008de00000| Complete 
| 223|0x000000008df00000, 0x000000008e000000, 0x000000008e000000|100%| E|CS|TAMS 0x000000008df00000, 0x000000008df00000| Complete 
| 224|0x000000008e000000, 0x000000008e100000, 0x000000008e100000|100%| E|CS|TAMS 0x000000008e000000, 0x000000008e000000| Complete 
| 225|0x000000008e100000, 0x000000008e200000, 0x000000008e200000|100%| E|CS|TAMS 0x000000008e100000, 0x000000008e100000| Complete 
| 226|0x000000008e200000, 0x000000008e300000, 0x000000008e300000|100%| E|CS|TAMS 0x000000008e200000, 0x000000008e200000| Complete 
| 227|0x000000008e300000, 0x000000008e400000, 0x000000008e400000|100%| E|CS|TAMS 0x000000008e300000, 0x000000008e300000| Complete 
| 228|0x000000008e400000, 0x000000008e500000, 0x000000008e500000|100%| E|CS|TAMS 0x000000008e400000, 0x000000008e400000| Complete 
| 229|0x000000008e500000, 0x000000008e600000, 0x000000008e600000|100%| E|CS|TAMS 0x000000008e500000, 0x000000008e500000| Complete 
| 230|0x000000008e600000, 0x000000008e700000, 0x000000008e700000|100%| E|CS|TAMS 0x000000008e600000, 0x000000008e600000| Complete 
| 231|0x000000008e700000, 0x000000008e800000, 0x000000008e800000|100%| E|CS|TAMS 0x000000008e700000, 0x000000008e700000| Complete 
| 232|0x000000008e800000, 0x000000008e900000, 0x000000008e900000|100%| E|CS|TAMS 0x000000008e800000, 0x000000008e800000| Complete 
| 233|0x000000008e900000, 0x000000008ea00000, 0x000000008ea00000|100%| E|CS|TAMS 0x000000008e900000, 0x000000008e900000| Complete 
| 234|0x000000008ea00000, 0x000000008eb00000, 0x000000008eb00000|100%| E|CS|TAMS 0x000000008ea00000, 0x000000008ea00000| Complete 
| 235|0x000000008eb00000, 0x000000008ec00000, 0x000000008ec00000|100%| E|CS|TAMS 0x000000008eb00000, 0x000000008eb00000| Complete 
| 236|0x000000008ec00000, 0x000000008ed00000, 0x000000008ed00000|100%| E|CS|TAMS 0x000000008ec00000, 0x000000008ec00000| Complete 
| 237|0x000000008ed00000, 0x000000008ee00000, 0x000000008ee00000|100%| E|CS|TAMS 0x000000008ed00000, 0x000000008ed00000| Complete 
| 238|0x000000008ee00000, 0x000000008ef00000, 0x000000008ef00000|100%| E|CS|TAMS 0x000000008ee00000, 0x000000008ee00000| Complete 
| 239|0x000000008ef00000, 0x000000008f000000, 0x000000008f000000|100%| E|CS|TAMS 0x000000008ef00000, 0x000000008ef00000| Complete 
| 240|0x000000008f000000, 0x000000008f100000, 0x000000008f100000|100%| E|CS|TAMS 0x000000008f000000, 0x000000008f000000| Complete 
| 241|0x000000008f100000, 0x000000008f200000, 0x000000008f200000|100%| E|CS|TAMS 0x000000008f100000, 0x000000008f100000| Complete 
| 242|0x000000008f200000, 0x000000008f300000, 0x000000008f300000|100%| E|CS|TAMS 0x000000008f200000, 0x000000008f200000| Complete 
| 243|0x000000008f300000, 0x000000008f400000, 0x000000008f400000|100%| E|CS|TAMS 0x000000008f300000, 0x000000008f300000| Complete 
| 244|0x000000008f400000, 0x000000008f500000, 0x000000008f500000|100%| E|CS|TAMS 0x000000008f400000, 0x000000008f400000| Complete 
| 245|0x000000008f500000, 0x000000008f600000, 0x000000008f600000|100%| E|CS|TAMS 0x000000008f500000, 0x000000008f500000| Complete 
| 246|0x000000008f600000, 0x000000008f700000, 0x000000008f700000|100%| E|CS|TAMS 0x000000008f600000, 0x000000008f600000| Complete 
| 247|0x000000008f700000, 0x000000008f800000, 0x000000008f800000|100%| E|CS|TAMS 0x000000008f700000, 0x000000008f700000| Complete 
| 248|0x000000008f800000, 0x000000008f900000, 0x000000008f900000|100%| E|CS|TAMS 0x000000008f800000, 0x000000008f800000| Complete 
| 249|0x000000008f900000, 0x000000008fa00000, 0x000000008fa00000|100%| E|CS|TAMS 0x000000008f900000, 0x000000008f900000| Complete 
| 250|0x000000008fa00000, 0x000000008fb00000, 0x000000008fb00000|100%| E|CS|TAMS 0x000000008fa00000, 0x000000008fa00000| Complete 
| 251|0x000000008fb00000, 0x000000008fc00000, 0x000000008fc00000|100%| E|CS|TAMS 0x000000008fb00000, 0x000000008fb00000| Complete 

Card table byte_map: [0x000001adaeb80000,0x000001adaef80000] _byte_map_base: 0x000001adae780000

Marking Bits (Prev, Next): (CMBitMap*) 0x000001ad96d1e460, (CMBitMap*) 0x000001ad96d1e428
 Prev Bits: [0x000001adb1380000, 0x000001adb3380000)
 Next Bits: [0x000001adaf380000, 0x000001adb1380000)

Polling page: 0x000001ad964b0000

Metaspace:

Usage:
  Non-class:     74.75 MB capacity,    73.26 MB ( 98%) used,     1.23 MB (  2%) free+waste,   267.56 KB ( <1%) overhead. 
      Class:     11.80 MB capacity,    10.79 MB ( 91%) used,   904.08 KB (  7%) free+waste,   126.38 KB (  1%) overhead. 
       Both:     86.55 MB capacity,    84.05 MB ( 97%) used,     2.12 MB (  2%) free+waste,   393.94 KB ( <1%) overhead. 

Virtual space:
  Non-class space:       76.00 MB reserved,      74.76 MB ( 98%) committed 
      Class space:      504.00 MB reserved,      11.88 MB (  2%) committed 
             Both:      580.00 MB reserved,      86.63 MB ( 15%) committed 

Chunk freelists:
   Non-Class:  4.00 KB
       Class:  12.00 KB
        Both:  16.00 KB

MaxMetaspaceSize: 512.00 MB
CompressedClassSpaceSize: 504.00 MB
Initial GC threshold: 20.80 MB
Current GC threshold: 98.55 MB
CDS: off

CodeHeap 'non-profiled nmethods': size=120000Kb used=5552Kb max_used=5552Kb free=114448Kb
 bounds [0x000001ada6f20000, 0x000001ada7490000, 0x000001adae450000]
CodeHeap 'profiled nmethods': size=120000Kb used=20708Kb max_used=20708Kb free=99291Kb
 bounds [0x000001ad9f9f0000, 0x000001ada0e30000, 0x000001ada6f20000]
CodeHeap 'non-nmethods': size=5760Kb used=2398Kb max_used=2438Kb free=3361Kb
 bounds [0x000001ad9f450000, 0x000001ad9f6c0000, 0x000001ad9f9f0000]
 total_blobs=10236 nmethods=9320 adapters=826
 compilation: enabled
              stopped_count=0, restarted_count=0
 full_count=0

Compilation events (20 events):
Event: 84.121 Thread 0x000001adb668f800 9402       3       org.codehaus.groovy.reflection.CachedClass$3::lambda$initValue$3 (5 bytes)
Event: 84.121 Thread 0x000001adb668f800 nmethod 9402 0x000001ada0e0a790 code [0x000001ada0e0a940, 0x000001ada0e0aab8]
Event: 84.123 Thread 0x000001adb668f800 9403       1       groovy.lang.MetaClassImpl::isInitialized (5 bytes)
Event: 84.123 Thread 0x000001adb668f800 nmethod 9403 0x000001ada7485890 code [0x000001ada7485a40, 0x000001ada7485af8]
Event: 84.156 Thread 0x000001adb668f800 9404   !   3       com.sun.beans.introspect.MethodInfo::get (143 bytes)
Event: 84.158 Thread 0x000001adb668f800 nmethod 9404 0x000001ada0e0ab90 code [0x000001ada0e0af00, 0x000001ada0e0c568]
Event: 84.158 Thread 0x000001adb668f800 9405       3       com.sun.beans.introspect.PropertyInfo::get (495 bytes)
Event: 84.172 Thread 0x000001adb668f800 nmethod 9405 0x000001ada0e0cd10 code [0x000001ada0e0d9e0, 0x000001ada0e168c8]
Event: 84.172 Thread 0x000001adb668f800 9406       3       java.beans.Introspector::processPropertyDescriptors (959 bytes)
Event: 84.193 Thread 0x000001adb668f800 nmethod 9406 0x000001ada0e19390 code [0x000001ada0e1a120, 0x000001ada0e24d18]
Event: 84.193 Thread 0x000001adb668f800 9407   !   3       org.gradle.internal.metaobject.BeanDynamicObject$MetaClassAdapter::lookupProperty (47 bytes)
Event: 84.195 Thread 0x000001adb668f800 nmethod 9407 0x000001ada0e27b90 code [0x000001ada0e27e20, 0x000001ada0e28ad8]
Event: 84.195 Thread 0x000001adb668f800 9408       3       org.gradle.internal.metaobject.BeanDynamicObject::access$1000 (4 bytes)
Event: 84.195 Thread 0x000001adb668f800 nmethod 9408 0x000001ada0e28f90 code [0x000001ada0e29140, 0x000001ada0e29238]
Event: 84.207 Thread 0x000001adb76cf800 nmethod 9371 0x000001ada7485b90 code [0x000001ada7485ec0, 0x000001ada7489268]
Event: 84.208 Thread 0x000001adb76cf800 9379       4       com.sun.beans.introspect.MethodInfo$MethodOrder::compare (167 bytes)
Event: 84.226 Thread 0x000001adb76cf800 nmethod 9379 0x000001ada748a810 code [0x000001ada748aa20, 0x000001ada748b540]
Event: 84.226 Thread 0x000001adb76cf800 9382       4       java.util.Hashtable$Enumerator::hasMoreElements (53 bytes)
Event: 84.232 Thread 0x000001adb76cf800 nmethod 9382 0x000001ada748bb90 code [0x000001ada748bd20, 0x000001ada748bf58]
Event: 84.232 Thread 0x000001adb76cf800 9380       4       java.beans.Introspector::addMethod (196 bytes)

GC Heap History (20 events):
Event: 6.569 GC heap before
{Heap before GC invocations=0 (full 0):
 garbage-first heap   total 258048K, used 27648K [0x0000000080000000, 0x0000000100000000)
  region size 1024K, 24 young (24576K), 0 survivors (0K)
 Metaspace       used 9768K, capacity 9968K, committed 10112K, reserved 526336K
  class space    used 991K, capacity 1069K, committed 1152K, reserved 516096K
}
Event: 6.661 GC heap after
{Heap after GC invocations=1 (full 0):
 garbage-first heap   total 258048K, used 10419K [0x0000000080000000, 0x0000000100000000)
  region size 1024K, 3 young (3072K), 3 survivors (3072K)
 Metaspace       used 9768K, capacity 9968K, committed 10112K, reserved 526336K
  class space    used 991K, capacity 1069K, committed 1152K, reserved 516096K
}
Event: 20.538 GC heap before
{Heap before GC invocations=1 (full 0):
 garbage-first heap   total 258048K, used 103603K [0x0000000080000000, 0x0000000100000000)
  region size 1024K, 94 young (96256K), 3 survivors (3072K)
 Metaspace       used 20780K, capacity 21201K, committed 21296K, reserved 536576K
  class space    used 2482K, capacity 2651K, committed 2688K, reserved 516096K
}
Event: 20.627 GC heap after
{Heap after GC invocations=2 (full 0):
 garbage-first heap   total 258048K, used 17964K [0x0000000080000000, 0x0000000100000000)
  region size 1024K, 11 young (11264K), 11 survivors (11264K)
 Metaspace       used 20780K, capacity 21201K, committed 21296K, reserved 536576K
  class space    used 2482K, capacity 2651K, committed 2688K, reserved 516096K
}
Event: 21.090 GC heap before
{Heap before GC invocations=3 (full 0):
 garbage-first heap   total 258048K, used 29228K [0x0000000080000000, 0x0000000100000000)
  region size 1024K, 22 young (22528K), 11 survivors (11264K)
 Metaspace       used 21859K, capacity 22316K, committed 22576K, reserved 536576K
  class space    used 2654K, capacity 2852K, committed 2944K, reserved 516096K
}
Event: 21.099 GC heap after
{Heap after GC invocations=4 (full 0):
 garbage-first heap   total 258048K, used 18739K [0x0000000080000000, 0x0000000100000000)
  region size 1024K, 1 young (1024K), 1 survivors (1024K)
 Metaspace       used 21859K, capacity 22316K, committed 22576K, reserved 536576K
  class space    used 2654K, capacity 2852K, committed 2944K, reserved 516096K
}
Event: 24.233 GC heap before
{Heap before GC invocations=4 (full 0):
 garbage-first heap   total 258048K, used 117043K [0x0000000080000000, 0x0000000100000000)
  region size 1024K, 97 young (99328K), 1 survivors (1024K)
 Metaspace       used 30763K, capacity 31485K, committed 31792K, reserved 544768K
  class space    used 4047K, capacity 4362K, committed 4480K, reserved 516096K
}
Event: 24.239 GC heap after
{Heap after GC invocations=5 (full 0):
 garbage-first heap   total 258048K, used 21677K [0x0000000080000000, 0x0000000100000000)
  region size 1024K, 4 young (4096K), 4 survivors (4096K)
 Metaspace       used 30763K, capacity 31485K, committed 31792K, reserved 544768K
  class space    used 4047K, capacity 4362K, committed 4480K, reserved 516096K
}
Event: 25.107 GC heap before
{Heap before GC invocations=5 (full 0):
 garbage-first heap   total 258048K, used 41133K [0x0000000080000000, 0x0000000100000000)
  region size 1024K, 24 young (24576K), 4 survivors (4096K)
 Metaspace       used 35008K, capacity 35799K, committed 35920K, reserved 548864K
  class space    used 4464K, capacity 4781K, committed 4864K, reserved 516096K
}
Event: 25.126 GC heap after
{Heap after GC invocations=6 (full 0):
 garbage-first heap   total 258048K, used 23681K [0x0000000080000000, 0x0000000100000000)
  region size 1024K, 6 young (6144K), 6 survivors (6144K)
 Metaspace       used 35008K, capacity 35799K, committed 35920K, reserved 548864K
  class space    used 4464K, capacity 4781K, committed 4864K, reserved 516096K
}
Event: 48.131 GC heap before
{Heap before GC invocations=7 (full 0):
 garbage-first heap   total 258048K, used 143489K [0x0000000080000000, 0x0000000100000000)
  region size 1024K, 120 young (122880K), 6 survivors (6144K)
 Metaspace       used 44881K, capacity 46166K, committed 46416K, reserved 557056K
  class space    used 5631K, capacity 6134K, committed 6144K, reserved 516096K
}
Event: 48.153 GC heap after
{Heap after GC invocations=8 (full 0):
 garbage-first heap   total 258048K, used 31715K [0x0000000080000000, 0x0000000100000000)
  region size 1024K, 14 young (14336K), 14 survivors (14336K)
 Metaspace       used 44881K, capacity 46166K, committed 46416K, reserved 557056K
  class space    used 5631K, capacity 6134K, committed 6144K, reserved 516096K
}
Event: 52.538 GC heap before
{Heap before GC invocations=8 (full 0):
 garbage-first heap   total 258048K, used 161763K [0x0000000080000000, 0x0000000100000000)
  region size 1024K, 135 young (138240K), 14 survivors (14336K)
 Metaspace       used 54959K, capacity 56511K, committed 56784K, reserved 565248K
  class space    used 7035K, capacity 7701K, committed 7808K, reserved 516096K
}
Event: 52.558 GC heap after
{Heap after GC invocations=9 (full 0):
 garbage-first heap   total 258048K, used 42921K [0x0000000080000000, 0x0000000100000000)
  region size 1024K, 14 young (14336K), 14 survivors (14336K)
 Metaspace       used 54959K, capacity 56511K, committed 56784K, reserved 565248K
  class space    used 7035K, capacity 7701K, committed 7808K, reserved 516096K
}
Event: 54.047 GC heap before
{Heap before GC invocations=9 (full 0):
 garbage-first heap   total 258048K, used 86953K [0x0000000080000000, 0x0000000100000000)
  region size 1024K, 58 young (59392K), 14 survivors (14336K)
 Metaspace       used 58420K, capacity 60139K, committed 60296K, reserved 569344K
  class space    used 7556K, capacity 8254K, committed 8320K, reserved 516096K
}
Event: 54.078 GC heap after
{Heap after GC invocations=10 (full 0):
 garbage-first heap   total 258048K, used 44878K [0x0000000080000000, 0x0000000100000000)
  region size 1024K, 9 young (9216K), 9 survivors (9216K)
 Metaspace       used 58420K, capacity 60139K, committed 60296K, reserved 569344K
  class space    used 7556K, capacity 8254K, committed 8320K, reserved 516096K
}
Event: 59.651 GC heap before
{Heap before GC invocations=11 (full 0):
 garbage-first heap   total 258048K, used 184142K [0x0000000080000000, 0x0000000100000000)
  region size 1024K, 145 young (148480K), 9 survivors (9216K)
 Metaspace       used 67956K, capacity 69984K, committed 70152K, reserved 577536K
  class space    used 8850K, capacity 9686K, committed 9728K, reserved 516096K
}
Event: 59.664 GC heap after
{Heap after GC invocations=12 (full 0):
 garbage-first heap   total 258048K, used 49468K [0x0000000080000000, 0x0000000100000000)
  region size 1024K, 13 young (13312K), 13 survivors (13312K)
 Metaspace       used 67956K, capacity 69984K, committed 70152K, reserved 577536K
  class space    used 8850K, capacity 9686K, committed 9728K, reserved 516096K
}
Event: 81.113 GC heap before
{Heap before GC invocations=12 (full 0):
 garbage-first heap   total 258048K, used 191804K [0x0000000080000000, 0x0000000100000000)
  region size 1024K, 151 young (154624K), 13 survivors (13312K)
 Metaspace       used 77731K, capacity 80124K, committed 80392K, reserved 585728K
  class space    used 9993K, capacity 10946K, committed 11008K, reserved 516096K
}
Event: 81.132 GC heap after
{Heap after GC invocations=13 (full 0):
 garbage-first heap   total 258048K, used 63427K [0x0000000080000000, 0x0000000100000000)
  region size 1024K, 19 young (19456K), 19 survivors (19456K)
 Metaspace       used 77731K, capacity 80124K, committed 80392K, reserved 585728K
  class space    used 9993K, capacity 10946K, committed 11008K, reserved 516096K
}

Deoptimization events (20 events):
Event: 83.424 Thread 0x000001adb7e3f800 Uncommon trap: trap_request=0xffffff4d fr.pc=0x000001ada727d684 relative=0x0000000000001f44
Event: 83.424 Thread 0x000001adb7e3f800 Uncommon trap: reason=unstable_if action=reinterpret pc=0x000001ada727d684 method=java.util.regex.Pattern.closure(Ljava/util/regex/Pattern$Node;)Ljava/util/regex/Pattern$Node; @ 79 c2
Event: 83.424 Thread 0x000001adb7e3f800 DEOPT PACKING pc=0x000001ada727d684 sp=0x000000ab4c5f5c60
Event: 83.424 Thread 0x000001adb7e3f800 DEOPT UNPACKING pc=0x000001ad9f4585af sp=0x000000ab4c5f5c00 mode 2
Event: 83.690 Thread 0x000001adb7e3f800 Uncommon trap: trap_request=0xffffff4d fr.pc=0x000001ada70caa80 relative=0x0000000000000340
Event: 83.690 Thread 0x000001adb7e3f800 Uncommon trap: reason=unstable_if action=reinterpret pc=0x000001ada70caa80 method=java.util.StringJoiner.add(Ljava/lang/CharSequence;)Ljava/util/StringJoiner; @ 33 c2
Event: 83.690 Thread 0x000001adb7e3f800 DEOPT PACKING pc=0x000001ada70caa80 sp=0x000000ab4c5f5780
Event: 83.690 Thread 0x000001adb7e3f800 DEOPT UNPACKING pc=0x000001ad9f4585af sp=0x000000ab4c5f5730 mode 2
Event: 83.932 Thread 0x000001adb7e3f800 Uncommon trap: trap_request=0xffffffde fr.pc=0x000001ada70ee684 relative=0x00000000000009a4
Event: 83.932 Thread 0x000001adb7e3f800 Uncommon trap: reason=class_check action=maybe_recompile pc=0x000001ada70ee684 method=java.util.WeakHashMap.eq(Ljava/lang/Object;Ljava/lang/Object;)Z @ 7 c2
Event: 83.932 Thread 0x000001adb7e3f800 DEOPT PACKING pc=0x000001ada70ee684 sp=0x000000ab4c5f3300
Event: 83.932 Thread 0x000001adb7e3f800 DEOPT UNPACKING pc=0x000001ad9f4585af sp=0x000000ab4c5f3270 mode 2
Event: 83.944 Thread 0x000001adb7e3f800 Uncommon trap: trap_request=0xfffffff4 fr.pc=0x000001ada7477718 relative=0x00000000000009f8
Event: 83.944 Thread 0x000001adb7e3f800 Uncommon trap: reason=null_check action=make_not_entrant pc=0x000001ada7477718 method=com.sun.beans.introspect.MethodInfo$MethodOrder.compare(Ljava/lang/reflect/Method;Ljava/lang/reflect/Method;)I @ 133 c2
Event: 83.944 Thread 0x000001adb7e3f800 DEOPT PACKING pc=0x000001ada7477718 sp=0x000000ab4c5f1de0
Event: 83.944 Thread 0x000001adb7e3f800 DEOPT UNPACKING pc=0x000001ad9f4585af sp=0x000000ab4c5f1d80 mode 2
Event: 84.053 Thread 0x000001adb7e3f800 Uncommon trap: trap_request=0xfffffff4 fr.pc=0x000001ada747f808 relative=0x0000000000000ae8
Event: 84.053 Thread 0x000001adb7e3f800 Uncommon trap: reason=null_check action=make_not_entrant pc=0x000001ada747f808 method=com.sun.beans.introspect.MethodInfo$MethodOrder.compare(Ljava/lang/reflect/Method;Ljava/lang/reflect/Method;)I @ 145 c2
Event: 84.053 Thread 0x000001adb7e3f800 DEOPT PACKING pc=0x000001ada747f808 sp=0x000000ab4c5f2030
Event: 84.053 Thread 0x000001adb7e3f800 DEOPT UNPACKING pc=0x000001ad9f4585af sp=0x000000ab4c5f1fd0 mode 2

Classes redefined (0 events):
No events

Internal exceptions (20 events):
Event: 84.049 Thread 0x000001adb7e3f800 Exception <a 'java/lang/ClassNotFoundException'{0x00000000884e2a50}: com/android/build/gradle/internal/dsl/BuildType$AgpDecoratedBeanInfo> (0x00000000884e2a50) thrown at [./src/hotspot/share/classfile/systemDictionary.cpp, line 230]
Event: 84.052 Thread 0x000001adb7e3f800 Exception <a 'java/lang/ClassNotFoundException'{0x00000000884fdc50}: com/android/build/gradle/internal/dsl/BuildTypeBeanInfo> (0x00000000884fdc50) thrown at [./src/hotspot/share/classfile/systemDictionary.cpp, line 230]
Event: 84.052 Thread 0x000001adb7e3f800 Exception <a 'java/lang/ClassNotFoundException'{0x00000000883185d8}: com/android/builder/core/AbstractBuildTypeBeanInfo> (0x00000000883185d8) thrown at [./src/hotspot/share/classfile/systemDictionary.cpp, line 230]
Event: 84.053 Thread 0x000001adb7e3f800 Exception <a 'java/lang/ClassNotFoundException'{0x0000000088333260}: com/android/builder/core/AbstractBuildTypeCustomizer> (0x0000000088333260) thrown at [./src/hotspot/share/classfile/systemDictionary.cpp, line 230]
Event: 84.053 Thread 0x000001adb7e3f800 Implicit null exception at 0x000001ada747f3bf to 0x000001ada747f7f4
Event: 84.054 Thread 0x000001adb7e3f800 Exception <a 'java/lang/ClassNotFoundException'{0x000000008836a9b0}: com/android/build/gradle/internal/dsl/BuildTypeCustomizer> (0x000000008836a9b0) thrown at [./src/hotspot/share/classfile/systemDictionary.cpp, line 230]
Event: 84.058 Thread 0x000001adb7e3f800 Exception <a 'java/lang/ClassNotFoundException'{0x0000000088200058}: com/android/build/gradle/internal/dsl/BuildType$AgpDecoratedCustomizer> (0x0000000088200058) thrown at [./src/hotspot/share/classfile/systemDictionary.cpp, line 230]
Event: 84.060 Thread 0x000001adb7e3f800 Exception <a 'java/lang/ClassNotFoundException'{0x0000000088260588}: com/android/build/gradle/internal/dsl/BuildType$AgpDecorated_DecoratedCustomizer> (0x0000000088260588) thrown at [./src/hotspot/share/classfile/systemDictionary.cpp, line 230]
Event: 84.077 Thread 0x000001adb7e3f800 Exception <a 'java/lang/ClassNotFoundException'{0x0000000088151f50}: build_82tyjwq58ntob1mxgw8g07h1v$_run_closure2$_closure6BeanInfo> (0x0000000088151f50) thrown at [./src/hotspot/share/classfile/systemDictionary.cpp, line 230]
Event: 84.078 Thread 0x000001adb7e3f800 Exception <a 'java/lang/ClassNotFoundException'{0x0000000088163b80}: build_82tyjwq58ntob1mxgw8g07h1v$_run_closure2$_closure6Customizer> (0x0000000088163b80) thrown at [./src/hotspot/share/classfile/systemDictionary.cpp, line 230]
Event: 84.130 Thread 0x000001adb7e3f800 Exception <a 'java/lang/ClassNotFoundException'{0x00000000880f0378}: org/gradle/api/internal/artifacts/dependencies/DefaultExternalModuleDependency_DecoratedBeanInfo> (0x00000000880f0378) thrown at [./src/hotspot/share/classfile/systemDictionary.cpp, line 230]
Event: 84.133 Thread 0x000001adb7e3f800 Exception <a 'java/lang/ClassNotFoundException'{0x0000000087f3fc30}: org/gradle/api/internal/artifacts/dependencies/DefaultExternalModuleDependencyBeanInfo> (0x0000000087f3fc30) thrown at [./src/hotspot/share/classfile/systemDictionary.cpp, line 230]
Event: 84.149 Thread 0x000001adb7e3f800 Exception <a 'java/lang/ClassNotFoundException'{0x0000000087f8f4e8}: org/gradle/api/internal/artifacts/dependencies/AbstractExternalModuleDependencyBeanInfo> (0x0000000087f8f4e8) thrown at [./src/hotspot/share/classfile/systemDictionary.cpp, line 230]
Event: 84.151 Thread 0x000001adb7e3f800 Exception <a 'java/lang/ClassNotFoundException'{0x0000000087fcbf40}: org/gradle/api/internal/artifacts/dependencies/AbstractModuleDependencyBeanInfo> (0x0000000087fcbf40) thrown at [./src/hotspot/share/classfile/systemDictionary.cpp, line 230]
Event: 84.152 Thread 0x000001adb7e3f800 Exception <a 'java/lang/ClassNotFoundException'{0x0000000087e063f0}: org/gradle/api/internal/artifacts/dependencies/AbstractDependencyBeanInfo> (0x0000000087e063f0) thrown at [./src/hotspot/share/classfile/systemDictionary.cpp, line 230]
Event: 84.154 Thread 0x000001adb7e3f800 Exception <a 'java/lang/ClassNotFoundException'{0x0000000087e42630}: org/gradle/api/internal/artifacts/dependencies/AbstractDependencyCustomizer> (0x0000000087e42630) thrown at [./src/hotspot/share/classfile/systemDictionary.cpp, line 230]
Event: 84.156 Thread 0x000001adb7e3f800 Exception <a 'java/lang/ClassNotFoundException'{0x0000000087e828b8}: org/gradle/api/internal/artifacts/dependencies/AbstractModuleDependencyCustomizer> (0x0000000087e828b8) thrown at [./src/hotspot/share/classfile/systemDictionary.cpp, line 230]
Event: 84.159 Thread 0x000001adb7e3f800 Exception <a 'java/lang/ClassNotFoundException'{0x0000000087eed5a8}: org/gradle/api/internal/artifacts/dependencies/AbstractExternalModuleDependencyCustomizer> (0x0000000087eed5a8) thrown at [./src/hotspot/share/classfile/systemDictionary.cpp, line 230]
Event: 84.162 Thread 0x000001adb7e3f800 Exception <a 'java/lang/ClassNotFoundException'{0x0000000087d4c818}: org/gradle/api/internal/artifacts/dependencies/DefaultExternalModuleDependencyCustomizer> (0x0000000087d4c818) thrown at [./src/hotspot/share/classfile/systemDictionary.cpp, line 230]
Event: 84.164 Thread 0x000001adb7e3f800 Exception <a 'java/lang/ClassNotFoundException'{0x0000000087dac130}: org/gradle/api/internal/artifacts/dependencies/DefaultExternalModuleDependency_DecoratedCustomizer> (0x0000000087dac130) thrown at [./src/hotspot/share/classfile/systemDictionary.cpp, line 230]

Events (20 events):
Event: 84.160 loading class org/gradle/api/internal/artifacts/dependencies/DefaultExternalModuleDependencyCustomizer
Event: 84.160 loading class org/gradle/api/internal/artifacts/dependencies/DefaultExternalModuleDependencyCustomizer done
Event: 84.161 loading class org/gradle/api/internal/artifacts/dependencies/DefaultExternalModuleDependencyCustomizer
Event: 84.161 loading class org/gradle/api/internal/artifacts/dependencies/DefaultExternalModuleDependencyCustomizer done
Event: 84.161 loading class org/gradle/api/internal/artifacts/dependencies/DefaultExternalModuleDependencyCustomizer
Event: 84.161 loading class org/gradle/api/internal/artifacts/dependencies/DefaultExternalModuleDependencyCustomizer done
Event: 84.162 loading class org/gradle/api/internal/artifacts/dependencies/DefaultExternalModuleDependencyCustomizer
Event: 84.162 loading class org/gradle/api/internal/artifacts/dependencies/DefaultExternalModuleDependencyCustomizer done
Event: 84.162 loading class org/gradle/api/internal/artifacts/dependencies/DefaultExternalModuleDependency_DecoratedCustomizer
Event: 84.162 loading class org/gradle/api/internal/artifacts/dependencies/DefaultExternalModuleDependency_DecoratedCustomizer done
Event: 84.162 loading class org/gradle/api/internal/artifacts/dependencies/DefaultExternalModuleDependency_DecoratedCustomizer
Event: 84.162 loading class org/gradle/api/internal/artifacts/dependencies/DefaultExternalModuleDependency_DecoratedCustomizer done
Event: 84.162 loading class org/gradle/api/internal/artifacts/dependencies/DefaultExternalModuleDependency_DecoratedCustomizer
Event: 84.162 loading class org/gradle/api/internal/artifacts/dependencies/DefaultExternalModuleDependency_DecoratedCustomizer done
Event: 84.163 loading class org/gradle/api/internal/artifacts/dependencies/DefaultExternalModuleDependency_DecoratedCustomizer
Event: 84.163 loading class org/gradle/api/internal/artifacts/dependencies/DefaultExternalModuleDependency_DecoratedCustomizer done
Event: 84.166 loading class org/gradle/api/internal/artifacts/DefaultExcludeRule
Event: 84.166 loading class org/gradle/api/internal/artifacts/DefaultExcludeRule done
Event: 84.168 loading class org/codehaus/groovy/runtime/dgm$1301
Event: 84.168 loading class org/codehaus/groovy/runtime/dgm$1301 done


Dynamic libraries:
0x00007ff689c50000 - 0x00007ff689c5d000 	C:\Program Files\Microsoft\jdk-11.0.18.10-hotspot\bin\java.exe
0x00007ffccba70000 - 0x00007ffccbc87000 	C:\WINDOWS\SYSTEM32\ntdll.dll
0x00007ffcc98d0000 - 0x00007ffcc9994000 	C:\WINDOWS\System32\KERNEL32.DLL
0x00007ffcc8df0000 - 0x00007ffcc9196000 	C:\WINDOWS\System32\KERNELBASE.dll
0x00007ffcc9510000 - 0x00007ffcc9621000 	C:\WINDOWS\System32\ucrtbase.dll
0x00007ffc74ce0000 - 0x00007ffc74cf7000 	C:\Program Files\Microsoft\jdk-11.0.18.10-hotspot\bin\jli.dll
0x00007ffcca8b0000 - 0x00007ffccaa5d000 	C:\WINDOWS\System32\USER32.dll
0x00007ffcc94e0000 - 0x00007ffcc9506000 	C:\WINDOWS\System32\win32u.dll
0x00007ffcc99a0000 - 0x00007ffcc99c9000 	C:\WINDOWS\System32\GDI32.dll
0x00007ffcc9630000 - 0x00007ffcc9748000 	C:\WINDOWS\System32\gdi32full.dll
0x00007ffc74cc0000 - 0x00007ffc74cd5000 	C:\Program Files\Microsoft\jdk-11.0.18.10-hotspot\bin\VCRUNTIME140.dll
0x00007ffcc9260000 - 0x00007ffcc92fa000 	C:\WINDOWS\System32\msvcp_win.dll
0x00007ffcaff30000 - 0x00007ffcb01c3000 	C:\WINDOWS\WinSxS\amd64_microsoft.windows.common-controls_6595b64144ccf1df_6.0.22621.2361_none_2712ced57382f843\COMCTL32.dll
0x00007ffccb980000 - 0x00007ffccba27000 	C:\WINDOWS\System32\msvcrt.dll
0x00007ffccaac0000 - 0x00007ffccaaf1000 	C:\WINDOWS\System32\IMM32.DLL
0x00007ffc5a5a0000 - 0x00007ffc5a63b000 	C:\Program Files\Microsoft\jdk-11.0.18.10-hotspot\bin\msvcp140.dll
0x00007ffc38a00000 - 0x00007ffc39592000 	C:\Program Files\Microsoft\jdk-11.0.18.10-hotspot\bin\server\jvm.dll
0x00007ffccb8d0000 - 0x00007ffccb980000 	C:\WINDOWS\System32\ADVAPI32.dll
0x00007ffcc9ad0000 - 0x00007ffcc9b76000 	C:\WINDOWS\System32\sechost.dll
0x00007ffccb7b0000 - 0x00007ffccb8c7000 	C:\WINDOWS\System32\RPCRT4.dll
0x00007ffccab00000 - 0x00007ffccab08000 	C:\WINDOWS\System32\PSAPI.DLL
0x00007ffcaf350000 - 0x00007ffcaf359000 	C:\WINDOWS\SYSTEM32\WSOCK32.dll
0x00007ffcc2cd0000 - 0x00007ffcc2d04000 	C:\WINDOWS\SYSTEM32\WINMM.dll
0x00007ffcc09c0000 - 0x00007ffcc09ca000 	C:\WINDOWS\SYSTEM32\VERSION.dll
0x00007ffcca110000 - 0x00007ffcca181000 	C:\WINDOWS\System32\WS2_32.dll
0x00007ffcc7f20000 - 0x00007ffcc7f38000 	C:\WINDOWS\SYSTEM32\kernel.appcore.dll
0x00007ffcab910000 - 0x00007ffcab920000 	C:\Program Files\Microsoft\jdk-11.0.18.10-hotspot\bin\verify.dll
0x00007ffcc62b0000 - 0x00007ffcc64de000 	C:\WINDOWS\SYSTEM32\DBGHELP.DLL
0x00007ffcca190000 - 0x00007ffcca51a000 	C:\WINDOWS\System32\combase.dll
0x00007ffcc97f0000 - 0x00007ffcc98c7000 	C:\WINDOWS\System32\OLEAUT32.dll
0x00007ffcc2c90000 - 0x00007ffcc2cc2000 	C:\WINDOWS\SYSTEM32\dbgcore.DLL
0x00007ffcc9750000 - 0x00007ffcc97ca000 	C:\WINDOWS\System32\bcryptPrimitives.dll
0x00007ffc5a6f0000 - 0x00007ffc5a718000 	C:\Program Files\Microsoft\jdk-11.0.18.10-hotspot\bin\java.dll
0x00007ffca41f0000 - 0x00007ffca41fa000 	C:\Program Files\Microsoft\jdk-11.0.18.10-hotspot\bin\jimage.dll
0x00007ffc738f0000 - 0x00007ffc73908000 	C:\Program Files\Microsoft\jdk-11.0.18.10-hotspot\bin\zip.dll
0x00007ffccaef0000 - 0x00007ffccb748000 	C:\WINDOWS\System32\SHELL32.dll
0x00007ffcc6d10000 - 0x00007ffcc7602000 	C:\WINDOWS\SYSTEM32\windows.storage.dll
0x00007ffcc6bd0000 - 0x00007ffcc6d0e000 	C:\WINDOWS\SYSTEM32\wintypes.dll
0x00007ffcc99d0000 - 0x00007ffcc9ac3000 	C:\WINDOWS\System32\SHCORE.dll
0x00007ffccb750000 - 0x00007ffccb7ae000 	C:\WINDOWS\System32\shlwapi.dll
0x00007ffcc8d20000 - 0x00007ffcc8d46000 	C:\WINDOWS\SYSTEM32\profapi.dll
0x00007ffc70370000 - 0x00007ffc70389000 	C:\Program Files\Microsoft\jdk-11.0.18.10-hotspot\bin\net.dll
0x00007ffcc2990000 - 0x00007ffcc2ac7000 	C:\WINDOWS\SYSTEM32\WINHTTP.dll
0x00007ffcc83a0000 - 0x00007ffcc8409000 	C:\WINDOWS\system32\mswsock.dll
0x00007ffc69260000 - 0x00007ffc69273000 	C:\Program Files\Microsoft\jdk-11.0.18.10-hotspot\bin\nio.dll
0x00007ffc5a440000 - 0x00007ffc5a467000 	C:\Users\db2ha\.gradle\native\68d5fa5c4cc2d200863cafc0d521ce42e7d3e7ee720ec0a83991735586a16f82\windows-amd64\native-platform.dll
0x00007ffc3dc10000 - 0x00007ffc3dd54000 	C:\Users\db2ha\.gradle\native\e376f236ea51e6404a007f0833ffe2c6e607c4080706a723a18a27aeea778392\windows-amd64\native-platform-file-events.dll
0x00007ffca2510000 - 0x00007ffca2519000 	C:\Program Files\Microsoft\jdk-11.0.18.10-hotspot\bin\management.dll
0x00007ffca1a30000 - 0x00007ffca1a3b000 	C:\Program Files\Microsoft\jdk-11.0.18.10-hotspot\bin\management_ext.dll
0x00007ffcc85f0000 - 0x00007ffcc860b000 	C:\WINDOWS\SYSTEM32\CRYPTSP.dll
0x00007ffcc7e80000 - 0x00007ffcc7eb5000 	C:\WINDOWS\system32\rsaenh.dll
0x00007ffcc8490000 - 0x00007ffcc84bc000 	C:\WINDOWS\SYSTEM32\USERENV.dll
0x00007ffcc8790000 - 0x00007ffcc87b8000 	C:\WINDOWS\SYSTEM32\bcrypt.dll
0x00007ffcc8610000 - 0x00007ffcc861c000 	C:\WINDOWS\SYSTEM32\CRYPTBASE.dll
0x00007ffcc7920000 - 0x00007ffcc794d000 	C:\WINDOWS\SYSTEM32\IPHLPAPI.DLL
0x00007ffcca8a0000 - 0x00007ffcca8a9000 	C:\WINDOWS\System32\NSI.dll
0x00007ffcc2690000 - 0x00007ffcc26a9000 	C:\WINDOWS\SYSTEM32\dhcpcsvc6.DLL
0x00007ffcc2670000 - 0x00007ffcc268f000 	C:\WINDOWS\SYSTEM32\dhcpcsvc.DLL
0x00007ffcc7950000 - 0x00007ffcc7a49000 	C:\WINDOWS\SYSTEM32\DNSAPI.dll

dbghelp: loaded successfully - version: 4.0.5 - missing functions: none
symbol engine: initialized successfully - sym options: 0x614 - pdb path: .;C:\Program Files\Microsoft\jdk-11.0.18.10-hotspot\bin;C:\WINDOWS\SYSTEM32;C:\WINDOWS\WinSxS\amd64_microsoft.windows.common-controls_6595b64144ccf1df_6.0.22621.2361_none_2712ced57382f843;C:\Program Files\Microsoft\jdk-11.0.18.10-hotspot\bin\server;C:\Users\db2ha\.gradle\native\68d5fa5c4cc2d200863cafc0d521ce42e7d3e7ee720ec0a83991735586a16f82\windows-amd64;C:\Users\db2ha\.gradle\native\e376f236ea51e6404a007f0833ffe2c6e607c4080706a723a18a27aeea778392\windows-amd64

VM Arguments:
jvm_args: -XX:MaxMetaspaceSize=512m --add-opens=java.base/java.util=ALL-UNNAMED --add-opens=java.base/java.lang=ALL-UNNAMED --add-opens=java.base/java.lang.invoke=ALL-UNNAMED --add-opens=java.prefs/java.util.prefs=ALL-UNNAMED --add-opens=java.base/java.nio.charset=ALL-UNNAMED --add-opens=java.base/java.net=ALL-UNNAMED --add-opens=java.base/java.util.concurrent.atomic=ALL-UNNAMED -Xmx2048m -Dfile.encoding=windows-1252 -Duser.country=US -Duser.language=en -Duser.variant 
java_command: org.gradle.launcher.daemon.bootstrap.GradleDaemon 8.0.1
java_class_path (initial): C:\Users\db2ha\.gradle\wrapper\dists\gradle-8.0.1-all\aro4hu1c3oeioove7l0i4i14o\gradle-8.0.1\lib\gradle-launcher-8.0.1.jar
Launcher Type: SUN_STANDARD

[Global flags]
     intx CICompilerCount                          = 4                                         {product} {ergonomic}
   size_t CompressedClassSpaceSize                 = 528482304                                 {product} {ergonomic}
     uint ConcGCThreads                            = 2                                         {product} {ergonomic}
     uint G1ConcRefinementThreads                  = 8                                         {product} {ergonomic}
   size_t G1HeapRegionSize                         = 1048576                                   {product} {ergonomic}
    uintx GCDrainStackTargetSize                   = 64                                        {product} {ergonomic}
   size_t InitialHeapSize                          = 264241152                                 {product} {ergonomic}
   size_t MarkStackSize                            = 4194304                                   {product} {ergonomic}
   size_t MaxHeapSize                              = 2147483648                                {product} {command line}
   size_t MaxMetaspaceSize                         = 536870912                                 {product} {command line}
   size_t MaxNewSize                               = 1287651328                                {product} {ergonomic}
   size_t MinHeapDeltaBytes                        = 1048576                                   {product} {ergonomic}
    uintx NonNMethodCodeHeapSize                   = 5836300                                {pd product} {ergonomic}
    uintx NonProfiledCodeHeapSize                  = 122910970                              {pd product} {ergonomic}
    uintx ProfiledCodeHeapSize                     = 122910970                              {pd product} {ergonomic}
    uintx ReservedCodeCacheSize                    = 251658240                              {pd product} {ergonomic}
     bool SegmentedCodeCache                       = true                                      {product} {ergonomic}
     bool UseCompressedClassPointers               = true                                 {lp64_product} {ergonomic}
     bool UseCompressedOops                        = true                                 {lp64_product} {ergonomic}
     bool UseG1GC                                  = true                                      {product} {ergonomic}
     bool UseLargePagesIndividualAllocation        = false                                  {pd product} {ergonomic}

Logging:
Log output configuration:
 #0: stdout all=warning uptime,level,tags
 #1: stderr all=off uptime,level,tags

Environment Variables:
JAVA_HOME=C:\Program Files\Microsoft\jdk-11.0.18.10-hotspot\
CLASSPATH=E:\app\News\android\\gradle\wrapper\gradle-wrapper.jar
PATH=E:\app\News\node_modules\.bin;E:\app\News\node_modules\.bin;E:\app\node_modules\.bin;E:\node_modules\.bin;C:\Program Files\nodejs\node_modules\npm\node_modules\@npmcli\run-script\lib\node-gyp-bin;E:\app\News\node_modules\.bin;E:\app\News\node_modules\.bin;E:\app\node_modules\.bin;E:\node_modules\.bin;C:\Program Files\nodejs\node_modules\npm\node_modules\@npmcli\run-script\lib\node-gyp-bin;C:\Program Files\Microsoft\jdk-11.0.18.10-hotspot\bin;C:\Windows\system32;C:\Windows;C:\Windows\System32\Wbem;C:\Windows\System32\WindowsPowerShell\v1.0\;C:\Windows\System32\OpenSSH\;C:\Program Files\NVIDIA Corporation\NVIDIA NvDLISR;C:\Program Files\dotnet\;C:\Program Files (x86)\dotnet\;C:\WINDOWS\system32;C:\WINDOWS;C:\WINDOWS\System32\Wbem;C:\WINDOWS\System32\WindowsPowerShell\v1.0\;C:\WINDOWS\System32\OpenSSH\;C:\Program Files\Java\jdk-17.0.2\bin;C:\ProgramData\chocolatey\bin;C:\Program Files\nodejs\;C:\Users\db2ha\AppData\Local\Microsoft\WindowsApps;C:\Users\db2ha\AppData\Local\GitHubDesktop\bin;C:\Program Files\Java\jdk-17.0.2\bin;C:\Users\db2ha\AppData\Roaming\npm;E:\AndroidSDK\platform-tools;E:\AndroidSDK;E:\AndroidSDK\emulator;C:\Program Files\nodejs;E:\AndroidSDK\build-tools;E:\Microsoft VS Code\bin
USERNAME=db2ha
LANG=en_US.UTF-8
OS=Windows_NT
PROCESSOR_IDENTIFIER=Intel64 Family 6 Model 140 Stepping 2, GenuineIntel
TMP=C:\Users\db2ha\AppData\Local\Temp
TEMP=C:\Users\db2ha\AppData\Local\Temp



---------------  S Y S T E M  ---------------

OS: Windows 11 , 64 bit Build 22621 (10.0.22621.2428)
OS uptime: 5 days 0:59 hours
Hyper-V role detected

CPU:total 8 (initial active 8) (4 cores per cpu, 2 threads per core) family 6 model 140 stepping 2 microcode 0x16, cmov, cx8, fxsr, mmx, sse, sse2, sse3, ssse3, sse4.1, sse4.2, popcnt, avx, avx2, aes, clmul, erms, 3dnowpref, lzcnt, ht, tsc, tscinvbit, bmi1, bmi2, adx, evex, sha, fma

Memory: 4k page, system-wide physical 16122M (214M free)
TotalPageFile size 26718M (AvailPageFile size 0M)
current process WorkingSet (physical memory assigned to process): 470M, peak: 470M
current process commit charge ("private bytes"): 558M, peak: 558M

vm_info: OpenJDK 64-Bit Server VM (11.0.18+10-LTS) for windows-amd64 JRE (11.0.18+10-LTS), built on Jan 18 2023 15:56:47 by "MicrosoftCorporation" with MS VC++ 15.9 (VS2017)

END.
