#
# There is insufficient memory for the Java Runtime Environment to continue.
# Native memory allocation (malloc) failed to allocate 1467696 bytes for Chunk::new
# Possible reasons:
#   The system is out of physical RAM or swap space
#   The process is running with CompressedOops enabled, and the Java Heap may be blocking the growth of the native heap
# Possible solutions:
#   Reduce memory load on the system
#   Increase physical memory or swap space
#   Check if swap backing store is full
#   Decrease Java heap size (-Xmx/-Xms)
#   Decrease number of Java threads
#   Decrease Java thread stack sizes (-Xss)
#   Set larger code cache with -XX:ReservedCodeCacheSize=
#   JVM is running with Unscaled Compressed Oops mode in which the Java heap is
#     placed in the first 4GB address space. The Java Heap base address is the
#     maximum limit for the native heap growth. Please use -XX:HeapBaseMinAddress
#     to set the Java Heap base and to place the Java Heap above 4GB virtual address.
# This output file may be truncated or incomplete.
#
#  Out of Memory Error (./src/hotspot/share/memory/arena.cpp:197), pid=35508, tid=35724
#
# JRE version: OpenJDK Runtime Environment Microsoft-7208460 (11.0.18+10) (build 11.0.18+10-LTS)
# Java VM: OpenJDK 64-Bit Server VM Microsoft-7208460 (11.0.18+10-LTS, mixed mode, tiered, compressed oops, g1 gc, windows-amd64)
# No core dump will be written. Minidumps are not enabled by default on client versions of Windows
#

---------------  S U M M A R Y ------------

Command Line: -XX:MaxMetaspaceSize=512m --add-opens=java.base/java.util=ALL-UNNAMED --add-opens=java.base/java.lang=ALL-UNNAMED --add-opens=java.base/java.lang.invoke=ALL-UNNAMED --add-opens=java.prefs/java.util.prefs=ALL-UNNAMED --add-opens=java.base/java.nio.charset=ALL-UNNAMED --add-opens=java.base/java.net=ALL-UNNAMED --add-opens=java.base/java.util.concurrent.atomic=ALL-UNNAMED -Xmx2048m -Dfile.encoding=windows-1252 -Duser.country=US -Duser.language=en -Duser.variant org.gradle.launcher.daemon.bootstrap.GradleDaemon 8.0.1

Host: 11th Gen Intel(R) Core(TM) i7-11390H @ 3.40GHz, 8 cores, 15G,  Windows 11 , 64 bit Build 22621 (10.0.22621.2428)
Time: Fri Nov 10 23:06:53 2023 India Standard Time elapsed time: 19.984911 seconds (0d 0h 0m 19s)

---------------  T H R E A D  ---------------

Current thread (0x000001923fc5c000):  JavaThread "C2 CompilerThread0" daemon [_thread_in_native, id=35724, stack(0x0000001ffe700000,0x0000001ffe800000)]


Current CompileTask:
C2:  19985 2159       4       java.net.URLClassLoader$1::run (5 bytes)

Stack: [0x0000001ffe700000,0x0000001ffe800000]
Native frames: (J=compiled Java code, j=interpreted, Vv=VM code, C=native code)
V  [jvm.dll+0x62bf8a]
V  [jvm.dll+0x7b8fb9]
V  [jvm.dll+0x7ba6a8]
V  [jvm.dll+0x7bad83]
V  [jvm.dll+0x250248]
V  [jvm.dll+0xc260c]
V  [jvm.dll+0xc2bcc]
V  [jvm.dll+0x35e1c7]
V  [jvm.dll+0x19ede1]
V  [jvm.dll+0x209495]
V  [jvm.dll+0x20850d]
V  [jvm.dll+0x18a4b1]
V  [jvm.dll+0x217eec]
V  [jvm.dll+0x21612b]
V  [jvm.dll+0x77bac0]
V  [jvm.dll+0x7749f4]
V  [jvm.dll+0x62adf5]
C  [ucrtbase.dll+0x29363]
C  [KERNEL32.DLL+0x1257d]
C  [ntdll.dll+0x5aa78]


---------------  P R O C E S S  ---------------

Threads class SMR info:
_java_thread_list=0x0000019241834950, length=23, elements={
0x00000192202af000, 0x000001923f3cd800, 0x000001923f3ce800, 0x000001923fc56800,
0x000001923fc59800, 0x000001923fc5a800, 0x000001923fc5c000, 0x000001923fc5e000,
0x000001923fc5f800, 0x000001923fdc6000, 0x0000019240ee4800, 0x0000019241589800,
0x0000019241723000, 0x0000019241adc000, 0x000001924091f800, 0x0000019240d5c800,
0x0000019240a59800, 0x00000192414ba800, 0x00000192407ad000, 0x0000019241482000,
0x0000019241ab9000, 0x0000019241aba000, 0x0000019241ab8800
}

Java Threads: ( => current thread )
  0x00000192202af000 JavaThread "main" [_thread_blocked, id=35640, stack(0x0000001ffdb00000,0x0000001ffdc00000)]
  0x000001923f3cd800 JavaThread "Reference Handler" daemon [_thread_blocked, id=35696, stack(0x0000001ffe200000,0x0000001ffe300000)]
  0x000001923f3ce800 JavaThread "Finalizer" daemon [_thread_blocked, id=35700, stack(0x0000001ffe300000,0x0000001ffe400000)]
  0x000001923fc56800 JavaThread "Signal Dispatcher" daemon [_thread_blocked, id=35712, stack(0x0000001ffe400000,0x0000001ffe500000)]
  0x000001923fc59800 JavaThread "Attach Listener" daemon [_thread_blocked, id=35716, stack(0x0000001ffe500000,0x0000001ffe600000)]
  0x000001923fc5a800 JavaThread "Service Thread" daemon [_thread_blocked, id=35720, stack(0x0000001ffe600000,0x0000001ffe700000)]
=>0x000001923fc5c000 JavaThread "C2 CompilerThread0" daemon [_thread_in_native, id=35724, stack(0x0000001ffe700000,0x0000001ffe800000)]
  0x000001923fc5e000 JavaThread "C1 CompilerThread0" daemon [_thread_blocked, id=35728, stack(0x0000001ffe800000,0x0000001ffe900000)]
  0x000001923fc5f800 JavaThread "Sweeper thread" daemon [_thread_blocked, id=35732, stack(0x0000001ffe900000,0x0000001ffea00000)]
  0x000001923fdc6000 JavaThread "Common-Cleaner" daemon [_thread_blocked, id=35792, stack(0x0000001ffea00000,0x0000001ffeb00000)]
  0x0000019240ee4800 JavaThread "Daemon health stats" [_thread_blocked, id=36384, stack(0x0000001fff100000,0x0000001fff200000)]
  0x0000019241589800 JavaThread "Incoming local TCP Connector on port 52329" [_thread_in_native, id=36752, stack(0x0000001fff200000,0x0000001fff300000)]
  0x0000019241723000 JavaThread "Daemon periodic checks" [_thread_blocked, id=36760, stack(0x0000001fff300000,0x0000001fff400000)]
  0x0000019241adc000 JavaThread "Daemon" [_thread_blocked, id=36772, stack(0x0000001fff400000,0x0000001fff500000)]
  0x000001924091f800 JavaThread "Handler for socket connection from /127.0.0.1:52329 to /127.0.0.1:52330" [_thread_in_native, id=36780, stack(0x0000001fff500000,0x0000001fff600000)]
  0x0000019240d5c800 JavaThread "Cancel handler" [_thread_blocked, id=36784, stack(0x0000001fff600000,0x0000001fff700000)]
  0x0000019240a59800 JavaThread "Daemon worker" [_thread_in_vm, id=36788, stack(0x0000001fff700000,0x0000001fff800000)]
  0x00000192414ba800 JavaThread "Asynchronous log dispatcher for DefaultDaemonConnection: socket connection from /127.0.0.1:52329 to /127.0.0.1:52330" [_thread_blocked, id=36800, stack(0x0000001fff800000,0x0000001fff900000)]
  0x00000192407ad000 JavaThread "Stdin handler" [_thread_blocked, id=36804, stack(0x0000001fff900000,0x0000001fffa00000)]
  0x0000019241482000 JavaThread "Daemon client event forwarder" [_thread_blocked, id=36808, stack(0x0000001fffa00000,0x0000001fffb00000)]
  0x0000019241ab9000 JavaThread "Cache worker for journal cache (C:\Users\db2ha\.gradle\caches\journal-1)" [_thread_blocked, id=36820, stack(0x0000001fffb00000,0x0000001fffc00000)]
  0x0000019241aba000 JavaThread "File lock request listener" [_thread_in_native, id=36824, stack(0x0000001fffc00000,0x0000001fffd00000)]
  0x0000019241ab8800 JavaThread "Cache worker for file hash cache (C:\Users\db2ha\.gradle\caches\8.0.1\fileHashes)" [_thread_blocked, id=36860, stack(0x0000001f80000000,0x0000001f80100000)]

Other Threads:
  0x000001923f3c8000 VMThread "VM Thread" [stack: 0x0000001ffe100000,0x0000001ffe200000] [id=35672]
  0x000001923fdfe800 WatcherThread [stack: 0x0000001ffeb00000,0x0000001ffec00000] [id=35824]
  0x00000192202c7000 GCTaskThread "GC Thread#0" [stack: 0x0000001ffdc00000,0x0000001ffdd00000] [id=35652]
  0x00000192407ff800 GCTaskThread "GC Thread#1" [stack: 0x0000001ffec00000,0x0000001ffed00000] [id=4248]
  0x00000192407b2000 GCTaskThread "GC Thread#2" [stack: 0x0000001ffed00000,0x0000001ffee00000] [id=31904]
  0x00000192400fd800 GCTaskThread "GC Thread#3" [stack: 0x0000001ffee00000,0x0000001ffef00000] [id=17292]
  0x00000192400fe800 GCTaskThread "GC Thread#4" [stack: 0x0000001ffef00000,0x0000001fff000000] [id=16792]
  0x0000019240ce4800 GCTaskThread "GC Thread#5" [stack: 0x0000001fff000000,0x0000001fff100000] [id=26940]
  0x0000019240b44800 GCTaskThread "GC Thread#6" [stack: 0x0000001fffd00000,0x0000001fffe00000] [id=36832]
  0x000001924088c800 GCTaskThread "GC Thread#7" [stack: 0x0000001fffe00000,0x0000001ffff00000] [id=36836]
  0x00000192202f6000 ConcurrentGCThread "G1 Main Marker" [stack: 0x0000001ffdd00000,0x0000001ffde00000] [id=35656]
  0x00000192202f8800 ConcurrentGCThread "G1 Conc#0" [stack: 0x0000001ffde00000,0x0000001ffdf00000] [id=35660]
  0x0000019241854800 ConcurrentGCThread "G1 Conc#1" [stack: 0x0000001ffff00000,0x0000002000000000] [id=36840]
  0x000001922037e800 ConcurrentGCThread "G1 Refine#0" [stack: 0x0000001ffdf00000,0x0000001ffe000000] [id=35664]
  0x000001923f25b000 ConcurrentGCThread "G1 Young RemSet Sampling" [stack: 0x0000001ffe000000,0x0000001ffe100000] [id=35668]

Threads with active compile tasks:
C2 CompilerThread0    20014 2159       4       java.net.URLClassLoader$1::run (5 bytes)

VM state:not at safepoint (normal execution)

VM Mutex/Monitor currently owned by a thread: None

Heap address: 0x0000000080000000, size: 2048 MB, Compressed Oops mode: 32-bit
Narrow klass base: 0x0000000000000000, Narrow klass shift: 3
Compressed class space size: 528482304 Address: 0x0000000100000000

Heap:
 garbage-first heap   total 258048K, used 66085K [0x0000000080000000, 0x0000000100000000)
  region size 1024K, 60 young (61440K), 11 survivors (11264K)
 Metaspace       used 25273K, capacity 25922K, committed 26160K, reserved 540672K
  class space    used 3202K, capacity 3418K, committed 3456K, reserved 516096K
Heap Regions: E=young(eden), S=young(survivor), O=old, HS=humongous(starts), HC=humongous(continues), CS=collection set, F=free, A=archive, TAMS=top-at-mark-start (previous, next)
|   0|0x0000000080000000, 0x0000000080100000, 0x0000000080100000|100%|HS|  |TAMS 0x0000000080100000, 0x0000000080000000| Complete 
|   1|0x0000000080100000, 0x0000000080200000, 0x0000000080200000|100%|HC|  |TAMS 0x0000000080200000, 0x0000000080100000| Complete 
|   2|0x0000000080200000, 0x0000000080300000, 0x0000000080300000|100%|HC|  |TAMS 0x0000000080300000, 0x0000000080200000| Complete 
|   3|0x0000000080300000, 0x0000000080400000, 0x0000000080400000|100%|HC|  |TAMS 0x0000000080400000, 0x0000000080300000| Complete 
|   4|0x0000000080400000, 0x0000000080500000, 0x0000000080500000|100%| O|  |TAMS 0x0000000080500000, 0x0000000080400000| Untracked 
|   5|0x0000000080500000, 0x0000000080600000, 0x0000000080600000|100%| O|  |TAMS 0x0000000080600000, 0x0000000080500000| Untracked 
|   6|0x0000000080600000, 0x0000000080700000, 0x0000000080700000|100%| O|  |TAMS 0x0000000080700000, 0x0000000080600000| Untracked 
|   7|0x0000000080700000, 0x0000000080732e00, 0x0000000080800000| 19%| O|  |TAMS 0x0000000080732e00, 0x0000000080700000| Untracked 
|   8|0x0000000080800000, 0x0000000080800000, 0x0000000080900000|  0%| F|  |TAMS 0x0000000080800000, 0x0000000080800000| Untracked 
|   9|0x0000000080900000, 0x0000000080900000, 0x0000000080a00000|  0%| F|  |TAMS 0x0000000080900000, 0x0000000080900000| Untracked 
|  10|0x0000000080a00000, 0x0000000080a00000, 0x0000000080b00000|  0%| F|  |TAMS 0x0000000080a00000, 0x0000000080a00000| Untracked 
|  11|0x0000000080b00000, 0x0000000080b00000, 0x0000000080c00000|  0%| F|  |TAMS 0x0000000080b00000, 0x0000000080b00000| Untracked 
|  12|0x0000000080c00000, 0x0000000080c00000, 0x0000000080d00000|  0%| F|  |TAMS 0x0000000080c00000, 0x0000000080c00000| Untracked 
|  13|0x0000000080d00000, 0x0000000080d00000, 0x0000000080e00000|  0%| F|  |TAMS 0x0000000080d00000, 0x0000000080d00000| Untracked 
|  14|0x0000000080e00000, 0x0000000080e00000, 0x0000000080f00000|  0%| F|  |TAMS 0x0000000080e00000, 0x0000000080e00000| Untracked 
|  15|0x0000000080f00000, 0x0000000080f00000, 0x0000000081000000|  0%| F|  |TAMS 0x0000000080f00000, 0x0000000080f00000| Untracked 
|  16|0x0000000081000000, 0x0000000081000000, 0x0000000081100000|  0%| F|  |TAMS 0x0000000081000000, 0x0000000081000000| Untracked 
|  17|0x0000000081100000, 0x0000000081100000, 0x0000000081200000|  0%| F|  |TAMS 0x0000000081100000, 0x0000000081100000| Untracked 
|  18|0x0000000081200000, 0x0000000081200000, 0x0000000081300000|  0%| F|  |TAMS 0x0000000081200000, 0x0000000081200000| Untracked 
|  19|0x0000000081300000, 0x0000000081300000, 0x0000000081400000|  0%| F|  |TAMS 0x0000000081300000, 0x0000000081300000| Untracked 
|  20|0x0000000081400000, 0x0000000081400000, 0x0000000081500000|  0%| F|  |TAMS 0x0000000081400000, 0x0000000081400000| Untracked 
|  21|0x0000000081500000, 0x0000000081500000, 0x0000000081600000|  0%| F|  |TAMS 0x0000000081500000, 0x0000000081500000| Untracked 
|  22|0x0000000081600000, 0x0000000081600000, 0x0000000081700000|  0%| F|  |TAMS 0x0000000081600000, 0x0000000081600000| Untracked 
|  23|0x0000000081700000, 0x0000000081700000, 0x0000000081800000|  0%| F|  |TAMS 0x0000000081700000, 0x0000000081700000| Untracked 
|  24|0x0000000081800000, 0x0000000081800000, 0x0000000081900000|  0%| F|  |TAMS 0x0000000081800000, 0x0000000081800000| Untracked 
|  25|0x0000000081900000, 0x0000000081900000, 0x0000000081a00000|  0%| F|  |TAMS 0x0000000081900000, 0x0000000081900000| Untracked 
|  26|0x0000000081a00000, 0x0000000081a00000, 0x0000000081b00000|  0%| F|  |TAMS 0x0000000081a00000, 0x0000000081a00000| Untracked 
|  27|0x0000000081b00000, 0x0000000081b00000, 0x0000000081c00000|  0%| F|  |TAMS 0x0000000081b00000, 0x0000000081b00000| Untracked 
|  28|0x0000000081c00000, 0x0000000081c00000, 0x0000000081d00000|  0%| F|  |TAMS 0x0000000081c00000, 0x0000000081c00000| Untracked 
|  29|0x0000000081d00000, 0x0000000081d00000, 0x0000000081e00000|  0%| F|  |TAMS 0x0000000081d00000, 0x0000000081d00000| Untracked 
|  30|0x0000000081e00000, 0x0000000081e00000, 0x0000000081f00000|  0%| F|  |TAMS 0x0000000081e00000, 0x0000000081e00000| Untracked 
|  31|0x0000000081f00000, 0x0000000081f00000, 0x0000000082000000|  0%| F|  |TAMS 0x0000000081f00000, 0x0000000081f00000| Untracked 
|  32|0x0000000082000000, 0x0000000082000000, 0x0000000082100000|  0%| F|  |TAMS 0x0000000082000000, 0x0000000082000000| Untracked 
|  33|0x0000000082100000, 0x0000000082100000, 0x0000000082200000|  0%| F|  |TAMS 0x0000000082100000, 0x0000000082100000| Untracked 
|  34|0x0000000082200000, 0x0000000082200000, 0x0000000082300000|  0%| F|  |TAMS 0x0000000082200000, 0x0000000082200000| Untracked 
|  35|0x0000000082300000, 0x0000000082300000, 0x0000000082400000|  0%| F|  |TAMS 0x0000000082300000, 0x0000000082300000| Untracked 
|  36|0x0000000082400000, 0x0000000082400000, 0x0000000082500000|  0%| F|  |TAMS 0x0000000082400000, 0x0000000082400000| Untracked 
|  37|0x0000000082500000, 0x0000000082500000, 0x0000000082600000|  0%| F|  |TAMS 0x0000000082500000, 0x0000000082500000| Untracked 
|  38|0x0000000082600000, 0x0000000082600000, 0x0000000082700000|  0%| F|  |TAMS 0x0000000082600000, 0x0000000082600000| Untracked 
|  39|0x0000000082700000, 0x0000000082700000, 0x0000000082800000|  0%| F|  |TAMS 0x0000000082700000, 0x0000000082700000| Untracked 
|  40|0x0000000082800000, 0x0000000082800000, 0x0000000082900000|  0%| F|  |TAMS 0x0000000082800000, 0x0000000082800000| Untracked 
|  41|0x0000000082900000, 0x0000000082900000, 0x0000000082a00000|  0%| F|  |TAMS 0x0000000082900000, 0x0000000082900000| Untracked 
|  42|0x0000000082a00000, 0x0000000082a00000, 0x0000000082b00000|  0%| F|  |TAMS 0x0000000082a00000, 0x0000000082a00000| Untracked 
|  43|0x0000000082b00000, 0x0000000082b00000, 0x0000000082c00000|  0%| F|  |TAMS 0x0000000082b00000, 0x0000000082b00000| Untracked 
|  44|0x0000000082c00000, 0x0000000082c00000, 0x0000000082d00000|  0%| F|  |TAMS 0x0000000082c00000, 0x0000000082c00000| Untracked 
|  45|0x0000000082d00000, 0x0000000082d00000, 0x0000000082e00000|  0%| F|  |TAMS 0x0000000082d00000, 0x0000000082d00000| Untracked 
|  46|0x0000000082e00000, 0x0000000082e00000, 0x0000000082f00000|  0%| F|  |TAMS 0x0000000082e00000, 0x0000000082e00000| Untracked 
|  47|0x0000000082f00000, 0x0000000082f00000, 0x0000000083000000|  0%| F|  |TAMS 0x0000000082f00000, 0x0000000082f00000| Untracked 
|  48|0x0000000083000000, 0x0000000083000000, 0x0000000083100000|  0%| F|  |TAMS 0x0000000083000000, 0x0000000083000000| Untracked 
|  49|0x0000000083100000, 0x0000000083100000, 0x0000000083200000|  0%| F|  |TAMS 0x0000000083100000, 0x0000000083100000| Untracked 
|  50|0x0000000083200000, 0x0000000083200000, 0x0000000083300000|  0%| F|  |TAMS 0x0000000083200000, 0x0000000083200000| Untracked 
|  51|0x0000000083300000, 0x0000000083300000, 0x0000000083400000|  0%| F|  |TAMS 0x0000000083300000, 0x0000000083300000| Untracked 
|  52|0x0000000083400000, 0x0000000083400000, 0x0000000083500000|  0%| F|  |TAMS 0x0000000083400000, 0x0000000083400000| Untracked 
|  53|0x0000000083500000, 0x0000000083500000, 0x0000000083600000|  0%| F|  |TAMS 0x0000000083500000, 0x0000000083500000| Untracked 
|  54|0x0000000083600000, 0x0000000083600000, 0x0000000083700000|  0%| F|  |TAMS 0x0000000083600000, 0x0000000083600000| Untracked 
|  55|0x0000000083700000, 0x0000000083700000, 0x0000000083800000|  0%| F|  |TAMS 0x0000000083700000, 0x0000000083700000| Untracked 
|  56|0x0000000083800000, 0x0000000083800000, 0x0000000083900000|  0%| F|  |TAMS 0x0000000083800000, 0x0000000083800000| Untracked 
|  57|0x0000000083900000, 0x0000000083900000, 0x0000000083a00000|  0%| F|  |TAMS 0x0000000083900000, 0x0000000083900000| Untracked 
|  58|0x0000000083a00000, 0x0000000083a00000, 0x0000000083b00000|  0%| F|  |TAMS 0x0000000083a00000, 0x0000000083a00000| Untracked 
|  59|0x0000000083b00000, 0x0000000083b00000, 0x0000000083c00000|  0%| F|  |TAMS 0x0000000083b00000, 0x0000000083b00000| Untracked 
|  60|0x0000000083c00000, 0x0000000083c00000, 0x0000000083d00000|  0%| F|  |TAMS 0x0000000083c00000, 0x0000000083c00000| Untracked 
|  61|0x0000000083d00000, 0x0000000083d00000, 0x0000000083e00000|  0%| F|  |TAMS 0x0000000083d00000, 0x0000000083d00000| Untracked 
|  62|0x0000000083e00000, 0x0000000083e00000, 0x0000000083f00000|  0%| F|  |TAMS 0x0000000083e00000, 0x0000000083e00000| Untracked 
|  63|0x0000000083f00000, 0x0000000083f00000, 0x0000000084000000|  0%| F|  |TAMS 0x0000000083f00000, 0x0000000083f00000| Untracked 
|  64|0x0000000084000000, 0x0000000084000000, 0x0000000084100000|  0%| F|  |TAMS 0x0000000084000000, 0x0000000084000000| Untracked 
|  65|0x0000000084100000, 0x0000000084100000, 0x0000000084200000|  0%| F|  |TAMS 0x0000000084100000, 0x0000000084100000| Untracked 
|  66|0x0000000084200000, 0x0000000084200000, 0x0000000084300000|  0%| F|  |TAMS 0x0000000084200000, 0x0000000084200000| Untracked 
|  67|0x0000000084300000, 0x0000000084300000, 0x0000000084400000|  0%| F|  |TAMS 0x0000000084300000, 0x0000000084300000| Untracked 
|  68|0x0000000084400000, 0x0000000084400000, 0x0000000084500000|  0%| F|  |TAMS 0x0000000084400000, 0x0000000084400000| Untracked 
|  69|0x0000000084500000, 0x0000000084500000, 0x0000000084600000|  0%| F|  |TAMS 0x0000000084500000, 0x0000000084500000| Untracked 
|  70|0x0000000084600000, 0x0000000084600000, 0x0000000084700000|  0%| F|  |TAMS 0x0000000084600000, 0x0000000084600000| Untracked 
|  71|0x0000000084700000, 0x0000000084700000, 0x0000000084800000|  0%| F|  |TAMS 0x0000000084700000, 0x0000000084700000| Untracked 
|  72|0x0000000084800000, 0x0000000084800000, 0x0000000084900000|  0%| F|  |TAMS 0x0000000084800000, 0x0000000084800000| Untracked 
|  73|0x0000000084900000, 0x0000000084900000, 0x0000000084a00000|  0%| F|  |TAMS 0x0000000084900000, 0x0000000084900000| Untracked 
|  74|0x0000000084a00000, 0x0000000084a00000, 0x0000000084b00000|  0%| F|  |TAMS 0x0000000084a00000, 0x0000000084a00000| Untracked 
|  75|0x0000000084b00000, 0x0000000084b00000, 0x0000000084c00000|  0%| F|  |TAMS 0x0000000084b00000, 0x0000000084b00000| Untracked 
|  76|0x0000000084c00000, 0x0000000084c00000, 0x0000000084d00000|  0%| F|  |TAMS 0x0000000084c00000, 0x0000000084c00000| Untracked 
|  77|0x0000000084d00000, 0x0000000084d00000, 0x0000000084e00000|  0%| F|  |TAMS 0x0000000084d00000, 0x0000000084d00000| Untracked 
|  78|0x0000000084e00000, 0x0000000084e00000, 0x0000000084f00000|  0%| F|  |TAMS 0x0000000084e00000, 0x0000000084e00000| Untracked 
|  79|0x0000000084f00000, 0x0000000084f00000, 0x0000000085000000|  0%| F|  |TAMS 0x0000000084f00000, 0x0000000084f00000| Untracked 
|  80|0x0000000085000000, 0x0000000085000000, 0x0000000085100000|  0%| F|  |TAMS 0x0000000085000000, 0x0000000085000000| Untracked 
|  81|0x0000000085100000, 0x0000000085100000, 0x0000000085200000|  0%| F|  |TAMS 0x0000000085100000, 0x0000000085100000| Untracked 
|  82|0x0000000085200000, 0x0000000085200000, 0x0000000085300000|  0%| F|  |TAMS 0x0000000085200000, 0x0000000085200000| Untracked 
|  83|0x0000000085300000, 0x0000000085300000, 0x0000000085400000|  0%| F|  |TAMS 0x0000000085300000, 0x0000000085300000| Untracked 
|  84|0x0000000085400000, 0x0000000085400000, 0x0000000085500000|  0%| F|  |TAMS 0x0000000085400000, 0x0000000085400000| Untracked 
|  85|0x0000000085500000, 0x0000000085500000, 0x0000000085600000|  0%| F|  |TAMS 0x0000000085500000, 0x0000000085500000| Untracked 
|  86|0x0000000085600000, 0x0000000085600000, 0x0000000085700000|  0%| F|  |TAMS 0x0000000085600000, 0x0000000085600000| Untracked 
|  87|0x0000000085700000, 0x0000000085700000, 0x0000000085800000|  0%| F|  |TAMS 0x0000000085700000, 0x0000000085700000| Untracked 
|  88|0x0000000085800000, 0x0000000085800000, 0x0000000085900000|  0%| F|  |TAMS 0x0000000085800000, 0x0000000085800000| Untracked 
|  89|0x0000000085900000, 0x0000000085900000, 0x0000000085a00000|  0%| F|  |TAMS 0x0000000085900000, 0x0000000085900000| Untracked 
|  90|0x0000000085a00000, 0x0000000085a00000, 0x0000000085b00000|  0%| F|  |TAMS 0x0000000085a00000, 0x0000000085a00000| Untracked 
|  91|0x0000000085b00000, 0x0000000085b00000, 0x0000000085c00000|  0%| F|  |TAMS 0x0000000085b00000, 0x0000000085b00000| Untracked 
|  92|0x0000000085c00000, 0x0000000085c00000, 0x0000000085d00000|  0%| F|  |TAMS 0x0000000085c00000, 0x0000000085c00000| Untracked 
|  93|0x0000000085d00000, 0x0000000085d00000, 0x0000000085e00000|  0%| F|  |TAMS 0x0000000085d00000, 0x0000000085d00000| Untracked 
|  94|0x0000000085e00000, 0x0000000085e00000, 0x0000000085f00000|  0%| F|  |TAMS 0x0000000085e00000, 0x0000000085e00000| Untracked 
|  95|0x0000000085f00000, 0x0000000085f00000, 0x0000000086000000|  0%| F|  |TAMS 0x0000000085f00000, 0x0000000085f00000| Untracked 
|  96|0x0000000086000000, 0x0000000086000000, 0x0000000086100000|  0%| F|  |TAMS 0x0000000086000000, 0x0000000086000000| Untracked 
|  97|0x0000000086100000, 0x0000000086100000, 0x0000000086200000|  0%| F|  |TAMS 0x0000000086100000, 0x0000000086100000| Untracked 
|  98|0x0000000086200000, 0x0000000086200000, 0x0000000086300000|  0%| F|  |TAMS 0x0000000086200000, 0x0000000086200000| Untracked 
|  99|0x0000000086300000, 0x0000000086300000, 0x0000000086400000|  0%| F|  |TAMS 0x0000000086300000, 0x0000000086300000| Untracked 
| 100|0x0000000086400000, 0x0000000086400000, 0x0000000086500000|  0%| F|  |TAMS 0x0000000086400000, 0x0000000086400000| Untracked 
| 101|0x0000000086500000, 0x0000000086500000, 0x0000000086600000|  0%| F|  |TAMS 0x0000000086500000, 0x0000000086500000| Untracked 
| 102|0x0000000086600000, 0x0000000086600000, 0x0000000086700000|  0%| F|  |TAMS 0x0000000086600000, 0x0000000086600000| Untracked 
| 103|0x0000000086700000, 0x0000000086700000, 0x0000000086800000|  0%| F|  |TAMS 0x0000000086700000, 0x0000000086700000| Untracked 
| 104|0x0000000086800000, 0x0000000086800000, 0x0000000086900000|  0%| F|  |TAMS 0x0000000086800000, 0x0000000086800000| Untracked 
| 105|0x0000000086900000, 0x0000000086900000, 0x0000000086a00000|  0%| F|  |TAMS 0x0000000086900000, 0x0000000086900000| Untracked 
| 106|0x0000000086a00000, 0x0000000086a00000, 0x0000000086b00000|  0%| F|  |TAMS 0x0000000086a00000, 0x0000000086a00000| Untracked 
| 107|0x0000000086b00000, 0x0000000086b00000, 0x0000000086c00000|  0%| F|  |TAMS 0x0000000086b00000, 0x0000000086b00000| Untracked 
| 108|0x0000000086c00000, 0x0000000086c00000, 0x0000000086d00000|  0%| F|  |TAMS 0x0000000086c00000, 0x0000000086c00000| Untracked 
| 109|0x0000000086d00000, 0x0000000086d00000, 0x0000000086e00000|  0%| F|  |TAMS 0x0000000086d00000, 0x0000000086d00000| Untracked 
| 110|0x0000000086e00000, 0x0000000086e00000, 0x0000000086f00000|  0%| F|  |TAMS 0x0000000086e00000, 0x0000000086e00000| Untracked 
| 111|0x0000000086f00000, 0x0000000086f00000, 0x0000000087000000|  0%| F|  |TAMS 0x0000000086f00000, 0x0000000086f00000| Untracked 
| 112|0x0000000087000000, 0x0000000087000000, 0x0000000087100000|  0%| F|  |TAMS 0x0000000087000000, 0x0000000087000000| Untracked 
| 113|0x0000000087100000, 0x0000000087100000, 0x0000000087200000|  0%| F|  |TAMS 0x0000000087100000, 0x0000000087100000| Untracked 
| 114|0x0000000087200000, 0x0000000087200000, 0x0000000087300000|  0%| F|  |TAMS 0x0000000087200000, 0x0000000087200000| Untracked 
| 115|0x0000000087300000, 0x0000000087300000, 0x0000000087400000|  0%| F|  |TAMS 0x0000000087300000, 0x0000000087300000| Untracked 
| 116|0x0000000087400000, 0x0000000087400000, 0x0000000087500000|  0%| F|  |TAMS 0x0000000087400000, 0x0000000087400000| Untracked 
| 117|0x0000000087500000, 0x0000000087500000, 0x0000000087600000|  0%| F|  |TAMS 0x0000000087500000, 0x0000000087500000| Untracked 
| 118|0x0000000087600000, 0x0000000087600000, 0x0000000087700000|  0%| F|  |TAMS 0x0000000087600000, 0x0000000087600000| Untracked 
| 119|0x0000000087700000, 0x0000000087700000, 0x0000000087800000|  0%| F|  |TAMS 0x0000000087700000, 0x0000000087700000| Untracked 
| 120|0x0000000087800000, 0x0000000087800000, 0x0000000087900000|  0%| F|  |TAMS 0x0000000087800000, 0x0000000087800000| Untracked 
| 121|0x0000000087900000, 0x0000000087900000, 0x0000000087a00000|  0%| F|  |TAMS 0x0000000087900000, 0x0000000087900000| Untracked 
| 122|0x0000000087a00000, 0x0000000087a00000, 0x0000000087b00000|  0%| F|  |TAMS 0x0000000087a00000, 0x0000000087a00000| Untracked 
| 123|0x0000000087b00000, 0x0000000087b00000, 0x0000000087c00000|  0%| F|  |TAMS 0x0000000087b00000, 0x0000000087b00000| Untracked 
| 124|0x0000000087c00000, 0x0000000087c00000, 0x0000000087d00000|  0%| F|  |TAMS 0x0000000087c00000, 0x0000000087c00000| Untracked 
| 125|0x0000000087d00000, 0x0000000087d00000, 0x0000000087e00000|  0%| F|  |TAMS 0x0000000087d00000, 0x0000000087d00000| Untracked 
| 126|0x0000000087e00000, 0x0000000087e00000, 0x0000000087f00000|  0%| F|  |TAMS 0x0000000087e00000, 0x0000000087e00000| Untracked 
| 127|0x0000000087f00000, 0x0000000087f00000, 0x0000000088000000|  0%| F|  |TAMS 0x0000000087f00000, 0x0000000087f00000| Untracked 
| 128|0x0000000088000000, 0x0000000088000000, 0x0000000088100000|  0%| F|  |TAMS 0x0000000088000000, 0x0000000088000000| Untracked 
| 129|0x0000000088100000, 0x0000000088100000, 0x0000000088200000|  0%| F|  |TAMS 0x0000000088100000, 0x0000000088100000| Untracked 
| 130|0x0000000088200000, 0x0000000088200000, 0x0000000088300000|  0%| F|  |TAMS 0x0000000088200000, 0x0000000088200000| Untracked 
| 131|0x0000000088300000, 0x0000000088300000, 0x0000000088400000|  0%| F|  |TAMS 0x0000000088300000, 0x0000000088300000| Untracked 
| 132|0x0000000088400000, 0x0000000088400000, 0x0000000088500000|  0%| F|  |TAMS 0x0000000088400000, 0x0000000088400000| Untracked 
| 133|0x0000000088500000, 0x0000000088500000, 0x0000000088600000|  0%| F|  |TAMS 0x0000000088500000, 0x0000000088500000| Untracked 
| 134|0x0000000088600000, 0x0000000088600000, 0x0000000088700000|  0%| F|  |TAMS 0x0000000088600000, 0x0000000088600000| Untracked 
| 135|0x0000000088700000, 0x0000000088700000, 0x0000000088800000|  0%| F|  |TAMS 0x0000000088700000, 0x0000000088700000| Untracked 
| 136|0x0000000088800000, 0x0000000088800000, 0x0000000088900000|  0%| F|  |TAMS 0x0000000088800000, 0x0000000088800000| Untracked 
| 137|0x0000000088900000, 0x0000000088900000, 0x0000000088a00000|  0%| F|  |TAMS 0x0000000088900000, 0x0000000088900000| Untracked 
| 138|0x0000000088a00000, 0x0000000088a00000, 0x0000000088b00000|  0%| F|  |TAMS 0x0000000088a00000, 0x0000000088a00000| Untracked 
| 139|0x0000000088b00000, 0x0000000088b00000, 0x0000000088c00000|  0%| F|  |TAMS 0x0000000088b00000, 0x0000000088b00000| Untracked 
| 140|0x0000000088c00000, 0x0000000088c00000, 0x0000000088d00000|  0%| F|  |TAMS 0x0000000088c00000, 0x0000000088c00000| Untracked 
| 141|0x0000000088d00000, 0x0000000088d00000, 0x0000000088e00000|  0%| F|  |TAMS 0x0000000088d00000, 0x0000000088d00000| Untracked 
| 142|0x0000000088e00000, 0x0000000088e00000, 0x0000000088f00000|  0%| F|  |TAMS 0x0000000088e00000, 0x0000000088e00000| Untracked 
| 143|0x0000000088f00000, 0x0000000088f00000, 0x0000000089000000|  0%| F|  |TAMS 0x0000000088f00000, 0x0000000088f00000| Untracked 
| 144|0x0000000089000000, 0x0000000089000000, 0x0000000089100000|  0%| F|  |TAMS 0x0000000089000000, 0x0000000089000000| Untracked 
| 145|0x0000000089100000, 0x0000000089100000, 0x0000000089200000|  0%| F|  |TAMS 0x0000000089100000, 0x0000000089100000| Untracked 
| 146|0x0000000089200000, 0x0000000089200000, 0x0000000089300000|  0%| F|  |TAMS 0x0000000089200000, 0x0000000089200000| Untracked 
| 147|0x0000000089300000, 0x0000000089300000, 0x0000000089400000|  0%| F|  |TAMS 0x0000000089300000, 0x0000000089300000| Untracked 
| 148|0x0000000089400000, 0x00000000894568c0, 0x0000000089500000| 33%| S|CS|TAMS 0x0000000089400000, 0x0000000089400000| Complete 
| 149|0x0000000089500000, 0x0000000089600000, 0x0000000089600000|100%| S|CS|TAMS 0x0000000089500000, 0x0000000089500000| Complete 
| 150|0x0000000089600000, 0x0000000089700000, 0x0000000089700000|100%| S|CS|TAMS 0x0000000089600000, 0x0000000089600000| Complete 
| 151|0x0000000089700000, 0x0000000089800000, 0x0000000089800000|100%| S|CS|TAMS 0x0000000089700000, 0x0000000089700000| Complete 
| 152|0x0000000089800000, 0x0000000089900000, 0x0000000089900000|100%| S|CS|TAMS 0x0000000089800000, 0x0000000089800000| Complete 
| 153|0x0000000089900000, 0x0000000089a00000, 0x0000000089a00000|100%| S|CS|TAMS 0x0000000089900000, 0x0000000089900000| Complete 
| 154|0x0000000089a00000, 0x0000000089b00000, 0x0000000089b00000|100%| S|CS|TAMS 0x0000000089a00000, 0x0000000089a00000| Complete 
| 155|0x0000000089b00000, 0x0000000089c00000, 0x0000000089c00000|100%| S|CS|TAMS 0x0000000089b00000, 0x0000000089b00000| Complete 
| 156|0x0000000089c00000, 0x0000000089d00000, 0x0000000089d00000|100%| S|CS|TAMS 0x0000000089c00000, 0x0000000089c00000| Complete 
| 157|0x0000000089d00000, 0x0000000089e00000, 0x0000000089e00000|100%| S|CS|TAMS 0x0000000089d00000, 0x0000000089d00000| Complete 
| 158|0x0000000089e00000, 0x0000000089f00000, 0x0000000089f00000|100%| S|CS|TAMS 0x0000000089e00000, 0x0000000089e00000| Complete 
| 159|0x0000000089f00000, 0x0000000089f00000, 0x000000008a000000|  0%| F|  |TAMS 0x0000000089f00000, 0x0000000089f00000| Untracked 
| 160|0x000000008a000000, 0x000000008a000000, 0x000000008a100000|  0%| F|  |TAMS 0x000000008a000000, 0x000000008a000000| Untracked 
| 161|0x000000008a100000, 0x000000008a100000, 0x000000008a200000|  0%| F|  |TAMS 0x000000008a100000, 0x000000008a100000| Untracked 
| 162|0x000000008a200000, 0x000000008a200000, 0x000000008a300000|  0%| F|  |TAMS 0x000000008a200000, 0x000000008a200000| Untracked 
| 163|0x000000008a300000, 0x000000008a300000, 0x000000008a400000|  0%| F|  |TAMS 0x000000008a300000, 0x000000008a300000| Untracked 
| 164|0x000000008a400000, 0x000000008a400000, 0x000000008a500000|  0%| F|  |TAMS 0x000000008a400000, 0x000000008a400000| Untracked 
| 165|0x000000008a500000, 0x000000008a500000, 0x000000008a600000|  0%| F|  |TAMS 0x000000008a500000, 0x000000008a500000| Untracked 
| 166|0x000000008a600000, 0x000000008a600000, 0x000000008a700000|  0%| F|  |TAMS 0x000000008a600000, 0x000000008a600000| Untracked 
| 167|0x000000008a700000, 0x000000008a700000, 0x000000008a800000|  0%| F|  |TAMS 0x000000008a700000, 0x000000008a700000| Untracked 
| 168|0x000000008a800000, 0x000000008a800000, 0x000000008a900000|  0%| F|  |TAMS 0x000000008a800000, 0x000000008a800000| Untracked 
| 169|0x000000008a900000, 0x000000008a900000, 0x000000008aa00000|  0%| F|  |TAMS 0x000000008a900000, 0x000000008a900000| Untracked 
| 170|0x000000008aa00000, 0x000000008aa00000, 0x000000008ab00000|  0%| F|  |TAMS 0x000000008aa00000, 0x000000008aa00000| Untracked 
| 171|0x000000008ab00000, 0x000000008ab00000, 0x000000008ac00000|  0%| F|  |TAMS 0x000000008ab00000, 0x000000008ab00000| Untracked 
| 172|0x000000008ac00000, 0x000000008ac00000, 0x000000008ad00000|  0%| F|  |TAMS 0x000000008ac00000, 0x000000008ac00000| Untracked 
| 173|0x000000008ad00000, 0x000000008ad00000, 0x000000008ae00000|  0%| F|  |TAMS 0x000000008ad00000, 0x000000008ad00000| Untracked 
| 174|0x000000008ae00000, 0x000000008ae00000, 0x000000008af00000|  0%| F|  |TAMS 0x000000008ae00000, 0x000000008ae00000| Untracked 
| 175|0x000000008af00000, 0x000000008af00000, 0x000000008b000000|  0%| F|  |TAMS 0x000000008af00000, 0x000000008af00000| Untracked 
| 176|0x000000008b000000, 0x000000008b000000, 0x000000008b100000|  0%| F|  |TAMS 0x000000008b000000, 0x000000008b000000| Untracked 
| 177|0x000000008b100000, 0x000000008b100000, 0x000000008b200000|  0%| F|  |TAMS 0x000000008b100000, 0x000000008b100000| Untracked 
| 178|0x000000008b200000, 0x000000008b200000, 0x000000008b300000|  0%| F|  |TAMS 0x000000008b200000, 0x000000008b200000| Untracked 
| 179|0x000000008b300000, 0x000000008b300000, 0x000000008b400000|  0%| F|  |TAMS 0x000000008b300000, 0x000000008b300000| Untracked 
| 180|0x000000008b400000, 0x000000008b400000, 0x000000008b500000|  0%| F|  |TAMS 0x000000008b400000, 0x000000008b400000| Untracked 
| 181|0x000000008b500000, 0x000000008b500000, 0x000000008b600000|  0%| F|  |TAMS 0x000000008b500000, 0x000000008b500000| Untracked 
| 182|0x000000008b600000, 0x000000008b600000, 0x000000008b700000|  0%| F|  |TAMS 0x000000008b600000, 0x000000008b600000| Untracked 
| 183|0x000000008b700000, 0x000000008b700000, 0x000000008b800000|  0%| F|  |TAMS 0x000000008b700000, 0x000000008b700000| Untracked 
| 184|0x000000008b800000, 0x000000008b800000, 0x000000008b900000|  0%| F|  |TAMS 0x000000008b800000, 0x000000008b800000| Untracked 
| 185|0x000000008b900000, 0x000000008b900000, 0x000000008ba00000|  0%| F|  |TAMS 0x000000008b900000, 0x000000008b900000| Untracked 
| 186|0x000000008ba00000, 0x000000008ba00000, 0x000000008bb00000|  0%| F|  |TAMS 0x000000008ba00000, 0x000000008ba00000| Untracked 
| 187|0x000000008bb00000, 0x000000008bb00000, 0x000000008bc00000|  0%| F|  |TAMS 0x000000008bb00000, 0x000000008bb00000| Untracked 
| 188|0x000000008bc00000, 0x000000008bc00000, 0x000000008bd00000|  0%| F|  |TAMS 0x000000008bc00000, 0x000000008bc00000| Untracked 
| 189|0x000000008bd00000, 0x000000008bd00000, 0x000000008be00000|  0%| F|  |TAMS 0x000000008bd00000, 0x000000008bd00000| Untracked 
| 190|0x000000008be00000, 0x000000008be00000, 0x000000008bf00000|  0%| F|  |TAMS 0x000000008be00000, 0x000000008be00000| Untracked 
| 191|0x000000008bf00000, 0x000000008bf00000, 0x000000008c000000|  0%| F|  |TAMS 0x000000008bf00000, 0x000000008bf00000| Untracked 
| 192|0x000000008c000000, 0x000000008c000000, 0x000000008c100000|  0%| F|  |TAMS 0x000000008c000000, 0x000000008c000000| Untracked 
| 193|0x000000008c100000, 0x000000008c100000, 0x000000008c200000|  0%| F|  |TAMS 0x000000008c100000, 0x000000008c100000| Untracked 
| 194|0x000000008c200000, 0x000000008c200000, 0x000000008c300000|  0%| F|  |TAMS 0x000000008c200000, 0x000000008c200000| Untracked 
| 195|0x000000008c300000, 0x000000008c300000, 0x000000008c400000|  0%| F|  |TAMS 0x000000008c300000, 0x000000008c300000| Untracked 
| 196|0x000000008c400000, 0x000000008c400000, 0x000000008c500000|  0%| F|  |TAMS 0x000000008c400000, 0x000000008c400000| Untracked 
| 197|0x000000008c500000, 0x000000008c500000, 0x000000008c600000|  0%| F|  |TAMS 0x000000008c500000, 0x000000008c500000| Untracked 
| 198|0x000000008c600000, 0x000000008c600000, 0x000000008c700000|  0%| F|  |TAMS 0x000000008c600000, 0x000000008c600000| Untracked 
| 199|0x000000008c700000, 0x000000008c700000, 0x000000008c800000|  0%| F|  |TAMS 0x000000008c700000, 0x000000008c700000| Untracked 
| 200|0x000000008c800000, 0x000000008c800000, 0x000000008c900000|  0%| F|  |TAMS 0x000000008c800000, 0x000000008c800000| Untracked 
| 201|0x000000008c900000, 0x000000008c900000, 0x000000008ca00000|  0%| F|  |TAMS 0x000000008c900000, 0x000000008c900000| Untracked 
| 202|0x000000008ca00000, 0x000000008ca00000, 0x000000008cb00000|  0%| F|  |TAMS 0x000000008ca00000, 0x000000008ca00000| Untracked 
| 203|0x000000008cb00000, 0x000000008cbd3298, 0x000000008cc00000| 82%| E|  |TAMS 0x000000008cb00000, 0x000000008cb00000| Complete 
| 204|0x000000008cc00000, 0x000000008cd00000, 0x000000008cd00000|100%| E|CS|TAMS 0x000000008cc00000, 0x000000008cc00000| Complete 
| 205|0x000000008cd00000, 0x000000008ce00000, 0x000000008ce00000|100%| E|CS|TAMS 0x000000008cd00000, 0x000000008cd00000| Complete 
| 206|0x000000008ce00000, 0x000000008cf00000, 0x000000008cf00000|100%| E|CS|TAMS 0x000000008ce00000, 0x000000008ce00000| Complete 
| 207|0x000000008cf00000, 0x000000008d000000, 0x000000008d000000|100%| E|CS|TAMS 0x000000008cf00000, 0x000000008cf00000| Complete 
| 208|0x000000008d000000, 0x000000008d100000, 0x000000008d100000|100%| E|CS|TAMS 0x000000008d000000, 0x000000008d000000| Complete 
| 209|0x000000008d100000, 0x000000008d200000, 0x000000008d200000|100%| E|CS|TAMS 0x000000008d100000, 0x000000008d100000| Complete 
| 210|0x000000008d200000, 0x000000008d300000, 0x000000008d300000|100%| E|CS|TAMS 0x000000008d200000, 0x000000008d200000| Complete 
| 211|0x000000008d300000, 0x000000008d400000, 0x000000008d400000|100%| E|CS|TAMS 0x000000008d300000, 0x000000008d300000| Complete 
| 212|0x000000008d400000, 0x000000008d500000, 0x000000008d500000|100%| E|CS|TAMS 0x000000008d400000, 0x000000008d400000| Complete 
| 213|0x000000008d500000, 0x000000008d600000, 0x000000008d600000|100%| E|CS|TAMS 0x000000008d500000, 0x000000008d500000| Complete 
| 214|0x000000008d600000, 0x000000008d700000, 0x000000008d700000|100%| E|CS|TAMS 0x000000008d600000, 0x000000008d600000| Complete 
| 215|0x000000008d700000, 0x000000008d800000, 0x000000008d800000|100%| E|CS|TAMS 0x000000008d700000, 0x000000008d700000| Complete 
| 216|0x000000008d800000, 0x000000008d900000, 0x000000008d900000|100%| E|CS|TAMS 0x000000008d800000, 0x000000008d800000| Complete 
| 217|0x000000008d900000, 0x000000008da00000, 0x000000008da00000|100%| E|CS|TAMS 0x000000008d900000, 0x000000008d900000| Complete 
| 218|0x000000008da00000, 0x000000008db00000, 0x000000008db00000|100%| E|CS|TAMS 0x000000008da00000, 0x000000008da00000| Complete 
| 219|0x000000008db00000, 0x000000008dc00000, 0x000000008dc00000|100%| E|CS|TAMS 0x000000008db00000, 0x000000008db00000| Complete 
| 220|0x000000008dc00000, 0x000000008dd00000, 0x000000008dd00000|100%| E|CS|TAMS 0x000000008dc00000, 0x000000008dc00000| Complete 
| 221|0x000000008dd00000, 0x000000008de00000, 0x000000008de00000|100%| E|CS|TAMS 0x000000008dd00000, 0x000000008dd00000| Complete 
| 222|0x000000008de00000, 0x000000008df00000, 0x000000008df00000|100%| E|CS|TAMS 0x000000008de00000, 0x000000008de00000| Complete 
| 223|0x000000008df00000, 0x000000008e000000, 0x000000008e000000|100%| E|CS|TAMS 0x000000008df00000, 0x000000008df00000| Complete 
| 224|0x000000008e000000, 0x000000008e100000, 0x000000008e100000|100%| E|CS|TAMS 0x000000008e000000, 0x000000008e000000| Complete 
| 225|0x000000008e100000, 0x000000008e200000, 0x000000008e200000|100%| E|CS|TAMS 0x000000008e100000, 0x000000008e100000| Complete 
| 226|0x000000008e200000, 0x000000008e300000, 0x000000008e300000|100%| E|CS|TAMS 0x000000008e200000, 0x000000008e200000| Complete 
| 227|0x000000008e300000, 0x000000008e400000, 0x000000008e400000|100%| E|CS|TAMS 0x000000008e300000, 0x000000008e300000| Complete 
| 228|0x000000008e400000, 0x000000008e500000, 0x000000008e500000|100%| E|CS|TAMS 0x000000008e400000, 0x000000008e400000| Complete 
| 229|0x000000008e500000, 0x000000008e600000, 0x000000008e600000|100%| E|CS|TAMS 0x000000008e500000, 0x000000008e500000| Complete 
| 230|0x000000008e600000, 0x000000008e700000, 0x000000008e700000|100%| E|CS|TAMS 0x000000008e600000, 0x000000008e600000| Complete 
| 231|0x000000008e700000, 0x000000008e800000, 0x000000008e800000|100%| E|CS|TAMS 0x000000008e700000, 0x000000008e700000| Complete 
| 232|0x000000008e800000, 0x000000008e900000, 0x000000008e900000|100%| E|CS|TAMS 0x000000008e800000, 0x000000008e800000| Complete 
| 233|0x000000008e900000, 0x000000008ea00000, 0x000000008ea00000|100%| E|CS|TAMS 0x000000008e900000, 0x000000008e900000| Complete 
| 234|0x000000008ea00000, 0x000000008eb00000, 0x000000008eb00000|100%| E|CS|TAMS 0x000000008ea00000, 0x000000008ea00000| Complete 
| 235|0x000000008eb00000, 0x000000008ec00000, 0x000000008ec00000|100%| E|  |TAMS 0x000000008eb00000, 0x000000008eb00000| Complete 
| 236|0x000000008ec00000, 0x000000008ed00000, 0x000000008ed00000|100%| E|CS|TAMS 0x000000008ec00000, 0x000000008ec00000| Complete 
| 237|0x000000008ed00000, 0x000000008ee00000, 0x000000008ee00000|100%| E|CS|TAMS 0x000000008ed00000, 0x000000008ed00000| Complete 
| 238|0x000000008ee00000, 0x000000008ef00000, 0x000000008ef00000|100%| E|CS|TAMS 0x000000008ee00000, 0x000000008ee00000| Complete 
| 239|0x000000008ef00000, 0x000000008f000000, 0x000000008f000000|100%| E|CS|TAMS 0x000000008ef00000, 0x000000008ef00000| Complete 
| 240|0x000000008f000000, 0x000000008f100000, 0x000000008f100000|100%| E|CS|TAMS 0x000000008f000000, 0x000000008f000000| Complete 
| 241|0x000000008f100000, 0x000000008f200000, 0x000000008f200000|100%| E|CS|TAMS 0x000000008f100000, 0x000000008f100000| Complete 
| 242|0x000000008f200000, 0x000000008f300000, 0x000000008f300000|100%| E|CS|TAMS 0x000000008f200000, 0x000000008f200000| Complete 
| 243|0x000000008f300000, 0x000000008f400000, 0x000000008f400000|100%| E|CS|TAMS 0x000000008f300000, 0x000000008f300000| Complete 
| 244|0x000000008f400000, 0x000000008f500000, 0x000000008f500000|100%| E|CS|TAMS 0x000000008f400000, 0x000000008f400000| Complete 
| 245|0x000000008f500000, 0x000000008f600000, 0x000000008f600000|100%| E|CS|TAMS 0x000000008f500000, 0x000000008f500000| Complete 
| 246|0x000000008f600000, 0x000000008f700000, 0x000000008f700000|100%| E|CS|TAMS 0x000000008f600000, 0x000000008f600000| Complete 
| 247|0x000000008f700000, 0x000000008f800000, 0x000000008f800000|100%| E|CS|TAMS 0x000000008f700000, 0x000000008f700000| Complete 
| 248|0x000000008f800000, 0x000000008f900000, 0x000000008f900000|100%| E|CS|TAMS 0x000000008f800000, 0x000000008f800000| Complete 
| 249|0x000000008f900000, 0x000000008fa00000, 0x000000008fa00000|100%| E|CS|TAMS 0x000000008f900000, 0x000000008f900000| Complete 
| 250|0x000000008fa00000, 0x000000008fb00000, 0x000000008fb00000|100%| E|CS|TAMS 0x000000008fa00000, 0x000000008fa00000| Complete 
| 251|0x000000008fb00000, 0x000000008fc00000, 0x000000008fc00000|100%| E|CS|TAMS 0x000000008fb00000, 0x000000008fb00000| Complete 

Card table byte_map: [0x0000019238150000,0x0000019238550000] _byte_map_base: 0x0000019237d50000

Marking Bits (Prev, Next): (CMBitMap*) 0x00000192202ed6f0, (CMBitMap*) 0x00000192202ed6b8
 Prev Bits: [0x000001923a950000, 0x000001923c950000)
 Next Bits: [0x0000019238950000, 0x000001923a950000)

Polling page: 0x000001921e270000

Metaspace:

Usage:
  Non-class:     22.04 MB capacity,    21.61 MB ( 98%) used,   385.59 KB (  2%) free+waste,    51.31 KB ( <1%) overhead. 
      Class:      3.37 MB capacity,     3.15 MB ( 94%) used,   197.41 KB (  6%) free+waste,    25.69 KB ( <1%) overhead. 
       Both:     25.41 MB capacity,    24.76 MB ( 97%) used,   583.01 KB (  2%) free+waste,    77.00 KB ( <1%) overhead. 

Virtual space:
  Non-class space:       24.00 MB reserved,      22.17 MB ( 92%) committed 
      Class space:      504.00 MB reserved,       3.38 MB ( <1%) committed 
             Both:      528.00 MB reserved,      25.55 MB (  5%) committed 

Chunk freelists:
   Non-Class:  8.00 KB
       Class:  6.00 KB
        Both:  14.00 KB

MaxMetaspaceSize: 512.00 MB
CompressedClassSpaceSize: 504.00 MB
Initial GC threshold: 20.80 MB
Current GC threshold: 35.08 MB
CDS: off

CodeHeap 'non-profiled nmethods': size=120000Kb used=1023Kb max_used=1023Kb free=118976Kb
 bounds [0x00000192304f0000, 0x0000019230760000, 0x0000019237a20000]
CodeHeap 'profiled nmethods': size=120000Kb used=4775Kb max_used=4775Kb free=115224Kb
 bounds [0x0000019228fc0000, 0x0000019229470000, 0x00000192304f0000]
CodeHeap 'non-nmethods': size=5760Kb used=1235Kb max_used=1271Kb free=4524Kb
 bounds [0x0000019228a20000, 0x0000019228c90000, 0x0000019228fc0000]
 total_blobs=2760 nmethods=2257 adapters=415
 compilation: enabled
              stopped_count=0, restarted_count=0
 full_count=0

Compilation events (20 events):
Event: 19.924 Thread 0x000001923fc5e000 2252       3       jdk.internal.org.objectweb.asm.AnnotationWriter::visitEnd (43 bytes)
Event: 19.924 Thread 0x000001923fc5e000 nmethod 2252 0x0000019229463f10 code [0x00000192294640c0, 0x0000019229464258]
Event: 19.925 Thread 0x000001923fc5e000 2253       3       java.lang.invoke.ConstantCallSite::getTarget (20 bytes)
Event: 19.925 Thread 0x000001923fc5e000 nmethod 2253 0x0000019229464390 code [0x0000019229464560, 0x0000019229464768]
Event: 19.936 Thread 0x000001923fc5e000 2254       3       sun.security.provider.MD5::FF (33 bytes)
Event: 19.936 Thread 0x000001923fc5e000 nmethod 2254 0x0000019229464890 code [0x0000019229464a40, 0x0000019229464b58]
Event: 19.936 Thread 0x000001923fc5e000 2257       3       sun.security.provider.MD5::II (31 bytes)
Event: 19.936 Thread 0x000001923fc5e000 nmethod 2257 0x0000019229464c10 code [0x0000019229464dc0, 0x0000019229464ed8]
Event: 19.937 Thread 0x000001923fc5e000 2255       3       sun.security.provider.MD5::GG (33 bytes)
Event: 19.937 Thread 0x000001923fc5e000 nmethod 2255 0x0000019229464f90 code [0x0000019229465140, 0x0000019229465258]
Event: 19.937 Thread 0x000001923fc5e000 2256       3       sun.security.provider.MD5::HH (29 bytes)
Event: 19.937 Thread 0x000001923fc5e000 nmethod 2256 0x0000019229465310 code [0x00000192294654c0, 0x00000192294655d8]
Event: 19.951 Thread 0x000001923fc5e000 2259       3       java.util.concurrent.locks.ReentrantLock::unlock (10 bytes)
Event: 19.952 Thread 0x000001923fc5e000 nmethod 2259 0x0000019229465690 code [0x0000019229465860, 0x0000019229465b98]
Event: 19.972 Thread 0x000001923fc5e000 2261       3       org.gradle.internal.service.DefaultServiceRegistry::access$1400 (4 bytes)
Event: 19.972 Thread 0x000001923fc5e000 nmethod 2261 0x0000019229465d10 code [0x0000019229465ec0, 0x0000019229465fb8]
Event: 19.973 Thread 0x000001923fc5e000 2262       3       java.lang.reflect.Method::setMethodAccessor (21 bytes)
Event: 19.973 Thread 0x000001923fc5e000 nmethod 2262 0x0000019229466090 code [0x0000019229466260, 0x0000019229466548]
Event: 19.979 Thread 0x000001923fc5e000 2263       3       java.util.HashMap::put (13 bytes)
Event: 19.979 Thread 0x000001923fc5e000 nmethod 2263 0x0000019229466690 code [0x0000019229466860, 0x0000019229466b58]

GC Heap History (4 events):
Event: 6.193 GC heap before
{Heap before GC invocations=0 (full 0):
 garbage-first heap   total 258048K, used 27648K [0x0000000080000000, 0x0000000100000000)
  region size 1024K, 24 young (24576K), 0 survivors (0K)
 Metaspace       used 9792K, capacity 9968K, committed 10112K, reserved 526336K
  class space    used 999K, capacity 1069K, committed 1152K, reserved 516096K
}
Event: 6.387 GC heap after
{Heap after GC invocations=1 (full 0):
 garbage-first heap   total 258048K, used 10443K [0x0000000080000000, 0x0000000100000000)
  region size 1024K, 3 young (3072K), 3 survivors (3072K)
 Metaspace       used 9792K, capacity 9968K, committed 10112K, reserved 526336K
  class space    used 999K, capacity 1069K, committed 1152K, reserved 516096K
}
Event: 18.895 GC heap before
{Heap before GC invocations=1 (full 0):
 garbage-first heap   total 258048K, used 102603K [0x0000000080000000, 0x0000000100000000)
  region size 1024K, 93 young (95232K), 3 survivors (3072K)
 Metaspace       used 20807K, capacity 21204K, committed 21296K, reserved 536576K
  class space    used 2487K, capacity 2652K, committed 2688K, reserved 516096K
}
Event: 18.910 GC heap after
{Heap after GC invocations=2 (full 0):
 garbage-first heap   total 258048K, used 17957K [0x0000000080000000, 0x0000000100000000)
  region size 1024K, 11 young (11264K), 11 survivors (11264K)
 Metaspace       used 20807K, capacity 21204K, committed 21296K, reserved 536576K
  class space    used 2487K, capacity 2652K, committed 2688K, reserved 516096K
}

Deoptimization events (20 events):
Event: 18.988 Thread 0x0000019240a59800 Uncommon trap: trap_request=0xffffffc6 fr.pc=0x0000019230564654 relative=0x0000000000000114
Event: 18.988 Thread 0x0000019240a59800 Uncommon trap: reason=bimorphic_or_optimized_type_check action=maybe_recompile pc=0x0000019230564654 method=java.util.AbstractList$Itr.next()Ljava/lang/Object; @ 14 c2
Event: 18.988 Thread 0x0000019240a59800 DEOPT PACKING pc=0x0000019230564654 sp=0x0000001fff7fc300
Event: 18.988 Thread 0x0000019240a59800 DEOPT UNPACKING pc=0x0000019228a285af sp=0x0000001fff7fc298 mode 2
Event: 18.989 Thread 0x0000019240a59800 Uncommon trap: trap_request=0xffffff4d fr.pc=0x000001923055ffdc relative=0x000000000000051c
Event: 18.989 Thread 0x0000019240a59800 Uncommon trap: reason=unstable_if action=reinterpret pc=0x000001923055ffdc method=java.io.File.getName()Ljava/lang/String; @ 16 c2
Event: 18.989 Thread 0x0000019240a59800 DEOPT PACKING pc=0x000001923055ffdc sp=0x0000001fff7fcd40
Event: 18.989 Thread 0x0000019240a59800 DEOPT UNPACKING pc=0x0000019228a285af sp=0x0000001fff7fcd10 mode 2
Event: 18.989 Thread 0x0000019240a59800 Uncommon trap: trap_request=0xffffff4d fr.pc=0x000001923055c034 relative=0x0000000000000474
Event: 18.989 Thread 0x0000019240a59800 Uncommon trap: reason=unstable_if action=reinterpret pc=0x000001923055c034 method=java.lang.String.substring(I)Ljava/lang/String; @ 34 c2
Event: 18.989 Thread 0x0000019240a59800 DEOPT PACKING pc=0x000001923055c034 sp=0x0000001fff7fccc0
Event: 18.989 Thread 0x0000019240a59800 DEOPT UNPACKING pc=0x0000019228a285af sp=0x0000001fff7fcc98 mode 2
Event: 19.786 Thread 0x0000019240a59800 Uncommon trap: trap_request=0xffffffc6 fr.pc=0x00000192305bf1a0 relative=0x00000000000007a0
Event: 19.786 Thread 0x0000019240a59800 Uncommon trap: reason=bimorphic_or_optimized_type_check action=maybe_recompile pc=0x00000192305bf1a0 method=java.util.HashMap.putVal(ILjava/lang/Object;Ljava/lang/Object;ZZ)Ljava/lang/Object; @ 203 c2
Event: 19.786 Thread 0x0000019240a59800 DEOPT PACKING pc=0x00000192305bf1a0 sp=0x0000001fff7fad50
Event: 19.786 Thread 0x0000019240a59800 DEOPT UNPACKING pc=0x0000019228a285af sp=0x0000001fff7face0 mode 2
Event: 19.940 Thread 0x0000019240a59800 Uncommon trap: trap_request=0xffffff4d fr.pc=0x0000019230545b14 relative=0x00000000000000d4
Event: 19.940 Thread 0x0000019240a59800 Uncommon trap: reason=unstable_if action=reinterpret pc=0x0000019230545b14 method=java.util.HashMap.hash(Ljava/lang/Object;)I @ 1 c2
Event: 19.940 Thread 0x0000019240a59800 DEOPT PACKING pc=0x0000019230545b14 sp=0x0000001fff7f9ce0
Event: 19.940 Thread 0x0000019240a59800 DEOPT UNPACKING pc=0x0000019228a285af sp=0x0000001fff7f9c20 mode 2

Classes redefined (0 events):
No events

Internal exceptions (20 events):
Event: 18.569 Thread 0x0000019240a59800 Exception <a 'java/lang/NoSuchMethodError'{0x000000008ad6f138}: 'java.lang.Object java.lang.invoke.DirectMethodHandle$Holder.invokeSpecial(java.lang.Object, java.lang.Object, java.lang.Object, java.lang.Object, java.lang.Object, java.lang.Object, java.lang.Object, java.lang.Object, int, int)'> (0x000000008ad6f138) thrown at [./src/hotspot/share/interpreter/linkResolver.cpp, line 773]
Event: 18.601 Thread 0x0000019240a59800 Exception <a 'java/lang/NoSuchMethodError'{0x000000008ac942e8}: 'java.lang.Object java.lang.invoke.DirectMethodHandle$Holder.invokeStatic(java.lang.Object, java.lang.Object, java.lang.Object, int, java.lang.Object, java.lang.Object)'> (0x000000008ac942e8) thrown at [./src/hotspot/share/interpreter/linkResolver.cpp, line 773]
Event: 18.602 Thread 0x0000019240a59800 Exception <a 'java/lang/NoSuchMethodError'{0x000000008ac9b750}: 'java.lang.Object java.lang.invoke.Invokers$Holder.linkToTargetMethod(java.lang.Object, java.lang.Object, int, java.lang.Object, java.lang.Object, java.lang.Object)'> (0x000000008ac9b750) thrown at [./src/hotspot/share/interpreter/linkResolver.cpp, line 773]
Event: 18.672 Thread 0x0000019240a59800 Exception <a 'java/lang/NoSuchMethodError'{0x000000008aae0ec8}: 'void java.lang.invoke.DelegatingMethodHandle$Holder.reinvoke_L(java.lang.Object, java.lang.Object, java.lang.Object, java.lang.Object, java.lang.Object, java.lang.Object, java.lang.Object, java.lang.Object, java.lang.Object, java.lang.Object, java.lang.Object)'> (0x000000008aae0ec8) thrown at [./src/hotspot/share/interpreter/linkResolver.cpp, line 773]
Event: 18.673 Thread 0x0000019240a59800 Exception <a 'java/lang/NoSuchMethodError'{0x000000008aae91b8}: 'java.lang.Object java.lang.invoke.DirectMethodHandle$Holder.invokeSpecial(java.lang.Object, java.lang.Object, java.lang.Object, java.lang.Object, java.lang.Object, java.lang.Object, java.lang.Object, java.lang.Object, java.lang.Object, java.lang.Object, java.lang.Object)'> (0x000000008aae91b8) thrown at [./src/hotspot/share/interpreter/linkResolver.cpp, line 773]
Event: 18.674 Thread 0x0000019240a59800 Exception <a 'java/lang/NoSuchMethodError'{0x000000008aaed928}: 'java.lang.Object java.lang.invoke.Invokers$Holder.invoker(java.lang.Object, java.lang.Object, java.lang.Object, java.lang.Object, java.lang.Object, java.lang.Object, java.lang.Object, java.lang.Object, java.lang.Object, java.lang.Object, java.lang.Object)'> (0x000000008aaed928) thrown at [./src/hotspot/share/interpreter/linkResolver.cpp, line 773]
Event: 18.675 Thread 0x0000019240a59800 Exception <a 'java/lang/NoSuchMethodError'{0x000000008aaf28d8}: 'java.lang.Object java.lang.invoke.DirectMethodHandle$Holder.invokeSpecial(java.lang.Object, java.lang.Object, java.lang.Object, java.lang.Object, java.lang.Object, java.lang.Object, java.lang.Object, java.lang.Object, java.lang.Object, java.lang.Object, java.lang.Object, java.lang.Object)'> (0x000000008aaf28d8) thrown at [./src/hotspot/share/interpreter/linkResolver.cpp, line 773]
Event: 18.718 Thread 0x0000019240a59800 Exception <a 'java/lang/NoSuchMethodError'{0x000000008a850218}: 'java.lang.Object java.lang.invoke.DirectMethodHandle$Holder.invokeSpecial(java.lang.Object, java.lang.Object, java.lang.Object, java.lang.Object, java.lang.Object, java.lang.Object, java.lang.Object, java.lang.Object, java.lang.Object)'> (0x000000008a850218) thrown at [./src/hotspot/share/interpreter/linkResolver.cpp, line 773]
Event: 18.832 Thread 0x0000019240a59800 Exception <a 'java/lang/NoSuchMethodError'{0x000000008a143200}: 'void java.lang.invoke.DirectMethodHandle$Holder.invokeStaticInit(java.lang.Object)'> (0x000000008a143200) thrown at [./src/hotspot/share/interpreter/linkResolver.cpp, line 773]
Event: 18.859 Thread 0x0000019240a59800 Exception <a 'java/lang/NoSuchMethodError'{0x000000008a1e5678}: 'java.lang.Object java.lang.invoke.DirectMethodHandle$Holder.invokeStatic(java.lang.Object, java.lang.Object, java.lang.Object, int)'> (0x000000008a1e5678) thrown at [./src/hotspot/share/interpreter/linkResolver.cpp, line 773]
Event: 18.859 Thread 0x0000019240a59800 Exception <a 'java/lang/NoSuchMethodError'{0x000000008a1e9840}: 'java.lang.Object java.lang.invoke.DirectMethodHandle$Holder.invokeSpecial(java.lang.Object, java.lang.Object, java.lang.Object, java.lang.Object, int)'> (0x000000008a1e9840) thrown at [./src/hotspot/share/interpreter/linkResolver.cpp, line 773]
Event: 18.859 Thread 0x0000019240a59800 Exception <a 'java/lang/NoSuchMethodError'{0x000000008a1ed228}: 'java.lang.Object java.lang.invoke.Invokers$Holder.linkToTargetMethod(java.lang.Object, java.lang.Object, int, java.lang.Object)'> (0x000000008a1ed228) thrown at [./src/hotspot/share/interpreter/linkResolver.cpp, line 773]
Event: 19.440 Thread 0x0000019240a59800 Exception <a 'java/lang/NoSuchMethodError'{0x000000008ec46240}: 'int java.lang.invoke.DirectMethodHandle$Holder.invokeSpecialIFC(java.lang.Object, java.lang.Object, java.lang.Object, java.lang.Object)'> (0x000000008ec46240) thrown at [./src/hotspot/share/interpreter/linkResolver.cpp, line 773]
Event: 19.443 Thread 0x0000019240a59800 Exception <a 'java/lang/NoSuchMethodError'{0x000000008ec541f8}: 'java.lang.Object java.lang.invoke.DirectMethodHandle$Holder.invokeInterface(java.lang.Object, java.lang.Object, java.lang.Object)'> (0x000000008ec541f8) thrown at [./src/hotspot/share/interpreter/linkResolver.cpp, line 773]
Event: 19.443 Thread 0x0000019240a59800 Exception <a 'java/lang/IncompatibleClassChangeError'{0x000000008ec576d0}: Found class java.lang.Object, but interface was expected> (0x000000008ec576d0) thrown at [./src/hotspot/share/interpreter/linkResolver.cpp, line 839]
Event: 19.738 Thread 0x0000019240a59800 Exception <a 'java/lang/NoSuchMethodError'{0x000000008da279e8}: 'java.lang.Object java.lang.invoke.DirectMethodHandle$Holder.invokeVirtual(java.lang.Object, java.lang.Object, java.lang.Object, java.lang.Object)'> (0x000000008da279e8) thrown at [./src/hotspot/share/interpreter/linkResolver.cpp, line 773]
Event: 19.802 Thread 0x0000019240a59800 Exception <a 'java/lang/NoSuchMethodError'{0x000000008d8f8b30}: 'java.lang.Object java.lang.invoke.Invokers$Holder.linkToTargetMethod(java.lang.Object, java.lang.Object, java.lang.Object, java.lang.Object, java.lang.Object, java.lang.Object, java.lang.Object)'> (0x000000008d8f8b30) thrown at [./src/hotspot/share/interpreter/linkResolver.cpp, line 773]
Event: 19.842 Thread 0x0000019240a59800 Exception <a 'java/lang/NoSuchMethodError'{0x000000008d69b430}: 'java.lang.Object java.lang.invoke.DirectMethodHandle$Holder.invokeVirtual(java.lang.Object, java.lang.Object, java.lang.Object, java.lang.Object, java.lang.Object, java.lang.Object, java.lang.Object, java.lang.Object, java.lang.Object, java.lang.Object, java.lang.Object, java.lang.Object, java.lang.Object, java.lang.Object, java.lang.Object, java.lang.Object, java.lang.Object, java.lang.Object, java.lang.Object, java.lang.Object, java.lang.Ob
Event: 19.923 Thread 0x0000019240a59800 Exception <a 'java/lang/NoSuchMethodError'{0x000000008cf6efd8}: 'void java.lang.invoke.DirectMethodHandle$Holder.invokeStatic(java.lang.Object, java.lang.Object, java.lang.Object, java.lang.Object, java.lang.Object)'> (0x000000008cf6efd8) thrown at [./src/hotspot/share/interpreter/linkResolver.cpp, line 773]
Event: 19.940 Thread 0x0000019240a59800 Implicit null exception at 0x0000019230545a78 to 0x0000019230545b0a

Events (20 events):
Event: 19.973 loading class org/gradle/initialization/DefaultGradlePropertiesController
Event: 19.973 loading class org/gradle/initialization/DefaultGradlePropertiesController done
Event: 19.973 loading class org/gradle/initialization/DefaultGradlePropertiesController$State
Event: 19.973 loading class org/gradle/initialization/DefaultGradlePropertiesController$State done
Event: 19.974 loading class org/gradle/initialization/DefaultGradlePropertiesController$NotLoaded
Event: 19.974 loading class org/gradle/initialization/DefaultGradlePropertiesController$NotLoaded done
Event: 19.974 loading class org/gradle/initialization/DefaultGradlePropertiesController$SharedGradleProperties
Event: 19.974 loading class org/gradle/initialization/DefaultGradlePropertiesController$SharedGradleProperties done
Event: 19.975 loading class org/gradle/initialization/NotifyingBuildLoader
Event: 19.975 loading class org/gradle/initialization/NotifyingBuildLoader done
Event: 19.976 loading class org/gradle/initialization/NotifyProjectsLoadedBuildOperationType$Result
Event: 19.976 loading class org/gradle/initialization/NotifyProjectsLoadedBuildOperationType$Result done
Event: 19.976 loading class org/gradle/initialization/NotifyingBuildLoader$1
Event: 19.976 loading class org/gradle/initialization/NotifyingBuildLoader$1 done
Event: 19.976 loading class org/gradle/initialization/ProjectPropertySettingBuildLoader
Event: 19.976 loading class org/gradle/initialization/ProjectPropertySettingBuildLoader done
Event: 19.978 loading class org/gradle/initialization/InstantiatingBuildLoader
Event: 19.978 loading class org/gradle/initialization/InstantiatingBuildLoader done
Event: 19.978 loading class org/gradle/internal/resource/local/FileResourceListener
Event: 19.978 loading class org/gradle/internal/resource/local/FileResourceListener done


Dynamic libraries:
0x00007ff689c50000 - 0x00007ff689c5d000 	C:\Program Files\Microsoft\jdk-11.0.18.10-hotspot\bin\java.exe
0x00007ffccba70000 - 0x00007ffccbc87000 	C:\WINDOWS\SYSTEM32\ntdll.dll
0x00007ffcc98d0000 - 0x00007ffcc9994000 	C:\WINDOWS\System32\KERNEL32.DLL
0x00007ffcc8df0000 - 0x00007ffcc9196000 	C:\WINDOWS\System32\KERNELBASE.dll
0x00007ffcc9510000 - 0x00007ffcc9621000 	C:\WINDOWS\System32\ucrtbase.dll
0x00007ffc74ce0000 - 0x00007ffc74cf7000 	C:\Program Files\Microsoft\jdk-11.0.18.10-hotspot\bin\jli.dll
0x00007ffc74cc0000 - 0x00007ffc74cd5000 	C:\Program Files\Microsoft\jdk-11.0.18.10-hotspot\bin\VCRUNTIME140.dll
0x00007ffcca8b0000 - 0x00007ffccaa5d000 	C:\WINDOWS\System32\USER32.dll
0x00007ffcc94e0000 - 0x00007ffcc9506000 	C:\WINDOWS\System32\win32u.dll
0x00007ffcc99a0000 - 0x00007ffcc99c9000 	C:\WINDOWS\System32\GDI32.dll
0x00007ffcaff30000 - 0x00007ffcb01c3000 	C:\WINDOWS\WinSxS\amd64_microsoft.windows.common-controls_6595b64144ccf1df_6.0.22621.2361_none_2712ced57382f843\COMCTL32.dll
0x00007ffcc9630000 - 0x00007ffcc9748000 	C:\WINDOWS\System32\gdi32full.dll
0x00007ffccb980000 - 0x00007ffccba27000 	C:\WINDOWS\System32\msvcrt.dll
0x00007ffcc9260000 - 0x00007ffcc92fa000 	C:\WINDOWS\System32\msvcp_win.dll
0x00007ffccaac0000 - 0x00007ffccaaf1000 	C:\WINDOWS\System32\IMM32.DLL
0x00007ffc5a5a0000 - 0x00007ffc5a63b000 	C:\Program Files\Microsoft\jdk-11.0.18.10-hotspot\bin\msvcp140.dll
0x00007ffc38a00000 - 0x00007ffc39592000 	C:\Program Files\Microsoft\jdk-11.0.18.10-hotspot\bin\server\jvm.dll
0x00007ffccb8d0000 - 0x00007ffccb980000 	C:\WINDOWS\System32\ADVAPI32.dll
0x00007ffcc9ad0000 - 0x00007ffcc9b76000 	C:\WINDOWS\System32\sechost.dll
0x00007ffccb7b0000 - 0x00007ffccb8c7000 	C:\WINDOWS\System32\RPCRT4.dll
0x00007ffccab00000 - 0x00007ffccab08000 	C:\WINDOWS\System32\PSAPI.DLL
0x00007ffcaf350000 - 0x00007ffcaf359000 	C:\WINDOWS\SYSTEM32\WSOCK32.dll
0x00007ffcc2cd0000 - 0x00007ffcc2d04000 	C:\WINDOWS\SYSTEM32\WINMM.dll
0x00007ffcca110000 - 0x00007ffcca181000 	C:\WINDOWS\System32\WS2_32.dll
0x00007ffcc09c0000 - 0x00007ffcc09ca000 	C:\WINDOWS\SYSTEM32\VERSION.dll
0x00007ffcc7f20000 - 0x00007ffcc7f38000 	C:\WINDOWS\SYSTEM32\kernel.appcore.dll
0x00007ffcab910000 - 0x00007ffcab920000 	C:\Program Files\Microsoft\jdk-11.0.18.10-hotspot\bin\verify.dll
0x00007ffcc62b0000 - 0x00007ffcc64de000 	C:\WINDOWS\SYSTEM32\DBGHELP.DLL
0x00007ffcca190000 - 0x00007ffcca51a000 	C:\WINDOWS\System32\combase.dll
0x00007ffcc97f0000 - 0x00007ffcc98c7000 	C:\WINDOWS\System32\OLEAUT32.dll
0x00007ffcc2c90000 - 0x00007ffcc2cc2000 	C:\WINDOWS\SYSTEM32\dbgcore.DLL
0x00007ffcc9750000 - 0x00007ffcc97ca000 	C:\WINDOWS\System32\bcryptPrimitives.dll
0x00007ffc5a6f0000 - 0x00007ffc5a718000 	C:\Program Files\Microsoft\jdk-11.0.18.10-hotspot\bin\java.dll
0x00007ffca41f0000 - 0x00007ffca41fa000 	C:\Program Files\Microsoft\jdk-11.0.18.10-hotspot\bin\jimage.dll
0x00007ffc738f0000 - 0x00007ffc73908000 	C:\Program Files\Microsoft\jdk-11.0.18.10-hotspot\bin\zip.dll
0x00007ffccaef0000 - 0x00007ffccb748000 	C:\WINDOWS\System32\SHELL32.dll
0x00007ffcc6d10000 - 0x00007ffcc7602000 	C:\WINDOWS\SYSTEM32\windows.storage.dll
0x00007ffcc6bd0000 - 0x00007ffcc6d0e000 	C:\WINDOWS\SYSTEM32\wintypes.dll
0x00007ffcc99d0000 - 0x00007ffcc9ac3000 	C:\WINDOWS\System32\SHCORE.dll
0x00007ffccb750000 - 0x00007ffccb7ae000 	C:\WINDOWS\System32\shlwapi.dll
0x00007ffcc8d20000 - 0x00007ffcc8d46000 	C:\WINDOWS\SYSTEM32\profapi.dll
0x00007ffc70370000 - 0x00007ffc70389000 	C:\Program Files\Microsoft\jdk-11.0.18.10-hotspot\bin\net.dll
0x00007ffcc2990000 - 0x00007ffcc2ac7000 	C:\WINDOWS\SYSTEM32\WINHTTP.dll
0x00007ffcc83a0000 - 0x00007ffcc8409000 	C:\WINDOWS\system32\mswsock.dll
0x00007ffc69260000 - 0x00007ffc69273000 	C:\Program Files\Microsoft\jdk-11.0.18.10-hotspot\bin\nio.dll
0x00007ffc5a440000 - 0x00007ffc5a467000 	C:\Users\db2ha\.gradle\native\68d5fa5c4cc2d200863cafc0d521ce42e7d3e7ee720ec0a83991735586a16f82\windows-amd64\native-platform.dll
0x00007ffc3dc10000 - 0x00007ffc3dd54000 	C:\Users\db2ha\.gradle\native\e376f236ea51e6404a007f0833ffe2c6e607c4080706a723a18a27aeea778392\windows-amd64\native-platform-file-events.dll
0x00007ffca2510000 - 0x00007ffca2519000 	C:\Program Files\Microsoft\jdk-11.0.18.10-hotspot\bin\management.dll
0x00007ffca1a30000 - 0x00007ffca1a3b000 	C:\Program Files\Microsoft\jdk-11.0.18.10-hotspot\bin\management_ext.dll
0x00007ffcc85f0000 - 0x00007ffcc860b000 	C:\WINDOWS\SYSTEM32\CRYPTSP.dll
0x00007ffcc7e80000 - 0x00007ffcc7eb5000 	C:\WINDOWS\system32\rsaenh.dll
0x00007ffcc8490000 - 0x00007ffcc84bc000 	C:\WINDOWS\SYSTEM32\USERENV.dll
0x00007ffcc8790000 - 0x00007ffcc87b8000 	C:\WINDOWS\SYSTEM32\bcrypt.dll
0x00007ffcc8610000 - 0x00007ffcc861c000 	C:\WINDOWS\SYSTEM32\CRYPTBASE.dll
0x00007ffcc7920000 - 0x00007ffcc794d000 	C:\WINDOWS\SYSTEM32\IPHLPAPI.DLL
0x00007ffcca8a0000 - 0x00007ffcca8a9000 	C:\WINDOWS\System32\NSI.dll
0x00007ffcc2690000 - 0x00007ffcc26a9000 	C:\WINDOWS\SYSTEM32\dhcpcsvc6.DLL
0x00007ffcc2670000 - 0x00007ffcc268f000 	C:\WINDOWS\SYSTEM32\dhcpcsvc.DLL
0x00007ffcc7950000 - 0x00007ffcc7a49000 	C:\WINDOWS\SYSTEM32\DNSAPI.dll

dbghelp: loaded successfully - version: 4.0.5 - missing functions: none
symbol engine: initialized successfully - sym options: 0x614 - pdb path: .;C:\Program Files\Microsoft\jdk-11.0.18.10-hotspot\bin;C:\WINDOWS\SYSTEM32;C:\WINDOWS\WinSxS\amd64_microsoft.windows.common-controls_6595b64144ccf1df_6.0.22621.2361_none_2712ced57382f843;C:\Program Files\Microsoft\jdk-11.0.18.10-hotspot\bin\server;C:\Users\db2ha\.gradle\native\68d5fa5c4cc2d200863cafc0d521ce42e7d3e7ee720ec0a83991735586a16f82\windows-amd64;C:\Users\db2ha\.gradle\native\e376f236ea51e6404a007f0833ffe2c6e607c4080706a723a18a27aeea778392\windows-amd64

VM Arguments:
jvm_args: -XX:MaxMetaspaceSize=512m --add-opens=java.base/java.util=ALL-UNNAMED --add-opens=java.base/java.lang=ALL-UNNAMED --add-opens=java.base/java.lang.invoke=ALL-UNNAMED --add-opens=java.prefs/java.util.prefs=ALL-UNNAMED --add-opens=java.base/java.nio.charset=ALL-UNNAMED --add-opens=java.base/java.net=ALL-UNNAMED --add-opens=java.base/java.util.concurrent.atomic=ALL-UNNAMED -Xmx2048m -Dfile.encoding=windows-1252 -Duser.country=US -Duser.language=en -Duser.variant 
java_command: org.gradle.launcher.daemon.bootstrap.GradleDaemon 8.0.1
java_class_path (initial): C:\Users\db2ha\.gradle\wrapper\dists\gradle-8.0.1-all\aro4hu1c3oeioove7l0i4i14o\gradle-8.0.1\lib\gradle-launcher-8.0.1.jar
Launcher Type: SUN_STANDARD

[Global flags]
     intx CICompilerCount                          = 4                                         {product} {ergonomic}
   size_t CompressedClassSpaceSize                 = 528482304                                 {product} {ergonomic}
     uint ConcGCThreads                            = 2                                         {product} {ergonomic}
     uint G1ConcRefinementThreads                  = 8                                         {product} {ergonomic}
   size_t G1HeapRegionSize                         = 1048576                                   {product} {ergonomic}
    uintx GCDrainStackTargetSize                   = 64                                        {product} {ergonomic}
   size_t InitialHeapSize                          = 264241152                                 {product} {ergonomic}
   size_t MarkStackSize                            = 4194304                                   {product} {ergonomic}
   size_t MaxHeapSize                              = 2147483648                                {product} {command line}
   size_t MaxMetaspaceSize                         = 536870912                                 {product} {command line}
   size_t MaxNewSize                               = 1287651328                                {product} {ergonomic}
   size_t MinHeapDeltaBytes                        = 1048576                                   {product} {ergonomic}
    uintx NonNMethodCodeHeapSize                   = 5836300                                {pd product} {ergonomic}
    uintx NonProfiledCodeHeapSize                  = 122910970                              {pd product} {ergonomic}
    uintx ProfiledCodeHeapSize                     = 122910970                              {pd product} {ergonomic}
    uintx ReservedCodeCacheSize                    = 251658240                              {pd product} {ergonomic}
     bool SegmentedCodeCache                       = true                                      {product} {ergonomic}
     bool UseCompressedClassPointers               = true                                 {lp64_product} {ergonomic}
     bool UseCompressedOops                        = true                                 {lp64_product} {ergonomic}
     bool UseG1GC                                  = true                                      {product} {ergonomic}
     bool UseLargePagesIndividualAllocation        = false                                  {pd product} {ergonomic}

Logging:
Log output configuration:
 #0: stdout all=warning uptime,level,tags
 #1: stderr all=off uptime,level,tags

Environment Variables:
JAVA_HOME=C:\Program Files\Microsoft\jdk-11.0.18.10-hotspot\
CLASSPATH=E:\app\News\android\\gradle\wrapper\gradle-wrapper.jar
PATH=E:\app\News\node_modules\.bin;E:\app\News\node_modules\.bin;E:\app\node_modules\.bin;E:\node_modules\.bin;C:\Program Files\nodejs\node_modules\npm\node_modules\@npmcli\run-script\lib\node-gyp-bin;E:\app\News\node_modules\.bin;E:\app\News\node_modules\.bin;E:\app\node_modules\.bin;E:\node_modules\.bin;C:\Program Files\nodejs\node_modules\npm\node_modules\@npmcli\run-script\lib\node-gyp-bin;C:\Program Files\Microsoft\jdk-11.0.18.10-hotspot\bin;C:\Windows\system32;C:\Windows;C:\Windows\System32\Wbem;C:\Windows\System32\WindowsPowerShell\v1.0\;C:\Windows\System32\OpenSSH\;C:\Program Files\NVIDIA Corporation\NVIDIA NvDLISR;C:\Program Files\dotnet\;C:\Program Files (x86)\dotnet\;C:\WINDOWS\system32;C:\WINDOWS;C:\WINDOWS\System32\Wbem;C:\WINDOWS\System32\WindowsPowerShell\v1.0\;C:\WINDOWS\System32\OpenSSH\;C:\Program Files\Java\jdk-17.0.2\bin;C:\ProgramData\chocolatey\bin;C:\Program Files\nodejs\;C:\Users\db2ha\AppData\Local\Microsoft\WindowsApps;C:\Users\db2ha\AppData\Local\GitHubDesktop\bin;C:\Program Files\Java\jdk-17.0.2\bin;C:\Users\db2ha\AppData\Roaming\npm;E:\AndroidSDK\platform-tools;E:\AndroidSDK;E:\AndroidSDK\emulator;C:\Program Files\nodejs;E:\AndroidSDK\build-tools;E:\Microsoft VS Code\bin
USERNAME=db2ha
LANG=en_US.UTF-8
OS=Windows_NT
PROCESSOR_IDENTIFIER=Intel64 Family 6 Model 140 Stepping 2, GenuineIntel
TMP=C:\Users\db2ha\AppData\Local\Temp
TEMP=C:\Users\db2ha\AppData\Local\Temp



---------------  S Y S T E M  ---------------

OS: Windows 11 , 64 bit Build 22621 (10.0.22621.2428)
OS uptime: 5 days 0:58 hours
Hyper-V role detected

CPU:total 8 (initial active 8) (4 cores per cpu, 2 threads per core) family 6 model 140 stepping 2 microcode 0x16, cmov, cx8, fxsr, mmx, sse, sse2, sse3, ssse3, sse4.1, sse4.2, popcnt, avx, avx2, aes, clmul, erms, 3dnowpref, lzcnt, ht, tsc, tscinvbit, bmi1, bmi2, adx, evex, sha, fma

Memory: 4k page, system-wide physical 16122M (65M free)
TotalPageFile size 26718M (AvailPageFile size 5M)
current process WorkingSet (physical memory assigned to process): 213M, peak: 215M
current process commit charge ("private bytes"): 405M, peak: 407M

vm_info: OpenJDK 64-Bit Server VM (11.0.18+10-LTS) for windows-amd64 JRE (11.0.18+10-LTS), built on Jan 18 2023 15:56:47 by "MicrosoftCorporation" with MS VC++ 15.9 (VS2017)

END.
